
****** Vitis HLS - High-Level Synthesis from C, C++ and OpenCL v2024.2 (64-bit)
  **** SW Build 5238294 on Nov  8 2024
  **** IP Build 5239520 on Sun Nov 10 16:12:51 MST 2024
  **** SharedData Build 5239561 on Fri Nov 08 14:39:27 MST 2024
  **** Start of session at: Mon Aug 25 20:22:50 2025
    ** Copyright 1986-2022 Xilinx, Inc. All Rights Reserved.
    ** Copyright 2022-2024 Advanced Micro Devices, Inc. All Rights Reserved.

source /tools/Xilinx/Vitis/2024.2/scripts/vitis_hls/hls.tcl -notrace
INFO: [HLS 200-10] For user 'robin' on host 'robin-ubuntu-alienware' (Linux_x86_64 version 6.14.0-28-generic) on Mon Aug 25 20:22:50 CST 2025
INFO: [HLS 200-10] On os Ubuntu 24.04.3 LTS
INFO: [HLS 200-10] In directory '/home/robin/Desktop/ocnn-project'
WARNING: [HLS 200-2053] The vitis_hls executable is deprecated. Consider using vitis-run --mode hls --tcl
Sourcing Tcl script 'run_minkowski.tcl'
INFO: [HLS 200-1510] Running: open_project minkowski_net -reset 
INFO: [HLS 200-10] Creating and opening project '/home/robin/Desktop/ocnn-project/minkowski_net'.
INFO: [HLS 200-1510] Running: add_files minkowski_net.cpp 
INFO: [HLS 200-10] Adding design file 'minkowski_net.cpp' to the project
INFO: [HLS 200-1510] Running: add_files complete_pipeline.cpp 
INFO: [HLS 200-10] Adding design file 'complete_pipeline.cpp' to the project
INFO: [HLS 200-1510] Running: add_files systolic_array.cpp 
INFO: [HLS 200-10] Adding design file 'systolic_array.cpp' to the project
INFO: [HLS 200-1510] Running: add_files dynamic_access.cpp 
INFO: [HLS 200-10] Adding design file 'dynamic_access.cpp' to the project
INFO: [HLS 200-1510] Running: add_files morton_reorder_buffer.cpp 
INFO: [HLS 200-10] Adding design file 'morton_reorder_buffer.cpp' to the project
INFO: [HLS 200-1510] Running: add_files streaming_bitmap_constructor.cpp 
INFO: [HLS 200-10] Adding design file 'streaming_bitmap_constructor.cpp' to the project
INFO: [HLS 200-1510] Running: add_files -tb minkowski_testbench.cpp 
INFO: [HLS 200-10] Adding test bench file 'minkowski_testbench.cpp' to the project
INFO: [HLS 200-1510] Running: set_top minkowski_net_14_layer_pipeline 
INFO: [HLS 200-1510] Running: open_solution solution1 -reset 
INFO: [HLS 200-10] Creating and opening solution '/home/robin/Desktop/ocnn-project/minkowski_net/solution1'.
INFO: [HLS 200-10] Cleaning up the solution database.
INFO: [HLS 200-1505] Using default flow_target 'vivado'
Resolution: For help on HLS 200-1505 see docs.xilinx.com/access/sources/dita/topic?Doc_Version=2024.2%20English&url=ug1448-hls-guidance&resourceid=200-1505.html
INFO: [HLS 200-1510] Running: set_part xcu250-figd2104-2L-e 
INFO: [HLS 200-1611] Setting target device to 'xcu250-figd2104-2L-e'
INFO: [HLS 200-1510] Running: create_clock -period 5.0 
INFO: [SYN 201-201] Setting up clock 'default' with a period of 5ns.
INFO: [HLS 200-1510] Running: config_dataflow -default_channel fifo -fifo_depth 1024 
INFO: [XFORM 203-701] Set default FIFO size in dataflow to 1024.
INFO: [XFORM 203-701] Set the default channel type in dataflow to FIFO.
INFO: [HLS 200-1510] Running: config_interface -m_axi_addr64 
INFO: [HLS 200-1510] Running: config_interface -m_axi_max_widen_bitwidth 512 
INFO: [HLS 200-1510] Running: config_compile -enable_auto_rewind=false 
Running C simulation for CORRECTED 14-layer MinkowskiNet...
This tests:
- ONE-TIME bitmap construction
- Persistent BRAM octree across all layers
- Access pointer mechanism for pruned DRAM
- 2-level memory hierarchy
- Final output reconstruction with zeros
INFO: [HLS 200-1510] Running: csim_design -clean 
INFO: [SIM 211-2] *************** CSIM start ***************
INFO: [SIM 211-4] CSIM will launch CLANG as the compiler.
INFO: [HLS 200-2036] Building debug C Simulation binaries
   Compiling ../../../../minkowski_testbench.cpp in debug mode
   Compiling ../../../../streaming_bitmap_constructor.cpp in debug mode
   Compiling ../../../../morton_reorder_buffer.cpp in debug mode
   Compiling ../../../../dynamic_access.cpp in debug mode
   Compiling ../../../../systolic_array.cpp in debug mode
   Compiling ../../../../complete_pipeline.cpp in debug mode
   Compiling ../../../../minkowski_net.cpp in debug mode
   Generating csim.exe
=== 14-LAYER MINKOWSKINET TESTBENCH (CORRECTED) ===
Generating 64³ sparse input voxels with 3 channels...
Generated 262144 total voxels (13105 occupied, 4.99916% sparse)
Initializing 14 layers of weights and biases...
  Layer 1: 3 -> 16 channels, 64³ -> 64³ (Conv)
  Layer 2: 16 -> 32 channels, 64³ -> 32³ (Conv)
  Layer 3: 32 -> 64 channels, 32³ -> 16³ (Conv)
  Layer 4: 64 -> 128 channels, 16³ -> 8³ (Conv)
  Layer 5: 128 -> 256 channels, 8³ -> 4³ (Conv)
  Layer 6: 256 -> 512 channels, 4³ -> 2³ (Conv)
  Layer 7: 512 -> 1024 channels, 2³ -> 1³ (Conv)
  Layer 8: 1024 -> 512 channels, 1³ -> 2³ (ConvTranspose)
  Layer 9: 512 -> 256 channels, 2³ -> 4³ (ConvTranspose)
  Layer 10: 256 -> 128 channels, 4³ -> 8³ (ConvTranspose)
  Layer 11: 128 -> 64 channels, 8³ -> 16³ (ConvTranspose)
  Layer 12: 64 -> 32 channels, 16³ -> 32³ (ConvTranspose)
  Layer 13: 32 -> 16 channels, 32³ -> 64³ (ConvTranspose)
  Layer 14: 16 -> 20 channels, 64³ -> 64³ (Conv)
Allocating pruned DRAM buffers...
Allocating persistent BRAM octree...

=== RUNNING 14-LAYER MINKOWSKINET WITH PERSISTENT ACCELERATOR ===
=== 14-LAYER MINKOWSKINET WITH PERSISTENT ACCELERATOR ===
Phase 1: ONE-TIME bitmap construction...
Pipeline bitmap stage: Starting sophisticated bitmap constructor
Bitmap constructor: processing voxels, current count=0
WARNING: Bitsize mismatch for ap_[u]int|=ap_[u]int.
WARNING: Bitsize mismatch for ap_[u]int|=ap_[u]int.
WARNING: Bitsize mismatch for ap_[u]int|=ap_[u]int.
WARNING: Bitsize mismatch for ap_[u]int|=ap_[u]int.
WARNING: Bitsize mismatch for ap_[u]int|=ap_[u]int.
WARNING: Bitsize mismatch for ap_[u]int|=ap_[u]int.
WARNING: Bitsize mismatch for ap_[u]int|=ap_[u]int.
WARNING: Bitsize mismatch for ap_[u]int|=ap_[u]int.
WARNING: Bitsize mismatch for ap_[u]int|=ap_[u]int.
WARNING: Bitsize mismatch for ap_[u]int|=ap_[u]int.
WARNING: Bitsize mismatch for ap_[u]int|=ap_[u]int.
WARNING: Bitsize mismatch for ap_[u]int|=ap_[u]int.
WARNING: Bitsize mismatch for ap_[u]int|=ap_[u]int.
WARNING: Bitsize mismatch for ap_[u]int|=ap_[u]int.
WARNING: Bitsize mismatch for ap_[u]int|=ap_[u]int.
WARNING: Bitsize mismatch for ap_[u]int|=ap_[u]int.
WARNING: Bitsize mismatch for ap_[u]int|=ap_[u]int.
WARNING: Bitsize mismatch for ap_[u]int|=ap_[u]int.
WARNING: Bitsize mismatch for ap_[u]int|=ap_[u]int.
WARNING: Bitsize mismatch for ap_[u]int|=ap_[u]int.
WARNING: Bitsize mismatch for ap_[u]int|=ap_[u]int.
WARNING: Bitsize mismatch for ap_[u]int|=ap_[u]int.
WARNING: Bitsize mismatch for ap_[u]int|=ap_[u]int.
WARNING: Bitsize mismatch for ap_[u]int|=ap_[u]int.
WARNING: Bitsize mismatch for ap_[u]int|=ap_[u]int.
WARNING: Bitsize mismatch for ap_[u]int|=ap_[u]int.
WARNING: Bitsize mismatch for ap_[u]int|=ap_[u]int.
WARNING: Bitsize mismatch for ap_[u]int|=ap_[u]int.
WARNING: Bitsize mismatch for ap_[u]int|=ap_[u]int.
WARNING: Bitsize mismatch for ap_[u]int|=ap_[u]int.
WARNING: Bitsize mismatch for ap_[u]int|=ap_[u]int.
WARNING: Bitsize mismatch for ap_[u]int|=ap_[u]int.
WARNING: Bitsize mismatch for ap_[u]int|=ap_[u]int.
WARNING: Bitsize mismatch for ap_[u]int|=ap_[u]int.
WARNING: Bitsize mismatch for ap_[u]int|=ap_[u]int.
WARNING: Bitsize mismatch for ap_[u]int|=ap_[u]int.
WARNING: Bitsize mismatch for ap_[u]int|=ap_[u]int.
WARNING: Bitsize mismatch for ap_[u]int|=ap_[u]int.
WARNING: Bitsize mismatch for ap_[u]int|=ap_[u]int.
WARNING: Bitsize mismatch for ap_[u]int|=ap_[u]int.
WARNING: Bitsize mismatch for ap_[u]int|=ap_[u]int.
WARNING: Bitsize mismatch for ap_[u]int|=ap_[u]int.
WARNING: Bitsize mismatch for ap_[u]int|=ap_[u]int.
WARNING: Bitsize mismatch for ap_[u]int|=ap_[u]int.
WARNING: Bitsize mismatch for ap_[u]int|=ap_[u]int.
WARNING: Bitsize mismatch for ap_[u]int|=ap_[u]int.
WARNING: Bitsize mismatch for ap_[u]int|=ap_[u]int.
WARNING: Bitsize mismatch for ap_[u]int|=ap_[u]int.
WARNING: Bitsize mismatch for ap_[u]int|=ap_[u]int.
WARNING: Bitsize mismatch for ap_[u]int|=ap_[u]int.
WARNING: Bitsize mismatch for ap_[u]int|=ap_[u]int.
WARNING: Bitsize mismatch for ap_[u]int|=ap_[u]int.
WARNING: Bitsize mismatch for ap_[u]int|=ap_[u]int.
WARNING: Bitsize mismatch for ap_[u]int|=ap_[u]int.
WARNING: Bitsize mismatch for ap_[u]int|=ap_[u]int.
WARNING: Bitsize mismatch for ap_[u]int|=ap_[u]int.
WARNING: Bitsize mismatch for ap_[u]int|=ap_[u]int.
WARNING: Bitsize mismatch for ap_[u]int|=ap_[u]int.
WARNING: Bitsize mismatch for ap_[u]int|=ap_[u]int.
WARNING: Bitsize mismatch for ap_[u]int|=ap_[u]int.
WARNING: Bitsize mismatch for ap_[u]int|=ap_[u]int.
WARNING: Bitsize mismatch for ap_[u]int|=ap_[u]int.
WARNING: Bitsize mismatch for ap_[u]int|=ap_[u]int.
WARNING: Bitsize mismatch for ap_[u]int|=ap_[u]int.
WARNING: Bitsize mismatch for ap_[u]int|=ap_[u]int.
WARNING: Bitsize mismatch for ap_[u]int|=ap_[u]int.
WARNING: Bitsize mismatch for ap_[u]int|=ap_[u]int.
WARNING: Bitsize mismatch for ap_[u]int|=ap_[u]int.
WARNING: Bitsize mismatch for ap_[u]int|=ap_[u]int.
WARNING: Bitsize mismatch for ap_[u]int|=ap_[u]int.
WARNING: Bitsize mismatch for ap_[u]int|=ap_[u]int.
WARNING: Bitsize mismatch for ap_[u]int|=ap_[u]int.
WARNING: Bitsize mismatch for ap_[u]int|=ap_[u]int.
WARNING: Bitsize mismatch for ap_[u]int|=ap_[u]int.
WARNING: Bitsize mismatch for ap_[u]int|=ap_[u]int.
WARNING: Bitsize mismatch for ap_[u]int|=ap_[u]int.
WARNING: Bitsize mismatch for ap_[u]int|=ap_[u]int.
WARNING: Bitsize mismatch for ap_[u]int|=ap_[u]int.
WARNING: Bitsize mismatch for ap_[u]int|=ap_[u]int.
WARNING: Bitsize mismatch for ap_[u]int|=ap_[u]int.
WARNING: Bitsize mismatch for ap_[u]int|=ap_[u]int.
WARNING: Bitsize mismatch for ap_[u]int|=ap_[u]int.
WARNING: Bitsize mismatch for ap_[u]int|=ap_[u]int.
WARNING: Bitsize mismatch for ap_[u]int|=ap_[u]int.
WARNING: Bitsize mismatch for ap_[u]int|=ap_[u]int.
WARNING: Bitsize mismatch for ap_[u]int|=ap_[u]int.
WARNING: Bitsize mismatch for ap_[u]int|=ap_[u]int.
WARNING: Bitsize mismatch for ap_[u]int|=ap_[u]int.
WARNING: Bitsize mismatch for ap_[u]int|=ap_[u]int.
WARNING: Bitsize mismatch for ap_[u]int|=ap_[u]int.
WARNING: Bitsize mismatch for ap_[u]int|=ap_[u]int.
WARNING: Bitsize mismatch for ap_[u]int|=ap_[u]int.
WARNING: Bitsize mismatch for ap_[u]int|=ap_[u]int.
WARNING: Bitsize mismatch for ap_[u]int|=ap_[u]int.
WARNING: Bitsize mismatch for ap_[u]int|=ap_[u]int.
WARNING: Bitsize mismatch for ap_[u]int|=ap_[u]int.
WARNING: Bitsize mismatch for ap_[u]int|=ap_[u]int.
WARNING: Bitsize mismatch for ap_[u]int|=ap_[u]int.
WARNING: Bitsize mismatch for ap_[u]int|=ap_[u]int.
WARNING: Bitsize mismatch for ap_[u]int|=ap_[u]int.
WARNING: Bitsize mismatch for ap_[u]int|=ap_[u]int.
WARNING: Bitsize mismatch for ap_[u]int|=ap_[u]int.
WARNING: Bitsize mismatch for ap_[u]int|=ap_[u]int.
WARNING: Bitsize mismatch for ap_[u]int|=ap_[u]int.
WARNING: Bitsize mismatch for ap_[u]int|=ap_[u]int.
WARNING: Bitsize mismatch for ap_[u]int|=ap_[u]int.
WARNING: Bitsize mismatch for ap_[u]int|=ap_[u]int.
WARNING: Bitsize mismatch for ap_[u]int|=ap_[u]int.
WARNING: Bitsize mismatch for ap_[u]int|=ap_[u]int.
WARNING: Bitsize mismatch for ap_[u]int|=ap_[u]int.
WARNING: Bitsize mismatch for ap_[u]int|=ap_[u]int.
WARNING: Bitsize mismatch for ap_[u]int|=ap_[u]int.
WARNING: Bitsize mismatch for ap_[u]int|=ap_[u]int.
WARNING: Bitsize mismatch for ap_[u]int|=ap_[u]int.
WARNING: Bitsize mismatch for ap_[u]int|=ap_[u]int.
WARNING: Bitsize mismatch for ap_[u]int|=ap_[u]int.
WARNING: Bitsize mismatch for ap_[u]int|=ap_[u]int.
WARNING: Bitsize mismatch for ap_[u]int|=ap_[u]int.
WARNING: Bitsize mismatch for ap_[u]int|=ap_[u]int.
WARNING: Bitsize mismatch for ap_[u]int|=ap_[u]int.
WARNING: Bitsize mismatch for ap_[u]int|=ap_[u]int.
WARNING: Bitsize mismatch for ap_[u]int|=ap_[u]int.
WARNING: Bitsize mismatch for ap_[u]int|=ap_[u]int.
WARNING: Bitsize mismatch for ap_[u]int|=ap_[u]int.
WARNING: Bitsize mismatch for ap_[u]int|=ap_[u]int.
WARNING: Bitsize mismatch for ap_[u]int|=ap_[u]int.
WARNING: Bitsize mismatch for ap_[u]int|=ap_[u]int.
WARNING: Bitsize mismatch for ap_[u]int|=ap_[u]int.
WARNING: Bitsize mismatch for ap_[u]int|=ap_[u]int.
WARNING: Bitsize mismatch for ap_[u]int|=ap_[u]int.
WARNING: Bitsize mismatch for ap_[u]int|=ap_[u]int.
WARNING: Bitsize mismatch for ap_[u]int|=ap_[u]int.
WARNING: Bitsize mismatch for ap_[u]int|=ap_[u]int.
WARNING: Bitsize mismatch for ap_[u]int|=ap_[u]int.
WARNING: Bitsize mismatch for ap_[u]int|=ap_[u]int.
WARNING: Bitsize mismatch for ap_[u]int|=ap_[u]int.
WARNING: Bitsize mismatch for ap_[u]int|=ap_[u]int.
WARNING: Bitsize mismatch for ap_[u]int|=ap_[u]int.
WARNING: Bitsize mismatch for ap_[u]int|=ap_[u]int.
WARNING: Bitsize mismatch for ap_[u]int|=ap_[u]int.
WARNING: Bitsize mismatch for ap_[u]int|=ap_[u]int.
WARNING: Bitsize mismatch for ap_[u]int|=ap_[u]int.
WARNING: Bitsize mismatch for ap_[u]int|=ap_[u]int.
WARNING: Bitsize mismatch for ap_[u]int|=ap_[u]int.
WARNING: Bitsize mismatch for ap_[u]int|=ap_[u]int.
WARNING: Bitsize mismatch for ap_[u]int|=ap_[u]int.
WARNING: Bitsize mismatch for ap_[u]int|=ap_[u]int.
WARNING: Bitsize mismatch for ap_[u]int|=ap_[u]int.
WARNING: Bitsize mismatch for ap_[u]int|=ap_[u]int.
WARNING: Bitsize mismatch for ap_[u]int|=ap_[u]int.
WARNING: Bitsize mismatch for ap_[u]int|=ap_[u]int.
WARNING: Bitsize mismatch for ap_[u]int|=ap_[u]int.
WARNING: Bitsize mismatch for ap_[u]int|=ap_[u]int.
WARNING: Bitsize mismatch for ap_[u]int|=ap_[u]int.
WARNING: Bitsize mismatch for ap_[u]int|=ap_[u]int.
WARNING: Bitsize mismatch for ap_[u]int|=ap_[u]int.
WARNING: Bitsize mismatch for ap_[u]int|=ap_[u]int.
WARNING: Bitsize mismatch for ap_[u]int|=ap_[u]int.
WARNING: Bitsize mismatch for ap_[u]int|=ap_[u]int.
WARNING: Bitsize mismatch for ap_[u]int|=ap_[u]int.
WARNING: Bitsize mismatch for ap_[u]int|=ap_[u]int.
WARNING: Bitsize mismatch for ap_[u]int|=ap_[u]int.
WARNING: Bitsize mismatch for ap_[u]int|=ap_[u]int.
WARNING: Bitsize mismatch for ap_[u]int|=ap_[u]int.
WARNING: Bitsize mismatch for ap_[u]int|=ap_[u]int.
WARNING: Bitsize mismatch for ap_[u]int|=ap_[u]int.
WARNING: Bitsize mismatch for ap_[u]int|=ap_[u]int.
WARNING: Bitsize mismatch for ap_[u]int|=ap_[u]int.
WARNING: Bitsize mismatch for ap_[u]int|=ap_[u]int.
WARNING: Bitsize mismatch for ap_[u]int|=ap_[u]int.
WARNING: Bitsize mismatch for ap_[u]int|=ap_[u]int.
WARNING: Bitsize mismatch for ap_[u]int|=ap_[u]int.
WARNING: Bitsize mismatch for ap_[u]int|=ap_[u]int.
WARNING: Bitsize mismatch for ap_[u]int|=ap_[u]int.
WARNING: Bitsize mismatch for ap_[u]int|=ap_[u]int.
WARNING: Bitsize mismatch for ap_[u]int|=ap_[u]int.
WARNING: Bitsize mismatch for ap_[u]int|=ap_[u]int.
WARNING: Bitsize mismatch for ap_[u]int|=ap_[u]int.
WARNING: Bitsize mismatch for ap_[u]int|=ap_[u]int.
WARNING: Bitsize mismatch for ap_[u]int|=ap_[u]int.
WARNING: Bitsize mismatch for ap_[u]int|=ap_[u]int.
WARNING: Bitsize mismatch for ap_[u]int|=ap_[u]int.
WARNING: Bitsize mismatch for ap_[u]int|=ap_[u]int.
WARNING: Bitsize mismatch for ap_[u]int|=ap_[u]int.
WARNING: Bitsize mismatch for ap_[u]int|=ap_[u]int.
WARNING: Bitsize mismatch for ap_[u]int|=ap_[u]int.
WARNING: Bitsize mismatch for ap_[u]int|=ap_[u]int.
WARNING: Bitsize mismatch for ap_[u]int|=ap_[u]int.
WARNING: Bitsize mismatch for ap_[u]int|=ap_[u]int.
WARNING: Bitsize mismatch for ap_[u]int|=ap_[u]int.
WARNING: Bitsize mismatch for ap_[u]int|=ap_[u]int.
WARNING: Bitsize mismatch for ap_[u]int|=ap_[u]int.
WARNING: Bitsize mismatch for ap_[u]int|=ap_[u]int.
WARNING: Bitsize mismatch for ap_[u]int|=ap_[u]int.
WARNING: Bitsize mismatch for ap_[u]int|=ap_[u]int.
WARNING: Bitsize mismatch for ap_[u]int|=ap_[u]int.
WARNING: Bitsize mismatch for ap_[u]int|=ap_[u]int.
WARNING: Bitsize mismatch for ap_[u]int|=ap_[u]int.
WARNING: Bitsize mismatch for ap_[u]int|=ap_[u]int.
WARNING: Bitsize mismatch for ap_[u]int|=ap_[u]int.
WARNING: Bitsize mismatch for ap_[u]int|=ap_[u]int.
WARNING: Bitsize mismatch for ap_[u]int|=ap_[u]int.
WARNING: Bitsize mismatch for ap_[u]int|=ap_[u]int.
WARNING: Bitsize mismatch for ap_[u]int|=ap_[u]int.
WARNING: Bitsize mismatch for ap_[u]int|=ap_[u]int.
WARNING: Bitsize mismatch for ap_[u]int|=ap_[u]int.
WARNING: Bitsize mismatch for ap_[u]int|=ap_[u]int.
WARNING: Bitsize mismatch for ap_[u]int|=ap_[u]int.
WARNING: Bitsize mismatch for ap_[u]int|=ap_[u]int.
WARNING: Bitsize mismatch for ap_[u]int|=ap_[u]int.
WARNING: Bitsize mismatch for ap_[u]int|=ap_[u]int.
WARNING: Bitsize mismatch for ap_[u]int|=ap_[u]int.
WARNING: Bitsize mismatch for ap_[u]int|=ap_[u]int.
WARNING: Bitsize mismatch for ap_[u]int|=ap_[u]int.
WARNING: Bitsize mismatch for ap_[u]int|=ap_[u]int.
WARNING: Bitsize mismatch for ap_[u]int|=ap_[u]int.
WARNING: Bitsize mismatch for ap_[u]int|=ap_[u]int.
WARNING: Bitsize mismatch for ap_[u]int|=ap_[u]int.
WARNING: Bitsize mismatch for ap_[u]int|=ap_[u]int.
WARNING: Bitsize mismatch for ap_[u]int|=ap_[u]int.
WARNING: Bitsize mismatch for ap_[u]int|=ap_[u]int.
WARNING: Bitsize mismatch for ap_[u]int|=ap_[u]int.
WARNING: Bitsize mismatch for ap_[u]int|=ap_[u]int.
WARNING: Bitsize mismatch for ap_[u]int|=ap_[u]int.
WARNING: Bitsize mismatch for ap_[u]int|=ap_[u]int.
WARNING: Bitsize mismatch for ap_[u]int|=ap_[u]int.
WARNING: Bitsize mismatch for ap_[u]int|=ap_[u]int.
WARNING: Bitsize mismatch for ap_[u]int|=ap_[u]int.
WARNING: Bitsize mismatch for ap_[u]int|=ap_[u]int.
WARNING: Bitsize mismatch for ap_[u]int|=ap_[u]int.
WARNING: Bitsize mismatch for ap_[u]int|=ap_[u]int.
WARNING: Bitsize mismatch for ap_[u]int|=ap_[u]int.
WARNING: Bitsize mismatch for ap_[u]int|=ap_[u]int.
WARNING: Bitsize mismatch for ap_[u]int|=ap_[u]int.
WARNING: Bitsize mismatch for ap_[u]int|=ap_[u]int.
WARNING: Bitsize mismatch for ap_[u]int|=ap_[u]int.
WARNING: Bitsize mismatch for ap_[u]int|=ap_[u]int.
WARNING: Bitsize mismatch for ap_[u]int|=ap_[u]int.
WARNING: Bitsize mismatch for ap_[u]int|=ap_[u]int.
WARNING: Bitsize mismatch for ap_[u]int|=ap_[u]int.
WARNING: Bitsize mismatch for ap_[u]int|=ap_[u]int.
WARNING: Bitsize mismatch for ap_[u]int|=ap_[u]int.
WARNING: Bitsize mismatch for ap_[u]int|=ap_[u]int.
WARNING: Bitsize mismatch for ap_[u]int|=ap_[u]int.
WARNING: Bitsize mismatch for ap_[u]int|=ap_[u]int.
WARNING: Bitsize mismatch for ap_[u]int|=ap_[u]int.
WARNING: Bitsize mismatch for ap_[u]int|=ap_[u]int.
WARNING: Bitsize mismatch for ap_[u]int|=ap_[u]int.
WARNING: Bitsize mismatch for ap_[u]int|=ap_[u]int.
WARNING: Bitsize mismatch for ap_[u]int|=ap_[u]int.
WARNING: Bitsize mismatch for ap_[u]int|=ap_[u]int.
WARNING: Bitsize mismatch for ap_[u]int|=ap_[u]int.
WARNING: Bitsize mismatch for ap_[u]int|=ap_[u]int.
WARNING: Bitsize mismatch for ap_[u]int|=ap_[u]int.
WARNING: Bitsize mismatch for ap_[u]int|=ap_[u]int.
WARNING: Bitsize mismatch for ap_[u]int|=ap_[u]int.
WARNING: Bitsize mismatch for ap_[u]int|=ap_[u]int.
WARNING: Bitsize mismatch for ap_[u]int|=ap_[u]int.
WARNING: Bitsize mismatch for ap_[u]int|=ap_[u]int.
WARNING: Bitsize mismatch for ap_[u]int|=ap_[u]int.
WARNING: Bitsize mismatch for ap_[u]int|=ap_[u]int.
WARNING: Bitsize mismatch for ap_[u]int|=ap_[u]int.
WARNING: Bitsize mismatch for ap_[u]int|=ap_[u]int.
WARNING: Bitsize mismatch for ap_[u]int|=ap_[u]int.
WARNING: Bitsize mismatch for ap_[u]int|=ap_[u]int.
WARNING: Bitsize mismatch for ap_[u]int|=ap_[u]int.
WARNING: Bitsize mismatch for ap_[u]int|=ap_[u]int.
WARNING: Bitsize mismatch for ap_[u]int|=ap_[u]int.
WARNING: Bitsize mismatch for ap_[u]int|=ap_[u]int.
WARNING: Bitsize mismatch for ap_[u]int|=ap_[u]int.
WARNING: Bitsize mismatch for ap_[u]int|=ap_[u]int.
WARNING: Bitsize mismatch for ap_[u]int|=ap_[u]int.
WARNING: Bitsize mismatch for ap_[u]int|=ap_[u]int.
WARNING: Bitsize mismatch for ap_[u]int|=ap_[u]int.
WARNING: Bitsize mismatch for ap_[u]int|=ap_[u]int.
WARNING: Bitsize mismatch for ap_[u]int|=ap_[u]int.
WARNING: Bitsize mismatch for ap_[u]int|=ap_[u]int.
WARNING: Bitsize mismatch for ap_[u]int|=ap_[u]int.
WARNING: Bitsize mismatch for ap_[u]int|=ap_[u]int.
WARNING: Bitsize mismatch for ap_[u]int|=ap_[u]int.
WARNING: Bitsize mismatch for ap_[u]int|=ap_[u]int.
WARNING: Bitsize mismatch for ap_[u]int|=ap_[u]int.
WARNING: Bitsize mismatch for ap_[u]int|=ap_[u]int.
WARNING: Bitsize mismatch for ap_[u]int|=ap_[u]int.
WARNING: Bitsize mismatch for ap_[u]int|=ap_[u]int.
WARNING: Bitsize mismatch for ap_[u]int|=ap_[u]int.
WARNING: Bitsize mismatch for ap_[u]int|=ap_[u]int.
WARNING: Bitsize mismatch for ap_[u]int|=ap_[u]int.
WARNING: Bitsize mismatch for ap_[u]int|=ap_[u]int.
WARNING: Bitsize mismatch for ap_[u]int|=ap_[u]int.
WARNING: Bitsize mismatch for ap_[u]int|=ap_[u]int.
WARNING: Bitsize mismatch for ap_[u]int|=ap_[u]int.
WARNING: Bitsize mismatch for ap_[u]int|=ap_[u]int.
WARNING: Bitsize mismatch for ap_[u]int|=ap_[u]int.
WARNING: Bitsize mismatch for ap_[u]int|=ap_[u]int.
WARNING: Bitsize mismatch for ap_[u]int|=ap_[u]int.
WARNING: Bitsize mismatch for ap_[u]int|=ap_[u]int.
WARNING: Bitsize mismatch for ap_[u]int|=ap_[u]int.
WARNING: Bitsize mismatch for ap_[u]int|=ap_[u]int.
WARNING: Bitsize mismatch for ap_[u]int|=ap_[u]int.
WARNING: Bitsize mismatch for ap_[u]int|=ap_[u]int.
WARNING: Bitsize mismatch for ap_[u]int|=ap_[u]int.
WARNING: Bitsize mismatch for ap_[u]int|=ap_[u]int.
WARNING: Bitsize mismatch for ap_[u]int|=ap_[u]int.
WARNING: Bitsize mismatch for ap_[u]int|=ap_[u]int.
WARNING: Bitsize mismatch for ap_[u]int|=ap_[u]int.
WARNING: Bitsize mismatch for ap_[u]int|=ap_[u]int.
WARNING: Bitsize mismatch for ap_[u]int|=ap_[u]int.
WARNING: Bitsize mismatch for ap_[u]int|=ap_[u]int.
WARNING: Bitsize mismatch for ap_[u]int|=ap_[u]int.
WARNING: Bitsize mismatch for ap_[u]int|=ap_[u]int.
WARNING: Bitsize mismatch for ap_[u]int|=ap_[u]int.
WARNING: Bitsize mismatch for ap_[u]int|=ap_[u]int.
WARNING: Bitsize mismatch for ap_[u]int|=ap_[u]int.
WARNING: Bitsize mismatch for ap_[u]int|=ap_[u]int.
WARNING: Bitsize mismatch for ap_[u]int|=ap_[u]int.
WARNING: Bitsize mismatch for ap_[u]int|=ap_[u]int.
WARNING: Bitsize mismatch for ap_[u]int|=ap_[u]int.
WARNING: Bitsize mismatch for ap_[u]int|=ap_[u]int.
WARNING: Bitsize mismatch for ap_[u]int|=ap_[u]int.
WARNING: Bitsize mismatch for ap_[u]int|=ap_[u]int.
WARNING: Bitsize mismatch for ap_[u]int|=ap_[u]int.
WARNING: Bitsize mismatch for ap_[u]int|=ap_[u]int.
WARNING: Bitsize mismatch for ap_[u]int|=ap_[u]int.
WARNING: Bitsize mismatch for ap_[u]int|=ap_[u]int.
WARNING: Bitsize mismatch for ap_[u]int|=ap_[u]int.
WARNING: Bitsize mismatch for ap_[u]int|=ap_[u]int.
WARNING: Bitsize mismatch for ap_[u]int|=ap_[u]int.
WARNING: Bitsize mismatch for ap_[u]int|=ap_[u]int.
WARNING: Bitsize mismatch for ap_[u]int|=ap_[u]int.
WARNING: Bitsize mismatch for ap_[u]int|=ap_[u]int.
WARNING: Bitsize mismatch for ap_[u]int|=ap_[u]int.
WARNING: Bitsize mismatch for ap_[u]int|=ap_[u]int.
WARNING: Bitsize mismatch for ap_[u]int|=ap_[u]int.
WARNING: Bitsize mismatch for ap_[u]int|=ap_[u]int.
WARNING: Bitsize mismatch for ap_[u]int|=ap_[u]int.
WARNING: Bitsize mismatch for ap_[u]int|=ap_[u]int.
WARNING: Bitsize mismatch for ap_[u]int|=ap_[u]int.
WARNING: Bitsize mismatch for ap_[u]int|=ap_[u]int.
WARNING: Bitsize mismatch for ap_[u]int|=ap_[u]int.
WARNING: Bitsize mismatch for ap_[u]int|=ap_[u]int.
WARNING: Bitsize mismatch for ap_[u]int|=ap_[u]int.
WARNING: Bitsize mismatch for ap_[u]int|=ap_[u]int.
WARNING: Bitsize mismatch for ap_[u]int|=ap_[u]int.
WARNING: Bitsize mismatch for ap_[u]int|=ap_[u]int.
WARNING: Bitsize mismatch for ap_[u]int|=ap_[u]int.
WARNING: Bitsize mismatch for ap_[u]int|=ap_[u]int.
WARNING: Bitsize mismatch for ap_[u]int|=ap_[u]int.
WARNING: Bitsize mismatch for ap_[u]int|=ap_[u]int.
WARNING: Bitsize mismatch for ap_[u]int|=ap_[u]int.
WARNING: Bitsize mismatch for ap_[u]int|=ap_[u]int.
WARNING: Bitsize mismatch for ap_[u]int|=ap_[u]int.
WARNING: Bitsize mismatch for ap_[u]int|=ap_[u]int.
WARNING: Bitsize mismatch for ap_[u]int|=ap_[u]int.
WARNING: Bitsize mismatch for ap_[u]int|=ap_[u]int.
WARNING: Bitsize mismatch for ap_[u]int|=ap_[u]int.
WARNING: Bitsize mismatch for ap_[u]int|=ap_[u]int.
WARNING: Bitsize mismatch for ap_[u]int|=ap_[u]int.
WARNING: Bitsize mismatch for ap_[u]int|=ap_[u]int.
WARNING: Bitsize mismatch for ap_[u]int|=ap_[u]int.
WARNING: Bitsize mismatch for ap_[u]int|=ap_[u]int.
WARNING: Bitsize mismatch for ap_[u]int|=ap_[u]int.
WARNING: Bitsize mismatch for ap_[u]int|=ap_[u]int.
WARNING: Bitsize mismatch for ap_[u]int|=ap_[u]int.
WARNING: Bitsize mismatch for ap_[u]int|=ap_[u]int.
WARNING: Bitsize mismatch for ap_[u]int|=ap_[u]int.
WARNING: Bitsize mismatch for ap_[u]int|=ap_[u]int.
WARNING: Bitsize mismatch for ap_[u]int|=ap_[u]int.
WARNING: Bitsize mismatch for ap_[u]int|=ap_[u]int.
WARNING: Bitsize mismatch for ap_[u]int|=ap_[u]int.
WARNING: Bitsize mismatch for ap_[u]int|=ap_[u]int.
WARNING: Bitsize mismatch for ap_[u]int|=ap_[u]int.
WARNING: Bitsize mismatch for ap_[u]int|=ap_[u]int.
WARNING: Bitsize mismatch for ap_[u]int|=ap_[u]int.
WARNING: Bitsize mismatch for ap_[u]int|=ap_[u]int.
WARNING: Bitsize mismatch for ap_[u]int|=ap_[u]int.
WARNING: Bitsize mismatch for ap_[u]int|=ap_[u]int.
WARNING: Bitsize mismatch for ap_[u]int|=ap_[u]int.
WARNING: Bitsize mismatch for ap_[u]int|=ap_[u]int.
WARNING: Bitsize mismatch for ap_[u]int|=ap_[u]int.
WARNING: Bitsize mismatch for ap_[u]int|=ap_[u]int.
WARNING: Bitsize mismatch for ap_[u]int|=ap_[u]int.
WARNING: Bitsize mismatch for ap_[u]int|=ap_[u]int.
WARNING: Bitsize mismatch for ap_[u]int|=ap_[u]int.
WARNING: Bitsize mismatch for ap_[u]int|=ap_[u]int.
WARNING: Bitsize mismatch for ap_[u]int|=ap_[u]int.
WARNING: Bitsize mismatch for ap_[u]int|=ap_[u]int.
WARNING: Bitsize mismatch for ap_[u]int|=ap_[u]int.
WARNING: Bitsize mismatch for ap_[u]int|=ap_[u]int.
WARNING: Bitsize mismatch for ap_[u]int|=ap_[u]int.
WARNING: Bitsize mismatch for ap_[u]int|=ap_[u]int.
WARNING: Bitsize mismatch for ap_[u]int|=ap_[u]int.
WARNING: Bitsize mismatch for ap_[u]int|=ap_[u]int.
WARNING: Bitsize mismatch for ap_[u]int|=ap_[u]int.
WARNING: Bitsize mismatch for ap_[u]int|=ap_[u]int.
WARNING: Bitsize mismatch for ap_[u]int|=ap_[u]int.
WARNING: Bitsize mismatch for ap_[u]int|=ap_[u]int.
WARNING: Bitsize mismatch for ap_[u]int|=ap_[u]int.
WARNING: Bitsize mismatch for ap_[u]int|=ap_[u]int.
WARNING: Bitsize mismatch for ap_[u]int|=ap_[u]int.
WARNING: Bitsize mismatch for ap_[u]int|=ap_[u]int.
WARNING: Bitsize mismatch for ap_[u]int|=ap_[u]int.
WARNING: Bitsize mismatch for ap_[u]int|=ap_[u]int.
WARNING: Bitsize mismatch for ap_[u]int|=ap_[u]int.
WARNING: Bitsize mismatch for ap_[u]int|=ap_[u]int.
WARNING: Bitsize mismatch for ap_[u]int|=ap_[u]int.
WARNING: Bitsize mismatch for ap_[u]int|=ap_[u]int.
WARNING: Bitsize mismatch for ap_[u]int|=ap_[u]int.
WARNING: Bitsize mismatch for ap_[u]int|=ap_[u]int.
WARNING: Bitsize mismatch for ap_[u]int|=ap_[u]int.
WARNING: Bitsize mismatch for ap_[u]int|=ap_[u]int.
WARNING: Bitsize mismatch for ap_[u]int|=ap_[u]int.
WARNING: Bitsize mismatch for ap_[u]int|=ap_[u]int.
WARNING: Bitsize mismatch for ap_[u]int|=ap_[u]int.
WARNING: Bitsize mismatch for ap_[u]int|=ap_[u]int.
WARNING: Bitsize mismatch for ap_[u]int|=ap_[u]int.
WARNING: Bitsize mismatch for ap_[u]int|=ap_[u]int.
WARNING: Bitsize mismatch for ap_[u]int|=ap_[u]int.
WARNING: Bitsize mismatch for ap_[u]int|=ap_[u]int.
WARNING: Bitsize mismatch for ap_[u]int|=ap_[u]int.
WARNING: Bitsize mismatch for ap_[u]int|=ap_[u]int.
WARNING: Bitsize mismatch for ap_[u]int|=ap_[u]int.
WARNING: Bitsize mismatch for ap_[u]int|=ap_[u]int.
WARNING: Bitsize mismatch for ap_[u]int|=ap_[u]int.
WARNING: Bitsize mismatch for ap_[u]int|=ap_[u]int.
WARNING: Bitsize mismatch for ap_[u]int|=ap_[u]int.
WARNING: Bitsize mismatch for ap_[u]int|=ap_[u]int.
WARNING: Bitsize mismatch for ap_[u]int|=ap_[u]int.
WARNING: Bitsize mismatch for ap_[u]int|=ap_[u]int.
WARNING: Bitsize mismatch for ap_[u]int|=ap_[u]int.
WARNING: Bitsize mismatch for ap_[u]int|=ap_[u]int.
WARNING: Bitsize mismatch for ap_[u]int|=ap_[u]int.
WARNING: Bitsize mismatch for ap_[u]int|=ap_[u]int.
WARNING: Bitsize mismatch for ap_[u]int|=ap_[u]int.
WARNING: Bitsize mismatch for ap_[u]int|=ap_[u]int.
WARNING: Bitsize mismatch for ap_[u]int|=ap_[u]int.
WARNING: Bitsize mismatch for ap_[u]int|=ap_[u]int.
WARNING: Bitsize mismatch for ap_[u]int|=ap_[u]int.
WARNING: Bitsize mismatch for ap_[u]int|=ap_[u]int.
WARNING: Bitsize mismatch for ap_[u]int|=ap_[u]int.
WARNING: Bitsize mismatch for ap_[u]int|=ap_[u]int.
WARNING: Bitsize mismatch for ap_[u]int|=ap_[u]int.
WARNING: Bitsize mismatch for ap_[u]int|=ap_[u]int.
WARNING: Bitsize mismatch for ap_[u]int|=ap_[u]int.
WARNING: Bitsize mismatch for ap_[u]int|=ap_[u]int.
WARNING: Bitsize mismatch for ap_[u]int|=ap_[u]int.
WARNING: Bitsize mismatch for ap_[u]int|=ap_[u]int.
WARNING: Bitsize mismatch for ap_[u]int|=ap_[u]int.
WARNING: Bitsize mismatch for ap_[u]int|=ap_[u]int.
WARNING: Bitsize mismatch for ap_[u]int|=ap_[u]int.
WARNING: Bitsize mismatch for ap_[u]int|=ap_[u]int.
WARNING: Bitsize mismatch for ap_[u]int|=ap_[u]int.
WARNING: Bitsize mismatch for ap_[u]int|=ap_[u]int.
WARNING: Bitsize mismatch for ap_[u]int|=ap_[u]int.
WARNING: Bitsize mismatch for ap_[u]int|=ap_[u]int.
WARNING: Bitsize mismatch for ap_[u]int|=ap_[u]int.
WARNING: Bitsize mismatch for ap_[u]int|=ap_[u]int.
WARNING: Bitsize mismatch for ap_[u]int|=ap_[u]int.
WARNING: Bitsize mismatch for ap_[u]int|=ap_[u]int.
WARNING: Bitsize mismatch for ap_[u]int|=ap_[u]int.
WARNING: Bitsize mismatch for ap_[u]int|=ap_[u]int.
WARNING: Bitsize mismatch for ap_[u]int|=ap_[u]int.
WARNING: Bitsize mismatch for ap_[u]int|=ap_[u]int.
WARNING: Bitsize mismatch for ap_[u]int|=ap_[u]int.
WARNING: Bitsize mismatch for ap_[u]int|=ap_[u]int.
WARNING: Bitsize mismatch for ap_[u]int|=ap_[u]int.
WARNING: Bitsize mismatch for ap_[u]int|=ap_[u]int.
WARNING: Bitsize mismatch for ap_[u]int|=ap_[u]int.
WARNING: Bitsize mismatch for ap_[u]int|=ap_[u]int.
WARNING: Bitsize mismatch for ap_[u]int|=ap_[u]int.
WARNING: Bitsize mismatch for ap_[u]int|=ap_[u]int.
WARNING: Bitsize mismatch for ap_[u]int|=ap_[u]int.
WARNING: Bitsize mismatch for ap_[u]int|=ap_[u]int.
WARNING: Bitsize mismatch for ap_[u]int|=ap_[u]int.
WARNING: Bitsize mismatch for ap_[u]int|=ap_[u]int.
WARNING: Bitsize mismatch for ap_[u]int|=ap_[u]int.
WARNING: Bitsize mismatch for ap_[u]int|=ap_[u]int.
WARNING: Bitsize mismatch for ap_[u]int|=ap_[u]int.
WARNING: Bitsize mismatch for ap_[u]int|=ap_[u]int.
WARNING: Bitsize mismatch for ap_[u]int|=ap_[u]int.
WARNING: Bitsize mismatch for ap_[u]int|=ap_[u]int.
WARNING: Bitsize mismatch for ap_[u]int|=ap_[u]int.
WARNING: Bitsize mismatch for ap_[u]int|=ap_[u]int.
WARNING: Bitsize mismatch for ap_[u]int|=ap_[u]int.
WARNING: Bitsize mismatch for ap_[u]int|=ap_[u]int.
WARNING: Bitsize mismatch for ap_[u]int|=ap_[u]int.
WARNING: Bitsize mismatch for ap_[u]int|=ap_[u]int.
WARNING: Bitsize mismatch for ap_[u]int|=ap_[u]int.
WARNING: Bitsize mismatch for ap_[u]int|=ap_[u]int.
WARNING: Bitsize mismatch for ap_[u]int|=ap_[u]int.
WARNING: Bitsize mismatch for ap_[u]int|=ap_[u]int.
WARNING: Bitsize mismatch for ap_[u]int|=ap_[u]int.
WARNING: Bitsize mismatch for ap_[u]int|=ap_[u]int.
WARNING: Bitsize mismatch for ap_[u]int|=ap_[u]int.
WARNING: Bitsize mismatch for ap_[u]int|=ap_[u]int.
WARNING: Bitsize mismatch for ap_[u]int|=ap_[u]int.
WARNING: Bitsize mismatch for ap_[u]int|=ap_[u]int.
WARNING: Bitsize mismatch for ap_[u]int|=ap_[u]int.
WARNING: Bitsize mismatch for ap_[u]int|=ap_[u]int.
WARNING: Bitsize mismatch for ap_[u]int|=ap_[u]int.
WARNING: Bitsize mismatch for ap_[u]int|=ap_[u]int.
WARNING: Bitsize mismatch for ap_[u]int|=ap_[u]int.
WARNING: Bitsize mismatch for ap_[u]int|=ap_[u]int.
WARNING: Bitsize mismatch for ap_[u]int|=ap_[u]int.
WARNING: Bitsize mismatch for ap_[u]int|=ap_[u]int.
WARNING: Bitsize mismatch for ap_[u]int|=ap_[u]int.
WARNING: Bitsize mismatch for ap_[u]int|=ap_[u]int.
WARNING: Bitsize mismatch for ap_[u]int|=ap_[u]int.
WARNING: Bitsize mismatch for ap_[u]int|=ap_[u]int.
WARNING: Bitsize mismatch for ap_[u]int|=ap_[u]int.
WARNING: Bitsize mismatch for ap_[u]int|=ap_[u]int.
WARNING: Bitsize mismatch for ap_[u]int|=ap_[u]int.
WARNING: Bitsize mismatch for ap_[u]int|=ap_[u]int.
WARNING: Bitsize mismatch for ap_[u]int|=ap_[u]int.
WARNING: Bitsize mismatch for ap_[u]int|=ap_[u]int.
WARNING: Bitsize mismatch for ap_[u]int|=ap_[u]int.
WARNING: Bitsize mismatch for ap_[u]int|=ap_[u]int.
WARNING: Bitsize mismatch for ap_[u]int|=ap_[u]int.
WARNING: Bitsize mismatch for ap_[u]int|=ap_[u]int.
WARNING: Bitsize mismatch for ap_[u]int|=ap_[u]int.
WARNING: Bitsize mismatch for ap_[u]int|=ap_[u]int.
WARNING: Bitsize mismatch for ap_[u]int|=ap_[u]int.
WARNING: Bitsize mismatch for ap_[u]int|=ap_[u]int.
WARNING: Bitsize mismatch for ap_[u]int|=ap_[u]int.
WARNING: Bitsize mismatch for ap_[u]int|=ap_[u]int.
WARNING: Bitsize mismatch for ap_[u]int|=ap_[u]int.
WARNING: Bitsize mismatch for ap_[u]int|=ap_[u]int.
WARNING: Bitsize mismatch for ap_[u]int|=ap_[u]int.
WARNING: Bitsize mismatch for ap_[u]int|=ap_[u]int.
WARNING: Bitsize mismatch for ap_[u]int|=ap_[u]int.
WARNING: Bitsize mismatch for ap_[u]int|=ap_[u]int.
WARNING: Bitsize mismatch for ap_[u]int|=ap_[u]int.
WARNING: Bitsize mismatch for ap_[u]int|=ap_[u]int.
WARNING: Bitsize mismatch for ap_[u]int|=ap_[u]int.
WARNING: Bitsize mismatch for ap_[u]int|=ap_[u]int.
WARNING: Bitsize mismatch for ap_[u]int|=ap_[u]int.
WARNING: Bitsize mismatch for ap_[u]int|=ap_[u]int.
WARNING: Bitsize mismatch for ap_[u]int|=ap_[u]int.
WARNING: Bitsize mismatch for ap_[u]int|=ap_[u]int.
WARNING: Bitsize mismatch for ap_[u]int|=ap_[u]int.
WARNING: Bitsize mismatch for ap_[u]int|=ap_[u]int.
WARNING: Bitsize mismatch for ap_[u]int|=ap_[u]int.
WARNING: Bitsize mismatch for ap_[u]int|=ap_[u]int.
WARNING: Bitsize mismatch for ap_[u]int|=ap_[u]int.
WARNING: Bitsize mismatch for ap_[u]int|=ap_[u]int.
WARNING: Bitsize mismatch for ap_[u]int|=ap_[u]int.
WARNING: Bitsize mismatch for ap_[u]int|=ap_[u]int.
WARNING: Bitsize mismatch for ap_[u]int|=ap_[u]int.
WARNING: Bitsize mismatch for ap_[u]int|=ap_[u]int.
WARNING: Bitsize mismatch for ap_[u]int|=ap_[u]int.
WARNING: Bitsize mismatch for ap_[u]int|=ap_[u]int.
WARNING: Bitsize mismatch for ap_[u]int|=ap_[u]int.
WARNING: Bitsize mismatch for ap_[u]int|=ap_[u]int.
WARNING: Bitsize mismatch for ap_[u]int|=ap_[u]int.
WARNING: Bitsize mismatch for ap_[u]int|=ap_[u]int.
WARNING: Bitsize mismatch for ap_[u]int|=ap_[u]int.
WARNING: Bitsize mismatch for ap_[u]int|=ap_[u]int.
WARNING: Bitsize mismatch for ap_[u]int|=ap_[u]int.
WARNING: Bitsize mismatch for ap_[u]int|=ap_[u]int.
WARNING: Bitsize mismatch for ap_[u]int|=ap_[u]int.
WARNING: Bitsize mismatch for ap_[u]int|=ap_[u]int.
WARNING: Bitsize mismatch for ap_[u]int|=ap_[u]int.
WARNING: Bitsize mismatch for ap_[u]int|=ap_[u]int.
WARNING: Bitsize mismatch for ap_[u]int|=ap_[u]int.
WARNING: Bitsize mismatch for ap_[u]int|=ap_[u]int.
WARNING: Bitsize mismatch for ap_[u]int|=ap_[u]int.
WARNING: Bitsize mismatch for ap_[u]int|=ap_[u]int.
WARNING: Bitsize mismatch for ap_[u]int|=ap_[u]int.
WARNING: Bitsize mismatch for ap_[u]int|=ap_[u]int.
WARNING: Bitsize mismatch for ap_[u]int|=ap_[u]int.
WARNING: Bitsize mismatch for ap_[u]int|=ap_[u]int.
WARNING: Bitsize mismatch for ap_[u]int|=ap_[u]int.
WARNING: Bitsize mismatch for ap_[u]int|=ap_[u]int.
WARNING: Bitsize mismatch for ap_[u]int|=ap_[u]int.
WARNING: Bitsize mismatch for ap_[u]int|=ap_[u]int.
WARNING: Bitsize mismatch for ap_[u]int|=ap_[u]int.
WARNING: Bitsize mismatch for ap_[u]int|=ap_[u]int.
WARNING: Bitsize mismatch for ap_[u]int|=ap_[u]int.
WARNING: Bitsize mismatch for ap_[u]int|=ap_[u]int.
WARNING: Bitsize mismatch for ap_[u]int|=ap_[u]int.
WARNING: Bitsize mismatch for ap_[u]int|=ap_[u]int.
WARNING: Bitsize mismatch for ap_[u]int|=ap_[u]int.
WARNING: Bitsize mismatch for ap_[u]int|=ap_[u]int.
WARNING: Bitsize mismatch for ap_[u]int|=ap_[u]int.
WARNING: Bitsize mismatch for ap_[u]int|=ap_[u]int.
WARNING: Bitsize mismatch for ap_[u]int|=ap_[u]int.
WARNING: Bitsize mismatch for ap_[u]int|=ap_[u]int.
WARNING: Bitsize mismatch for ap_[u]int|=ap_[u]int.
WARNING: Bitsize mismatch for ap_[u]int|=ap_[u]int.
WARNING: Bitsize mismatch for ap_[u]int|=ap_[u]int.
WARNING: Bitsize mismatch for ap_[u]int|=ap_[u]int.
WARNING: Bitsize mismatch for ap_[u]int|=ap_[u]int.
WARNING: Bitsize mismatch for ap_[u]int|=ap_[u]int.
WARNING: Bitsize mismatch for ap_[u]int|=ap_[u]int.
WARNING: Bitsize mismatch for ap_[u]int|=ap_[u]int.
WARNING: Bitsize mismatch for ap_[u]int|=ap_[u]int.
WARNING: Bitsize mismatch for ap_[u]int|=ap_[u]int.
WARNING: Bitsize mismatch for ap_[u]int|=ap_[u]int.
WARNING: Bitsize mismatch for ap_[u]int|=ap_[u]int.
WARNING: Bitsize mismatch for ap_[u]int|=ap_[u]int.
WARNING: Bitsize mismatch for ap_[u]int|=ap_[u]int.
WARNING: Bitsize mismatch for ap_[u]int|=ap_[u]int.
WARNING: Bitsize mismatch for ap_[u]int|=ap_[u]int.
WARNING: Bitsize mismatch for ap_[u]int|=ap_[u]int.
WARNING: Bitsize mismatch for ap_[u]int|=ap_[u]int.
WARNING: Bitsize mismatch for ap_[u]int|=ap_[u]int.
WARNING: Bitsize mismatch for ap_[u]int|=ap_[u]int.
WARNING: Bitsize mismatch for ap_[u]int|=ap_[u]int.
WARNING: Bitsize mismatch for ap_[u]int|=ap_[u]int.
WARNING: Bitsize mismatch for ap_[u]int|=ap_[u]int.
WARNING: Bitsize mismatch for ap_[u]int|=ap_[u]int.
WARNING: Bitsize mismatch for ap_[u]int|=ap_[u]int.
WARNING: Bitsize mismatch for ap_[u]int|=ap_[u]int.
WARNING: Bitsize mismatch for ap_[u]int|=ap_[u]int.
WARNING: Bitsize mismatch for ap_[u]int|=ap_[u]int.
WARNING: Bitsize mismatch for ap_[u]int|=ap_[u]int.
WARNING: Bitsize mismatch for ap_[u]int|=ap_[u]int.
WARNING: Bitsize mismatch for ap_[u]int|=ap_[u]int.
WARNING: Bitsize mismatch for ap_[u]int|=ap_[u]int.
WARNING: Bitsize mismatch for ap_[u]int|=ap_[u]int.
WARNING: Bitsize mismatch for ap_[u]int|=ap_[u]int.
WARNING: Bitsize mismatch for ap_[u]int|=ap_[u]int.
WARNING: Bitsize mismatch for ap_[u]int|=ap_[u]int.
WARNING: Bitsize mismatch for ap_[u]int|=ap_[u]int.
WARNING: Bitsize mismatch for ap_[u]int|=ap_[u]int.
WARNING: Bitsize mismatch for ap_[u]int|=ap_[u]int.
WARNING: Bitsize mismatch for ap_[u]int|=ap_[u]int.
WARNING: Bitsize mismatch for ap_[u]int|=ap_[u]int.
WARNING: Bitsize mismatch for ap_[u]int|=ap_[u]int.
WARNING: Bitsize mismatch for ap_[u]int|=ap_[u]int.
WARNING: Bitsize mismatch for ap_[u]int|=ap_[u]int.
WARNING: Bitsize mismatch for ap_[u]int|=ap_[u]int.
WARNING: Bitsize mismatch for ap_[u]int|=ap_[u]int.
WARNING: Bitsize mismatch for ap_[u]int|=ap_[u]int.
WARNING: Bitsize mismatch for ap_[u]int|=ap_[u]int.
WARNING: Bitsize mismatch for ap_[u]int|=ap_[u]int.
WARNING: Bitsize mismatch for ap_[u]int|=ap_[u]int.
WARNING: Bitsize mismatch for ap_[u]int|=ap_[u]int.
WARNING: Bitsize mismatch for ap_[u]int|=ap_[u]int.
WARNING: Bitsize mismatch for ap_[u]int|=ap_[u]int.
WARNING: Bitsize mismatch for ap_[u]int|=ap_[u]int.
WARNING: Bitsize mismatch for ap_[u]int|=ap_[u]int.
WARNING: Bitsize mismatch for ap_[u]int|=ap_[u]int.
WARNING: Bitsize mismatch for ap_[u]int|=ap_[u]int.
WARNING: Bitsize mismatch for ap_[u]int|=ap_[u]int.
WARNING: Bitsize mismatch for ap_[u]int|=ap_[u]int.
WARNING: Bitsize mismatch for ap_[u]int|=ap_[u]int.
WARNING: Bitsize mismatch for ap_[u]int|=ap_[u]int.
WARNING: Bitsize mismatch for ap_[u]int|=ap_[u]int.
WARNING: Bitsize mismatch for ap_[u]int|=ap_[u]int.
WARNING: Bitsize mismatch for ap_[u]int|=ap_[u]int.
WARNING: Bitsize mismatch for ap_[u]int|=ap_[u]int.
WARNING: Bitsize mismatch for ap_[u]int|=ap_[u]int.
WARNING: Bitsize mismatch for ap_[u]int|=ap_[u]int.
WARNING: Bitsize mismatch for ap_[u]int|=ap_[u]int.
WARNING: Bitsize mismatch for ap_[u]int|=ap_[u]int.
WARNING: Bitsize mismatch for ap_[u]int|=ap_[u]int.
WARNING: Bitsize mismatch for ap_[u]int|=ap_[u]int.
WARNING: Bitsize mismatch for ap_[u]int|=ap_[u]int.
WARNING: Bitsize mismatch for ap_[u]int|=ap_[u]int.
WARNING: Bitsize mismatch for ap_[u]int|=ap_[u]int.
WARNING: Bitsize mismatch for ap_[u]int|=ap_[u]int.
WARNING: Bitsize mismatch for ap_[u]int|=ap_[u]int.
WARNING: Bitsize mismatch for ap_[u]int|=ap_[u]int.
WARNING: Bitsize mismatch for ap_[u]int|=ap_[u]int.
WARNING: Bitsize mismatch for ap_[u]int|=ap_[u]int.
WARNING: Bitsize mismatch for ap_[u]int|=ap_[u]int.
WARNING: Bitsize mismatch for ap_[u]int|=ap_[u]int.
WARNING: Bitsize mismatch for ap_[u]int|=ap_[u]int.
WARNING: Bitsize mismatch for ap_[u]int|=ap_[u]int.
WARNING: Bitsize mismatch for ap_[u]int|=ap_[u]int.
WARNING: Bitsize mismatch for ap_[u]int|=ap_[u]int.
WARNING: Bitsize mismatch for ap_[u]int|=ap_[u]int.
WARNING: Bitsize mismatch for ap_[u]int|=ap_[u]int.
WARNING: Bitsize mismatch for ap_[u]int|=ap_[u]int.
WARNING: Bitsize mismatch for ap_[u]int|=ap_[u]int.
WARNING: Bitsize mismatch for ap_[u]int|=ap_[u]int.
WARNING: Bitsize mismatch for ap_[u]int|=ap_[u]int.
WARNING: Bitsize mismatch for ap_[u]int|=ap_[u]int.
WARNING: Bitsize mismatch for ap_[u]int|=ap_[u]int.
WARNING: Bitsize mismatch for ap_[u]int|=ap_[u]int.
WARNING: Bitsize mismatch for ap_[u]int|=ap_[u]int.
WARNING: Bitsize mismatch for ap_[u]int|=ap_[u]int.
WARNING: Bitsize mismatch for ap_[u]int|=ap_[u]int.
WARNING: Bitsize mismatch for ap_[u]int|=ap_[u]int.
WARNING: Bitsize mismatch for ap_[u]int|=ap_[u]int.
WARNING: Bitsize mismatch for ap_[u]int|=ap_[u]int.
WARNING: Bitsize mismatch for ap_[u]int|=ap_[u]int.
WARNING: Bitsize mismatch for ap_[u]int|=ap_[u]int.
WARNING: Bitsize mismatch for ap_[u]int|=ap_[u]int.
WARNING: Bitsize mismatch for ap_[u]int|=ap_[u]int.
WARNING: Bitsize mismatch for ap_[u]int|=ap_[u]int.
WARNING: Bitsize mismatch for ap_[u]int|=ap_[u]int.
WARNING: Bitsize mismatch for ap_[u]int|=ap_[u]int.
WARNING: Bitsize mismatch for ap_[u]int|=ap_[u]int.
WARNING: Bitsize mismatch for ap_[u]int|=ap_[u]int.
WARNING: Bitsize mismatch for ap_[u]int|=ap_[u]int.
WARNING: Bitsize mismatch for ap_[u]int|=ap_[u]int.
WARNING: Bitsize mismatch for ap_[u]int|=ap_[u]int.
WARNING: Bitsize mismatch for ap_[u]int|=ap_[u]int.
WARNING: Bitsize mismatch for ap_[u]int|=ap_[u]int.
WARNING: Bitsize mismatch for ap_[u]int|=ap_[u]int.
WARNING: Bitsize mismatch for ap_[u]int|=ap_[u]int.
WARNING: Bitsize mismatch for ap_[u]int|=ap_[u]int.
WARNING: Bitsize mismatch for ap_[u]int|=ap_[u]int.
WARNING: Bitsize mismatch for ap_[u]int|=ap_[u]int.
WARNING: Bitsize mismatch for ap_[u]int|=ap_[u]int.
WARNING: Bitsize mismatch for ap_[u]int|=ap_[u]int.
WARNING: Bitsize mismatch for ap_[u]int|=ap_[u]int.
WARNING: Bitsize mismatch for ap_[u]int|=ap_[u]int.
WARNING: Bitsize mismatch for ap_[u]int|=ap_[u]int.
WARNING: Bitsize mismatch for ap_[u]int|=ap_[u]int.
WARNING: Bitsize mismatch for ap_[u]int|=ap_[u]int.
WARNING: Bitsize mismatch for ap_[u]int|=ap_[u]int.
WARNING: Bitsize mismatch for ap_[u]int|=ap_[u]int.
WARNING: Bitsize mismatch for ap_[u]int|=ap_[u]int.
WARNING: Bitsize mismatch for ap_[u]int|=ap_[u]int.
WARNING: Bitsize mismatch for ap_[u]int|=ap_[u]int.
WARNING: Bitsize mismatch for ap_[u]int|=ap_[u]int.
WARNING: Bitsize mismatch for ap_[u]int|=ap_[u]int.
WARNING: Bitsize mismatch for ap_[u]int|=ap_[u]int.
WARNING: Bitsize mismatch for ap_[u]int|=ap_[u]int.
WARNING: Bitsize mismatch for ap_[u]int|=ap_[u]int.
WARNING: Bitsize mismatch for ap_[u]int|=ap_[u]int.
WARNING: Bitsize mismatch for ap_[u]int|=ap_[u]int.
WARNING: Bitsize mismatch for ap_[u]int|=ap_[u]int.
WARNING: Bitsize mismatch for ap_[u]int|=ap_[u]int.
WARNING: Bitsize mismatch for ap_[u]int|=ap_[u]int.
WARNING: Bitsize mismatch for ap_[u]int|=ap_[u]int.
WARNING: Bitsize mismatch for ap_[u]int|=ap_[u]int.
WARNING: Bitsize mismatch for ap_[u]int|=ap_[u]int.
WARNING: Bitsize mismatch for ap_[u]int|=ap_[u]int.
WARNING: Bitsize mismatch for ap_[u]int|=ap_[u]int.
WARNING: Bitsize mismatch for ap_[u]int|=ap_[u]int.
WARNING: Bitsize mismatch for ap_[u]int|=ap_[u]int.
WARNING: Bitsize mismatch for ap_[u]int|=ap_[u]int.
WARNING: Bitsize mismatch for ap_[u]int|=ap_[u]int.
WARNING: Bitsize mismatch for ap_[u]int|=ap_[u]int.
WARNING: Bitsize mismatch for ap_[u]int|=ap_[u]int.
WARNING: Bitsize mismatch for ap_[u]int|=ap_[u]int.
WARNING: Bitsize mismatch for ap_[u]int|=ap_[u]int.
WARNING: Bitsize mismatch for ap_[u]int|=ap_[u]int.
WARNING: Bitsize mismatch for ap_[u]int|=ap_[u]int.
WARNING: Bitsize mismatch for ap_[u]int|=ap_[u]int.
WARNING: Bitsize mismatch for ap_[u]int|=ap_[u]int.
WARNING: Bitsize mismatch for ap_[u]int|=ap_[u]int.
WARNING: Bitsize mismatch for ap_[u]int|=ap_[u]int.
WARNING: Bitsize mismatch for ap_[u]int|=ap_[u]int.
WARNING: Bitsize mismatch for ap_[u]int|=ap_[u]int.
WARNING: Bitsize mismatch for ap_[u]int|=ap_[u]int.
WARNING: Bitsize mismatch for ap_[u]int|=ap_[u]int.
WARNING: Bitsize mismatch for ap_[u]int|=ap_[u]int.
WARNING: Bitsize mismatch for ap_[u]int|=ap_[u]int.
WARNING: Bitsize mismatch for ap_[u]int|=ap_[u]int.
WARNING: Bitsize mismatch for ap_[u]int|=ap_[u]int.
WARNING: Bitsize mismatch for ap_[u]int|=ap_[u]int.
WARNING: Bitsize mismatch for ap_[u]int|=ap_[u]int.
WARNING: Bitsize mismatch for ap_[u]int|=ap_[u]int.
WARNING: Bitsize mismatch for ap_[u]int|=ap_[u]int.
WARNING: Bitsize mismatch for ap_[u]int|=ap_[u]int.
WARNING: Bitsize mismatch for ap_[u]int|=ap_[u]int.
WARNING: Bitsize mismatch for ap_[u]int|=ap_[u]int.
WARNING: Bitsize mismatch for ap_[u]int|=ap_[u]int.
WARNING: Bitsize mismatch for ap_[u]int|=ap_[u]int.
WARNING: Bitsize mismatch for ap_[u]int|=ap_[u]int.
WARNING: Bitsize mismatch for ap_[u]int|=ap_[u]int.
WARNING: Bitsize mismatch for ap_[u]int|=ap_[u]int.
WARNING: Bitsize mismatch for ap_[u]int|=ap_[u]int.
WARNING: Bitsize mismatch for ap_[u]int|=ap_[u]int.
WARNING: Bitsize mismatch for ap_[u]int|=ap_[u]int.
WARNING: Bitsize mismatch for ap_[u]int|=ap_[u]int.
WARNING: Bitsize mismatch for ap_[u]int|=ap_[u]int.
WARNING: Bitsize mismatch for ap_[u]int|=ap_[u]int.
WARNING: Bitsize mismatch for ap_[u]int|=ap_[u]int.
WARNING: Bitsize mismatch for ap_[u]int|=ap_[u]int.
WARNING: Bitsize mismatch for ap_[u]int|=ap_[u]int.
WARNING: Bitsize mismatch for ap_[u]int|=ap_[u]int.
WARNING: Bitsize mismatch for ap_[u]int|=ap_[u]int.
WARNING: Bitsize mismatch for ap_[u]int|=ap_[u]int.
WARNING: Bitsize mismatch for ap_[u]int|=ap_[u]int.
WARNING: Bitsize mismatch for ap_[u]int|=ap_[u]int.
WARNING: Bitsize mismatch for ap_[u]int|=ap_[u]int.
WARNING: Bitsize mismatch for ap_[u]int|=ap_[u]int.
WARNING: Bitsize mismatch for ap_[u]int|=ap_[u]int.
WARNING: Bitsize mismatch for ap_[u]int|=ap_[u]int.
WARNING: Bitsize mismatch for ap_[u]int|=ap_[u]int.
WARNING: Bitsize mismatch for ap_[u]int|=ap_[u]int.
WARNING: Bitsize mismatch for ap_[u]int|=ap_[u]int.
WARNING: Bitsize mismatch for ap_[u]int|=ap_[u]int.
WARNING: Bitsize mismatch for ap_[u]int|=ap_[u]int.
WARNING: Bitsize mismatch for ap_[u]int|=ap_[u]int.
WARNING: Bitsize mismatch for ap_[u]int|=ap_[u]int.
WARNING: Bitsize mismatch for ap_[u]int|=ap_[u]int.
WARNING: Bitsize mismatch for ap_[u]int|=ap_[u]int.
WARNING: Bitsize mismatch for ap_[u]int|=ap_[u]int.
WARNING: Bitsize mismatch for ap_[u]int|=ap_[u]int.
WARNING: Bitsize mismatch for ap_[u]int|=ap_[u]int.
WARNING: Bitsize mismatch for ap_[u]int|=ap_[u]int.
WARNING: Bitsize mismatch for ap_[u]int|=ap_[u]int.
WARNING: Bitsize mismatch for ap_[u]int|=ap_[u]int.
WARNING: Bitsize mismatch for ap_[u]int|=ap_[u]int.
WARNING: Bitsize mismatch for ap_[u]int|=ap_[u]int.
WARNING: Bitsize mismatch for ap_[u]int|=ap_[u]int.
WARNING: Bitsize mismatch for ap_[u]int|=ap_[u]int.
WARNING: Bitsize mismatch for ap_[u]int|=ap_[u]int.
WARNING: Bitsize mismatch for ap_[u]int|=ap_[u]int.
WARNING: Bitsize mismatch for ap_[u]int|=ap_[u]int.
WARNING: Bitsize mismatch for ap_[u]int|=ap_[u]int.
WARNING: Bitsize mismatch for ap_[u]int|=ap_[u]int.
WARNING: Bitsize mismatch for ap_[u]int|=ap_[u]int.
WARNING: Bitsize mismatch for ap_[u]int|=ap_[u]int.
WARNING: Bitsize mismatch for ap_[u]int|=ap_[u]int.
WARNING: Bitsize mismatch for ap_[u]int|=ap_[u]int.
WARNING: Bitsize mismatch for ap_[u]int|=ap_[u]int.
WARNING: Bitsize mismatch for ap_[u]int|=ap_[u]int.
WARNING: Bitsize mismatch for ap_[u]int|=ap_[u]int.
WARNING: Bitsize mismatch for ap_[u]int|=ap_[u]int.
WARNING: Bitsize mismatch for ap_[u]int|=ap_[u]int.
WARNING: Bitsize mismatch for ap_[u]int|=ap_[u]int.
WARNING: Bitsize mismatch for ap_[u]int|=ap_[u]int.
WARNING: Bitsize mismatch for ap_[u]int|=ap_[u]int.
WARNING: Bitsize mismatch for ap_[u]int|=ap_[u]int.
WARNING: Bitsize mismatch for ap_[u]int|=ap_[u]int.
WARNING: Bitsize mismatch for ap_[u]int|=ap_[u]int.
WARNING: Bitsize mismatch for ap_[u]int|=ap_[u]int.
WARNING: Bitsize mismatch for ap_[u]int|=ap_[u]int.
WARNING: Bitsize mismatch for ap_[u]int|=ap_[u]int.
WARNING: Bitsize mismatch for ap_[u]int|=ap_[u]int.
WARNING: Bitsize mismatch for ap_[u]int|=ap_[u]int.
WARNING: Bitsize mismatch for ap_[u]int|=ap_[u]int.
WARNING: Bitsize mismatch for ap_[u]int|=ap_[u]int.
WARNING: Bitsize mismatch for ap_[u]int|=ap_[u]int.
WARNING: Bitsize mismatch for ap_[u]int|=ap_[u]int.
WARNING: Bitsize mismatch for ap_[u]int|=ap_[u]int.
WARNING: Bitsize mismatch for ap_[u]int|=ap_[u]int.
WARNING: Bitsize mismatch for ap_[u]int|=ap_[u]int.
WARNING: Bitsize mismatch for ap_[u]int|=ap_[u]int.
WARNING: Bitsize mismatch for ap_[u]int|=ap_[u]int.
WARNING: Bitsize mismatch for ap_[u]int|=ap_[u]int.
WARNING: Bitsize mismatch for ap_[u]int|=ap_[u]int.
WARNING: Bitsize mismatch for ap_[u]int|=ap_[u]int.
WARNING: Bitsize mismatch for ap_[u]int|=ap_[u]int.
WARNING: Bitsize mismatch for ap_[u]int|=ap_[u]int.
WARNING: Bitsize mismatch for ap_[u]int|=ap_[u]int.
WARNING: Bitsize mismatch for ap_[u]int|=ap_[u]int.
WARNING: Bitsize mismatch for ap_[u]int|=ap_[u]int.
WARNING: Bitsize mismatch for ap_[u]int|=ap_[u]int.
WARNING: Bitsize mismatch for ap_[u]int|=ap_[u]int.
WARNING: Bitsize mismatch for ap_[u]int|=ap_[u]int.
WARNING: Bitsize mismatch for ap_[u]int|=ap_[u]int.
WARNING: Bitsize mismatch for ap_[u]int|=ap_[u]int.
WARNING: Bitsize mismatch for ap_[u]int|=ap_[u]int.
WARNING: Bitsize mismatch for ap_[u]int|=ap_[u]int.
WARNING: Bitsize mismatch for ap_[u]int|=ap_[u]int.
WARNING: Bitsize mismatch for ap_[u]int|=ap_[u]int.
WARNING: Bitsize mismatch for ap_[u]int|=ap_[u]int.
WARNING: Bitsize mismatch for ap_[u]int|=ap_[u]int.
WARNING: Bitsize mismatch for ap_[u]int|=ap_[u]int.
WARNING: Bitsize mismatch for ap_[u]int|=ap_[u]int.
WARNING: Bitsize mismatch for ap_[u]int|=ap_[u]int.
WARNING: Bitsize mismatch for ap_[u]int|=ap_[u]int.
WARNING: Bitsize mismatch for ap_[u]int|=ap_[u]int.
WARNING: Bitsize mismatch for ap_[u]int|=ap_[u]int.
WARNING: Bitsize mismatch for ap_[u]int|=ap_[u]int.
WARNING: Bitsize mismatch for ap_[u]int|=ap_[u]int.
WARNING: Bitsize mismatch for ap_[u]int|=ap_[u]int.
WARNING: Bitsize mismatch for ap_[u]int|=ap_[u]int.
WARNING: Bitsize mismatch for ap_[u]int|=ap_[u]int.
WARNING: Bitsize mismatch for ap_[u]int|=ap_[u]int.
WARNING: Bitsize mismatch for ap_[u]int|=ap_[u]int.
WARNING: Bitsize mismatch for ap_[u]int|=ap_[u]int.
WARNING: Bitsize mismatch for ap_[u]int|=ap_[u]int.
WARNING: Bitsize mismatch for ap_[u]int|=ap_[u]int.
WARNING: Bitsize mismatch for ap_[u]int|=ap_[u]int.
WARNING: Bitsize mismatch for ap_[u]int|=ap_[u]int.
WARNING: Bitsize mismatch for ap_[u]int|=ap_[u]int.
WARNING: Bitsize mismatch for ap_[u]int|=ap_[u]int.
WARNING: Bitsize mismatch for ap_[u]int|=ap_[u]int.
WARNING: Bitsize mismatch for ap_[u]int|=ap_[u]int.
WARNING: Bitsize mismatch for ap_[u]int|=ap_[u]int.
WARNING: Bitsize mismatch for ap_[u]int|=ap_[u]int.
WARNING: Bitsize mismatch for ap_[u]int|=ap_[u]int.
WARNING: Bitsize mismatch for ap_[u]int|=ap_[u]int.
WARNING: Bitsize mismatch for ap_[u]int|=ap_[u]int.
WARNING: Bitsize mismatch for ap_[u]int|=ap_[u]int.
WARNING: Bitsize mismatch for ap_[u]int|=ap_[u]int.
WARNING: Bitsize mismatch for ap_[u]int|=ap_[u]int.
WARNING: Bitsize mismatch for ap_[u]int|=ap_[u]int.
WARNING: Bitsize mismatch for ap_[u]int|=ap_[u]int.
WARNING: Bitsize mismatch for ap_[u]int|=ap_[u]int.
WARNING: Bitsize mismatch for ap_[u]int|=ap_[u]int.
WARNING: Bitsize mismatch for ap_[u]int|=ap_[u]int.
WARNING: Bitsize mismatch for ap_[u]int|=ap_[u]int.
WARNING: Bitsize mismatch for ap_[u]int|=ap_[u]int.
WARNING: Bitsize mismatch for ap_[u]int|=ap_[u]int.
WARNING: Bitsize mismatch for ap_[u]int|=ap_[u]int.
WARNING: Bitsize mismatch for ap_[u]int|=ap_[u]int.
WARNING: Bitsize mismatch for ap_[u]int|=ap_[u]int.
WARNING: Bitsize mismatch for ap_[u]int|=ap_[u]int.
WARNING: Bitsize mismatch for ap_[u]int|=ap_[u]int.
WARNING: Bitsize mismatch for ap_[u]int|=ap_[u]int.
WARNING: Bitsize mismatch for ap_[u]int|=ap_[u]int.
WARNING: Bitsize mismatch for ap_[u]int|=ap_[u]int.
WARNING: Bitsize mismatch for ap_[u]int|=ap_[u]int.
WARNING: Bitsize mismatch for ap_[u]int|=ap_[u]int.
WARNING: Bitsize mismatch for ap_[u]int|=ap_[u]int.
WARNING: Bitsize mismatch for ap_[u]int|=ap_[u]int.
WARNING: Bitsize mismatch for ap_[u]int|=ap_[u]int.
WARNING: Bitsize mismatch for ap_[u]int|=ap_[u]int.
WARNING: Bitsize mismatch for ap_[u]int|=ap_[u]int.
WARNING: Bitsize mismatch for ap_[u]int|=ap_[u]int.
WARNING: Bitsize mismatch for ap_[u]int|=ap_[u]int.
WARNING: Bitsize mismatch for ap_[u]int|=ap_[u]int.
WARNING: Bitsize mismatch for ap_[u]int|=ap_[u]int.
WARNING: Bitsize mismatch for ap_[u]int|=ap_[u]int.
WARNING: Bitsize mismatch for ap_[u]int|=ap_[u]int.
WARNING: Bitsize mismatch for ap_[u]int|=ap_[u]int.
WARNING: Bitsize mismatch for ap_[u]int|=ap_[u]int.
WARNING: Bitsize mismatch for ap_[u]int|=ap_[u]int.
WARNING: Bitsize mismatch for ap_[u]int|=ap_[u]int.
WARNING: Bitsize mismatch for ap_[u]int|=ap_[u]int.
WARNING: Bitsize mismatch for ap_[u]int|=ap_[u]int.
WARNING: Bitsize mismatch for ap_[u]int|=ap_[u]int.
WARNING: Bitsize mismatch for ap_[u]int|=ap_[u]int.
WARNING: Bitsize mismatch for ap_[u]int|=ap_[u]int.
WARNING: Bitsize mismatch for ap_[u]int|=ap_[u]int.
WARNING: Bitsize mismatch for ap_[u]int|=ap_[u]int.
WARNING: Bitsize mismatch for ap_[u]int|=ap_[u]int.
WARNING: Bitsize mismatch for ap_[u]int|=ap_[u]int.
WARNING: Bitsize mismatch for ap_[u]int|=ap_[u]int.
WARNING: Bitsize mismatch for ap_[u]int|=ap_[u]int.
WARNING: Bitsize mismatch for ap_[u]int|=ap_[u]int.
WARNING: Bitsize mismatch for ap_[u]int|=ap_[u]int.
WARNING: Bitsize mismatch for ap_[u]int|=ap_[u]int.
WARNING: Bitsize mismatch for ap_[u]int|=ap_[u]int.
WARNING: Bitsize mismatch for ap_[u]int|=ap_[u]int.
WARNING: Bitsize mismatch for ap_[u]int|=ap_[u]int.
WARNING: Bitsize mismatch for ap_[u]int|=ap_[u]int.
WARNING: Bitsize mismatch for ap_[u]int|=ap_[u]int.
WARNING: Bitsize mismatch for ap_[u]int|=ap_[u]int.
WARNING: Bitsize mismatch for ap_[u]int|=ap_[u]int.
WARNING: Bitsize mismatch for ap_[u]int|=ap_[u]int.
WARNING: Bitsize mismatch for ap_[u]int|=ap_[u]int.
WARNING: Bitsize mismatch for ap_[u]int|=ap_[u]int.
WARNING: Bitsize mismatch for ap_[u]int|=ap_[u]int.
WARNING: Bitsize mismatch for ap_[u]int|=ap_[u]int.
WARNING: Bitsize mismatch for ap_[u]int|=ap_[u]int.
WARNING: Bitsize mismatch for ap_[u]int|=ap_[u]int.
WARNING: Bitsize mismatch for ap_[u]int|=ap_[u]int.
WARNING: Bitsize mismatch for ap_[u]int|=ap_[u]int.
WARNING: Bitsize mismatch for ap_[u]int|=ap_[u]int.
WARNING: Bitsize mismatch for ap_[u]int|=ap_[u]int.
WARNING: Bitsize mismatch for ap_[u]int|=ap_[u]int.
WARNING: Bitsize mismatch for ap_[u]int|=ap_[u]int.
WARNING: Bitsize mismatch for ap_[u]int|=ap_[u]int.
WARNING: Bitsize mismatch for ap_[u]int|=ap_[u]int.
WARNING: Bitsize mismatch for ap_[u]int|=ap_[u]int.
WARNING: Bitsize mismatch for ap_[u]int|=ap_[u]int.
WARNING: Bitsize mismatch for ap_[u]int|=ap_[u]int.
WARNING: Bitsize mismatch for ap_[u]int|=ap_[u]int.
WARNING: Bitsize mismatch for ap_[u]int|=ap_[u]int.
WARNING: Bitsize mismatch for ap_[u]int|=ap_[u]int.
WARNING: Bitsize mismatch for ap_[u]int|=ap_[u]int.
WARNING: Bitsize mismatch for ap_[u]int|=ap_[u]int.
WARNING: Bitsize mismatch for ap_[u]int|=ap_[u]int.
WARNING: Bitsize mismatch for ap_[u]int|=ap_[u]int.
WARNING: Bitsize mismatch for ap_[u]int|=ap_[u]int.
WARNING: Bitsize mismatch for ap_[u]int|=ap_[u]int.
WARNING: Bitsize mismatch for ap_[u]int|=ap_[u]int.
WARNING: Bitsize mismatch for ap_[u]int|=ap_[u]int.
WARNING: Bitsize mismatch for ap_[u]int|=ap_[u]int.
WARNING: Bitsize mismatch for ap_[u]int|=ap_[u]int.
WARNING: Bitsize mismatch for ap_[u]int|=ap_[u]int.
WARNING: Bitsize mismatch for ap_[u]int|=ap_[u]int.
WARNING: Bitsize mismatch for ap_[u]int|=ap_[u]int.
WARNING: Bitsize mismatch for ap_[u]int|=ap_[u]int.
WARNING: Bitsize mismatch for ap_[u]int|=ap_[u]int.
WARNING: Bitsize mismatch for ap_[u]int|=ap_[u]int.
WARNING: Bitsize mismatch for ap_[u]int|=ap_[u]int.
WARNING: Bitsize mismatch for ap_[u]int|=ap_[u]int.
WARNING: Bitsize mismatch for ap_[u]int|=ap_[u]int.
WARNING: Bitsize mismatch for ap_[u]int|=ap_[u]int.
WARNING: Bitsize mismatch for ap_[u]int|=ap_[u]int.
WARNING: Bitsize mismatch for ap_[u]int|=ap_[u]int.
WARNING: Bitsize mismatch for ap_[u]int|=ap_[u]int.
WARNING: Bitsize mismatch for ap_[u]int|=ap_[u]int.
WARNING: Bitsize mismatch for ap_[u]int|=ap_[u]int.
WARNING: Bitsize mismatch for ap_[u]int|=ap_[u]int.
WARNING: Bitsize mismatch for ap_[u]int|=ap_[u]int.
WARNING: Bitsize mismatch for ap_[u]int|=ap_[u]int.
WARNING: Bitsize mismatch for ap_[u]int|=ap_[u]int.
WARNING: Bitsize mismatch for ap_[u]int|=ap_[u]int.
WARNING: Bitsize mismatch for ap_[u]int|=ap_[u]int.
WARNING: Bitsize mismatch for ap_[u]int|=ap_[u]int.
WARNING: Bitsize mismatch for ap_[u]int|=ap_[u]int.
WARNING: Bitsize mismatch for ap_[u]int|=ap_[u]int.
WARNING: Bitsize mismatch for ap_[u]int|=ap_[u]int.
WARNING: Bitsize mismatch for ap_[u]int|=ap_[u]int.
WARNING: Bitsize mismatch for ap_[u]int|=ap_[u]int.
WARNING: Bitsize mismatch for ap_[u]int|=ap_[u]int.
WARNING: Bitsize mismatch for ap_[u]int|=ap_[u]int.
WARNING: Bitsize mismatch for ap_[u]int|=ap_[u]int.
WARNING: Bitsize mismatch for ap_[u]int|=ap_[u]int.
WARNING: Bitsize mismatch for ap_[u]int|=ap_[u]int.
WARNING: Bitsize mismatch for ap_[u]int|=ap_[u]int.
WARNING: Bitsize mismatch for ap_[u]int|=ap_[u]int.
WARNING: Bitsize mismatch for ap_[u]int|=ap_[u]int.
WARNING: Bitsize mismatch for ap_[u]int|=ap_[u]int.
WARNING: Bitsize mismatch for ap_[u]int|=ap_[u]int.
WARNING: Bitsize mismatch for ap_[u]int|=ap_[u]int.
WARNING: Bitsize mismatch for ap_[u]int|=ap_[u]int.
WARNING: Bitsize mismatch for ap_[u]int|=ap_[u]int.
WARNING: Bitsize mismatch for ap_[u]int|=ap_[u]int.
WARNING: Bitsize mismatch for ap_[u]int|=ap_[u]int.
WARNING: Bitsize mismatch for ap_[u]int|=ap_[u]int.
WARNING: Bitsize mismatch for ap_[u]int|=ap_[u]int.
WARNING: Bitsize mismatch for ap_[u]int|=ap_[u]int.
WARNING: Bitsize mismatch for ap_[u]int|=ap_[u]int.
WARNING: Bitsize mismatch for ap_[u]int|=ap_[u]int.
WARNING: Bitsize mismatch for ap_[u]int|=ap_[u]int.
WARNING: Bitsize mismatch for ap_[u]int|=ap_[u]int.
WARNING: Bitsize mismatch for ap_[u]int|=ap_[u]int.
WARNING: Bitsize mismatch for ap_[u]int|=ap_[u]int.
WARNING: Bitsize mismatch for ap_[u]int|=ap_[u]int.
WARNING: Bitsize mismatch for ap_[u]int|=ap_[u]int.
WARNING: Bitsize mismatch for ap_[u]int|=ap_[u]int.
WARNING: Bitsize mismatch for ap_[u]int|=ap_[u]int.
WARNING: Bitsize mismatch for ap_[u]int|=ap_[u]int.
WARNING: Bitsize mismatch for ap_[u]int|=ap_[u]int.
WARNING: Bitsize mismatch for ap_[u]int|=ap_[u]int.
WARNING: Bitsize mismatch for ap_[u]int|=ap_[u]int.
WARNING: Bitsize mismatch for ap_[u]int|=ap_[u]int.
WARNING: Bitsize mismatch for ap_[u]int|=ap_[u]int.
WARNING: Bitsize mismatch for ap_[u]int|=ap_[u]int.
WARNING: Bitsize mismatch for ap_[u]int|=ap_[u]int.
WARNING: Bitsize mismatch for ap_[u]int|=ap_[u]int.
WARNING: Bitsize mismatch for ap_[u]int|=ap_[u]int.
WARNING: Bitsize mismatch for ap_[u]int|=ap_[u]int.
WARNING: Bitsize mismatch for ap_[u]int|=ap_[u]int.
WARNING: Bitsize mismatch for ap_[u]int|=ap_[u]int.
WARNING: Bitsize mismatch for ap_[u]int|=ap_[u]int.
WARNING: Bitsize mismatch for ap_[u]int|=ap_[u]int.
WARNING: Bitsize mismatch for ap_[u]int|=ap_[u]int.
WARNING: Bitsize mismatch for ap_[u]int|=ap_[u]int.
WARNING: Bitsize mismatch for ap_[u]int|=ap_[u]int.
WARNING: Bitsize mismatch for ap_[u]int|=ap_[u]int.
WARNING: Bitsize mismatch for ap_[u]int|=ap_[u]int.
WARNING: Bitsize mismatch for ap_[u]int|=ap_[u]int.
WARNING: Bitsize mismatch for ap_[u]int|=ap_[u]int.
WARNING: Bitsize mismatch for ap_[u]int|=ap_[u]int.
WARNING: Bitsize mismatch for ap_[u]int|=ap_[u]int.
WARNING: Bitsize mismatch for ap_[u]int|=ap_[u]int.
WARNING: Bitsize mismatch for ap_[u]int|=ap_[u]int.
WARNING: Bitsize mismatch for ap_[u]int|=ap_[u]int.
WARNING: Bitsize mismatch for ap_[u]int|=ap_[u]int.
WARNING: Bitsize mismatch for ap_[u]int|=ap_[u]int.
WARNING: Bitsize mismatch for ap_[u]int|=ap_[u]int.
WARNING: Bitsize mismatch for ap_[u]int|=ap_[u]int.
WARNING: Bitsize mismatch for ap_[u]int|=ap_[u]int.
WARNING: Bitsize mismatch for ap_[u]int|=ap_[u]int.
WARNING: Bitsize mismatch for ap_[u]int|=ap_[u]int.
WARNING: Bitsize mismatch for ap_[u]int|=ap_[u]int.
WARNING: Bitsize mismatch for ap_[u]int|=ap_[u]int.
WARNING: Bitsize mismatch for ap_[u]int|=ap_[u]int.
WARNING: Bitsize mismatch for ap_[u]int|=ap_[u]int.
WARNING: Bitsize mismatch for ap_[u]int|=ap_[u]int.
WARNING: Bitsize mismatch for ap_[u]int|=ap_[u]int.
WARNING: Bitsize mismatch for ap_[u]int|=ap_[u]int.
WARNING: Bitsize mismatch for ap_[u]int|=ap_[u]int.
WARNING: Bitsize mismatch for ap_[u]int|=ap_[u]int.
WARNING: Bitsize mismatch for ap_[u]int|=ap_[u]int.
WARNING: Bitsize mismatch for ap_[u]int|=ap_[u]int.
WARNING: Bitsize mismatch for ap_[u]int|=ap_[u]int.
WARNING: Bitsize mismatch for ap_[u]int|=ap_[u]int.
WARNING: Bitsize mismatch for ap_[u]int|=ap_[u]int.
WARNING: Bitsize mismatch for ap_[u]int|=ap_[u]int.
WARNING: Bitsize mismatch for ap_[u]int|=ap_[u]int.
WARNING: Bitsize mismatch for ap_[u]int|=ap_[u]int.
WARNING: Bitsize mismatch for ap_[u]int|=ap_[u]int.
WARNING: Bitsize mismatch for ap_[u]int|=ap_[u]int.
WARNING: Bitsize mismatch for ap_[u]int|=ap_[u]int.
WARNING: Bitsize mismatch for ap_[u]int|=ap_[u]int.
WARNING: Bitsize mismatch for ap_[u]int|=ap_[u]int.
WARNING: Bitsize mismatch for ap_[u]int|=ap_[u]int.
WARNING: Bitsize mismatch for ap_[u]int|=ap_[u]int.
WARNING: Bitsize mismatch for ap_[u]int|=ap_[u]int.
WARNING: Bitsize mismatch for ap_[u]int|=ap_[u]int.
WARNING: Bitsize mismatch for ap_[u]int|=ap_[u]int.
WARNING: Bitsize mismatch for ap_[u]int|=ap_[u]int.
WARNING: Bitsize mismatch for ap_[u]int|=ap_[u]int.
WARNING: Bitsize mismatch for ap_[u]int|=ap_[u]int.
WARNING: Bitsize mismatch for ap_[u]int|=ap_[u]int.
WARNING: Bitsize mismatch for ap_[u]int|=ap_[u]int.
WARNING: Bitsize mismatch for ap_[u]int|=ap_[u]int.
WARNING: Bitsize mismatch for ap_[u]int|=ap_[u]int.
WARNING: Bitsize mismatch for ap_[u]int|=ap_[u]int.
WARNING: Bitsize mismatch for ap_[u]int|=ap_[u]int.
WARNING: Bitsize mismatch for ap_[u]int|=ap_[u]int.
WARNING: Bitsize mismatch for ap_[u]int|=ap_[u]int.
WARNING: Bitsize mismatch for ap_[u]int|=ap_[u]int.
WARNING: Bitsize mismatch for ap_[u]int|=ap_[u]int.
WARNING: Bitsize mismatch for ap_[u]int|=ap_[u]int.
WARNING: Bitsize mismatch for ap_[u]int|=ap_[u]int.
WARNING: Bitsize mismatch for ap_[u]int|=ap_[u]int.
WARNING: Bitsize mismatch for ap_[u]int|=ap_[u]int.
WARNING: Bitsize mismatch for ap_[u]int|=ap_[u]int.
WARNING: Bitsize mismatch for ap_[u]int|=ap_[u]int.
WARNING: Bitsize mismatch for ap_[u]int|=ap_[u]int.
WARNING: Bitsize mismatch for ap_[u]int|=ap_[u]int.
WARNING: Bitsize mismatch for ap_[u]int|=ap_[u]int.
WARNING: Bitsize mismatch for ap_[u]int|=ap_[u]int.
WARNING: Bitsize mismatch for ap_[u]int|=ap_[u]int.
WARNING: Bitsize mismatch for ap_[u]int|=ap_[u]int.
WARNING: Bitsize mismatch for ap_[u]int|=ap_[u]int.
WARNING: Bitsize mismatch for ap_[u]int|=ap_[u]int.
WARNING: Bitsize mismatch for ap_[u]int|=ap_[u]int.
WARNING: Bitsize mismatch for ap_[u]int|=ap_[u]int.
WARNING: Bitsize mismatch for ap_[u]int|=ap_[u]int.
WARNING: Bitsize mismatch for ap_[u]int|=ap_[u]int.
WARNING: Bitsize mismatch for ap_[u]int|=ap_[u]int.
WARNING: Bitsize mismatch for ap_[u]int|=ap_[u]int.
WARNING: Bitsize mismatch for ap_[u]int|=ap_[u]int.
WARNING: Bitsize mismatch for ap_[u]int|=ap_[u]int.
WARNING: Bitsize mismatch for ap_[u]int|=ap_[u]int.
WARNING: Bitsize mismatch for ap_[u]int|=ap_[u]int.
WARNING: Bitsize mismatch for ap_[u]int|=ap_[u]int.
WARNING: Bitsize mismatch for ap_[u]int|=ap_[u]int.
WARNING: Bitsize mismatch for ap_[u]int|=ap_[u]int.
WARNING: Bitsize mismatch for ap_[u]int|=ap_[u]int.
WARNING: Bitsize mismatch for ap_[u]int|=ap_[u]int.
WARNING: Bitsize mismatch for ap_[u]int|=ap_[u]int.
WARNING: Bitsize mismatch for ap_[u]int|=ap_[u]int.
WARNING: Bitsize mismatch for ap_[u]int|=ap_[u]int.
WARNING: Bitsize mismatch for ap_[u]int|=ap_[u]int.
WARNING: Bitsize mismatch for ap_[u]int|=ap_[u]int.
WARNING: Bitsize mismatch for ap_[u]int|=ap_[u]int.
WARNING: Bitsize mismatch for ap_[u]int|=ap_[u]int.
WARNING: Bitsize mismatch for ap_[u]int|=ap_[u]int.
WARNING: Bitsize mismatch for ap_[u]int|=ap_[u]int.
WARNING: Bitsize mismatch for ap_[u]int|=ap_[u]int.
WARNING: Bitsize mismatch for ap_[u]int|=ap_[u]int.
WARNING: Bitsize mismatch for ap_[u]int|=ap_[u]int.
WARNING: Bitsize mismatch for ap_[u]int|=ap_[u]int.
WARNING: Bitsize mismatch for ap_[u]int|=ap_[u]int.
WARNING: Bitsize mismatch for ap_[u]int|=ap_[u]int.
WARNING: Bitsize mismatch for ap_[u]int|=ap_[u]int.
WARNING: Bitsize mismatch for ap_[u]int|=ap_[u]int.
WARNING: Bitsize mismatch for ap_[u]int|=ap_[u]int.
WARNING: Bitsize mismatch for ap_[u]int|=ap_[u]int.
WARNING: Bitsize mismatch for ap_[u]int|=ap_[u]int.
WARNING: Bitsize mismatch for ap_[u]int|=ap_[u]int.
WARNING: Bitsize mismatch for ap_[u]int|=ap_[u]int.
WARNING: Bitsize mismatch for ap_[u]int|=ap_[u]int.
WARNING: Bitsize mismatch for ap_[u]int|=ap_[u]int.
WARNING: Bitsize mismatch for ap_[u]int|=ap_[u]int.
WARNING: Bitsize mismatch for ap_[u]int|=ap_[u]int.
WARNING: Bitsize mismatch for ap_[u]int|=ap_[u]int.
WARNING: Bitsize mismatch for ap_[u]int|=ap_[u]int.
WARNING: Bitsize mismatch for ap_[u]int|=ap_[u]int.
WARNING: Bitsize mismatch for ap_[u]int|=ap_[u]int.
WARNING: Bitsize mismatch for ap_[u]int|=ap_[u]int.
WARNING: Bitsize mismatch for ap_[u]int|=ap_[u]int.
WARNING: Bitsize mismatch for ap_[u]int|=ap_[u]int.
WARNING: Bitsize mismatch for ap_[u]int|=ap_[u]int.
WARNING: Bitsize mismatch for ap_[u]int|=ap_[u]int.
WARNING: Bitsize mismatch for ap_[u]int|=ap_[u]int.
WARNING: Bitsize mismatch for ap_[u]int|=ap_[u]int.
WARNING: Bitsize mismatch for ap_[u]int|=ap_[u]int.
WARNING: Bitsize mismatch for ap_[u]int|=ap_[u]int.
WARNING: Bitsize mismatch for ap_[u]int|=ap_[u]int.
WARNING: Bitsize mismatch for ap_[u]int|=ap_[u]int.
WARNING: Bitsize mismatch for ap_[u]int|=ap_[u]int.
WARNING: Bitsize mismatch for ap_[u]int|=ap_[u]int.
WARNING: Bitsize mismatch for ap_[u]int|=ap_[u]int.
WARNING: Bitsize mismatch for ap_[u]int|=ap_[u]int.
WARNING: Bitsize mismatch for ap_[u]int|=ap_[u]int.
WARNING: Bitsize mismatch for ap_[u]int|=ap_[u]int.
WARNING: Bitsize mismatch for ap_[u]int|=ap_[u]int.
WARNING: Bitsize mismatch for ap_[u]int|=ap_[u]int.
WARNING: Bitsize mismatch for ap_[u]int|=ap_[u]int.
WARNING: Bitsize mismatch for ap_[u]int|=ap_[u]int.
WARNING: Bitsize mismatch for ap_[u]int|=ap_[u]int.
WARNING: Bitsize mismatch for ap_[u]int|=ap_[u]int.
WARNING: Bitsize mismatch for ap_[u]int|=ap_[u]int.
WARNING: Bitsize mismatch for ap_[u]int|=ap_[u]int.
WARNING: Bitsize mismatch for ap_[u]int|=ap_[u]int.
WARNING: Bitsize mismatch for ap_[u]int|=ap_[u]int.
WARNING: Bitsize mismatch for ap_[u]int|=ap_[u]int.
WARNING: Bitsize mismatch for ap_[u]int|=ap_[u]int.
WARNING: Bitsize mismatch for ap_[u]int|=ap_[u]int.
WARNING: Bitsize mismatch for ap_[u]int|=ap_[u]int.
WARNING: Bitsize mismatch for ap_[u]int|=ap_[u]int.
WARNING: Bitsize mismatch for ap_[u]int|=ap_[u]int.
WARNING: Bitsize mismatch for ap_[u]int|=ap_[u]int.
WARNING: Bitsize mismatch for ap_[u]int|=ap_[u]int.
WARNING: Bitsize mismatch for ap_[u]int|=ap_[u]int.
WARNING: Bitsize mismatch for ap_[u]int|=ap_[u]int.
WARNING: Bitsize mismatch for ap_[u]int|=ap_[u]int.
WARNING: Bitsize mismatch for ap_[u]int|=ap_[u]int.
WARNING: Bitsize mismatch for ap_[u]int|=ap_[u]int.
WARNING: Bitsize mismatch for ap_[u]int|=ap_[u]int.
WARNING: Bitsize mismatch for ap_[u]int|=ap_[u]int.
WARNING: Bitsize mismatch for ap_[u]int|=ap_[u]int.
WARNING: Bitsize mismatch for ap_[u]int|=ap_[u]int.
WARNING: Bitsize mismatch for ap_[u]int|=ap_[u]int.
WARNING: Bitsize mismatch for ap_[u]int|=ap_[u]int.
WARNING: Bitsize mismatch for ap_[u]int|=ap_[u]int.
WARNING: Bitsize mismatch for ap_[u]int|=ap_[u]int.
WARNING: Bitsize mismatch for ap_[u]int|=ap_[u]int.
WARNING: Bitsize mismatch for ap_[u]int|=ap_[u]int.
WARNING: Bitsize mismatch for ap_[u]int|=ap_[u]int.
WARNING: Bitsize mismatch for ap_[u]int|=ap_[u]int.
WARNING: Bitsize mismatch for ap_[u]int|=ap_[u]int.
WARNING: Bitsize mismatch for ap_[u]int|=ap_[u]int.
WARNING: Bitsize mismatch for ap_[u]int|=ap_[u]int.
WARNING: Bitsize mismatch for ap_[u]int|=ap_[u]int.
WARNING: Bitsize mismatch for ap_[u]int|=ap_[u]int.
WARNING: Bitsize mismatch for ap_[u]int|=ap_[u]int.
WARNING: Bitsize mismatch for ap_[u]int|=ap_[u]int.
WARNING: Bitsize mismatch for ap_[u]int|=ap_[u]int.
WARNING: Bitsize mismatch for ap_[u]int|=ap_[u]int.
WARNING: Bitsize mismatch for ap_[u]int|=ap_[u]int.
WARNING: Bitsize mismatch for ap_[u]int|=ap_[u]int.
WARNING: Bitsize mismatch for ap_[u]int|=ap_[u]int.
WARNING: Bitsize mismatch for ap_[u]int|=ap_[u]int.
WARNING: Bitsize mismatch for ap_[u]int|=ap_[u]int.
WARNING: Bitsize mismatch for ap_[u]int|=ap_[u]int.
WARNING: Bitsize mismatch for ap_[u]int|=ap_[u]int.
WARNING: Bitsize mismatch for ap_[u]int|=ap_[u]int.
WARNING: Bitsize mismatch for ap_[u]int|=ap_[u]int.
WARNING: Bitsize mismatch for ap_[u]int|=ap_[u]int.
WARNING: Bitsize mismatch for ap_[u]int|=ap_[u]int.
WARNING: Bitsize mismatch for ap_[u]int|=ap_[u]int.
WARNING: Bitsize mismatch for ap_[u]int|=ap_[u]int.
WARNING: Bitsize mismatch for ap_[u]int|=ap_[u]int.
WARNING: Bitsize mismatch for ap_[u]int|=ap_[u]int.
WARNING: Bitsize mismatch for ap_[u]int|=ap_[u]int.
WARNING: Bitsize mismatch for ap_[u]int|=ap_[u]int.
WARNING: Bitsize mismatch for ap_[u]int|=ap_[u]int.
WARNING: Bitsize mismatch for ap_[u]int|=ap_[u]int.
WARNING: Bitsize mismatch for ap_[u]int|=ap_[u]int.
WARNING: Bitsize mismatch for ap_[u]int|=ap_[u]int.
WARNING: Bitsize mismatch for ap_[u]int|=ap_[u]int.
WARNING: Bitsize mismatch for ap_[u]int|=ap_[u]int.
WARNING: Bitsize mismatch for ap_[u]int|=ap_[u]int.
WARNING: Bitsize mismatch for ap_[u]int|=ap_[u]int.
WARNING: Bitsize mismatch for ap_[u]int|=ap_[u]int.
WARNING: Bitsize mismatch for ap_[u]int|=ap_[u]int.
WARNING: Bitsize mismatch for ap_[u]int|=ap_[u]int.
WARNING: Bitsize mismatch for ap_[u]int|=ap_[u]int.
WARNING: Bitsize mismatch for ap_[u]int|=ap_[u]int.
WARNING: Bitsize mismatch for ap_[u]int|=ap_[u]int.
WARNING: Bitsize mismatch for ap_[u]int|=ap_[u]int.
WARNING: Bitsize mismatch for ap_[u]int|=ap_[u]int.
WARNING: Bitsize mismatch for ap_[u]int|=ap_[u]int.
WARNING: Bitsize mismatch for ap_[u]int|=ap_[u]int.
WARNING: Bitsize mismatch for ap_[u]int|=ap_[u]int.
WARNING: Bitsize mismatch for ap_[u]int|=ap_[u]int.
WARNING: Bitsize mismatch for ap_[u]int|=ap_[u]int.
WARNING: Bitsize mismatch for ap_[u]int|=ap_[u]int.
WARNING: Bitsize mismatch for ap_[u]int|=ap_[u]int.
WARNING: Bitsize mismatch for ap_[u]int|=ap_[u]int.
WARNING: Bitsize mismatch for ap_[u]int|=ap_[u]int.
WARNING: Bitsize mismatch for ap_[u]int|=ap_[u]int.
WARNING: Bitsize mismatch for ap_[u]int|=ap_[u]int.
WARNING: Bitsize mismatch for ap_[u]int|=ap_[u]int.
WARNING: Bitsize mismatch for ap_[u]int|=ap_[u]int.
WARNING: Bitsize mismatch for ap_[u]int|=ap_[u]int.
WARNING: Bitsize mismatch for ap_[u]int|=ap_[u]int.
WARNING: Bitsize mismatch for ap_[u]int|=ap_[u]int.
WARNING: Bitsize mismatch for ap_[u]int|=ap_[u]int.
WARNING: Bitsize mismatch for ap_[u]int|=ap_[u]int.
WARNING: Bitsize mismatch for ap_[u]int|=ap_[u]int.
WARNING: Bitsize mismatch for ap_[u]int|=ap_[u]int.
WARNING: Bitsize mismatch for ap_[u]int|=ap_[u]int.
WARNING: Bitsize mismatch for ap_[u]int|=ap_[u]int.
WARNING: Bitsize mismatch for ap_[u]int|=ap_[u]int.
WARNING: Bitsize mismatch for ap_[u]int|=ap_[u]int.
WARNING: Bitsize mismatch for ap_[u]int|=ap_[u]int.
WARNING: Bitsize mismatch for ap_[u]int|=ap_[u]int.
WARNING: Bitsize mismatch for ap_[u]int|=ap_[u]int.
WARNING: Bitsize mismatch for ap_[u]int|=ap_[u]int.
WARNING: Bitsize mismatch for ap_[u]int|=ap_[u]int.
WARNING: Bitsize mismatch for ap_[u]int|=ap_[u]int.
WARNING: Bitsize mismatch for ap_[u]int|=ap_[u]int.
WARNING: Bitsize mismatch for ap_[u]int|=ap_[u]int.
WARNING: Bitsize mismatch for ap_[u]int|=ap_[u]int.
WARNING: Bitsize mismatch for ap_[u]int|=ap_[u]int.
WARNING: Bitsize mismatch for ap_[u]int|=ap_[u]int.
WARNING: Bitsize mismatch for ap_[u]int|=ap_[u]int.
WARNING: Bitsize mismatch for ap_[u]int|=ap_[u]int.
WARNING: Bitsize mismatch for ap_[u]int|=ap_[u]int.
WARNING: Bitsize mismatch for ap_[u]int|=ap_[u]int.
WARNING: Bitsize mismatch for ap_[u]int|=ap_[u]int.
WARNING: Bitsize mismatch for ap_[u]int|=ap_[u]int.
WARNING: Bitsize mismatch for ap_[u]int|=ap_[u]int.
WARNING: Bitsize mismatch for ap_[u]int|=ap_[u]int.
WARNING: Bitsize mismatch for ap_[u]int|=ap_[u]int.
WARNING: Bitsize mismatch for ap_[u]int|=ap_[u]int.
WARNING: Bitsize mismatch for ap_[u]int|=ap_[u]int.
WARNING: Bitsize mismatch for ap_[u]int|=ap_[u]int.
WARNING: Bitsize mismatch for ap_[u]int|=ap_[u]int.
WARNING: Bitsize mismatch for ap_[u]int|=ap_[u]int.
WARNING: Bitsize mismatch for ap_[u]int|=ap_[u]int.
WARNING: Bitsize mismatch for ap_[u]int|=ap_[u]int.
WARNING: Bitsize mismatch for ap_[u]int|=ap_[u]int.
WARNING: Bitsize mismatch for ap_[u]int|=ap_[u]int.
WARNING: Bitsize mismatch for ap_[u]int|=ap_[u]int.
WARNING: Bitsize mismatch for ap_[u]int|=ap_[u]int.
WARNING: Bitsize mismatch for ap_[u]int|=ap_[u]int.
WARNING: Bitsize mismatch for ap_[u]int|=ap_[u]int.
WARNING: Bitsize mismatch for ap_[u]int|=ap_[u]int.
WARNING: Bitsize mismatch for ap_[u]int|=ap_[u]int.
WARNING: Bitsize mismatch for ap_[u]int|=ap_[u]int.
WARNING: Bitsize mismatch for ap_[u]int|=ap_[u]int.
WARNING: Bitsize mismatch for ap_[u]int|=ap_[u]int.
WARNING: Bitsize mismatch for ap_[u]int|=ap_[u]int.
WARNING: Bitsize mismatch for ap_[u]int|=ap_[u]int.
WARNING: Bitsize mismatch for ap_[u]int|=ap_[u]int.
WARNING: Bitsize mismatch for ap_[u]int|=ap_[u]int.
WARNING: Bitsize mismatch for ap_[u]int|=ap_[u]int.
WARNING: Bitsize mismatch for ap_[u]int|=ap_[u]int.
WARNING: Bitsize mismatch for ap_[u]int|=ap_[u]int.
WARNING: Bitsize mismatch for ap_[u]int|=ap_[u]int.
WARNING: Bitsize mismatch for ap_[u]int|=ap_[u]int.
WARNING: Bitsize mismatch for ap_[u]int|=ap_[u]int.
WARNING: Bitsize mismatch for ap_[u]int|=ap_[u]int.
WARNING: Bitsize mismatch for ap_[u]int|=ap_[u]int.
WARNING: Bitsize mismatch for ap_[u]int|=ap_[u]int.
WARNING: Bitsize mismatch for ap_[u]int|=ap_[u]int.
WARNING: Bitsize mismatch for ap_[u]int|=ap_[u]int.
WARNING: Bitsize mismatch for ap_[u]int|=ap_[u]int.
WARNING: Bitsize mismatch for ap_[u]int|=ap_[u]int.
WARNING: Bitsize mismatch for ap_[u]int|=ap_[u]int.
WARNING: Bitsize mismatch for ap_[u]int|=ap_[u]int.
WARNING: Bitsize mismatch for ap_[u]int|=ap_[u]int.
WARNING: Bitsize mismatch for ap_[u]int|=ap_[u]int.
WARNING: Bitsize mismatch for ap_[u]int|=ap_[u]int.
WARNING: Bitsize mismatch for ap_[u]int|=ap_[u]int.
WARNING: Bitsize mismatch for ap_[u]int|=ap_[u]int.
WARNING: Bitsize mismatch for ap_[u]int|=ap_[u]int.
WARNING: Bitsize mismatch for ap_[u]int|=ap_[u]int.
WARNING: Bitsize mismatch for ap_[u]int|=ap_[u]int.
WARNING: Bitsize mismatch for ap_[u]int|=ap_[u]int.
WARNING: Bitsize mismatch for ap_[u]int|=ap_[u]int.
WARNING: Bitsize mismatch for ap_[u]int|=ap_[u]int.
WARNING: Bitsize mismatch for ap_[u]int|=ap_[u]int.
WARNING: Bitsize mismatch for ap_[u]int|=ap_[u]int.
WARNING: Bitsize mismatch for ap_[u]int|=ap_[u]int.
WARNING: Bitsize mismatch for ap_[u]int|=ap_[u]int.
WARNING: Bitsize mismatch for ap_[u]int|=ap_[u]int.
WARNING: Bitsize mismatch for ap_[u]int|=ap_[u]int.
WARNING: Bitsize mismatch for ap_[u]int|=ap_[u]int.
WARNING: Bitsize mismatch for ap_[u]int|=ap_[u]int.
WARNING: Bitsize mismatch for ap_[u]int|=ap_[u]int.
WARNING: Bitsize mismatch for ap_[u]int|=ap_[u]int.
WARNING: Bitsize mismatch for ap_[u]int|=ap_[u]int.
WARNING: Bitsize mismatch for ap_[u]int|=ap_[u]int.
WARNING: Bitsize mismatch for ap_[u]int|=ap_[u]int.
WARNING: Bitsize mismatch for ap_[u]int|=ap_[u]int.
WARNING: Bitsize mismatch for ap_[u]int|=ap_[u]int.
WARNING: Bitsize mismatch for ap_[u]int|=ap_[u]int.
WARNING: Bitsize mismatch for ap_[u]int|=ap_[u]int.
WARNING: Bitsize mismatch for ap_[u]int|=ap_[u]int.
WARNING: Bitsize mismatch for ap_[u]int|=ap_[u]int.
WARNING: Bitsize mismatch for ap_[u]int|=ap_[u]int.
WARNING: Bitsize mismatch for ap_[u]int|=ap_[u]int.
WARNING: Bitsize mismatch for ap_[u]int|=ap_[u]int.
WARNING: Bitsize mismatch for ap_[u]int|=ap_[u]int.
WARNING: Bitsize mismatch for ap_[u]int|=ap_[u]int.
WARNING: Bitsize mismatch for ap_[u]int|=ap_[u]int.
WARNING: Bitsize mismatch for ap_[u]int|=ap_[u]int.
WARNING: Bitsize mismatch for ap_[u]int|=ap_[u]int.
WARNING: Bitsize mismatch for ap_[u]int|=ap_[u]int.
WARNING: Bitsize mismatch for ap_[u]int|=ap_[u]int.
WARNING: Bitsize mismatch for ap_[u]int|=ap_[u]int.
WARNING: Bitsize mismatch for ap_[u]int|=ap_[u]int.
WARNING: Bitsize mismatch for ap_[u]int|=ap_[u]int.
WARNING: Bitsize mismatch for ap_[u]int|=ap_[u]int.
WARNING: Bitsize mismatch for ap_[u]int|=ap_[u]int.
WARNING: Bitsize mismatch for ap_[u]int|=ap_[u]int.
WARNING: Bitsize mismatch for ap_[u]int|=ap_[u]int.
WARNING: Bitsize mismatch for ap_[u]int|=ap_[u]int.
WARNING: Bitsize mismatch for ap_[u]int|=ap_[u]int.
WARNING: Bitsize mismatch for ap_[u]int|=ap_[u]int.
WARNING: Bitsize mismatch for ap_[u]int|=ap_[u]int.
WARNING: Bitsize mismatch for ap_[u]int|=ap_[u]int.
WARNING: Bitsize mismatch for ap_[u]int|=ap_[u]int.
WARNING: Bitsize mismatch for ap_[u]int|=ap_[u]int.
WARNING: Bitsize mismatch for ap_[u]int|=ap_[u]int.
WARNING: Bitsize mismatch for ap_[u]int|=ap_[u]int.
WARNING: Bitsize mismatch for ap_[u]int|=ap_[u]int.
WARNING: Bitsize mismatch for ap_[u]int|=ap_[u]int.
WARNING: Bitsize mismatch for ap_[u]int|=ap_[u]int.
WARNING: Bitsize mismatch for ap_[u]int|=ap_[u]int.
WARNING: Bitsize mismatch for ap_[u]int|=ap_[u]int.
WARNING: Bitsize mismatch for ap_[u]int|=ap_[u]int.
WARNING: Bitsize mismatch for ap_[u]int|=ap_[u]int.
WARNING: Bitsize mismatch for ap_[u]int|=ap_[u]int.
WARNING: Bitsize mismatch for ap_[u]int|=ap_[u]int.
WARNING: Bitsize mismatch for ap_[u]int|=ap_[u]int.
WARNING: Bitsize mismatch for ap_[u]int|=ap_[u]int.
WARNING: Bitsize mismatch for ap_[u]int|=ap_[u]int.
WARNING: Bitsize mismatch for ap_[u]int|=ap_[u]int.
WARNING: Bitsize mismatch for ap_[u]int|=ap_[u]int.
WARNING: Bitsize mismatch for ap_[u]int|=ap_[u]int.
WARNING: Bitsize mismatch for ap_[u]int|=ap_[u]int.
WARNING: Bitsize mismatch for ap_[u]int|=ap_[u]int.
WARNING: Bitsize mismatch for ap_[u]int|=ap_[u]int.
WARNING: Bitsize mismatch for ap_[u]int|=ap_[u]int.
WARNING: Bitsize mismatch for ap_[u]int|=ap_[u]int.
WARNING: Bitsize mismatch for ap_[u]int|=ap_[u]int.
WARNING: Bitsize mismatch for ap_[u]int|=ap_[u]int.
WARNING: Bitsize mismatch for ap_[u]int|=ap_[u]int.
WARNING: Bitsize mismatch for ap_[u]int|=ap_[u]int.
WARNING: Bitsize mismatch for ap_[u]int|=ap_[u]int.
WARNING: Bitsize mismatch for ap_[u]int|=ap_[u]int.
WARNING: Bitsize mismatch for ap_[u]int|=ap_[u]int.
WARNING: Bitsize mismatch for ap_[u]int|=ap_[u]int.
WARNING: Bitsize mismatch for ap_[u]int|=ap_[u]int.
WARNING: Bitsize mismatch for ap_[u]int|=ap_[u]int.
WARNING: Bitsize mismatch for ap_[u]int|=ap_[u]int.
WARNING: Bitsize mismatch for ap_[u]int|=ap_[u]int.
WARNING: Bitsize mismatch for ap_[u]int|=ap_[u]int.
WARNING: Bitsize mismatch for ap_[u]int|=ap_[u]int.
WARNING: Bitsize mismatch for ap_[u]int|=ap_[u]int.
WARNING: Bitsize mismatch for ap_[u]int|=ap_[u]int.
WARNING: Bitsize mismatch for ap_[u]int|=ap_[u]int.
WARNING: Bitsize mismatch for ap_[u]int|=ap_[u]int.
WARNING: Bitsize mismatch for ap_[u]int|=ap_[u]int.
WARNING: Bitsize mismatch for ap_[u]int|=ap_[u]int.
WARNING: Bitsize mismatch for ap_[u]int|=ap_[u]int.
WARNING: Bitsize mismatch for ap_[u]int|=ap_[u]int.
WARNING: Bitsize mismatch for ap_[u]int|=ap_[u]int.
WARNING: Bitsize mismatch for ap_[u]int|=ap_[u]int.
WARNING: Bitsize mismatch for ap_[u]int|=ap_[u]int.
WARNING: Bitsize mismatch for ap_[u]int|=ap_[u]int.
WARNING: Bitsize mismatch for ap_[u]int|=ap_[u]int.
WARNING: Bitsize mismatch for ap_[u]int|=ap_[u]int.
WARNING: Bitsize mismatch for ap_[u]int|=ap_[u]int.
WARNING: Bitsize mismatch for ap_[u]int|=ap_[u]int.
WARNING: Bitsize mismatch for ap_[u]int|=ap_[u]int.
WARNING: Bitsize mismatch for ap_[u]int|=ap_[u]int.
WARNING: Bitsize mismatch for ap_[u]int|=ap_[u]int.
WARNING: Bitsize mismatch for ap_[u]int|=ap_[u]int.
WARNING: Bitsize mismatch for ap_[u]int|=ap_[u]int.
WARNING: Bitsize mismatch for ap_[u]int|=ap_[u]int.
WARNING: Bitsize mismatch for ap_[u]int|=ap_[u]int.
WARNING: Bitsize mismatch for ap_[u]int|=ap_[u]int.
WARNING: Bitsize mismatch for ap_[u]int|=ap_[u]int.
WARNING: Bitsize mismatch for ap_[u]int|=ap_[u]int.
WARNING: Bitsize mismatch for ap_[u]int|=ap_[u]int.
WARNING: Bitsize mismatch for ap_[u]int|=ap_[u]int.
WARNING: Bitsize mismatch for ap_[u]int|=ap_[u]int.
WARNING: Bitsize mismatch for ap_[u]int|=ap_[u]int.
WARNING: Bitsize mismatch for ap_[u]int|=ap_[u]int.
WARNING: Bitsize mismatch for ap_[u]int|=ap_[u]int.
WARNING: Bitsize mismatch for ap_[u]int|=ap_[u]int.
WARNING: Bitsize mismatch for ap_[u]int|=ap_[u]int.
WARNING: Bitsize mismatch for ap_[u]int|=ap_[u]int.
WARNING: Bitsize mismatch for ap_[u]int|=ap_[u]int.
WARNING: Bitsize mismatch for ap_[u]int|=ap_[u]int.
WARNING: Bitsize mismatch for ap_[u]int|=ap_[u]int.
WARNING: Bitsize mismatch for ap_[u]int|=ap_[u]int.
WARNING: Bitsize mismatch for ap_[u]int|=ap_[u]int.
WARNING: Bitsize mismatch for ap_[u]int|=ap_[u]int.
WARNING: Bitsize mismatch for ap_[u]int|=ap_[u]int.
WARNING: Bitsize mismatch for ap_[u]int|=ap_[u]int.
WARNING: Bitsize mismatch for ap_[u]int|=ap_[u]int.
WARNING: Bitsize mismatch for ap_[u]int|=ap_[u]int.
WARNING: Bitsize mismatch for ap_[u]int|=ap_[u]int.
WARNING: Bitsize mismatch for ap_[u]int|=ap_[u]int.
WARNING: Bitsize mismatch for ap_[u]int|=ap_[u]int.
WARNING: Bitsize mismatch for ap_[u]int|=ap_[u]int.
WARNING: Bitsize mismatch for ap_[u]int|=ap_[u]int.
WARNING: Bitsize mismatch for ap_[u]int|=ap_[u]int.
WARNING: Bitsize mismatch for ap_[u]int|=ap_[u]int.
WARNING: Bitsize mismatch for ap_[u]int|=ap_[u]int.
WARNING: Bitsize mismatch for ap_[u]int|=ap_[u]int.
WARNING: Bitsize mismatch for ap_[u]int|=ap_[u]int.
WARNING: Bitsize mismatch for ap_[u]int|=ap_[u]int.
WARNING: Bitsize mismatch for ap_[u]int|=ap_[u]int.
WARNING: Bitsize mismatch for ap_[u]int|=ap_[u]int.
WARNING: Bitsize mismatch for ap_[u]int|=ap_[u]int.
WARNING: Bitsize mismatch for ap_[u]int|=ap_[u]int.
WARNING: Bitsize mismatch for ap_[u]int|=ap_[u]int.
WARNING: Bitsize mismatch for ap_[u]int|=ap_[u]int.
WARNING: Bitsize mismatch for ap_[u]int|=ap_[u]int.
WARNING: Bitsize mismatch for ap_[u]int|=ap_[u]int.
WARNING: Bitsize mismatch for ap_[u]int|=ap_[u]int.
WARNING: Bitsize mismatch for ap_[u]int|=ap_[u]int.
WARNING: Bitsize mismatch for ap_[u]int|=ap_[u]int.
WARNING: Bitsize mismatch for ap_[u]int|=ap_[u]int.
WARNING: Bitsize mismatch for ap_[u]int|=ap_[u]int.
WARNING: Bitsize mismatch for ap_[u]int|=ap_[u]int.
WARNING: Bitsize mismatch for ap_[u]int|=ap_[u]int.
WARNING: Bitsize mismatch for ap_[u]int|=ap_[u]int.
WARNING: Bitsize mismatch for ap_[u]int|=ap_[u]int.
WARNING: Bitsize mismatch for ap_[u]int|=ap_[u]int.
WARNING: Bitsize mismatch for ap_[u]int|=ap_[u]int.
Bitmap construction complete. L0:25 L1:48 L2:8
=== BITMAP DEBUG ===
L3 bitmap bit 0: 1
First 8 L2 bits: 1 1 1 1 1 1 0 0 
First 16 L1 bits: 1 0 0 0 1 0 1 0 0 0 0 0 1 1 1 1 
First 16 L0 bits: 1 1 1 1 1 1 1 1 1 1 1 1 1 1 1 1 
Pipeline bitmap stage: Completed, processed 512 voxels
Bitmap sizes - L3:1 L2:8 L1:48 L0:25
Storing initial features in pruned DRAM...
BRAM octree built! Pruned voxels: 25
Bitmap sizes - L3:1 L2:8 L1:48 L0:25

Phase 2: Processing 14 layers with persistent BRAM...
Initializing access pointers for logical bitmap reconstruction...
Access pointers initialized for persistent BRAM octree
Layer 1: 3->16 channels, 64³->64³, stride=1, transpose=no
Layer 1 completed
Layer 2: 16->32 channels, 64³->32³, stride=2, transpose=no
Layer 2 completed
Layer 3: 32->64 channels, 32³->16³, stride=2, transpose=no
Layer 3 completed
Layer 4: 64->128 channels, 16³->8³, stride=2, transpose=no
Layer 4 completed
Layer 5: 128->256 channels, 8³->4³, stride=2, transpose=no
Layer 5 completed
Layer 6: 256->512 channels, 4³->2³, stride=2, transpose=no
Layer 6 completed
Layer 7: 512->1024 channels, 2³->1³, stride=2, transpose=no
Layer 7 completed
Layer 8: 1024->512 channels, 1³->2³, stride=2, transpose=yes
Layer 8 completed
Layer 9: 512->256 channels, 2³->4³, stride=2, transpose=yes
Layer 9 completed
Layer 10: 256->128 channels, 4³->8³, stride=2, transpose=yes
Layer 10 completed
Layer 11: 128->64 channels, 8³->16³, stride=2, transpose=yes
Layer 11 completed
Layer 12: 64->32 channels, 16³->32³, stride=2, transpose=yes
Layer 12 completed
Layer 13: 32->16 channels, 32³->64³, stride=2, transpose=yes
Layer 13 completed
Layer 14: 16->20 channels, 64³->64³, stride=1, transpose=no
Layer 14 completed

Phase 3: Final output reconstruction with zeros restored...
Reconstructing final output: restoring zeros to 64³×20
Final reconstruction complete: 25 non-zero voxels placed
=== 14-LAYER MINKOWSKINET COMPLETED ===
Final output: 64³×20 with zeros restored
WARNING [HLS SIM]: hls::stream 'bitmap_early' contains leftover data, which may result in RTL simulation hanging.
WARNING [HLS SIM]: hls::stream 'bitmap_blocks' contains leftover data, which may result in RTL simulation hanging.

=== PIPELINE COMPLETED ===
Total processed pruned voxels: 25

Analyzing final full cubic output (64³ × 20 classes)...
  Voxel[0] predicted class: 3 (score=0.0235788)
  Voxel[1] predicted class: 3 (score=0.0235788)
  Voxel[2] predicted class: 3 (score=0.0235788)
  Voxel[3] predicted class: 3 (score=0.0235788)
  Voxel[4] predicted class: 3 (score=0.0235788)

Output Statistics:
  Total output size: 64³ × 20 = 5242880 values
  Non-zero outputs: 140
  Output range: [0, 0.0235788]
  Best prediction: Class 3 (score=0.0235788)
  Sparsity preserved: YES
  Zero restoration check: 650/1000 values are zero

Saving results to minkowski_net_results_corrected.txt...

=== TESTBENCH COMPLETED SUCCESSFULLY ===
Your key innovations are now properly utilized!
WARNING [HLS SIM]: hls::stream 'input_voxels' contains leftover data, which may result in RTL simulation hanging.
INFO [HLS SIM]: The maximum depth reached by any hls::stream() instance in the design is 262144
INFO: [SIM 211-1] CSim done with 0 errors.
INFO: [SIM 211-3] *************** CSIM finish ***************
INFO: [HLS 200-2161] Finished Command csim_design Elapsed time: 00:00:21; Allocated memory: 0.305 MB.
Running HLS synthesis to Verilog RTL...
INFO: [HLS 200-1510] Running: csynth_design 
INFO: [HLS 200-111] Finished File checks and directory preparation: CPU user time: 0.03 seconds. CPU system time: 0.01 seconds. Elapsed time: 0.03 seconds; current allocated memory: 641.934 MB.
INFO: [HLS 200-10] Analyzing design file 'streaming_bitmap_constructor.cpp' ... 
WARNING: [HLS 207-5292] unused parameter 'z_pair_idx' (streaming_bitmap_constructor.cpp:267:17)
WARNING: [HLS 207-5292] unused parameter 'z_plane_buffer' (streaming_bitmap_constructor.cpp:268:16)
WARNING: [HLS 207-5292] unused parameter 'early_trigger_out' (streaming_bitmap_constructor.cpp:269:38)
WARNING: [HLS 207-5292] unused parameter 'retained_blocks_out' (streaming_bitmap_constructor.cpp:270:37)
WARNING: [HLS 207-5292] unused parameter 'retained_block_count' (streaming_bitmap_constructor.cpp:271:18)
WARNING: [HLS 207-5292] unused parameter 'L3_bitmap' (streaming_bitmap_constructor.cpp:272:19)
WARNING: [HLS 207-5292] unused parameter 'L2_bitmap_pruned' (streaming_bitmap_constructor.cpp:273:19)
WARNING: [HLS 207-5292] unused parameter 'L1_bitmap_pruned' (streaming_bitmap_constructor.cpp:274:19)
WARNING: [HLS 207-5292] unused parameter 'L0_bitmap_pruned' (streaming_bitmap_constructor.cpp:275:19)
WARNING: [HLS 207-5292] unused parameter 'L1_temp' (streaming_bitmap_constructor.cpp:276:17)
WARNING: [HLS 207-5292] unused parameter 'L2_temp' (streaming_bitmap_constructor.cpp:277:17)
WARNING: [HLS 207-5292] unused parameter 'L3_temp' (streaming_bitmap_constructor.cpp:278:17)
WARNING: [HLS 207-5292] unused parameter 'l3_write_pos' (streaming_bitmap_constructor.cpp:279:18)
WARNING: [HLS 207-5292] unused parameter 'l2_write_pos' (streaming_bitmap_constructor.cpp:280:18)
WARNING: [HLS 207-5292] unused parameter 'l1_write_pos' (streaming_bitmap_constructor.cpp:281:18)
WARNING: [HLS 207-5292] unused parameter 'l0_write_pos' (streaming_bitmap_constructor.cpp:282:18)
WARNING: [HLS 207-5292] unused parameter 'feature_data_out' (streaming_bitmap_constructor.cpp:283:29)
WARNING: [HLS 207-5292] unused parameter 'write_addr_out' (streaming_bitmap_constructor.cpp:284:31)
WARNING: [HLS 207-5292] unused parameter 'z_pair_idx' (streaming_bitmap_constructor.cpp:291:17)
WARNING: [HLS 207-5292] unused parameter 'L1_temp' (streaming_bitmap_constructor.cpp:292:17)
WARNING: [HLS 207-5292] unused parameter 'L2_temp' (streaming_bitmap_constructor.cpp:293:17)
WARNING: [HLS 207-5292] unused parameter 'L1_bitmap_pruned' (streaming_bitmap_constructor.cpp:294:19)
WARNING: [HLS 207-5292] unused parameter 'l1_write_pos' (streaming_bitmap_constructor.cpp:295:18)
WARNING: [HLS 207-5292] unused parameter 'l3_block_idx' (streaming_bitmap_constructor.cpp:302:17)
WARNING: [HLS 207-5292] unused parameter 'L2_temp' (streaming_bitmap_constructor.cpp:303:17)
WARNING: [HLS 207-5292] unused parameter 'L3_temp' (streaming_bitmap_constructor.cpp:304:17)
WARNING: [HLS 207-5292] unused parameter 'L2_bitmap_pruned' (streaming_bitmap_constructor.cpp:305:19)
WARNING: [HLS 207-5292] unused parameter 'l2_write_pos' (streaming_bitmap_constructor.cpp:306:18)
INFO: [HLS 200-10] Analyzing design file 'morton_reorder_buffer.cpp' ... 
WARNING: [HLS 207-5292] unused parameter 'bitmap_info' (morton_reorder_buffer.cpp:24:23)
INFO: [HLS 200-10] Analyzing design file 'dynamic_access.cpp' ... 
WARNING: [HLS 207-5584] there are more than one pragma inline in the function scope, ignore the pragma  (dynamic_access.cpp:171:9)
INFO: [HLS 200-10] Analyzing design file 'systolic_array.cpp' ... 
WARNING: [HLS 207-5292] unused parameter 'voxel_idx' (systolic_array.cpp:60:69)
WARNING: [HLS 207-5292] unused parameter 'L3_bitmap' (systolic_array.cpp:285:19)
WARNING: [HLS 207-5292] unused parameter 'L2_bitmap_pruned' (systolic_array.cpp:286:19)
WARNING: [HLS 207-5292] unused parameter 'L1_bitmap_pruned' (systolic_array.cpp:287:19)
WARNING: [HLS 207-5292] unused parameter 'L0_bitmap_pruned' (systolic_array.cpp:288:19)
WARNING: [HLS 207-5292] unused parameter 'bitmap_info' (systolic_array.cpp:289:23)
INFO: [HLS 200-10] Analyzing design file 'complete_pipeline.cpp' ... 
WARNING: [HLS 214-114] Since the only kind of statements allowed in a canonical dataflow region are variable declarations and function calls, the compiler may not be able to correctly handle the region (complete_pipeline.cpp:778:9)
Resolution: For help on HLS 214-114 see docs.xilinx.com/access/sources/dita/topic?Doc_Version=2024.2%20English&url=ug1448-hls-guidance&resourceid=214-114.html
WARNING: [HLS 200-471] Dataflow form checks found 1 issue(s) in file complete_pipeline.cpp
Resolution: For help on HLS 200-471 see docs.xilinx.com/access/sources/dita/topic?Doc_Version=2024.2%20English&url=ug1448-hls-guidance&resourceid=200-471.html
WARNING: [HLS 207-5292] unused parameter 'access_pointers' (complete_pipeline.cpp:21:24)
WARNING: [HLS 207-5292] unused parameter 'bitmap_info' (complete_pipeline.cpp:843:23)
INFO: [HLS 200-10] Analyzing design file 'minkowski_net.cpp' ... 
WARNING: [HLS 207-5292] unused parameter 'layer_idx' (minkowski_net.cpp:206:9)
WARNING: [HLS 207-5292] unused parameter 'L3_bitmap' (minkowski_net.cpp:345:19)
WARNING: [HLS 207-5292] unused parameter 'L2_bitmap' (minkowski_net.cpp:346:19)
WARNING: [HLS 207-5292] unused parameter 'L1_bitmap' (minkowski_net.cpp:347:19)
WARNING: [HLS 207-5292] unused parameter 'L0_bitmap' (minkowski_net.cpp:348:19)
WARNING: [HLS 207-5292] unused parameter 'bitmap_info' (minkowski_net.cpp:349:23)
WARNING: [HLS 207-5292] unused parameter 'L3_bitmap' (minkowski_net.cpp:375:19)
WARNING: [HLS 207-5292] unused parameter 'L2_bitmap' (minkowski_net.cpp:376:19)
WARNING: [HLS 207-5292] unused parameter 'L1_bitmap' (minkowski_net.cpp:377:19)
WARNING: [HLS 207-5292] unused parameter 'L0_bitmap' (minkowski_net.cpp:378:19)
INFO: [HLS 200-111] Finished Source Code Analysis and Preprocessing: CPU user time: 8.86 seconds. CPU system time: 1.82 seconds. Elapsed time: 10.88 seconds; current allocated memory: 650.566 MB.
INFO: [HLS 200-777] Using interface defaults for 'Vivado' flow target.
INFO: [HLS 200-1995] There were 19,243 instructions in the design after the 'Compile/Link' phase of compilation. See the Design Size Report for more details: /home/robin/Desktop/ocnn-project/minkowski_net/solution1/syn/report/csynth_design_size.rpt
INFO: [HLS 200-1995] There were 4,680 instructions in the design after the 'Unroll/Inline (step 1)' phase of compilation. See the Design Size Report for more details: /home/robin/Desktop/ocnn-project/minkowski_net/solution1/syn/report/csynth_design_size.rpt
INFO: [HLS 200-1995] There were 3,797 instructions in the design after the 'Unroll/Inline (step 2)' phase of compilation. See the Design Size Report for more details: /home/robin/Desktop/ocnn-project/minkowski_net/solution1/syn/report/csynth_design_size.rpt
INFO: [HLS 200-1995] There were 3,719 instructions in the design after the 'Unroll/Inline (step 3)' phase of compilation. See the Design Size Report for more details: /home/robin/Desktop/ocnn-project/minkowski_net/solution1/syn/report/csynth_design_size.rpt
INFO: [HLS 200-1995] There were 3,551 instructions in the design after the 'Unroll/Inline (step 4)' phase of compilation. See the Design Size Report for more details: /home/robin/Desktop/ocnn-project/minkowski_net/solution1/syn/report/csynth_design_size.rpt
WARNING: [HLS 200-1995] There were 2,809,314 instructions in the design after the 'Array/Struct' phase of compilation. See the Design Size Report for more details: /home/robin/Desktop/ocnn-project/minkowski_net/solution1/syn/report/csynth_design_size.rpt
WARNING: [HLS 200-1995] There were 291,694 instructions in the design after the 'Array/Struct (step 2)' phase of compilation. See the Design Size Report for more details: /home/robin/Desktop/ocnn-project/minkowski_net/solution1/syn/report/csynth_design_size.rpt
WARNING: [HLS 200-1995] There were 291,700 instructions in the design after the 'Array/Struct (step 3)' phase of compilation. See the Design Size Report for more details: /home/robin/Desktop/ocnn-project/minkowski_net/solution1/syn/report/csynth_design_size.rpt
WARNING: [HLS 200-1995] There were 292,219 instructions in the design after the 'Array/Struct (step 4)' phase of compilation. See the Design Size Report for more details: /home/robin/Desktop/ocnn-project/minkowski_net/solution1/syn/report/csynth_design_size.rpt
WARNING: [HLS 200-1995] There were 294,516 instructions in the design after the 'Array/Struct (step 5)' phase of compilation. See the Design Size Report for more details: /home/robin/Desktop/ocnn-project/minkowski_net/solution1/syn/report/csynth_design_size.rpt
WARNING: [HLS 200-1995] There were 294,572 instructions in the design after the 'Performance' phase of compilation. See the Design Size Report for more details: /home/robin/Desktop/ocnn-project/minkowski_net/solution1/syn/report/csynth_design_size.rpt
WARNING: [HLS 200-1995] There were 293,756 instructions in the design after the 'Performance (step 2)' phase of compilation. See the Design Size Report for more details: /home/robin/Desktop/ocnn-project/minkowski_net/solution1/syn/report/csynth_design_size.rpt
WARNING: [HLS 200-1995] There were 292,944 instructions in the design after the 'Performance (step 3)' phase of compilation. See the Design Size Report for more details: /home/robin/Desktop/ocnn-project/minkowski_net/solution1/syn/report/csynth_design_size.rpt
WARNING: [HLS 200-1995] There were 292,863 instructions in the design after the 'Performance (step 4)' phase of compilation. See the Design Size Report for more details: /home/robin/Desktop/ocnn-project/minkowski_net/solution1/syn/report/csynth_design_size.rpt
