==============================================================
Vitis HLS - High-Level Synthesis from C, C++ and OpenCL v2024.2 (64-bit)
Tool Version Limit: 2024.11
Copyright 1986-2022 Xilinx, Inc. All Rights Reserved.
Copyright 2022-2024 Advanced Micro Devices, Inc. All Rights Reserved.

==============================================================
INFO: [HLS 200-1505] Using flow_target 'vivado'
INFO: [HLS 200-1510] Running: set_part xcu250-figd2104-2L-e 
INFO: [HLS 200-1611] Setting target device to 'xcu250-figd2104-2L-e'
INFO: [HLS 200-1510] Running: config_compile -pipeline_loops 64 
INFO: [XFORM 203-1171] Pipeline the innermost loop with trip count more than 64 or its parent loop when its trip count is less than or equal 64.
INFO: [HLS 200-1510] Running: config_interface -m_axi_latency 300 
INFO: [HLS 200-1510] Running: config_interface -m_axi_alignment_byte_size 64 
INFO: [HLS 200-1510] Running: config_interface -m_axi_max_read_burst_length 256 
INFO: [HLS 200-1510] Running: config_interface -m_axi_max_write_burst_length 256 
INFO: [HLS 200-1510] Running: config_schedule -effort medium 
WARNING: [HLS 200-484] The 'config_schedule -effort' command is deprecated and will be removed in a future release.
INFO: [HLS 200-1510] Running: create_clock -period 3.33 -name default 
INFO: [SYN 201-201] Setting up clock 'default' with a period of 3.33ns.
INFO: [HLS 200-1510] Running: csynth_design 
INFO: [HLS 200-111] Finished File checks and directory preparation: CPU user time: 0.07 seconds. CPU system time: 0.01 seconds. Elapsed time: 0.08 seconds; current allocated memory: 641.250 MB.
INFO: [HLS 200-10] Analyzing design file 'systolic_array.cpp' ... 
WARNING: [HLS 207-5292] unused parameter 'voxel_idx' (systolic_array.cpp:47:69)
WARNING: [HLS 207-5292] unused parameter 'L3_bitmap' (systolic_array.cpp:272:19)
WARNING: [HLS 207-5292] unused parameter 'L2_bitmap_pruned' (systolic_array.cpp:273:19)
WARNING: [HLS 207-5292] unused parameter 'L1_bitmap_pruned' (systolic_array.cpp:274:19)
WARNING: [HLS 207-5292] unused parameter 'L0_bitmap_pruned' (systolic_array.cpp:275:19)
WARNING: [HLS 207-5292] unused parameter 'bitmap_info' (systolic_array.cpp:276:23)
INFO: [HLS 200-10] Analyzing design file 'morton_reorder_buffer.cpp' ... 
WARNING: [HLS 207-5292] unused parameter 'bitmap_info' (morton_reorder_buffer.cpp:24:23)
INFO: [HLS 200-10] Analyzing design file 'dynamic_access.cpp' ... 
WARNING: [HLS 207-5584] there are more than one pragma inline in the function scope, ignore the pragma  (dynamic_access.cpp:171:9)
INFO: [HLS 200-10] Analyzing design file 'streaming_bitmap_constructor.cpp' ... 
WARNING: [HLS 207-5292] unused parameter 'z_pair_idx' (streaming_bitmap_constructor.cpp:322:17)
WARNING: [HLS 207-5292] unused parameter 'z_plane_buffer' (streaming_bitmap_constructor.cpp:323:16)
WARNING: [HLS 207-5292] unused parameter 'early_trigger_out' (streaming_bitmap_constructor.cpp:324:38)
WARNING: [HLS 207-5292] unused parameter 'retained_blocks_out' (streaming_bitmap_constructor.cpp:325:37)
WARNING: [HLS 207-5292] unused parameter 'retained_block_count' (streaming_bitmap_constructor.cpp:326:18)
WARNING: [HLS 207-5292] unused parameter 'L3_bitmap' (streaming_bitmap_constructor.cpp:327:19)
WARNING: [HLS 207-5292] unused parameter 'L2_bitmap_pruned' (streaming_bitmap_constructor.cpp:328:19)
WARNING: [HLS 207-5292] unused parameter 'L1_bitmap_pruned' (streaming_bitmap_constructor.cpp:329:19)
WARNING: [HLS 207-5292] unused parameter 'L0_bitmap_pruned' (streaming_bitmap_constructor.cpp:330:19)
WARNING: [HLS 207-5292] unused parameter 'L1_temp' (streaming_bitmap_constructor.cpp:331:17)
WARNING: [HLS 207-5292] unused parameter 'L2_temp' (streaming_bitmap_constructor.cpp:332:17)
WARNING: [HLS 207-5292] unused parameter 'L3_temp' (streaming_bitmap_constructor.cpp:333:17)
WARNING: [HLS 207-5292] unused parameter 'l3_write_pos' (streaming_bitmap_constructor.cpp:334:18)
WARNING: [HLS 207-5292] unused parameter 'l2_write_pos' (streaming_bitmap_constructor.cpp:335:18)
WARNING: [HLS 207-5292] unused parameter 'l1_write_pos' (streaming_bitmap_constructor.cpp:336:18)
WARNING: [HLS 207-5292] unused parameter 'l0_write_pos' (streaming_bitmap_constructor.cpp:337:18)
WARNING: [HLS 207-5292] unused parameter 'feature_data_out' (streaming_bitmap_constructor.cpp:338:29)
WARNING: [HLS 207-5292] unused parameter 'write_addr_out' (streaming_bitmap_constructor.cpp:339:31)
WARNING: [HLS 207-5292] unused parameter 'z_pair_idx' (streaming_bitmap_constructor.cpp:346:17)
WARNING: [HLS 207-5292] unused parameter 'L1_temp' (streaming_bitmap_constructor.cpp:347:17)
WARNING: [HLS 207-5292] unused parameter 'L2_temp' (streaming_bitmap_constructor.cpp:348:17)
WARNING: [HLS 207-5292] unused parameter 'L1_bitmap_pruned' (streaming_bitmap_constructor.cpp:349:19)
WARNING: [HLS 207-5292] unused parameter 'l1_write_pos' (streaming_bitmap_constructor.cpp:350:18)
WARNING: [HLS 207-5292] unused parameter 'l3_block_idx' (streaming_bitmap_constructor.cpp:357:17)
WARNING: [HLS 207-5292] unused parameter 'L2_temp' (streaming_bitmap_constructor.cpp:358:17)
WARNING: [HLS 207-5292] unused parameter 'L3_temp' (streaming_bitmap_constructor.cpp:359:17)
WARNING: [HLS 207-5292] unused parameter 'L2_bitmap_pruned' (streaming_bitmap_constructor.cpp:360:19)
WARNING: [HLS 207-5292] unused parameter 'l2_write_pos' (streaming_bitmap_constructor.cpp:361:18)
INFO: [HLS 200-10] Analyzing design file 'complete_pipeline.cpp' ... 
WARNING: [HLS 207-5292] unused parameter 'access_pointers' (complete_pipeline.cpp:21:24)
INFO: [HLS 200-111] Finished Source Code Analysis and Preprocessing: CPU user time: 17.1 seconds. CPU system time: 2.89 seconds. Elapsed time: 20.16 seconds; current allocated memory: 648.297 MB.
INFO: [HLS 200-777] Using interface defaults for 'Vivado' flow target.
INFO: [HLS 200-1995] There were 30,144 instructions in the design after the 'Compile/Link' phase of compilation. See the Design Size Report for more details: /home/robin/Desktop/ocnn-project/ocnn_fpga_project/solution1/syn/report/csynth_design_size.rpt
WARNING: [HLS 200-1995] There were 318,599 instructions in the design after the 'Unroll/Inline' phase of compilation. See the Design Size Report for more details: /home/robin/Desktop/ocnn-project/ocnn_fpga_project/solution1/syn/report/csynth_design_size.rpt
WARNING: [HLS 200-1995] There were 153,995 instructions in the design after the 'Unroll/Inline (step 2)' phase of compilation. See the Design Size Report for more details: /home/robin/Desktop/ocnn-project/ocnn_fpga_project/solution1/syn/report/csynth_design_size.rpt
INFO: [HLS 200-1995] There were 98,102 instructions in the design after the 'Unroll/Inline (step 3)' phase of compilation. See the Design Size Report for more details: /home/robin/Desktop/ocnn-project/ocnn_fpga_project/solution1/syn/report/csynth_design_size.rpt
INFO: [HLS 200-1995] There were 98,099 instructions in the design after the 'Unroll/Inline (step 4)' phase of compilation. See the Design Size Report for more details: /home/robin/Desktop/ocnn-project/ocnn_fpga_project/solution1/syn/report/csynth_design_size.rpt
WARNING: [HLS 200-1995] There were 105,350 instructions in the design after the 'Array/Struct' phase of compilation. See the Design Size Report for more details: /home/robin/Desktop/ocnn-project/ocnn_fpga_project/solution1/syn/report/csynth_design_size.rpt
WARNING: [HLS 200-1995] There were 102,777 instructions in the design after the 'Array/Struct (step 2)' phase of compilation. See the Design Size Report for more details: /home/robin/Desktop/ocnn-project/ocnn_fpga_project/solution1/syn/report/csynth_design_size.rpt
WARNING: [HLS 200-1995] There were 102,777 instructions in the design after the 'Array/Struct (step 3)' phase of compilation. See the Design Size Report for more details: /home/robin/Desktop/ocnn-project/ocnn_fpga_project/solution1/syn/report/csynth_design_size.rpt
WARNING: [HLS 200-1995] There were 102,777 instructions in the design after the 'Array/Struct (step 4)' phase of compilation. See the Design Size Report for more details: /home/robin/Desktop/ocnn-project/ocnn_fpga_project/solution1/syn/report/csynth_design_size.rpt
WARNING: [HLS 200-1995] There were 297,969 instructions in the design after the 'Array/Struct (step 5)' phase of compilation. See the Design Size Report for more details: /home/robin/Desktop/ocnn-project/ocnn_fpga_project/solution1/syn/report/csynth_design_size.rpt
WARNING: [HLS 200-1995] There were 116,352 instructions in the design after the 'Performance' phase of compilation. See the Design Size Report for more details: /home/robin/Desktop/ocnn-project/ocnn_fpga_project/solution1/syn/report/csynth_design_size.rpt
WARNING: [HLS 200-1995] There were 116,317 instructions in the design after the 'Performance (step 2)' phase of compilation. See the Design Size Report for more details: /home/robin/Desktop/ocnn-project/ocnn_fpga_project/solution1/syn/report/csynth_design_size.rpt
WARNING: [HLS 200-1995] There were 127,591 instructions in the design after the 'Performance (step 3)' phase of compilation. See the Design Size Report for more details: /home/robin/Desktop/ocnn-project/ocnn_fpga_project/solution1/syn/report/csynth_design_size.rpt
WARNING: [HLS 200-1995] There were 116,567 instructions in the design after the 'Performance (step 4)' phase of compilation. See the Design Size Report for more details: /home/robin/Desktop/ocnn-project/ocnn_fpga_project/solution1/syn/report/csynth_design_size.rpt
WARNING: [HLS 200-1995] There were 116,800 instructions in the design after the 'HW Transforms' phase of compilation. See the Design Size Report for more details: /home/robin/Desktop/ocnn-project/ocnn_fpga_project/solution1/syn/report/csynth_design_size.rpt
WARNING: [HLS 200-1995] There were 117,533 instructions in the design after the 'HW Transforms (step 2)' phase of compilation. See the Design Size Report for more details: /home/robin/Desktop/ocnn-project/ocnn_fpga_project/solution1/syn/report/csynth_design_size.rpt
WARNING: [HLS 214-275] In 'PROCESS_MIDDLE_LAYER', Pragma conflict happens on 'PIPELINE' and 'UNROLL_OFF' pragmas: Pipeline requires unrolling all sub loops (systolic_array.cpp:303:9)
INFO: [HLS 214-131] Inlining function 'extract_morton_address(ap_uint<60>)' into 'sort_micro_batch_by_morton(VoxelData*, ap_uint<5>)' (streaming_bitmap_constructor.cpp:20:37)
INFO: [HLS 214-131] Inlining function 'extract_morton_address(ap_uint<60>)' into 'calculate_voxel_base_address(ap_uint<60>, ap_uint<32>)' (streaming_bitmap_constructor.cpp:371:23)
INFO: [HLS 214-131] Inlining function 'calculate_voxel_base_address(ap_uint<60>, ap_uint<32>)' into 'process_sorted_micro_batch(VoxelData*, ap_uint<5>, hls::stream<VoxelData, 0>&, hls::stream<ap_uint<60>, 0>&, hls::stream<RetainedBlockInfo, 0>&, ap_uint<32>&, ap_uint<512>*, ap_uint<32>&, ap_uint<1>*)' (streaming_bitmap_constructor.cpp:90:41)
INFO: [HLS 214-131] Inlining function 'set_bit(ap_uint<512>*, int, ap_uint<1>)' into 'process_sorted_micro_batch(VoxelData*, ap_uint<5>, hls::stream<VoxelData, 0>&, hls::stream<ap_uint<60>, 0>&, hls::stream<RetainedBlockInfo, 0>&, ap_uint<32>&, ap_uint<512>*, ap_uint<32>&, ap_uint<1>*)' (streaming_bitmap_constructor.cpp:77:13)
INFO: [HLS 214-131] Inlining function 'coord_to_idx(int, int, int, int)' into 'process_sorted_micro_batch(VoxelData*, ap_uint<5>, hls::stream<VoxelData, 0>&, hls::stream<ap_uint<60>, 0>&, hls::stream<RetainedBlockInfo, 0>&, ap_uint<32>&, ap_uint<512>*, ap_uint<32>&, ap_uint<1>*)' (streaming_bitmap_constructor.cpp:76:38)
INFO: [HLS 214-131] Inlining function 'morton_decode(ap_uint<60>, ap_uint<32>&, ap_uint<32>&, ap_uint<32>&)' into 'process_sorted_micro_batch(VoxelData*, ap_uint<5>, hls::stream<VoxelData, 0>&, hls::stream<ap_uint<60>, 0>&, hls::stream<RetainedBlockInfo, 0>&, ap_uint<32>&, ap_uint<512>*, ap_uint<32>&, ap_uint<1>*)' (streaming_bitmap_constructor.cpp:73:13)
INFO: [HLS 214-131] Inlining function 'set_bit(ap_uint<512>*, int, ap_uint<1>)' into 'streaming_bitmap_constructor(hls::stream<VoxelData, 0>&, hls::stream<VoxelData, 0>&, hls::stream<ap_uint<60>, 0>&, hls::stream<EarlyTriggerSignal, 0>&, hls::stream<RetainedBlockInfo, 0>&, ap_uint<512>*, ap_uint<512>*, ap_uint<512>*, ap_uint<512>*, PrunedBitmapInfo&, ap_uint<32>&)' (streaming_bitmap_constructor.cpp:246:13)
INFO: [HLS 214-131] Inlining function 'extract_morton_address(ap_uint<60>)' into 'sort_morton_batch_16(ap_uint<60>*, VoxelData*, ap_uint<5>)' (complete_pipeline.cpp:808:37)
INFO: [HLS 214-131] Inlining function 'extract_morton_address(ap_uint<60>)' into 'morton_to_dram_address(ap_uint<60>, ap_uint<32>)' (./octree_master.h:272:23)
INFO: [HLS 214-131] Inlining function 'extract_morton_address(ap_uint<60>)' into 'update_row_buffer_stats(ap_uint<60>, ap_uint<60>)' (morton_reorder_buffer.cpp:460:35)
INFO: [HLS 214-131] Inlining function 'extract_morton_address(ap_uint<60>)' into 'optimized_dram_burst_retained(MortonBufferEntry*, ap_uint<32>*, ap_uint<32>, hls::stream<MemResponse, 0>&)' (morton_reorder_buffer.cpp:355:41)
INFO: [HLS 214-131] Inlining function 'morton_decode(ap_uint<60>, ap_uint<32>&, ap_uint<32>&, ap_uint<32>&)' into 'integrated_morton_reorder_buffer_with_triggers(hls::stream<MemRequest, 0>&, hls::stream<MortonBitmapInterface, 0>&, hls::stream<RetainedBlockInfo, 0>&, hls::stream<MemResponse, 0>&, hls::stream<ConvolutionTrigger, 0>&, hls::stream<ConvolutionResponse, 0>&, ap_uint<32>*, ap_uint<512>*, ap_uint<512>*, ap_uint<512>*, ap_uint<512>*, PrunedBitmapInfo&, StreamingPointers&, ap_uint<1>)' (morton_reorder_buffer.cpp:134:13)
INFO: [HLS 214-131] Inlining function 'initialize_streaming_pointers(StreamingPointers&)' into 'integrated_morton_reorder_buffer_with_triggers(hls::stream<MemRequest, 0>&, hls::stream<MortonBitmapInterface, 0>&, hls::stream<RetainedBlockInfo, 0>&, hls::stream<MemResponse, 0>&, hls::stream<ConvolutionTrigger, 0>&, hls::stream<ConvolutionResponse, 0>&, ap_uint<32>*, ap_uint<512>*, ap_uint<512>*, ap_uint<512>*, ap_uint<512>*, PrunedBitmapInfo&, StreamingPointers&, ap_uint<1>)' (morton_reorder_buffer.cpp:101:9)
INFO: [HLS 214-131] Inlining function 'update_row_buffer_stats(ap_uint<60>, ap_uint<60>)' into 'integrated_morton_reorder_buffer_with_triggers(hls::stream<MemRequest, 0>&, hls::stream<MortonBitmapInterface, 0>&, hls::stream<RetainedBlockInfo, 0>&, hls::stream<MemResponse, 0>&, hls::stream<ConvolutionTrigger, 0>&, hls::stream<ConvolutionResponse, 0>&, ap_uint<32>*, ap_uint<512>*, ap_uint<512>*, ap_uint<512>*, ap_uint<512>*, PrunedBitmapInfo&, StreamingPointers&, ap_uint<1>)' (morton_reorder_buffer.cpp:82:13)
INFO: [HLS 214-131] Inlining function 'morton_to_dram_address(ap_uint<60>, ap_uint<32>)' into 'integrated_morton_reorder_buffer_with_triggers(hls::stream<MemRequest, 0>&, hls::stream<MortonBitmapInterface, 0>&, hls::stream<RetainedBlockInfo, 0>&, hls::stream<MemResponse, 0>&, hls::stream<ConvolutionTrigger, 0>&, hls::stream<ConvolutionResponse, 0>&, ap_uint<32>*, ap_uint<512>*, ap_uint<512>*, ap_uint<512>*, ap_uint<512>*, PrunedBitmapInfo&, StreamingPointers&, ap_uint<1>)' (morton_reorder_buffer.cpp:76:38)
INFO: [HLS 214-131] Inlining function 'extract_morton_address(ap_uint<60>)' into 'integrated_morton_reorder_buffer_with_triggers(hls::stream<MemRequest, 0>&, hls::stream<MortonBitmapInterface, 0>&, hls::stream<RetainedBlockInfo, 0>&, hls::stream<MemResponse, 0>&, hls::stream<ConvolutionTrigger, 0>&, hls::stream<ConvolutionResponse, 0>&, ap_uint<32>*, ap_uint<512>*, ap_uint<512>*, ap_uint<512>*, ap_uint<512>*, PrunedBitmapInfo&, StreamingPointers&, ap_uint<1>)' (morton_reorder_buffer.cpp:71:41)
INFO: [HLS 214-131] Inlining function 'initialize_streaming_pointers(StreamingPointers&)' into 'pipeline_morton_stage(hls::stream<MemRequest, 0>&, hls::stream<RetainedBlockInfo, 0>&, hls::stream<ConvolutionTrigger, 0>&, hls::stream<ConvolutionResponse, 0>&, hls::stream<MortonBitmapInterface, 0>&, hls::stream<MemResponse, 0>&, ap_uint<32>*, ap_uint<512>*, ap_uint<512>*, ap_uint<512>*, ap_uint<512>*, PrunedBitmapInfo&)' (complete_pipeline.cpp:337:9)
INFO: [HLS 214-131] Inlining function 'morton_decode(ap_uint<60>, ap_uint<32>&, ap_uint<32>&, ap_uint<32>&)' into 'ZBufferConvolutionEngine::load_z_layer(ap_uint<32>, ap_uint<60>*, ap_uint<32>, ap_uint<32>, ap_uint<32>*)' (systolic_array.cpp:117:9)
INFO: [HLS 214-131] Inlining function 'morton_to_dram_address(ap_uint<60>, ap_uint<32>)' into 'ZBufferConvolutionEngine::convolve_voxel_z_buffer(ZLayerVoxel const&, ap_uint<60>*, ap_uint<32>, ap_uint<32>*, ap_uint<32>*, ap_uint<32>)' (systolic_array.cpp:249:45)
INFO: [HLS 214-131] Inlining function 'initialize_streaming_pointers(StreamingPointers&)' into 'pipeline_convolution_stage(hls::stream<ConvolutionTrigger, 0>&, hls::stream<ConvolutionResponse, 0>&, hls::stream<EarlyTriggerSignal, 0>&, hls::stream<MortonBitmapInterface, 0>&, hls::stream<MemResponse, 0>&, hls::stream<ap_uint<60>, 0>&, float (*) [32][32], float*, ap_uint<512>*, ap_uint<512>*, ap_uint<512>*, ap_uint<512>*, PrunedBitmapInfo&, ap_uint<32>, ap_uint<32>&, ap_uint<32>*, ap_uint<32>*)' (complete_pipeline.cpp:409:9)
INFO: [HLS 214-291] Loop 'PROCESS_MIDDLE_LAYER' is marked as complete unroll implied by the pipeline pragma (systolic_array.cpp:303:9)
INFO: [HLS 214-291] Loop 'APPLY_RELU_AND_STORE' is marked as complete unroll implied by the pipeline pragma (systolic_array.cpp:260:5)
INFO: [HLS 214-291] Loop 'NEIGHBOR_PROCESSING' is marked as complete unroll implied by the pipeline pragma (systolic_array.cpp:221:5)
INFO: [HLS 214-291] Loop 'FEATURE_MULTIPLY' is marked as complete unroll implied by the pipeline pragma (systolic_array.cpp:237:13)
INFO: [HLS 214-291] Loop 'INNER_PRODUCT' is marked as complete unroll implied by the pipeline pragma (systolic_array.cpp:244:17)
INFO: [HLS 214-291] Loop 'INIT_BIAS' is marked as complete unroll implied by the pipeline pragma (systolic_array.cpp:215:5)
INFO: [HLS 214-291] Loop 'NEIGHBOR_SEARCH' is marked as complete unroll implied by the pipeline pragma (systolic_array.cpp:162:5)
INFO: [HLS 214-291] Loop 'COPY_LAYER_1' is marked as complete unroll implied by the pipeline pragma (systolic_array.cpp:187:5)
INFO: [HLS 214-291] Loop 'COPY_LAYER_0' is marked as complete unroll implied by the pipeline pragma (systolic_array.cpp:180:5)
INFO: [HLS 214-291] Loop 'LOAD_VOXEL_SCAN' is marked as complete unroll implied by the pipeline pragma (systolic_array.cpp:106:5)
INFO: [HLS 214-291] Loop 'VITIS_LOOP_181_1' is marked as complete unroll implied by the pipeline pragma (./octree_master.h:181:23)
INFO: [HLS 214-291] Loop 'VITIS_LOOP_71_2' is marked as complete unroll implied by the pipeline pragma (systolic_array.cpp:71:19)
INFO: [HLS 214-291] Loop 'VITIS_LOOP_409_2' is marked as complete unroll implied by the pipeline pragma (systolic_array.cpp:409:20)
INFO: [HLS 214-291] Loop 'VITIS_LOOP_412_3' is marked as complete unroll implied by the pipeline pragma (systolic_array.cpp:412:20)
INFO: [HLS 214-291] Loop 'VITIS_LOOP_180_3' is marked as complete unroll implied by the pipeline pragma (morton_reorder_buffer.cpp:180:31)
INFO: [HLS 214-291] Loop 'BURST_READ' is marked as complete unroll implied by the pipeline pragma (morton_reorder_buffer.cpp:401:17)
INFO: [HLS 214-291] Loop 'VITIS_LOOP_408_2' is marked as complete unroll implied by the pipeline pragma (morton_reorder_buffer.cpp:408:35)
INFO: [HLS 214-291] Loop 'PROCESS_SORTED_BATCH' is marked as complete unroll implied by the pipeline pragma (complete_pipeline.cpp:851:5)
INFO: [HLS 214-291] Loop 'GENERATE_SORTED_MEM_REQUESTS' is marked as complete unroll implied by the pipeline pragma (complete_pipeline.cpp:868:13)
INFO: [HLS 214-291] Loop 'SORT_OUTER' is marked as complete unroll implied by the pipeline pragma (complete_pipeline.cpp:801:5)
INFO: [HLS 214-291] Loop 'VITIS_LOOP_803_1' is marked as complete unroll implied by the pipeline pragma (complete_pipeline.cpp:803:27)
INFO: [HLS 214-291] Loop 'VITIS_LOOP_192_4' is marked as complete unroll implied by the pipeline pragma (streaming_bitmap_constructor.cpp:192:20)
INFO: [HLS 214-291] Loop 'L1_BLOCK_PROCESSING' is marked as complete unroll implied by the pipeline pragma (streaming_bitmap_constructor.cpp:198:17)
INFO: [HLS 214-291] Loop 'VITIS_LOOP_200_5' is marked as complete unroll implied by the pipeline pragma (streaming_bitmap_constructor.cpp:200:39)
INFO: [HLS 214-291] Loop 'VITIS_LOOP_202_6' is marked as complete unroll implied by the pipeline pragma (streaming_bitmap_constructor.cpp:202:43)
INFO: [HLS 214-291] Loop 'VITIS_LOOP_220_7' is marked as complete unroll implied by the pipeline pragma (streaming_bitmap_constructor.cpp:220:39)
INFO: [HLS 214-291] Loop 'PROCESS_SORTED_BATCH' is marked as complete unroll implied by the pipeline pragma (streaming_bitmap_constructor.cpp:57:5)
INFO: [HLS 214-291] Loop 'SORT_OUTER' is marked as complete unroll implied by the pipeline pragma (streaming_bitmap_constructor.cpp:11:5)
INFO: [HLS 214-291] Loop 'SORT_INNER' is marked as complete unroll implied by the pipeline pragma (streaming_bitmap_constructor.cpp:15:9)
INFO: [HLS 214-186] Unrolling loop 'APPLY_RELU_AND_STORE' (systolic_array.cpp:260:5) in function 'ZBufferConvolutionEngine::convolve_voxel_z_buffer' completely with a factor of 32 (systolic_array.cpp:210:0)
INFO: [HLS 214-186] Unrolling loop 'NEIGHBOR_PROCESSING' (systolic_array.cpp:221:5) in function 'ZBufferConvolutionEngine::convolve_voxel_z_buffer' completely with a factor of 27 (systolic_array.cpp:210:0)
WARNING: [HLS 214-189] Pipeline directive for loop 'NEIGHBOR_PROCESSING' (systolic_array.cpp:221:5) in function 'ZBufferConvolutionEngine::convolve_voxel_z_buffer' has been removed because the loop is unrolled completely (systolic_array.cpp:210:0)
INFO: [HLS 214-186] Unrolling loop 'FEATURE_MULTIPLY' (systolic_array.cpp:237:13) in function 'ZBufferConvolutionEngine::convolve_voxel_z_buffer' completely with a factor of 32 (systolic_array.cpp:210:0)
WARNING: [HLS 214-189] Pipeline directive for loop 'FEATURE_MULTIPLY' (systolic_array.cpp:237:13) in function 'ZBufferConvolutionEngine::convolve_voxel_z_buffer' has been removed because the loop is unrolled completely (systolic_array.cpp:210:0)
INFO: [HLS 214-186] Unrolling loop 'INNER_PRODUCT' (systolic_array.cpp:244:17) in function 'ZBufferConvolutionEngine::convolve_voxel_z_buffer' completely with a factor of 32 (systolic_array.cpp:210:0)
INFO: [HLS 214-186] Unrolling loop 'INIT_BIAS' (systolic_array.cpp:215:5) in function 'ZBufferConvolutionEngine::convolve_voxel_z_buffer' completely with a factor of 32 (systolic_array.cpp:210:0)
INFO: [HLS 214-186] Unrolling loop 'VITIS_LOOP_181_1' (./octree_master.h:181:23) in function 'ZBufferConvolutionEngine::load_z_layer' completely with a factor of 20 (systolic_array.cpp:99:0)
INFO: [HLS 214-186] Unrolling loop 'INIT_BUFFERS' (systolic_array.cpp:85:5) in function 'ZBufferConvolutionEngine::initialize_z_buffer' completely with a factor of 3 (systolic_array.cpp:63:0)
INFO: [HLS 214-186] Unrolling loop 'STORE_BIAS' (systolic_array.cpp:79:5) in function 'ZBufferConvolutionEngine::initialize_z_buffer' completely with a factor of 32 (systolic_array.cpp:63:0)
INFO: [HLS 214-186] Unrolling loop 'VITIS_LOOP_71_2' (systolic_array.cpp:71:19) in function 'ZBufferConvolutionEngine::initialize_z_buffer' completely with a factor of 32 (systolic_array.cpp:63:0)
INFO: [HLS 214-186] Unrolling loop 'INIT_ARRAYS' (systolic_array.cpp:427:5) in function 'ConvolutionEngine::initialize' completely with a factor of 4 (systolic_array.cpp:401:0)
INFO: [HLS 214-186] Unrolling loop 'STORE_BIAS' (systolic_array.cpp:421:5) in function 'ConvolutionEngine::initialize' completely with a factor of 32 (systolic_array.cpp:401:0)
INFO: [HLS 214-186] Unrolling loop 'VITIS_LOOP_409_2' (systolic_array.cpp:409:20) in function 'ConvolutionEngine::initialize' completely with a factor of 4 (systolic_array.cpp:401:0)
INFO: [HLS 214-186] Unrolling loop 'VITIS_LOOP_181_1' (./octree_master.h:181:23) in function 'integrated_morton_reorder_buffer_with_triggers' completely with a factor of 20 (morton_reorder_buffer.cpp:27:0)
INFO: [HLS 214-186] Unrolling loop 'VITIS_LOOP_180_3' (morton_reorder_buffer.cpp:180:31) in function 'integrated_morton_reorder_buffer_with_triggers' completely with a factor of 8 (morton_reorder_buffer.cpp:27:0)
INFO: [HLS 214-188] Unrolling loop 'FINAL_BURST' (morton_reorder_buffer.cpp:431:9) in function 'optimized_dram_burst_retained' partially with a factor of 16 (morton_reorder_buffer.cpp:339:0)
INFO: [HLS 214-186] Unrolling loop 'GENERATE_SORTED_MEM_REQUESTS' (complete_pipeline.cpp:868:13) in function 'process_sorted_batch_16' completely with a factor of 32 (complete_pipeline.cpp:846:0)
INFO: [HLS 214-186] Unrolling loop 'VITIS_LOOP_192_4' (streaming_bitmap_constructor.cpp:192:20) in function 'streaming_bitmap_constructor' completely with a factor of 2 (streaming_bitmap_constructor.cpp:114:0)
INFO: [HLS 214-186] Unrolling loop 'VITIS_LOOP_220_7' (streaming_bitmap_constructor.cpp:220:39) in function 'streaming_bitmap_constructor' completely with a factor of 8 (streaming_bitmap_constructor.cpp:114:0)
INFO: [HLS 214-186] Unrolling loop 'L1_BLOCK_PROCESSING' (streaming_bitmap_constructor.cpp:198:17) in function 'streaming_bitmap_constructor' completely with a factor of 2 (streaming_bitmap_constructor.cpp:114:0)
INFO: [HLS 214-186] Unrolling loop 'VITIS_LOOP_200_5' (streaming_bitmap_constructor.cpp:200:39) in function 'streaming_bitmap_constructor' completely with a factor of 2 (streaming_bitmap_constructor.cpp:114:0)
INFO: [HLS 214-186] Unrolling loop 'VITIS_LOOP_202_6' (streaming_bitmap_constructor.cpp:202:43) in function 'streaming_bitmap_constructor' completely with a factor of 2 (streaming_bitmap_constructor.cpp:114:0)
INFO: [HLS 214-186] Unrolling loop 'VITIS_LOOP_181_1' (./octree_master.h:181:23) in function 'process_sorted_micro_batch' completely with a factor of 20 (streaming_bitmap_constructor.cpp:52:0)
WARNING: [HLS 214-450] Ignore address on register port 'L0_bitmap_pruned' (./octree_master.h:151:34)
WARNING: [HLS 214-450] Ignore address on register port 'L1_bitmap_pruned' (./octree_master.h:151:34)
WARNING: [HLS 214-450] Ignore address on register port 'L2_bitmap_pruned' (./octree_master.h:151:34)
WARNING: [HLS 214-450] Ignore address on register port 'L2_bitmap_pruned' (complete_pipeline.cpp:560:22)
WARNING: [HLS 214-450] Ignore address on register port 'L1_bitmap_pruned' (complete_pipeline.cpp:566:22)
WARNING: [HLS 214-450] Ignore address on register port 'L0_bitmap_pruned' (complete_pipeline.cpp:572:22)
INFO: [HLS 214-186] Unrolling loop 'VITIS_LOOP_412_3' (systolic_array.cpp:412:20) in function 'ConvolutionEngine::initialize' completely with a factor of 8 (systolic_array.cpp:401:0)
INFO: [HLS 214-248] Applying array_partition to '_ZZ46integrated_morton_reorder_buffer_with_triggersRN3hls6streamI10MemRequestLi0EEERNS0_I21MortonBitmapInterfaceLi0EEERNS0_I17RetainedBlockInfoLi0EEERNS0_I11MemResponseLi0EEERNS0_I18ConvolutionTriggerLi0EEERNS0_I19ConvolutionResponseLi0EEEP7ap_uintILi32EEPSJ_ILi512EESN_SN_SN_R16PrunedBitmapInfoR17StreamingPointersSJ_ILi1EEE6buffer.access_priority': Cyclic partitioning with factor 16 on dimension 1. (morton_reorder_buffer.cpp:44:0)
INFO: [HLS 214-248] Applying array_partition to '_ZZ46integrated_morton_reorder_buffer_with_triggersRN3hls6streamI10MemRequestLi0EEERNS0_I21MortonBitmapInterfaceLi0EEERNS0_I17RetainedBlockInfoLi0EEERNS0_I11MemResponseLi0EEERNS0_I18ConvolutionTriggerLi0EEERNS0_I19ConvolutionResponseLi0EEEP7ap_uintILi32EEPSJ_ILi512EESN_SN_SN_R16PrunedBitmapInfoR17StreamingPointersSJ_ILi1EEE6buffer.dram_offset': Cyclic partitioning with factor 16 on dimension 1. (morton_reorder_buffer.cpp:44:0)
INFO: [HLS 214-248] Applying array_partition to '_ZZ46integrated_morton_reorder_buffer_with_triggersRN3hls6streamI10MemRequestLi0EEERNS0_I21MortonBitmapInterfaceLi0EEERNS0_I17RetainedBlockInfoLi0EEERNS0_I11MemResponseLi0EEERNS0_I18ConvolutionTriggerLi0EEERNS0_I19ConvolutionResponseLi0EEEP7ap_uintILi32EEPSJ_ILi512EESN_SN_SN_R16PrunedBitmapInfoR17StreamingPointersSJ_ILi1EEE6buffer.is_retained': Cyclic partitioning with factor 16 on dimension 1. (morton_reorder_buffer.cpp:44:0)
INFO: [HLS 214-248] Applying array_partition to '_ZZ46integrated_morton_reorder_buffer_with_triggersRN3hls6streamI10MemRequestLi0EEERNS0_I21MortonBitmapInterfaceLi0EEERNS0_I17RetainedBlockInfoLi0EEERNS0_I11MemResponseLi0EEERNS0_I18ConvolutionTriggerLi0EEERNS0_I19ConvolutionResponseLi0EEEP7ap_uintILi32EEPSJ_ILi512EESN_SN_SN_R16PrunedBitmapInfoR17StreamingPointersSJ_ILi1EEE6buffer.valid': Cyclic partitioning with factor 16 on dimension 1. (morton_reorder_buffer.cpp:44:0)
INFO: [HLS 214-248] Applying array_partition to '_ZZ46integrated_morton_reorder_buffer_with_triggersRN3hls6streamI10MemRequestLi0EEERNS0_I21MortonBitmapInterfaceLi0EEERNS0_I17RetainedBlockInfoLi0EEERNS0_I11MemResponseLi0EEERNS0_I18ConvolutionTriggerLi0EEERNS0_I19ConvolutionResponseLi0EEEP7ap_uintILi32EEPSJ_ILi512EESN_SN_SN_R16PrunedBitmapInfoR17StreamingPointersSJ_ILi1EEE6buffer.request.should_store': Cyclic partitioning with factor 16 on dimension 1. (morton_reorder_buffer.cpp:44:0)
INFO: [HLS 214-248] Applying array_partition to '_ZZ46integrated_morton_reorder_buffer_with_triggersRN3hls6streamI10MemRequestLi0EEERNS0_I21MortonBitmapInterfaceLi0EEERNS0_I17RetainedBlockInfoLi0EEERNS0_I11MemResponseLi0EEERNS0_I18ConvolutionTriggerLi0EEERNS0_I19ConvolutionResponseLi0EEEP7ap_uintILi32EEPSJ_ILi512EESN_SN_SN_R16PrunedBitmapInfoR17StreamingPointersSJ_ILi1EEE6buffer.request.request_id': Cyclic partitioning with factor 16 on dimension 1. (morton_reorder_buffer.cpp:44:0)
INFO: [HLS 214-248] Applying array_partition to '_ZZ46integrated_morton_reorder_buffer_with_triggersRN3hls6streamI10MemRequestLi0EEERNS0_I21MortonBitmapInterfaceLi0EEERNS0_I17RetainedBlockInfoLi0EEERNS0_I11MemResponseLi0EEERNS0_I18ConvolutionTriggerLi0EEERNS0_I19ConvolutionResponseLi0EEEP7ap_uintILi32EEPSJ_ILi512EESN_SN_SN_R16PrunedBitmapInfoR17StreamingPointersSJ_ILi1EEE6buffer.request.is_write': Cyclic partitioning with factor 16 on dimension 1. (morton_reorder_buffer.cpp:44:0)
INFO: [HLS 214-248] Applying array_partition to '_ZZ46integrated_morton_reorder_buffer_with_triggersRN3hls6streamI10MemRequestLi0EEERNS0_I21MortonBitmapInterfaceLi0EEERNS0_I17RetainedBlockInfoLi0EEERNS0_I11MemResponseLi0EEERNS0_I18ConvolutionTriggerLi0EEERNS0_I19ConvolutionResponseLi0EEEP7ap_uintILi32EEPSJ_ILi512EESN_SN_SN_R16PrunedBitmapInfoR17StreamingPointersSJ_ILi1EEE6buffer.request.data': Cyclic partitioning with factor 16 on dimension 1. (morton_reorder_buffer.cpp:44:0)
INFO: [HLS 214-248] Applying array_partition to '_ZZ46integrated_morton_reorder_buffer_with_triggersRN3hls6streamI10MemRequestLi0EEERNS0_I21MortonBitmapInterfaceLi0EEERNS0_I17RetainedBlockInfoLi0EEERNS0_I11MemResponseLi0EEERNS0_I18ConvolutionTriggerLi0EEERNS0_I19ConvolutionResponseLi0EEEP7ap_uintILi32EEPSJ_ILi512EESN_SN_SN_R16PrunedBitmapInfoR17StreamingPointersSJ_ILi1EEE6buffer.request.morton_addr': Cyclic partitioning with factor 16 on dimension 1. (morton_reorder_buffer.cpp:44:0)
INFO: [HLS 214-248] Applying array_partition to '_ZZ28streaming_bitmap_constructorRN3hls6streamI9VoxelDataLi0EEES3_RNS0_I7ap_uintILi60EELi0EEERNS0_I18EarlyTriggerSignalLi0EEERNS0_I17RetainedBlockInfoLi0EEEPS4_ILi512EESF_SF_SF_R16PrunedBitmapInfoRS4_ILi32EEE11micro_batch.occupancy': Complete partitioning on dimension 1. (streaming_bitmap_constructor.cpp:126:0)
INFO: [HLS 214-248] Applying array_partition to '_ZZ28streaming_bitmap_constructorRN3hls6streamI9VoxelDataLi0EEES3_RNS0_I7ap_uintILi60EELi0EEERNS0_I18EarlyTriggerSignalLi0EEERNS0_I17RetainedBlockInfoLi0EEEPS4_ILi512EESF_SF_SF_R16PrunedBitmapInfoRS4_ILi32EEE11micro_batch.morton_addr': Complete partitioning on dimension 1. (streaming_bitmap_constructor.cpp:126:0)
INFO: [HLS 214-248] Applying array_partition to '_ZZ28streaming_bitmap_constructorRN3hls6streamI9VoxelDataLi0EEES3_RNS0_I7ap_uintILi60EELi0EEERNS0_I18EarlyTriggerSignalLi0EEERNS0_I17RetainedBlockInfoLi0EEEPS4_ILi512EESF_SF_SF_R16PrunedBitmapInfoRS4_ILi32EEE11micro_batch.features': Complete partitioning on dimension 1. (streaming_bitmap_constructor.cpp:126:0)
WARNING: [HLS 214-358] Array transformation on index using bit extension logic may lead to poor performance. Please use int or long for array index computation to benefit from optimizations. (streaming_bitmap_constructor.cpp:170:9)
WARNING: [HLS 214-358] Array transformation on index using bit extension logic may lead to poor performance. Please use int or long for array index computation to benefit from optimizations. (morton_reorder_buffer.cpp:151:13)
INFO: [HLS 214-248] Applying array_partition to 'partial_sums': Cyclic partitioning with factor 8 on dimension 1. (systolic_array.cpp:212:8)
INFO: [HLS 214-186] Unrolling loop 'SORT_OUTER' (streaming_bitmap_constructor.cpp:11:5) in function 'sort_micro_batch_by_morton' completely with a factor of 15 (streaming_bitmap_constructor.cpp:7:0)
INFO: [HLS 214-186] Unrolling loop 'SORT_INNER' (streaming_bitmap_constructor.cpp:15:9) in function 'sort_micro_batch_by_morton' completely with a factor of 1 (streaming_bitmap_constructor.cpp:7:0)
WARNING: [HLS 214-189] Pipeline directive for loop 'SORT_INNER' (streaming_bitmap_constructor.cpp:15:9) in function 'sort_micro_batch_by_morton' has been removed because the loop is unrolled completely (streaming_bitmap_constructor.cpp:7:0)
INFO: [HLS 214-186] Unrolling loop 'SORT_INNER' (streaming_bitmap_constructor.cpp:15:9) in function 'sort_micro_batch_by_morton' completely with a factor of 2 (streaming_bitmap_constructor.cpp:7:0)
INFO: [HLS 214-186] Unrolling loop 'SORT_INNER' (streaming_bitmap_constructor.cpp:15:9) in function 'sort_micro_batch_by_morton' completely with a factor of 3 (streaming_bitmap_constructor.cpp:7:0)
INFO: [HLS 214-186] Unrolling loop 'SORT_INNER' (streaming_bitmap_constructor.cpp:15:9) in function 'sort_micro_batch_by_morton' completely with a factor of 4 (streaming_bitmap_constructor.cpp:7:0)
INFO: [HLS 214-186] Unrolling loop 'SORT_INNER' (streaming_bitmap_constructor.cpp:15:9) in function 'sort_micro_batch_by_morton' completely with a factor of 5 (streaming_bitmap_constructor.cpp:7:0)
INFO: [HLS 214-186] Unrolling loop 'SORT_INNER' (streaming_bitmap_constructor.cpp:15:9) in function 'sort_micro_batch_by_morton' completely with a factor of 6 (streaming_bitmap_constructor.cpp:7:0)
INFO: [HLS 214-186] Unrolling loop 'SORT_INNER' (streaming_bitmap_constructor.cpp:15:9) in function 'sort_micro_batch_by_morton' completely with a factor of 7 (streaming_bitmap_constructor.cpp:7:0)
INFO: [HLS 214-186] Unrolling loop 'SORT_INNER' (streaming_bitmap_constructor.cpp:15:9) in function 'sort_micro_batch_by_morton' completely with a factor of 8 (streaming_bitmap_constructor.cpp:7:0)
INFO: [HLS 214-186] Unrolling loop 'SORT_INNER' (streaming_bitmap_constructor.cpp:15:9) in function 'sort_micro_batch_by_morton' completely with a factor of 9 (streaming_bitmap_constructor.cpp:7:0)
INFO: [HLS 214-186] Unrolling loop 'SORT_INNER' (streaming_bitmap_constructor.cpp:15:9) in function 'sort_micro_batch_by_morton' completely with a factor of 10 (streaming_bitmap_constructor.cpp:7:0)
INFO: [HLS 214-186] Unrolling loop 'SORT_INNER' (streaming_bitmap_constructor.cpp:15:9) in function 'sort_micro_batch_by_morton' completely with a factor of 11 (streaming_bitmap_constructor.cpp:7:0)
INFO: [HLS 214-186] Unrolling loop 'SORT_INNER' (streaming_bitmap_constructor.cpp:15:9) in function 'sort_micro_batch_by_morton' completely with a factor of 12 (streaming_bitmap_constructor.cpp:7:0)
INFO: [HLS 214-186] Unrolling loop 'SORT_INNER' (streaming_bitmap_constructor.cpp:15:9) in function 'sort_micro_batch_by_morton' completely with a factor of 13 (streaming_bitmap_constructor.cpp:7:0)
INFO: [HLS 214-186] Unrolling loop 'SORT_INNER' (streaming_bitmap_constructor.cpp:15:9) in function 'sort_micro_batch_by_morton' completely with a factor of 14 (streaming_bitmap_constructor.cpp:7:0)
INFO: [HLS 214-186] Unrolling loop 'SORT_INNER' (streaming_bitmap_constructor.cpp:15:9) in function 'sort_micro_batch_by_morton' completely with a factor of 15 (streaming_bitmap_constructor.cpp:7:0)
INFO: [HLS 214-376] automatically set the pipeline for Loop< VITIS_LOOP_34_1> at complete_pipeline.cpp:34:19 
INFO: [HLS 214-376] automatically set the pipeline for Loop< VITIS_LOOP_415_1> at complete_pipeline.cpp:415:23 
INFO: [HLS 214-376] automatically set the pipeline for Loop< VITIS_LOOP_440_2> at complete_pipeline.cpp:440:23 
INFO: [HLS 214-376] automatically set the pipeline for Loop< VITIS_LOOP_448_3> at complete_pipeline.cpp:448:23 
INFO: [HLS 214-376] automatically set the pipeline for Loop< FINAL_BURST> at morton_reorder_buffer.cpp:431:9 
INFO: [HLS 214-376] automatically set the pipeline for Loop< VITIS_LOOP_437_3> at morton_reorder_buffer.cpp:437:27 
INFO: [HLS 214-376] automatically set the pipeline for Loop< PROCESS_MORTON_WRITE_REQUESTS> at morton_reorder_buffer.cpp:64:5 
INFO: [HLS 214-376] automatically set the pipeline for Loop< VITIS_LOOP_235_5> at morton_reorder_buffer.cpp:235:27 
INFO: [HLS 214-376] automatically set the pipeline for Loop< VITIS_LOOP_225_4> at morton_reorder_buffer.cpp:225:31 
INFO: [HLS 214-376] automatically set the pipeline for Loop< VITIS_LOOP_149_1> at streaming_bitmap_constructor.cpp:149:27 
INFO: [HLS 214-376] automatically set the pipeline for Loop< VITIS_LOOP_153_2> at streaming_bitmap_constructor.cpp:153:27 
INFO: [HLS 214-376] automatically set the pipeline for Loop< VITIS_LOOP_231_8> at streaming_bitmap_constructor.cpp:231:23 
INFO: [HLS 214-376] automatically set the pipeline for Loop< VITIS_LOOP_244_9> at streaming_bitmap_constructor.cpp:244:27 
INFO: [HLS 214-437] Automatically disabling loop flattening for loop 'SORT_OUTER'. (complete_pipeline.cpp:801:5)
INFO: [HLS 214-449] Automatically partitioning array '_ZZ22pipeline_feature_stageRN3hls6streamI9VoxelDataLi0EEERNS0_I7ap_uintILi60EELi0EEERNS0_I10MemRequestLi0EEES7_RS4_ILi32EEE11voxel_batch.features' dimension 2 completely based on constant index. (complete_pipeline.cpp:189:0)
INFO: [HLS 214-449] Automatically partitioning array 'partial_sums' dimension 1 completely based on constant index. (systolic_array.cpp:212:8)
INFO: [HLS 214-270] Inferring pragma 'array_partition type=complete dim=3' for array 'conv_engine (.stored_weights)' due to pipeline pragma (systolic_array.cpp:70:9)
INFO: [HLS 214-270] Inferring pragma 'array_partition type=complete dim=1' for array 'conv_engine (.z_buffer_engine.layer_buffers.voxels.feature_index)' due to pipeline pragma (systolic_array.cpp:182:9)
INFO: [HLS 214-270] Inferring pragma 'array_partition type=complete dim=1' for array 'conv_engine (.z_buffer_engine.layer_buffers.voxels.morton_code)' due to pipeline pragma (systolic_array.cpp:182:9)
INFO: [HLS 214-270] Inferring pragma 'array_partition type=complete dim=1' for array 'conv_engine (.z_buffer_engine.layer_buffers.voxels.valid)' due to pipeline pragma (systolic_array.cpp:182:9)
INFO: [HLS 214-270] Inferring pragma 'array_partition type=complete dim=1' for array 'conv_engine (.z_buffer_engine.layer_buffers.voxels.x)' due to pipeline pragma (systolic_array.cpp:182:9)
INFO: [HLS 214-270] Inferring pragma 'array_partition type=complete dim=1' for array 'conv_engine (.z_buffer_engine.layer_buffers.voxels.y)' due to pipeline pragma (systolic_array.cpp:182:9)
INFO: [HLS 214-270] Inferring pragma 'array_partition type=complete dim=3' for array 'conv_engine (.z_buffer_engine.stored_weights)' due to pipeline pragma (systolic_array.cpp:70:9)
INFO: [HLS 214-270] Inferring pragma 'array_partition type=complete dim=2' for array 'pipeline_feature_stage(hls::stream<VoxelData, 0>&, hls::stream<ap_uint<60>, 0>&, hls::stream<MemRequest, 0>&, hls::stream<ap_uint<60>, 0>&, ap_uint<32>&)::voxel_batch (.features)' due to pipeline pragma (complete_pipeline.cpp:189:0)
INFO: [HLS 214-270] Inferring pragma 'array_partition type=complete dim=1' for array 'partial_sums_0' due to pipeline pragma (systolic_array.cpp:212:8)
INFO: [HLS 214-270] Inferring pragma 'array_partition type=complete dim=1' for array 'partial_sums_1' due to pipeline pragma (systolic_array.cpp:212:8)
INFO: [HLS 214-270] Inferring pragma 'array_partition type=complete dim=1' for array 'partial_sums_2' due to pipeline pragma (systolic_array.cpp:212:8)
INFO: [HLS 214-270] Inferring pragma 'array_partition type=complete dim=1' for array 'partial_sums_3' due to pipeline pragma (systolic_array.cpp:212:8)
INFO: [HLS 214-270] Inferring pragma 'array_partition type=complete dim=1' for array 'partial_sums_4' due to pipeline pragma (systolic_array.cpp:212:8)
INFO: [HLS 214-270] Inferring pragma 'array_partition type=complete dim=1' for array 'partial_sums_5' due to pipeline pragma (systolic_array.cpp:212:8)
INFO: [HLS 214-270] Inferring pragma 'array_partition type=complete dim=1' for array 'partial_sums_6' due to pipeline pragma (systolic_array.cpp:212:8)
INFO: [HLS 214-270] Inferring pragma 'array_partition type=complete dim=1' for array 'partial_sums_7' due to pipeline pragma (systolic_array.cpp:212:8)
INFO: [HLS 214-248] Applying array_partition to '_ZZ22pipeline_feature_stageRN3hls6streamI9VoxelDataLi0EEERNS0_I7ap_uintILi60EELi0EEERNS0_I10MemRequestLi0EEES7_RS4_ILi32EEE11voxel_batch.features': Complete partitioning on dimension 2. (complete_pipeline.cpp:189:0)
INFO: [HLS 214-248] Applying array_partition to '_ZL11conv_engine.z_buffer_engine.stored_weights': Complete partitioning on dimension 3. (complete_pipeline.cpp:7:0)
INFO: [HLS 214-248] Applying array_partition to '_ZL11conv_engine.z_buffer_engine.layer_buffers.voxels.y': Complete partitioning on dimension 1. (complete_pipeline.cpp:7:0)
INFO: [HLS 214-248] Applying array_partition to '_ZL11conv_engine.z_buffer_engine.layer_buffers.voxels.x': Complete partitioning on dimension 1. (complete_pipeline.cpp:7:0)
INFO: [HLS 214-248] Applying array_partition to '_ZL11conv_engine.z_buffer_engine.layer_buffers.voxels.valid': Complete partitioning on dimension 1. (complete_pipeline.cpp:7:0)
INFO: [HLS 214-248] Applying array_partition to '_ZL11conv_engine.z_buffer_engine.layer_buffers.voxels.morton_code': Complete partitioning on dimension 1. (complete_pipeline.cpp:7:0)
INFO: [HLS 214-248] Applying array_partition to '_ZL11conv_engine.z_buffer_engine.layer_buffers.voxels.feature_index': Complete partitioning on dimension 1. (complete_pipeline.cpp:7:0)
INFO: [HLS 214-248] Applying array_partition to '_ZL11conv_engine.stored_weights': Complete partitioning on dimension 3. (complete_pipeline.cpp:7:0)
INFO: [HLS 214-248] Applying array_partition to 'partial_sums_0': Complete partitioning on dimension 1. (systolic_array.cpp:212:8)
INFO: [HLS 214-248] Applying array_partition to 'partial_sums_1': Complete partitioning on dimension 1. (systolic_array.cpp:212:8)
INFO: [HLS 214-248] Applying array_partition to 'partial_sums_2': Complete partitioning on dimension 1. (systolic_array.cpp:212:8)
INFO: [HLS 214-248] Applying array_partition to 'partial_sums_3': Complete partitioning on dimension 1. (systolic_array.cpp:212:8)
INFO: [HLS 214-248] Applying array_partition to 'partial_sums_4': Complete partitioning on dimension 1. (systolic_array.cpp:212:8)
INFO: [HLS 214-248] Applying array_partition to 'partial_sums_5': Complete partitioning on dimension 1. (systolic_array.cpp:212:8)
INFO: [HLS 214-248] Applying array_partition to 'partial_sums_6': Complete partitioning on dimension 1. (systolic_array.cpp:212:8)
INFO: [HLS 214-248] Applying array_partition to 'partial_sums_7': Complete partitioning on dimension 1. (systolic_array.cpp:212:8)
INFO: [HLS 214-115] Multiple burst reads of variable length and bit width 32 in loop 'BURST_READ'(morton_reorder_buffer.cpp:401:17) has been inferred on bundle 'gmem_morton_write'. These burst requests might be further partitioned into multiple requests during RTL generation, based on max_read_burst_length or max_write_burst_length settings. (morton_reorder_buffer.cpp:401:17)
INFO: [HLS 214-115] Multiple burst reads of variable length and bit width 32 has been inferred on bundle 'gmem_morton_write'. These burst requests might be further partitioned into multiple requests during RTL generation, based on max_read_burst_length or max_write_burst_length settings. (morton_reorder_buffer.cpp:431:9)
INFO: [HLS 214-115] Multiple burst reads of length 32 and bit width 32 has been inferred on bundle 'gmem_conv_read'. These burst requests might be further partitioned into multiple requests during RTL generation, based on max_read_burst_length or max_write_burst_length settings. (systolic_array.cpp:250:48)
INFO: [HLS 214-115] Multiple burst writes of length 32 and bit width 32 has been inferred on bundle 'gmem_conv_write'. These burst requests might be further partitioned into multiple requests during RTL generation, based on max_read_burst_length or max_write_burst_length settings. (systolic_array.cpp:268:1)
WARNING: [HLS 214-187] Cannot unroll loop 'PROCESS_MIDDLE_LAYER' (systolic_array.cpp:303:9) in function 'ZBufferConvolutionEngine::process_z_buffer_convolution' as it has a variable trip count (systolic_array.cpp:303:9)
WARNING: [HLS 214-187] Cannot unroll loop 'NEIGHBOR_SEARCH' (systolic_array.cpp:162:5) in function 'ZBufferConvolutionEngine::find_neighbor_in_buffer' as it has a variable trip count (systolic_array.cpp:162:5)
WARNING: [HLS 214-187] Cannot unroll loop 'COPY_LAYER_1' (systolic_array.cpp:187:5) in function 'ZBufferConvolutionEngine::slide_buffer_window' as it has a variable trip count (systolic_array.cpp:187:5)
WARNING: [HLS 214-187] Cannot unroll loop 'COPY_LAYER_0' (systolic_array.cpp:180:5) in function 'ZBufferConvolutionEngine::slide_buffer_window' as it has a variable trip count (systolic_array.cpp:180:5)
WARNING: [HLS 214-187] Cannot unroll loop 'LOAD_VOXEL_SCAN' (systolic_array.cpp:106:5) in function 'ZBufferConvolutionEngine::load_z_layer' as it has a variable trip count (systolic_array.cpp:106:5)
WARNING: [HLS 214-187] Cannot unroll loop 'BURST_READ' (morton_reorder_buffer.cpp:401:17) in function 'optimized_dram_burst_retained' as it has a variable trip count (morton_reorder_buffer.cpp:401:17)
WARNING: [HLS 214-187] Cannot unroll loop 'VITIS_LOOP_408_2' (morton_reorder_buffer.cpp:408:35) in function 'optimized_dram_burst_retained' as it has a variable trip count (morton_reorder_buffer.cpp:408:35)
WARNING: [HLS 214-187] Cannot unroll loop 'PROCESS_SORTED_BATCH' (complete_pipeline.cpp:851:5) in function 'process_sorted_batch_16' as it has a variable trip count (complete_pipeline.cpp:851:5)
WARNING: [HLS 214-187] Cannot unroll loop 'SORT_OUTER' (complete_pipeline.cpp:801:5) in function 'sort_morton_batch_16' as it has a variable trip count (complete_pipeline.cpp:801:5)
WARNING: [HLS 214-187] Cannot unroll loop 'VITIS_LOOP_803_1' (complete_pipeline.cpp:803:27) in function 'sort_morton_batch_16' as it has a variable trip count (complete_pipeline.cpp:803:27)
WARNING: [HLS 214-187] Cannot unroll loop 'PROCESS_SORTED_BATCH' (streaming_bitmap_constructor.cpp:57:5) in function 'process_sorted_micro_batch' as it has a variable trip count (streaming_bitmap_constructor.cpp:57:5)
INFO: [HLS 200-111] Finished Compiling Optimization and Transform: CPU user time: 406.16 seconds. CPU system time: 2.01 seconds. Elapsed time: 412.3 seconds; current allocated memory: 680.984 MB.
INFO: [HLS 200-111] Finished Checking Pragmas: CPU user time: 0.01 seconds. CPU system time: 0 seconds. Elapsed time: 0 seconds; current allocated memory: 680.984 MB.
INFO: [HLS 200-10] Starting code transformations ...
INFO: [HLS 200-111] Finished Standard Transforms: CPU user time: 31.2 seconds. CPU system time: 0.14 seconds. Elapsed time: 31.37 seconds; current allocated memory: 917.582 MB.
INFO: [HLS 200-10] Checking synthesizability ...
WARNING: [SYNCHK 200-23] ./octree_master.h:151: variable-indexed range selection may cause suboptimal QoR.
INFO: [SYNCHK 200-10] 0 error(s), 1 warning(s).
INFO: [HLS 200-111] Finished Checking Synthesizability: CPU user time: 50.73 seconds. CPU system time: 0.13 seconds. Elapsed time: 50.92 seconds; current allocated memory: 1.028 GB.
WARNING: [XFORM 203-561] Updating loop upper bound from 31 to 16 for loop 'PROCESS_SORTED_BATCH' (streaming_bitmap_constructor.cpp:57:14) in function 'process_sorted_micro_batch'.
WARNING: [XFORM 203-561] Updating loop upper bound from 255 to 64 for loop 'VITIS_LOOP_225_4' (morton_reorder_buffer.cpp:225:40) in function 'integrated_morton_reorder_buffer_with_triggers'.
WARNING: [XFORM 203-561] Ignored invalid trip count directive (MAX (= 64) < AVE (= 127)) for loop 'VITIS_LOOP_225_4' (morton_reorder_buffer.cpp:225:40) in function 'integrated_morton_reorder_buffer_with_triggers'.
WARNING: [XFORM 203-561] Updating loop upper bound from 62 to 6 for loop 'Z_LAYER_LOOP' (systolic_array.cpp:289:9) in function 'ZBufferConvolutionEngine::process_z_buffer_convolution'.
WARNING: [XFORM 203-561] Updating loop lower bound from 1 to 6 for loop 'Z_LAYER_LOOP' (systolic_array.cpp:289:9) in function 'ZBufferConvolutionEngine::process_z_buffer_convolution'.
WARNING: [XFORM 203-561] Updating loop lower bound from 0 to 16 for loop 'PROCESS_SORTED_BATCH' in function 'process_sorted_micro_batch'.
WARNING: [XFORM 203-561] Ignored invalid trip count directive (MIN (= 16) > AVE (= 15)) for loop 'PROCESS_SORTED_BATCH' in function 'process_sorted_micro_batch'.
WARNING: [XFORM 203-561] Updating loop lower bound from 0 to 1 for loop 'PROCESS_SORTED_BATCH' (complete_pipeline.cpp:851:14) in function 'process_sorted_batch_16'.
INFO: [XFORM 203-712] Applying dataflow to function 'run_dataflow_pipeline' (complete_pipeline.cpp:699:1), detected/extracted 5 process function(s): 
	 'entry_proc'
	 'pipeline_bitmap_stage'
	 'pipeline_feature_stage'
	 'pipeline_morton_stage'
	 'pipeline_convolution_stage'.
INFO: [XFORM 203-401] Performing if-conversion on hyperblock from (streaming_bitmap_constructor.cpp:191:9) to (streaming_bitmap_constructor.cpp:189:27) in function 'streaming_bitmap_constructor'... converting 5 basic blocks.
INFO: [XFORM 203-401] Performing if-conversion on hyperblock from (morton_reorder_buffer.cpp:442:17) to (morton_reorder_buffer.cpp:437:27) in function 'optimized_dram_burst_retained'... converting 3 basic blocks.
INFO: [XFORM 203-11] Balancing expressions in function 'streaming_bitmap_constructor' (streaming_bitmap_constructor.cpp:103:34)...26 expression(s) balanced.
INFO: [HLS 200-111] Finished Loop, function and other optimizations: CPU user time: 139.6 seconds. CPU system time: 0.07 seconds. Elapsed time: 139.73 seconds; current allocated memory: 1.129 GB.
INFO: [HLS 200-2061] Successfully converted nested loops 'L2_CONSTRUCTION'(streaming_bitmap_constructor.cpp:187:5) and 'VITIS_LOOP_189_3'(streaming_bitmap_constructor.cpp:189:27) in function 'streaming_bitmap_constructor' into perfectly nested loops.
INFO: [HLS 200-2061] Successfully converted nested loops 'STORE_WEIGHTS'(systolic_array.cpp:66:5) and 'VITIS_LOOP_68_1'(systolic_array.cpp:68:26) in function 'ZBufferConvolutionEngine::initialize_z_buffer' into perfectly nested loops.
INFO: [HLS 200-2061] Successfully converted nested loops 'STORE_WEIGHTS'(systolic_array.cpp:404:5) and 'VITIS_LOOP_406_1'(systolic_array.cpp:406:27) in function 'ConvolutionEngine::initialize' into perfectly nested loops.
INFO: [XFORM 203-541] Flattening a loop nest 'L2_CONSTRUCTION' (streaming_bitmap_constructor.cpp:187:5) in function 'streaming_bitmap_constructor'.
WARNING: [HLS 200-960] Cannot flatten loop 'SORT_BY_ROW_BITS' (morton_reorder_buffer.cpp:347:5) in function 'optimized_dram_burst_retained' the outer loop is not a perfect loop because either the parent loop or the sub loop has no invariant trip count.
WARNING: [XFORM 203-561] 'FINAL_BURST' (morton_reorder_buffer.cpp:431:9) in function 'optimized_dram_burst_retained' is an infinite loop.
INFO: [XFORM 203-541] Flattening a loop nest 'STORE_WEIGHTS' (systolic_array.cpp:66:5) in function 'ZBufferConvolutionEngine::initialize_z_buffer'.
INFO: [XFORM 203-541] Flattening a loop nest 'STORE_WEIGHTS' (systolic_array.cpp:404:5) in function 'ConvolutionEngine::initialize'.
WARNING: [ANALYSIS 214-52] Found false inter dependency for variable 'streaming_bitmap_constructor(stream&,stream&,stream&,stream&,stream&,ap_uint*,ap.8'.
WARNING: [ANALYSIS 214-52] Found false inter dependency for variable 'streaming_bitmap_constructor(stream&,stream&,stream&,stream&,stream&,ap_uint*,ap.9'.
WARNING: [ANALYSIS 214-52] Found false inter dependency for variable 'streaming_bitmap_constructor(stream&,stream&,stream&,stream&,stream&,ap_uint*,ap.10'.
WARNING: [ANALYSIS 214-52] Found false inter dependency for variable 'streaming_bitmap_constructor(stream&,stream&,stream&,stream&,stream&,ap_uint*,ap.11'.
WARNING: [ANALYSIS 214-52] Found false inter dependency for variable 'streaming_bitmap_constructor(stream&,stream&,stream&,stream&,stream&,ap_uint*,ap.12'.
WARNING: [ANALYSIS 214-52] Found false inter dependency for variable 'streaming_bitmap_constructor(stream&,stream&,stream&,stream&,stream&,ap_uint*,ap.13'.
WARNING: [ANALYSIS 214-52] Found false inter dependency for variable 'streaming_bitmap_constructor(stream&,stream&,stream&,stream&,stream&,ap_uint*,ap'.
WARNING: [ANALYSIS 214-52] Found false inter dependency for variable 'streaming_bitmap_constructor(stream&,stream&,stream&,stream&,stream&,ap_uint*,ap.1'.
WARNING: [ANALYSIS 214-52] Found false inter dependency for variable 'streaming_bitmap_constructor(stream&,stream&,stream&,stream&,stream&,ap_uint*,ap.2'.
WARNING: [ANALYSIS 214-52] Found false inter dependency for variable 'streaming_bitmap_constructor(stream&,stream&,stream&,stream&,stream&,ap_uint*,ap.3'.
WARNING: [ANALYSIS 214-52] Found false inter dependency for variable 'streaming_bitmap_constructor(stream&,stream&,stream&,stream&,stream&,ap_uint*,ap.4'.
WARNING: [ANALYSIS 214-52] Found false inter dependency for variable 'streaming_bitmap_constructor(stream&,stream&,stream&,stream&,stream&,ap_uint*,ap.5'.
WARNING: [ANALYSIS 214-52] Found false inter dependency for variable 'streaming_bitmap_constructor(stream&,stream&,stream&,stream&,stream&,ap_uint*,ap.6'.
WARNING: [ANALYSIS 214-52] Found false inter dependency for variable 'streaming_bitmap_constructor(stream&,stream&,stream&,stream&,stream&,ap_uint*,ap.7'.
WARNING: [ANALYSIS 214-52] Found false inter dependency for variable 'streaming_bitmap_constructor(stream&,stream&,stream&,stream&,stream&,ap_uint*,ap.14'.
WARNING: [ANALYSIS 214-52] Found false inter dependency for variable 'streaming_bitmap_constructor(stream&,stream&,stream&,stream&,stream&,ap_uint*,ap.15'.
WARNING: [ANALYSIS 214-52] Found false inter dependency for variable 'streaming_bitmap_constructor(stream&,stream&,stream&,stream&,stream&,ap_uint*,ap.40'.
WARNING: [ANALYSIS 214-52] Found false inter dependency for variable 'streaming_bitmap_constructor(stream&,stream&,stream&,stream&,stream&,ap_uint*,ap.41'.
WARNING: [ANALYSIS 214-52] Found false inter dependency for variable 'streaming_bitmap_constructor(stream&,stream&,stream&,stream&,stream&,ap_uint*,ap.42'.
WARNING: [ANALYSIS 214-52] Found false inter dependency for variable 'streaming_bitmap_constructor(stream&,stream&,stream&,stream&,stream&,ap_uint*,ap.43'.
WARNING: [ANALYSIS 214-52] Found false inter dependency for variable 'streaming_bitmap_constructor(stream&,stream&,stream&,stream&,stream&,ap_uint*,ap.44'.
WARNING: [ANALYSIS 214-52] Found false inter dependency for variable 'streaming_bitmap_constructor(stream&,stream&,stream&,stream&,stream&,ap_uint*,ap.45'.
WARNING: [ANALYSIS 214-52] Found false inter dependency for variable 'streaming_bitmap_constructor(stream&,stream&,stream&,stream&,stream&,ap_uint*,ap.32'.
WARNING: [ANALYSIS 214-52] Found false inter dependency for variable 'streaming_bitmap_constructor(stream&,stream&,stream&,stream&,stream&,ap_uint*,ap.33'.
WARNING: [ANALYSIS 214-52] Found false inter dependency for variable 'streaming_bitmap_constructor(stream&,stream&,stream&,stream&,stream&,ap_uint*,ap.34'.
WARNING: [ANALYSIS 214-52] Found false inter dependency for variable 'streaming_bitmap_constructor(stream&,stream&,stream&,stream&,stream&,ap_uint*,ap.35'.
WARNING: [ANALYSIS 214-52] Found false inter dependency for variable 'streaming_bitmap_constructor(stream&,stream&,stream&,stream&,stream&,ap_uint*,ap.36'.
WARNING: [ANALYSIS 214-52] Found false inter dependency for variable 'streaming_bitmap_constructor(stream&,stream&,stream&,stream&,stream&,ap_uint*,ap.37'.
WARNING: [ANALYSIS 214-52] Found false inter dependency for variable 'streaming_bitmap_constructor(stream&,stream&,stream&,stream&,stream&,ap_uint*,ap.38'.
WARNING: [ANALYSIS 214-52] Found false inter dependency for variable 'streaming_bitmap_constructor(stream&,stream&,stream&,stream&,stream&,ap_uint*,ap.39'.
WARNING: [ANALYSIS 214-52] Found false inter dependency for variable 'streaming_bitmap_constructor(stream&,stream&,stream&,stream&,stream&,ap_uint*,ap.46'.
WARNING: [ANALYSIS 214-52] Found false inter dependency for variable 'streaming_bitmap_constructor(stream&,stream&,stream&,stream&,stream&,ap_uint*,ap.47'.
WARNING: [ANALYSIS 214-52] Found false inter dependency for variable 'streaming_bitmap_constructor(stream&,stream&,stream&,stream&,stream&,ap_uint*,ap.24'.
WARNING: [ANALYSIS 214-52] Found false inter dependency for variable 'streaming_bitmap_constructor(stream&,stream&,stream&,stream&,stream&,ap_uint*,ap.25'.
WARNING: [ANALYSIS 214-52] Found false inter dependency for variable 'streaming_bitmap_constructor(stream&,stream&,stream&,stream&,stream&,ap_uint*,ap.26'.
WARNING: [ANALYSIS 214-52] Found false inter dependency for variable 'streaming_bitmap_constructor(stream&,stream&,stream&,stream&,stream&,ap_uint*,ap.27'.
WARNING: [ANALYSIS 214-52] Found false inter dependency for variable 'streaming_bitmap_constructor(stream&,stream&,stream&,stream&,stream&,ap_uint*,ap.28'.
WARNING: [ANALYSIS 214-52] Found false inter dependency for variable 'streaming_bitmap_constructor(stream&,stream&,stream&,stream&,stream&,ap_uint*,ap.29'.
WARNING: [ANALYSIS 214-52] Found false inter dependency for variable 'streaming_bitmap_constructor(stream&,stream&,stream&,stream&,stream&,ap_uint*,ap.16'.
WARNING: [ANALYSIS 214-52] Found false inter dependency for variable 'streaming_bitmap_constructor(stream&,stream&,stream&,stream&,stream&,ap_uint*,ap.17'.
WARNING: [ANALYSIS 214-52] Found false inter dependency for variable 'streaming_bitmap_constructor(stream&,stream&,stream&,stream&,stream&,ap_uint*,ap.18'.
WARNING: [ANALYSIS 214-52] Found false inter dependency for variable 'streaming_bitmap_constructor(stream&,stream&,stream&,stream&,stream&,ap_uint*,ap.19'.
WARNING: [ANALYSIS 214-52] Found false inter dependency for variable 'streaming_bitmap_constructor(stream&,stream&,stream&,stream&,stream&,ap_uint*,ap.20'.
WARNING: [ANALYSIS 214-52] Found false inter dependency for variable 'streaming_bitmap_constructor(stream&,stream&,stream&,stream&,stream&,ap_uint*,ap.21'.
WARNING: [ANALYSIS 214-52] Found false inter dependency for variable 'streaming_bitmap_constructor(stream&,stream&,stream&,stream&,stream&,ap_uint*,ap.22'.
WARNING: [ANALYSIS 214-52] Found false inter dependency for variable 'streaming_bitmap_constructor(stream&,stream&,stream&,stream&,stream&,ap_uint*,ap.23'.
WARNING: [ANALYSIS 214-52] Found false inter dependency for variable 'streaming_bitmap_constructor(stream&,stream&,stream&,stream&,stream&,ap_uint*,ap.30'.
WARNING: [ANALYSIS 214-52] Found false inter dependency for variable 'streaming_bitmap_constructor(stream&,stream&,stream&,stream&,stream&,ap_uint*,ap.31'.
WARNING: [ANALYSIS 214-52] Found false inter dependency for variable 'streaming_bitmap_constructor(stream&,stream&,stream&,stream&,stream&,ap_uint*,ap.8'.
WARNING: [ANALYSIS 214-52] Found false inter dependency for variable 'streaming_bitmap_constructor(stream&,stream&,stream&,stream&,stream&,ap_uint*,ap.9'.
WARNING: [ANALYSIS 214-52] Found false inter dependency for variable 'streaming_bitmap_constructor(stream&,stream&,stream&,stream&,stream&,ap_uint*,ap.10'.
WARNING: [ANALYSIS 214-52] Found false inter dependency for variable 'streaming_bitmap_constructor(stream&,stream&,stream&,stream&,stream&,ap_uint*,ap.11'.
WARNING: [ANALYSIS 214-52] Found false inter dependency for variable 'streaming_bitmap_constructor(stream&,stream&,stream&,stream&,stream&,ap_uint*,ap.12'.
WARNING: [ANALYSIS 214-52] Found false inter dependency for variable 'streaming_bitmap_constructor(stream&,stream&,stream&,stream&,stream&,ap_uint*,ap.13'.
WARNING: [ANALYSIS 214-52] Found false inter dependency for variable 'streaming_bitmap_constructor(stream&,stream&,stream&,stream&,stream&,ap_uint*,ap'.
WARNING: [ANALYSIS 214-52] Found false inter dependency for variable 'streaming_bitmap_constructor(stream&,stream&,stream&,stream&,stream&,ap_uint*,ap.1'.
WARNING: [ANALYSIS 214-52] Found false inter dependency for variable 'streaming_bitmap_constructor(stream&,stream&,stream&,stream&,stream&,ap_uint*,ap.2'.
WARNING: [ANALYSIS 214-52] Found false inter dependency for variable 'streaming_bitmap_constructor(stream&,stream&,stream&,stream&,stream&,ap_uint*,ap.3'.
WARNING: [ANALYSIS 214-52] Found false inter dependency for variable 'streaming_bitmap_constructor(stream&,stream&,stream&,stream&,stream&,ap_uint*,ap.4'.
WARNING: [ANALYSIS 214-52] Found false inter dependency for variable 'streaming_bitmap_constructor(stream&,stream&,stream&,stream&,stream&,ap_uint*,ap.5'.
WARNING: [ANALYSIS 214-52] Found false inter dependency for variable 'streaming_bitmap_constructor(stream&,stream&,stream&,stream&,stream&,ap_uint*,ap.6'.
WARNING: [ANALYSIS 214-52] Found false inter dependency for variable 'streaming_bitmap_constructor(stream&,stream&,stream&,stream&,stream&,ap_uint*,ap.7'.
WARNING: [ANALYSIS 214-52] Found false inter dependency for variable 'streaming_bitmap_constructor(stream&,stream&,stream&,stream&,stream&,ap_uint*,ap.14'.
WARNING: [ANALYSIS 214-52] Found false inter dependency for variable 'streaming_bitmap_constructor(stream&,stream&,stream&,stream&,stream&,ap_uint*,ap.15'.
WARNING: [ANALYSIS 214-52] Found false inter dependency for variable 'streaming_bitmap_constructor(stream&,stream&,stream&,stream&,stream&,ap_uint*,ap.40'.
WARNING: [ANALYSIS 214-52] Found false inter dependency for variable 'streaming_bitmap_constructor(stream&,stream&,stream&,stream&,stream&,ap_uint*,ap.41'.
WARNING: [ANALYSIS 214-52] Found false inter dependency for variable 'streaming_bitmap_constructor(stream&,stream&,stream&,stream&,stream&,ap_uint*,ap.42'.
WARNING: [ANALYSIS 214-52] Found false inter dependency for variable 'streaming_bitmap_constructor(stream&,stream&,stream&,stream&,stream&,ap_uint*,ap.43'.
WARNING: [ANALYSIS 214-52] Found false inter dependency for variable 'streaming_bitmap_constructor(stream&,stream&,stream&,stream&,stream&,ap_uint*,ap.44'.
WARNING: [ANALYSIS 214-52] Found false inter dependency for variable 'streaming_bitmap_constructor(stream&,stream&,stream&,stream&,stream&,ap_uint*,ap.45'.
WARNING: [ANALYSIS 214-52] Found false inter dependency for variable 'streaming_bitmap_constructor(stream&,stream&,stream&,stream&,stream&,ap_uint*,ap.32'.
WARNING: [ANALYSIS 214-52] Found false inter dependency for variable 'streaming_bitmap_constructor(stream&,stream&,stream&,stream&,stream&,ap_uint*,ap.33'.
WARNING: [ANALYSIS 214-52] Found false inter dependency for variable 'streaming_bitmap_constructor(stream&,stream&,stream&,stream&,stream&,ap_uint*,ap.34'.
WARNING: [ANALYSIS 214-52] Found false inter dependency for variable 'streaming_bitmap_constructor(stream&,stream&,stream&,stream&,stream&,ap_uint*,ap.35'.
WARNING: [ANALYSIS 214-52] Found false inter dependency for variable 'streaming_bitmap_constructor(stream&,stream&,stream&,stream&,stream&,ap_uint*,ap.36'.
WARNING: [ANALYSIS 214-52] Found false inter dependency for variable 'streaming_bitmap_constructor(stream&,stream&,stream&,stream&,stream&,ap_uint*,ap.37'.
WARNING: [ANALYSIS 214-52] Found false inter dependency for variable 'streaming_bitmap_constructor(stream&,stream&,stream&,stream&,stream&,ap_uint*,ap.38'.
WARNING: [ANALYSIS 214-52] Found false inter dependency for variable 'streaming_bitmap_constructor(stream&,stream&,stream&,stream&,stream&,ap_uint*,ap.39'.
WARNING: [ANALYSIS 214-52] Found false inter dependency for variable 'streaming_bitmap_constructor(stream&,stream&,stream&,stream&,stream&,ap_uint*,ap.46'.
WARNING: [ANALYSIS 214-52] Found false inter dependency for variable 'streaming_bitmap_constructor(stream&,stream&,stream&,stream&,stream&,ap_uint*,ap.47'.
WARNING: [ANALYSIS 214-52] Found false inter dependency for variable 'streaming_bitmap_constructor(stream&,stream&,stream&,stream&,stream&,ap_uint*,ap.24'.
WARNING: [ANALYSIS 214-52] Found false inter dependency for variable 'streaming_bitmap_constructor(stream&,stream&,stream&,stream&,stream&,ap_uint*,ap.25'.
WARNING: [ANALYSIS 214-52] Found false inter dependency for variable 'streaming_bitmap_constructor(stream&,stream&,stream&,stream&,stream&,ap_uint*,ap.26'.
WARNING: [ANALYSIS 214-52] Found false inter dependency for variable 'streaming_bitmap_constructor(stream&,stream&,stream&,stream&,stream&,ap_uint*,ap.27'.
WARNING: [ANALYSIS 214-52] Found false inter dependency for variable 'streaming_bitmap_constructor(stream&,stream&,stream&,stream&,stream&,ap_uint*,ap.28'.
WARNING: [ANALYSIS 214-52] Found false inter dependency for variable 'streaming_bitmap_constructor(stream&,stream&,stream&,stream&,stream&,ap_uint*,ap.29'.
WARNING: [ANALYSIS 214-52] Found false inter dependency for variable 'streaming_bitmap_constructor(stream&,stream&,stream&,stream&,stream&,ap_uint*,ap.16'.
WARNING: [ANALYSIS 214-52] Found false inter dependency for variable 'streaming_bitmap_constructor(stream&,stream&,stream&,stream&,stream&,ap_uint*,ap.17'.
WARNING: [ANALYSIS 214-52] Found false inter dependency for variable 'streaming_bitmap_constructor(stream&,stream&,stream&,stream&,stream&,ap_uint*,ap.18'.
WARNING: [ANALYSIS 214-52] Found false inter dependency for variable 'streaming_bitmap_constructor(stream&,stream&,stream&,stream&,stream&,ap_uint*,ap.19'.
WARNING: [ANALYSIS 214-52] Found false inter dependency for variable 'streaming_bitmap_constructor(stream&,stream&,stream&,stream&,stream&,ap_uint*,ap.20'.
WARNING: [ANALYSIS 214-52] Found false inter dependency for variable 'streaming_bitmap_constructor(stream&,stream&,stream&,stream&,stream&,ap_uint*,ap.21'.
WARNING: [ANALYSIS 214-52] Found false inter dependency for variable 'streaming_bitmap_constructor(stream&,stream&,stream&,stream&,stream&,ap_uint*,ap.22'.
WARNING: [ANALYSIS 214-52] Found false inter dependency for variable 'streaming_bitmap_constructor(stream&,stream&,stream&,stream&,stream&,ap_uint*,ap.23'.
WARNING: [ANALYSIS 214-52] Found false inter dependency for variable 'streaming_bitmap_constructor(stream&,stream&,stream&,stream&,stream&,ap_uint*,ap.30'.
WARNING: [ANALYSIS 214-52] Found false inter dependency for variable 'streaming_bitmap_constructor(stream&,stream&,stream&,stream&,stream&,ap_uint*,ap.31'.
WARNING: [HLS 200-657] Generating channel conv_response_stream that flows backwards in the dataflow region.
WARNING: [HLS 200-1450] Process pipeline_bitmap_stage has both a successor and writes an output to its caller (see the GUI dataflow viewer). This may lead to lower throughput. Consider copying this output via a successor process.
WARNING: [HLS 200-1449] Process pipeline_morton_stage has both a predecessor and reads an input from its caller (see the GUI dataflow viewer). This may lead to lower throughput. Consider copying this input via a predecessor process.
WARNING: [HLS 200-1450] Process pipeline_morton_stage has both a successor and writes an output to its caller (see the GUI dataflow viewer). This may lead to lower throughput. Consider copying this output via a successor process.
WARNING: [HLS 200-1449] Process pipeline_convolution_stage has both a predecessor and reads an input from its caller (see the GUI dataflow viewer). This may lead to lower throughput. Consider copying this input via a predecessor process.
INFO: [HLS 200-111] Finished Architecture Synthesis: CPU user time: 176.13 seconds. CPU system time: 3.45 seconds. Elapsed time: 179.64 seconds; current allocated memory: 4.843 GB.
INFO: [HLS 200-10] Starting hardware synthesis ...
INFO: [HLS 200-10] Synthesizing 'complete_octree_pipeline' ...
WARNING: [SYN 201-303] Cannot apply memory assignment of 'RAM_1P_BRAM': 'L1_temp' does not exist or is optimized away.
INFO: [HLS 200-10] ----------------------------------------------------------------
INFO: [HLS 200-42] -- Implementing module 'entry_proc' 
INFO: [HLS 200-10] ----------------------------------------------------------------
INFO: [SCHED 204-11] Starting scheduling ...
INFO: [SCHED 204-11] Finished scheduling.
INFO: [HLS 200-111] Finished Scheduling: CPU user time: 398.53 seconds. CPU system time: 0.34 seconds. Elapsed time: 398.94 seconds; current allocated memory: 4.843 GB.
INFO: [BIND 205-100] Starting micro-architecture generation ...
INFO: [BIND 205-101] Performing variable lifetime analysis.
INFO: [BIND 205-101] Exploring resource sharing.
INFO: [BIND 205-101] Binding ...
INFO: [BIND 205-100] Finished micro-architecture generation.
INFO: [HLS 200-111] Finished Binding: CPU user time: 0.02 seconds. CPU system time: 0 seconds. Elapsed time: 0.03 seconds; current allocated memory: 4.843 GB.
INFO: [HLS 200-10] ----------------------------------------------------------------
INFO: [HLS 200-42] -- Implementing module 'streaming_bitmap_constructor_Pipeline_VITIS_LOOP_149_1' 
INFO: [HLS 200-10] ----------------------------------------------------------------
INFO: [SCHED 204-11] Starting scheduling ...
INFO: [SCHED 204-61] Pipelining loop 'VITIS_LOOP_149_1'.
INFO: [HLS 200-1470] Pipelining result : Target II = NA, Final II = 1, Depth = 1, loop 'VITIS_LOOP_149_1'
INFO: [SCHED 204-11] Finished scheduling.
INFO: [HLS 200-111] Finished Scheduling: CPU user time: 0.04 seconds. CPU system time: 0.01 seconds. Elapsed time: 0.05 seconds; current allocated memory: 4.843 GB.
INFO: [BIND 205-100] Starting micro-architecture generation ...
INFO: [BIND 205-101] Performing variable lifetime analysis.
INFO: [BIND 205-101] Exploring resource sharing.
INFO: [BIND 205-101] Binding ...
INFO: [BIND 205-100] Finished micro-architecture generation.
INFO: [HLS 200-111] Finished Binding: CPU user time: 0.03 seconds. CPU system time: 0 seconds. Elapsed time: 0.03 seconds; current allocated memory: 4.843 GB.
INFO: [HLS 200-10] ----------------------------------------------------------------
INFO: [HLS 200-42] -- Implementing module 'streaming_bitmap_constructor_Pipeline_VITIS_LOOP_153_2' 
INFO: [HLS 200-10] ----------------------------------------------------------------
INFO: [SCHED 204-11] Starting scheduling ...
INFO: [SCHED 204-61] Pipelining loop 'VITIS_LOOP_153_2'.
INFO: [HLS 200-1470] Pipelining result : Target II = NA, Final II = 1, Depth = 1, loop 'VITIS_LOOP_153_2'
INFO: [SCHED 204-11] Finished scheduling.
INFO: [HLS 200-111] Finished Scheduling: CPU user time: 0.05 seconds. CPU system time: 0 seconds. Elapsed time: 0.04 seconds; current allocated memory: 4.843 GB.
INFO: [BIND 205-100] Starting micro-architecture generation ...
INFO: [BIND 205-101] Performing variable lifetime analysis.
INFO: [BIND 205-101] Exploring resource sharing.
INFO: [BIND 205-101] Binding ...
INFO: [BIND 205-100] Finished micro-architecture generation.
INFO: [HLS 200-111] Finished Binding: CPU user time: 0.03 seconds. CPU system time: 0 seconds. Elapsed time: 0.02 seconds; current allocated memory: 4.843 GB.
INFO: [HLS 200-10] ----------------------------------------------------------------
INFO: [HLS 200-42] -- Implementing module 'sort_micro_batch_by_morton' 
INFO: [HLS 200-10] ----------------------------------------------------------------
INFO: [SCHED 204-11] Starting scheduling ...
INFO: [SCHED 204-61] Pipelining function 'sort_micro_batch_by_morton'.
WARNING: [HLS 200-880] The II Violation in module 'sort_micro_batch_by_morton' (function 'sort_micro_batch_by_morton'): Unable to enforce a carried dependence constraint (II = 1, distance = 1, offset = 1) between 'store' operation 0 bit ('streaming_bitmap_constructor_stream_stream_stream_stream_stream_ap_uint_ap_528_write_ln36', streaming_bitmap_constructor.cpp:36) of variable 'streaming_bitmap_constructor_stream_stream_stream_stream_stream_ap_uint_ap_697', streaming_bitmap_constructor.cpp:37 on array 'streaming_bitmap_constructor_stream_VoxelData_0_stream_VoxelData_0_stream_ap_uint_60_0_stream_EarlyTriggerSignal_0_stream_RetainedBlockInfo_0_ap_uint_512_ap_uint_512_ap_uint_512_ap_uint_512_PrunedBitmapInfo_ap_uint_32_micro_batch_features_0' and 'load' operation 32 bit ('streaming_bitmap_constructor_stream_stream_stream_stream_stream_ap_uint_ap_624', streaming_bitmap_constructor.cpp:37) on array 'streaming_bitmap_constructor_stream_VoxelData_0_stream_VoxelData_0_stream_ap_uint_60_0_stream_EarlyTriggerSignal_0_stream_RetainedBlockInfo_0_ap_uint_512_ap_uint_512_ap_uint_512_ap_uint_512_PrunedBitmapInfo_ap_uint_32_micro_batch_features_0'.
WARNING: [HLS 200-880] The II Violation in module 'sort_micro_batch_by_morton' (function 'sort_micro_batch_by_morton'): Unable to enforce a carried dependence constraint (II = 2, distance = 1, offset = 1) between 'store' operation 0 bit ('streaming_bitmap_constructor_stream_stream_stream_stream_stream_ap_uint_ap_528_write_ln36', streaming_bitmap_constructor.cpp:36) of variable 'streaming_bitmap_constructor_stream_stream_stream_stream_stream_ap_uint_ap_697', streaming_bitmap_constructor.cpp:37 on array 'streaming_bitmap_constructor_stream_VoxelData_0_stream_VoxelData_0_stream_ap_uint_60_0_stream_EarlyTriggerSignal_0_stream_RetainedBlockInfo_0_ap_uint_512_ap_uint_512_ap_uint_512_ap_uint_512_PrunedBitmapInfo_ap_uint_32_micro_batch_features_0' and 'load' operation 32 bit ('streaming_bitmap_constructor_stream_stream_stream_stream_stream_ap_uint_ap_624', streaming_bitmap_constructor.cpp:37) on array 'streaming_bitmap_constructor_stream_VoxelData_0_stream_VoxelData_0_stream_ap_uint_60_0_stream_EarlyTriggerSignal_0_stream_RetainedBlockInfo_0_ap_uint_512_ap_uint_512_ap_uint_512_ap_uint_512_PrunedBitmapInfo_ap_uint_32_micro_batch_features_0'.
WARNING: [HLS 200-880] The II Violation in module 'sort_micro_batch_by_morton' (function 'sort_micro_batch_by_morton'): Unable to enforce a carried dependence constraint (II = 3, distance = 1, offset = 1) between 'store' operation 0 bit ('streaming_bitmap_constructor_stream_stream_stream_stream_stream_ap_uint_ap_528_write_ln36', streaming_bitmap_constructor.cpp:36) of variable 'streaming_bitmap_constructor_stream_stream_stream_stream_stream_ap_uint_ap_697', streaming_bitmap_constructor.cpp:37 on array 'streaming_bitmap_constructor_stream_VoxelData_0_stream_VoxelData_0_stream_ap_uint_60_0_stream_EarlyTriggerSignal_0_stream_RetainedBlockInfo_0_ap_uint_512_ap_uint_512_ap_uint_512_ap_uint_512_PrunedBitmapInfo_ap_uint_32_micro_batch_features_0' and 'load' operation 32 bit ('streaming_bitmap_constructor_stream_stream_stream_stream_stream_ap_uint_ap_624', streaming_bitmap_constructor.cpp:37) on array 'streaming_bitmap_constructor_stream_VoxelData_0_stream_VoxelData_0_stream_ap_uint_60_0_stream_EarlyTriggerSignal_0_stream_RetainedBlockInfo_0_ap_uint_512_ap_uint_512_ap_uint_512_ap_uint_512_PrunedBitmapInfo_ap_uint_32_micro_batch_features_0'.
WARNING: [HLS 200-880] The II Violation in module 'sort_micro_batch_by_morton' (function 'sort_micro_batch_by_morton'): Unable to enforce a carried dependence constraint (II = 4, distance = 1, offset = 1) between 'store' operation 0 bit ('streaming_bitmap_constructor_stream_stream_stream_stream_stream_ap_uint_ap_528_write_ln36', streaming_bitmap_constructor.cpp:36) of variable 'streaming_bitmap_constructor_stream_stream_stream_stream_stream_ap_uint_ap_697', streaming_bitmap_constructor.cpp:37 on array 'streaming_bitmap_constructor_stream_VoxelData_0_stream_VoxelData_0_stream_ap_uint_60_0_stream_EarlyTriggerSignal_0_stream_RetainedBlockInfo_0_ap_uint_512_ap_uint_512_ap_uint_512_ap_uint_512_PrunedBitmapInfo_ap_uint_32_micro_batch_features_0' and 'load' operation 32 bit ('streaming_bitmap_constructor_stream_stream_stream_stream_stream_ap_uint_ap_624', streaming_bitmap_constructor.cpp:37) on array 'streaming_bitmap_constructor_stream_VoxelData_0_stream_VoxelData_0_stream_ap_uint_60_0_stream_EarlyTriggerSignal_0_stream_RetainedBlockInfo_0_ap_uint_512_ap_uint_512_ap_uint_512_ap_uint_512_PrunedBitmapInfo_ap_uint_32_micro_batch_features_0'.
