

================================================================
== Vitis HLS Report for 'layer_convolution_with_persistent_accelerator_Outline_READ_NEIGHBOR_FEATURES'
================================================================
* Date:           Mon Aug 25 03:29:06 2025

* Version:        2024.2 (Build 5238294 on Nov  8 2024)
* Project:        minkowski_net
* Solution:       solution1 (Vivado IP Flow Target)
* Product family: virtexuplus
* Target device:  xcu250-figd2104-2L-e


================================================================
== Performance Estimates
================================================================
+ Timing: 
    * Summary: 
    +--------+---------+----------+------------+
    |  Clock |  Target | Estimated| Uncertainty|
    +--------+---------+----------+------------+
    |ap_clk  |  6.00 ns|  4.380 ns|     1.62 ns|
    +--------+---------+----------+------------+

+ Latency: 
    * Summary: 
    +---------+---------+-----------+-----------+-----+------+---------+
    |  Latency (cycles) |   Latency (absolute)  |  Interval  | Pipeline|
    |   min   |   max   |    min    |    max    | min |  max |   Type  |
    +---------+---------+-----------+-----------+-----+------+---------+
    |       10|     3073|  60.000 ns|  18.438 us|   10|  3073|       no|
    +---------+---------+-----------+-----------+-----+------+---------+

    + Detail: 
        * Instance: 
        N/A

        * Loop: 
        +--------------------------+---------+---------+----------+-----------+-----------+----------+----------+
        |                          |  Latency (cycles) | Iteration|  Initiation Interval  |   Trip   |          |
        |         Loop Name        |   min   |   max   |  Latency |  achieved |   target  |   Count  | Pipelined|
        +--------------------------+---------+---------+----------+-----------+-----------+----------+----------+
        |- READ_NEIGHBOR_FEATURES  |        9|     3072|         3|          -|          -|  3 ~ 1024|        no|
        +--------------------------+---------+---------+----------+-----------+-----------+----------+----------+



================================================================
== Utilization Estimates
================================================================
* Summary: 
+---------------------+---------+-------+---------+---------+------+
|         Name        | BRAM_18K|  DSP  |    FF   |   LUT   | URAM |
+---------------------+---------+-------+---------+---------+------+
|DSP                  |        -|      -|        -|        -|     -|
|Expression           |        -|      -|        0|       36|     -|
|FIFO                 |        -|      -|        -|        -|     -|
|Instance             |        -|      -|        -|        -|     -|
|Memory               |        -|      -|        -|        -|     -|
|Multiplexer          |        -|      -|        0|       44|     -|
|Register             |        -|      -|       58|        -|     -|
+---------------------+---------+-------+---------+---------+------+
|Total                |        0|      0|       58|       80|     0|
+---------------------+---------+-------+---------+---------+------+
|Available SLR        |     1344|   3072|   864000|   432000|   320|
+---------------------+---------+-------+---------+---------+------+
|Utilization SLR (%)  |        0|      0|       ~0|       ~0|     0|
+---------------------+---------+-------+---------+---------+------+
|Available            |     5376|  12288|  3456000|  1728000|  1280|
+---------------------+---------+-------+---------+---------+------+
|Utilization (%)      |        0|      0|       ~0|       ~0|     0|
+---------------------+---------+-------+---------+---------+------+

+ Detail: 
    * Instance: 
    N/A

    * DSP: 
    N/A

    * Memory: 
    N/A

    * FIFO: 
    N/A

    * Expression: 
    +---------------------+----------+----+---+----+------------+------------+
    |    Variable Name    | Operation| DSP| FF| LUT| Bitwidth P0| Bitwidth P1|
    +---------------------+----------+----+---+----+------------+------------+
    |add_ln273_fu_103_p2  |         +|   0|  0|  18|          11|           1|
    |icmp_ln273_fu_98_p2  |      icmp|   0|  0|  18|          11|          11|
    +---------------------+----------+----+---+----+------------+------------+
    |Total                |          |   0|  0|  36|          22|          12|
    +---------------------+----------+----+---+----+------------+------------+

    * Multiplexer: 
    +--------------------+----+-----------+-----+-----------+
    |        Name        | LUT| Input Size| Bits| Total Bits|
    +--------------------+----+-----------+-----+-----------+
    |ap_NS_fsm           |  26|          5|    1|          5|
    |gmem_write_blk_n_R  |   9|          2|    1|          2|
    |ic_fu_52            |   9|          2|   11|         22|
    +--------------------+----+-----------+-----+-----------+
    |Total               |  44|          9|   13|         29|
    +--------------------+----+-----------+-----+-----------+

    * Register: 
    +------------------------------+----+----+-----+-----------+
    |             Name             | FF | LUT| Bits| Const Bits|
    +------------------------------+----+----+-----+-----------+
    |ap_CS_fsm                     |   4|   0|    4|          0|
    |gmem_write_addr_read_reg_157  |  32|   0|   32|          0|
    |ic_1_reg_144                  |  11|   0|   11|          0|
    |ic_fu_52                      |  11|   0|   11|          0|
    +------------------------------+----+----+-----+-----------+
    |Total                         |  58|   0|   58|          0|
    +------------------------------+----+----+-----+-----------+



================================================================
== Interface
================================================================
* Summary: 
+-----------------------------+-----+-----+------------+------------------------------------------------------------------------------+--------------+
|          RTL Ports          | Dir | Bits|  Protocol  |                                 Source Object                                |    C Type    |
+-----------------------------+-----+-----+------------+------------------------------------------------------------------------------+--------------+
|ap_clk                       |   in|    1|  ap_ctrl_hs|  layer_convolution_with_persistent_accelerator_Outline_READ_NEIGHBOR_FEATURES|  return value|
|ap_rst                       |   in|    1|  ap_ctrl_hs|  layer_convolution_with_persistent_accelerator_Outline_READ_NEIGHBOR_FEATURES|  return value|
|ap_start                     |   in|    1|  ap_ctrl_hs|  layer_convolution_with_persistent_accelerator_Outline_READ_NEIGHBOR_FEATURES|  return value|
|ap_done                      |  out|    1|  ap_ctrl_hs|  layer_convolution_with_persistent_accelerator_Outline_READ_NEIGHBOR_FEATURES|  return value|
|ap_idle                      |  out|    1|  ap_ctrl_hs|  layer_convolution_with_persistent_accelerator_Outline_READ_NEIGHBOR_FEATURES|  return value|
|ap_ready                     |  out|    1|  ap_ctrl_hs|  layer_convolution_with_persistent_accelerator_Outline_READ_NEIGHBOR_FEATURES|  return value|
|config_input_channels_val    |   in|   11|     ap_none|                                                     config_input_channels_val|        scalar|
|m_axi_gmem_write_0_AWVALID   |  out|    1|       m_axi|                                                                     gmem_read|       pointer|
|m_axi_gmem_write_0_AWREADY   |   in|    1|       m_axi|                                                                     gmem_read|       pointer|
|m_axi_gmem_write_0_AWADDR    |  out|   64|       m_axi|                                                                     gmem_read|       pointer|
|m_axi_gmem_write_0_AWID      |  out|    1|       m_axi|                                                                     gmem_read|       pointer|
|m_axi_gmem_write_0_AWLEN     |  out|   32|       m_axi|                                                                     gmem_read|       pointer|
|m_axi_gmem_write_0_AWSIZE    |  out|    3|       m_axi|                                                                     gmem_read|       pointer|
|m_axi_gmem_write_0_AWBURST   |  out|    2|       m_axi|                                                                     gmem_read|       pointer|
|m_axi_gmem_write_0_AWLOCK    |  out|    2|       m_axi|                                                                     gmem_read|       pointer|
|m_axi_gmem_write_0_AWCACHE   |  out|    4|       m_axi|                                                                     gmem_read|       pointer|
|m_axi_gmem_write_0_AWPROT    |  out|    3|       m_axi|                                                                     gmem_read|       pointer|
|m_axi_gmem_write_0_AWQOS     |  out|    4|       m_axi|                                                                     gmem_read|       pointer|
|m_axi_gmem_write_0_AWREGION  |  out|    4|       m_axi|                                                                     gmem_read|       pointer|
|m_axi_gmem_write_0_AWUSER    |  out|    1|       m_axi|                                                                     gmem_read|       pointer|
|m_axi_gmem_write_0_WVALID    |  out|    1|       m_axi|                                                                     gmem_read|       pointer|
|m_axi_gmem_write_0_WREADY    |   in|    1|       m_axi|                                                                     gmem_read|       pointer|
|m_axi_gmem_write_0_WDATA     |  out|   32|       m_axi|                                                                     gmem_read|       pointer|
|m_axi_gmem_write_0_WSTRB     |  out|    4|       m_axi|                                                                     gmem_read|       pointer|
|m_axi_gmem_write_0_WLAST     |  out|    1|       m_axi|                                                                     gmem_read|       pointer|
|m_axi_gmem_write_0_WID       |  out|    1|       m_axi|                                                                     gmem_read|       pointer|
|m_axi_gmem_write_0_WUSER     |  out|    1|       m_axi|                                                                     gmem_read|       pointer|
|m_axi_gmem_write_0_ARVALID   |  out|    1|       m_axi|                                                                     gmem_read|       pointer|
|m_axi_gmem_write_0_ARREADY   |   in|    1|       m_axi|                                                                     gmem_read|       pointer|
|m_axi_gmem_write_0_ARADDR    |  out|   64|       m_axi|                                                                     gmem_read|       pointer|
|m_axi_gmem_write_0_ARID      |  out|    1|       m_axi|                                                                     gmem_read|       pointer|
|m_axi_gmem_write_0_ARLEN     |  out|   32|       m_axi|                                                                     gmem_read|       pointer|
|m_axi_gmem_write_0_ARSIZE    |  out|    3|       m_axi|                                                                     gmem_read|       pointer|
|m_axi_gmem_write_0_ARBURST   |  out|    2|       m_axi|                                                                     gmem_read|       pointer|
|m_axi_gmem_write_0_ARLOCK    |  out|    2|       m_axi|                                                                     gmem_read|       pointer|
|m_axi_gmem_write_0_ARCACHE   |  out|    4|       m_axi|                                                                     gmem_read|       pointer|
|m_axi_gmem_write_0_ARPROT    |  out|    3|       m_axi|                                                                     gmem_read|       pointer|
|m_axi_gmem_write_0_ARQOS     |  out|    4|       m_axi|                                                                     gmem_read|       pointer|
|m_axi_gmem_write_0_ARREGION  |  out|    4|       m_axi|                                                                     gmem_read|       pointer|
|m_axi_gmem_write_0_ARUSER    |  out|    1|       m_axi|                                                                     gmem_read|       pointer|
|m_axi_gmem_write_0_RVALID    |   in|    1|       m_axi|                                                                     gmem_read|       pointer|
|m_axi_gmem_write_0_RREADY    |  out|    1|       m_axi|                                                                     gmem_read|       pointer|
|m_axi_gmem_write_0_RDATA     |   in|   32|       m_axi|                                                                     gmem_read|       pointer|
|m_axi_gmem_write_0_RLAST     |   in|    1|       m_axi|                                                                     gmem_read|       pointer|
|m_axi_gmem_write_0_RID       |   in|    1|       m_axi|                                                                     gmem_read|       pointer|
|m_axi_gmem_write_0_RFIFONUM  |   in|   13|       m_axi|                                                                     gmem_read|       pointer|
|m_axi_gmem_write_0_RUSER     |   in|    1|       m_axi|                                                                     gmem_read|       pointer|
|m_axi_gmem_write_0_RRESP     |   in|    2|       m_axi|                                                                     gmem_read|       pointer|
|m_axi_gmem_write_0_BVALID    |   in|    1|       m_axi|                                                                     gmem_read|       pointer|
|m_axi_gmem_write_0_BREADY    |  out|    1|       m_axi|                                                                     gmem_read|       pointer|
|m_axi_gmem_write_0_BRESP     |   in|    2|       m_axi|                                                                     gmem_read|       pointer|
|m_axi_gmem_write_0_BID       |   in|    1|       m_axi|                                                                     gmem_read|       pointer|
|m_axi_gmem_write_0_BUSER     |   in|    1|       m_axi|                                                                     gmem_read|       pointer|
|p_cast_cast                  |   in|   62|     ap_none|                                                                   p_cast_cast|        scalar|
|neighbor_features_address0   |  out|   10|   ap_memory|                                                             neighbor_features|         array|
|neighbor_features_ce0        |  out|    1|   ap_memory|                                                             neighbor_features|         array|
|neighbor_features_we0        |  out|    1|   ap_memory|                                                             neighbor_features|         array|
|neighbor_features_d0         |  out|   32|   ap_memory|                                                             neighbor_features|         array|
+-----------------------------+-----+-----+------------+------------------------------------------------------------------------------+--------------+

