

================================================================
== Vitis HLS Report for 'minkowski_net_14_layer_pipeline'
================================================================
* Date:           Mon Aug 25 03:29:07 2025

* Version:        2024.2 (Build 5238294 on Nov  8 2024)
* Project:        minkowski_net
* Solution:       solution1 (Vivado IP Flow Target)
* Product family: virtexuplus
* Target device:  xcu250-figd2104-2L-e


================================================================
== Performance Estimates
================================================================
+ Timing: 
    * Summary: 
    +--------+---------+----------+------------+
    |  Clock |  Target | Estimated| Uncertainty|
    +--------+---------+----------+------------+
    |ap_clk  |  6.00 ns|  8.494 ns|     1.62 ns|
    +--------+---------+----------+------------+

+ Latency: 
    * Summary: 
    +---------+---------+----------+----------+-----+-----+---------+
    |  Latency (cycles) |  Latency (absolute) |  Interval | Pipeline|
    |   min   |   max   |    min   |    max   | min | max |   Type  |
    +---------+---------+----------+----------+-----+-----+---------+
    |        ?|        ?|         ?|         ?|    ?|    ?|       no|
    +---------+---------+----------+----------+-----+-----+---------+

    + Detail: 
        * Instance: 
        +----------------------------------------------------------+-----------------------------------------------+----------+---------------+-----------+-------------+----------+---------------+---------+
        |                                                          |                                               |     Latency (cycles)     |    Latency (absolute)   |         Interval         | Pipeline|
        |                         Instance                         |                     Module                    |    min   |      max      |    min    |     max     |    min   |      max      |   Type  |
        +----------------------------------------------------------+-----------------------------------------------+----------+---------------+-----------+-------------+----------+---------------+---------+
        |grp_pipeline_bitmap_stage_fu_462                          |pipeline_bitmap_stage                          |         ?|              ?|          ?|            ?|         ?|              ?|       no|
        |grp_layer_convolution_with_persistent_accelerator_fu_496  |layer_convolution_with_persistent_accelerator  |   4674066|  8502419100066|  39.702 ms|  7.2e+04 sec|   4674066|  8502419100066|       no|
        |grp_final_layer_output_reconstruction_fu_546              |final_layer_output_reconstruction              |  10485782|       10485782|  62.915 ms|    62.915 ms|  10485782|       10485782|       no|
        +----------------------------------------------------------+-----------------------------------------------+----------+---------------+-----------+-------------+----------+---------------+---------+

        * Loop: 
        +--------------------+----------+-----------------+-------------------------+-----------+-----------+------+----------+
        |                    |      Latency (cycles)      |        Iteration        |  Initiation Interval  | Trip |          |
        |      Loop Name     |    min   |       max       |         Latency         |  achieved |   target  | Count| Pipelined|
        +--------------------+----------+-----------------+-------------------------+-----------+-----------+------+----------+
        |- VITIS_LOOP_96_1   |         ?|                ?|                       10|          3|          1|     ?|       yes|
        |- LAYER_PROCESSING  |  65436980|  119033867400980|  4674070 ~ 8502419100070|          -|          -|    14|        no|
        +--------------------+----------+-----------------+-------------------------+-----------+-----------+------+----------+



================================================================
== Utilization Estimates
================================================================
* Summary: 
+---------------------+---------+-------+---------+---------+------+
|         Name        | BRAM_18K|  DSP  |    FF   |   LUT   | URAM |
+---------------------+---------+-------+---------+---------+------+
|DSP                  |        -|      -|        -|        -|     -|
|Expression           |        -|      -|        0|      215|     -|
|FIFO                 |       31|      -|     2243|     1174|     -|
|Instance             |       13|     50|    44274|    46217|     0|
|Memory               |        0|      -|       40|       43|     -|
|Multiplexer          |        -|      -|        0|      999|     -|
|Register             |        -|      -|     2758|        -|     -|
+---------------------+---------+-------+---------+---------+------+
|Total                |       44|     50|    49315|    48648|     0|
+---------------------+---------+-------+---------+---------+------+
|Available SLR        |     1344|   3072|   864000|   432000|   320|
+---------------------+---------+-------+---------+---------+------+
|Utilization SLR (%)  |        3|      1|        5|       11|     0|
+---------------------+---------+-------+---------+---------+------+
|Available            |     5376|  12288|  3456000|  1728000|  1280|
+---------------------+---------+-------+---------+---------+------+
|Utilization (%)      |       ~0|     ~0|        1|        2|     0|
+---------------------+---------+-------+---------+---------+------+

+ Detail: 
    * Instance: 
    +----------------------------------------------------------+-----------------------------------------------+---------+----+-------+-------+-----+
    |                         Instance                         |                     Module                    | BRAM_18K| DSP|   FF  |  LUT  | URAM|
    +----------------------------------------------------------+-----------------------------------------------+---------+----+-------+-------+-----+
    |control_s_axi_U                                           |control_s_axi                                  |        0|   0|    450|    808|    0|
    |grp_final_layer_output_reconstruction_fu_546              |final_layer_output_reconstruction              |        0|   0|    313|   1099|    0|
    |gmem_output_m_axi_U                                       |gmem_output_m_axi                              |        1|   0|    607|    658|    0|
    |gmem_read_m_axi_U                                         |gmem_read_m_axi                                |        2|   0|    690|    717|    0|
    |gmem_write_m_axi_U                                        |gmem_write_m_axi                               |        2|   0|    699|    728|    0|
    |grp_layer_convolution_with_persistent_accelerator_fu_496  |layer_convolution_with_persistent_accelerator  |        6|  50|  31201|  27911|    0|
    |grp_pipeline_bitmap_stage_fu_462                          |pipeline_bitmap_stage                          |        2|   0|  10314|  14296|    0|
    +----------------------------------------------------------+-----------------------------------------------+---------+----+-------+-------+-----+
    |Total                                                     |                                               |       13|  50|  44274|  46217|    0|
    +----------------------------------------------------------+-----------------------------------------------+---------+----+-------+-------+-----+

    * DSP: 
    N/A

    * Memory: 
    +---------------------------------------+-------------------------------------------------+---------+----+----+-----+------+-----+------+-------------+
    |                 Memory                |                      Module                     | BRAM_18K| FF | LUT| URAM| Words| Bits| Banks| W*Bits*Banks|
    +---------------------------------------+-------------------------------------------------+---------+----+----+-----+------+-----+------+-------------+
    |MINKOWSKI_LAYERS_input_channels_U      |MINKOWSKI_LAYERS_input_channels_ROM_AUTO_1R      |        0|  16|  17|    0|    14|   11|     1|          154|
    |MINKOWSKI_LAYERS_output_channels_U     |MINKOWSKI_LAYERS_output_channels_ROM_AUTO_1R     |        0|  16|  17|    0|    14|   11|     1|          154|
    |MINKOWSKI_LAYERS_output_spatial_dim_U  |MINKOWSKI_LAYERS_output_spatial_dim_ROM_AUTO_1R  |        0|   8|   9|    0|    14|    7|     1|           98|
    +---------------------------------------+-------------------------------------------------+---------+----+----+-----+------+-----+------+-------------+
    |Total                                  |                                                 |        0|  40|  43|    0|    42|   29|     3|          406|
    +---------------------------------------+-------------------------------------------------+---------+----+----+-----+------+-----+------+-------------+

    * FIFO: 
    +----------------------------+---------+------+----+-----+------+------+---------+
    |            Name            | BRAM_18K|  FF  | LUT| URAM| Depth| Bits | Size:D*B|
    +----------------------------+---------+------+----+-----+------+------+---------+
    |feature_data_stream_fifo_U  |       29|  2084|   0|    -|  1024|  1085|  1111040|
    |write_addr_stream_fifo_U    |        2|   159|   0|    -|  1024|    60|    61440|
    +----------------------------+---------+------+----+-----+------+------+---------+
    |Total                       |       31|  2243|   0|    0|  2048|  1145|  1172480|
    +----------------------------+---------+------+----+-----+------+------+---------+

    * Expression: 
    +---------------------------------------+----------+----+---+----+------------+------------+
    |             Variable Name             | Operation| DSP| FF| LUT| Bitwidth P0| Bitwidth P1|
    +---------------------------------------+----------+----+---+----+------------+------------+
    |add_ln131_fu_704_p2                    |         +|   0|  0|  12|           4|           1|
    |add_ln96_fu_621_p2                     |         +|   0|  0|  71|          64|          64|
    |pruned_voxel_count_2_fu_591_p2         |         +|   0|  0|  39|          32|           1|
    |sub_ln96_fu_603_p2                     |         -|   0|  0|  39|          32|          32|
    |ap_block_pp0_stage0_11001_grp5         |       and|   0|  0|   2|           1|           1|
    |ap_block_pp0_stage0_11001_grp7         |       and|   0|  0|   2|           1|           1|
    |ap_block_pp0_stage1_01001_grp1         |       and|   0|  0|   2|           1|           1|
    |ap_block_pp0_stage1_11001_grp2         |       and|   0|  0|   2|           1|           1|
    |ap_block_pp0_stage1_11001_grp3         |       and|   0|  0|   2|           1|           1|
    |ap_block_pp0_stage2_11001              |       and|   0|  0|   2|           1|           1|
    |ap_block_state5_io_grp3                |       and|   0|  0|   2|           1|           1|
    |ap_block_state5_pp0_stage1_iter0_grp1  |       and|   0|  0|   2|           1|           1|
    |ap_block_state5_pp0_stage1_iter0_grp2  |       and|   0|  0|   2|           1|           1|
    |ap_block_state6_io_grp4                |       and|   0|  0|   2|           1|           1|
    |ap_predicate_op151_read_state5         |       and|   0|  0|   2|           1|           1|
    |tmp_nbreadreq_fu_360_p3                |       and|   0|  0|   2|           1|           0|
    |tmp_s_nbreadreq_fu_367_p3              |       and|   0|  0|   2|           1|           0|
    |icmp_ln131_fu_698_p2                   |      icmp|   0|  0|  12|           4|           3|
    |ap_block_pp0_stage0_11001              |        or|   0|  0|   2|           1|           1|
    |ap_block_pp0_stage1_11001              |        or|   0|  0|   2|           1|           1|
    |ap_block_pp0_stage1_11001_grp1         |        or|   0|  0|   2|           1|           1|
    |ap_block_state17_on_subcall_done       |        or|   0|  0|   2|           1|           1|
    |ap_block_state19_on_subcall_done       |        or|   0|  0|   2|           1|           1|
    |ap_predicate_op244_call_state17        |        or|   0|  0|   2|           1|           1|
    |ap_predicate_tran4to14_state4          |        or|   0|  0|   2|           1|           1|
    |ap_enable_pp0                          |       xor|   0|  0|   2|           1|           2|
    +---------------------------------------+----------+----+---+----+------------+------------+
    |Total                                  |          |   0|  0| 215|         157|         121|
    +---------------------------------------+----------+----+---+----+------------+------------+

    * Multiplexer: 
    +--------------------------------------------------------------------------------------+----+-----------+-----+-----------+
    |                                         Name                                         | LUT| Input Size| Bits| Total Bits|
    +--------------------------------------------------------------------------------------+----+-----------+-----+-----------+
    |L2_bitmap_o                                                                           |   9|          2|  512|       1024|
    |ap_NS_fsm                                                                             |  65|         15|    1|         15|
    |ap_enable_reg_pp0_iter3                                                               |   9|          2|    1|          2|
    |feature_data_stream_write                                                             |   9|          2|    1|          2|
    |gmem_output_0_AWVALID                                                                 |   9|          2|    1|          2|
    |gmem_output_0_BREADY                                                                  |   9|          2|    1|          2|
    |gmem_output_0_WVALID                                                                  |   9|          2|    1|          2|
    |gmem_read_0_ARADDR                                                                    |  14|          3|   64|        192|
    |gmem_read_0_ARLEN                                                                     |  14|          3|   32|         96|
    |gmem_read_0_ARVALID                                                                   |  14|          3|    1|          3|
    |gmem_read_0_AWADDR                                                                    |  14|          3|   64|        192|
    |gmem_read_0_AWLEN                                                                     |  14|          3|   32|         96|
    |gmem_read_0_AWVALID                                                                   |  14|          3|    1|          3|
    |gmem_read_0_BREADY                                                                    |  14|          3|    1|          3|
    |gmem_read_0_RREADY                                                                    |  14|          3|    1|          3|
    |gmem_read_0_WDATA                                                                     |  26|          5|   32|        160|
    |gmem_read_0_WSTRB                                                                     |  14|          3|    4|         12|
    |gmem_read_0_WVALID                                                                    |  14|          3|    1|          3|
    |gmem_read_blk_n_AW                                                                    |   9|          2|    1|          2|
    |gmem_read_blk_n_B                                                                     |   9|          2|    1|          2|
    |gmem_read_blk_n_W                                                                     |   9|          2|    1|          2|
    |gmem_write_0_ARVALID                                                                  |   9|          2|    1|          2|
    |gmem_write_0_AWVALID                                                                  |   9|          2|    1|          2|
    |gmem_write_0_BREADY                                                                   |   9|          2|    1|          2|
    |gmem_write_0_RREADY                                                                   |   9|          2|    1|          2|
    |gmem_write_0_WVALID                                                                   |   9|          2|    1|          2|
    |grp_layer_convolution_with_persistent_accelerator_fu_496_layer_biases_12_Dout_A       |  65|         15|   32|        480|
    |grp_layer_convolution_with_persistent_accelerator_fu_496_layer_weights_12_Dout_A      |  65|         15|   32|        480|
    |grp_layer_convolution_with_persistent_accelerator_fu_496_m_axi_gmem_read_0_AWREADY    |  14|          3|    1|          3|
    |grp_layer_convolution_with_persistent_accelerator_fu_496_m_axi_gmem_read_0_BID        |  14|          3|    1|          3|
    |grp_layer_convolution_with_persistent_accelerator_fu_496_m_axi_gmem_read_0_BRESP      |  14|          3|    2|          6|
    |grp_layer_convolution_with_persistent_accelerator_fu_496_m_axi_gmem_read_0_BUSER      |  14|          3|    1|          3|
    |grp_layer_convolution_with_persistent_accelerator_fu_496_m_axi_gmem_read_0_BVALID     |  14|          3|    1|          3|
    |grp_layer_convolution_with_persistent_accelerator_fu_496_m_axi_gmem_read_0_WREADY     |  14|          3|    1|          3|
    |grp_layer_convolution_with_persistent_accelerator_fu_496_m_axi_gmem_write_0_ARREADY   |  14|          3|    1|          3|
    |grp_layer_convolution_with_persistent_accelerator_fu_496_m_axi_gmem_write_0_RDATA     |  14|          3|   32|         96|
    |grp_layer_convolution_with_persistent_accelerator_fu_496_m_axi_gmem_write_0_RFIFONUM  |  14|          3|   13|         39|
    |grp_layer_convolution_with_persistent_accelerator_fu_496_m_axi_gmem_write_0_RID       |  14|          3|    1|          3|
    |grp_layer_convolution_with_persistent_accelerator_fu_496_m_axi_gmem_write_0_RLAST     |  14|          3|    1|          3|
    |grp_layer_convolution_with_persistent_accelerator_fu_496_m_axi_gmem_write_0_RRESP     |  14|          3|    2|          6|
    |grp_layer_convolution_with_persistent_accelerator_fu_496_m_axi_gmem_write_0_RUSER     |  14|          3|    1|          3|
    |grp_layer_convolution_with_persistent_accelerator_fu_496_m_axi_gmem_write_0_RVALID    |  14|          3|    1|          3|
    |grp_layer_convolution_with_persistent_accelerator_fu_496_pruned_dram_read             |  14|          3|   64|        192|
    |grp_layer_convolution_with_persistent_accelerator_fu_496_pruned_dram_write            |  14|          3|   64|        192|
    |initial_processed_voxels_constprop                                                    |   9|          2|   32|         64|
    |layer_biases_0_EN_A                                                                   |   9|          2|    1|          2|
    |layer_biases_10_EN_A                                                                  |   9|          2|    1|          2|
    |layer_biases_11_EN_A                                                                  |   9|          2|    1|          2|
    |layer_biases_12_EN_A                                                                  |   9|          2|    1|          2|
    |layer_biases_13_EN_A                                                                  |   9|          2|    1|          2|
    |layer_biases_1_EN_A                                                                   |   9|          2|    1|          2|
    |layer_biases_2_EN_A                                                                   |   9|          2|    1|          2|
    |layer_biases_3_EN_A                                                                   |   9|          2|    1|          2|
    |layer_biases_4_EN_A                                                                   |   9|          2|    1|          2|
    |layer_biases_5_EN_A                                                                   |   9|          2|    1|          2|
    |layer_biases_6_EN_A                                                                   |   9|          2|    1|          2|
    |layer_biases_7_EN_A                                                                   |   9|          2|    1|          2|
    |layer_biases_8_EN_A                                                                   |   9|          2|    1|          2|
    |layer_biases_9_EN_A                                                                   |   9|          2|    1|          2|
    |layer_fu_292                                                                          |   9|          2|    4|          8|
    |layer_weights_0_EN_A                                                                  |   9|          2|    1|          2|
    |layer_weights_10_EN_A                                                                 |   9|          2|    1|          2|
    |layer_weights_11_EN_A                                                                 |   9|          2|    1|          2|
    |layer_weights_12_EN_A                                                                 |   9|          2|    1|          2|
    |layer_weights_13_EN_A                                                                 |   9|          2|    1|          2|
    |layer_weights_1_EN_A                                                                  |   9|          2|    1|          2|
    |layer_weights_2_EN_A                                                                  |   9|          2|    1|          2|
    |layer_weights_3_EN_A                                                                  |   9|          2|    1|          2|
    |layer_weights_4_EN_A                                                                  |   9|          2|    1|          2|
    |layer_weights_5_EN_A                                                                  |   9|          2|    1|          2|
    |layer_weights_6_EN_A                                                                  |   9|          2|    1|          2|
    |layer_weights_7_EN_A                                                                  |   9|          2|    1|          2|
    |layer_weights_8_EN_A                                                                  |   9|          2|    1|          2|
    |layer_weights_9_EN_A                                                                  |   9|          2|    1|          2|
    |pruned_voxel_count_fu_280                                                             |   9|          2|   32|         64|
    |write_addr_stream_write                                                               |   9|          2|    1|          2|
    +--------------------------------------------------------------------------------------+----+-----------+-----+-----------+
    |Total                                                                                 | 999|        220| 1107|       3543|
    +--------------------------------------------------------------------------------------+----+-----------+-----+-----------+

    * Register: 
    +-----------------------------------------------------------------------+-----+----+-----+-----------+
    |                                  Name                                 |  FF | LUT| Bits| Const Bits|
    +-----------------------------------------------------------------------+-----+----+-----+-----------+
    |L0_bitmap_read_reg_755                                                 |  512|   0|  512|          0|
    |L1_bitmap_read_reg_750                                                 |  512|   0|  512|          0|
    |L2_bitmap_o_reg                                                        |  512|   0|  512|          0|
    |L3_bitmap_read_reg_745                                                 |  512|   0|  512|          0|
    |MINKOWSKI_LAYERS_input_channels_load_reg_865                           |   11|   0|   11|          0|
    |MINKOWSKI_LAYERS_output_channels_load_reg_870                          |   11|   0|   11|          0|
    |MINKOWSKI_LAYERS_output_spatial_dim_load_reg_875                       |    7|   0|    7|          0|
    |add_ln131_reg_841                                                      |    4|   0|    4|          0|
    |ap_CS_fsm                                                              |   14|   0|   14|          0|
    |ap_block_pp0_stage0_subdone_grp5_done_reg                              |    1|   0|    1|          0|
    |ap_block_pp0_stage0_subdone_grp7_done_reg                              |    1|   0|    1|          0|
    |ap_block_pp0_stage1_subdone_grp1_done_reg                              |    1|   0|    1|          0|
    |ap_block_pp0_stage1_subdone_grp2_done_reg                              |    1|   0|    1|          0|
    |ap_block_pp0_stage1_subdone_grp3_done_reg                              |    1|   0|    1|          0|
    |ap_enable_reg_pp0_iter0                                                |    1|   0|    1|          0|
    |ap_enable_reg_pp0_iter0_reg                                            |    1|   0|    1|          0|
    |ap_enable_reg_pp0_iter1                                                |    1|   0|    1|          0|
    |ap_enable_reg_pp0_iter2                                                |    1|   0|    1|          0|
    |ap_enable_reg_pp0_iter3                                                |    1|   0|    1|          0|
    |call_ret_reg_779                                                       |  160|   0|  160|          0|
    |final_output_full_cubic_read_reg_774                                   |   64|   0|   64|          0|
    |gmem_read_addr_reg_799                                                 |   64|   0|   64|          0|
    |grp_final_layer_output_reconstruction_fu_546_ap_start_reg              |    1|   0|    1|          0|
    |grp_layer_convolution_with_persistent_accelerator_fu_496_ap_start_reg  |    1|   0|    1|          0|
    |grp_pipeline_bitmap_stage_fu_462_ap_start_reg                          |    1|   0|    1|          0|
    |initial_processed_voxels_constprop                                     |   32|   0|   32|          0|
    |layer_1_reg_834                                                        |    4|   0|    4|          0|
    |layer_fu_292                                                           |    4|   0|    4|          0|
    |p_cast_reg_829                                                         |   32|   0|   32|          0|
    |pruned_feature_dram_read_read_reg_766                                  |   64|   0|   64|          0|
    |pruned_feature_dram_write_read_reg_760                                 |   64|   0|   64|          0|
    |pruned_voxel_count_1_reg_784                                           |   32|   0|   32|          0|
    |pruned_voxel_count_fu_280                                              |   32|   0|   32|          0|
    |tmp_reg_791                                                            |    1|   0|    1|          0|
    |tmp_s_reg_795                                                          |    1|   0|    1|          0|
    |trunc_ln98_3_reg_817                                                   |   32|   0|   32|          0|
    |voxel_features_1_reg_812                                               |   32|   0|   32|          0|
    |voxel_features_reg_807                                                 |   32|   0|   32|          0|
    +-----------------------------------------------------------------------+-----+----+-----+-----------+
    |Total                                                                  | 2758|   0| 2758|          0|
    +-----------------------------------------------------------------------+-----+----+-----+-----------+



================================================================
== Interface
================================================================
* Summary: 
+----------------------------+-----+------+------------+---------------------------------+--------------+
|          RTL Ports         | Dir | Bits |  Protocol  |          Source Object          |    C Type    |
+----------------------------+-----+------+------------+---------------------------------+--------------+
|s_axi_control_AWVALID       |   in|     1|       s_axi|                          control|       pointer|
|s_axi_control_AWREADY       |  out|     1|       s_axi|                          control|       pointer|
|s_axi_control_AWADDR        |   in|     7|       s_axi|                          control|       pointer|
|s_axi_control_WVALID        |   in|     1|       s_axi|                          control|       pointer|
|s_axi_control_WREADY        |  out|     1|       s_axi|                          control|       pointer|
|s_axi_control_WDATA         |   in|    32|       s_axi|                          control|       pointer|
|s_axi_control_WSTRB         |   in|     4|       s_axi|                          control|       pointer|
|s_axi_control_ARVALID       |   in|     1|       s_axi|                          control|       pointer|
|s_axi_control_ARREADY       |  out|     1|       s_axi|                          control|       pointer|
|s_axi_control_ARADDR        |   in|     7|       s_axi|                          control|       pointer|
|s_axi_control_RVALID        |  out|     1|       s_axi|                          control|       pointer|
|s_axi_control_RREADY        |   in|     1|       s_axi|                          control|       pointer|
|s_axi_control_RDATA         |  out|    32|       s_axi|                          control|       pointer|
|s_axi_control_RRESP         |  out|     2|       s_axi|                          control|       pointer|
|s_axi_control_BVALID        |  out|     1|       s_axi|                          control|       pointer|
|s_axi_control_BREADY        |   in|     1|       s_axi|                          control|       pointer|
|s_axi_control_BRESP         |  out|     2|       s_axi|                          control|       pointer|
|ap_clk                      |   in|     1|  ap_ctrl_hs|  minkowski_net_14_layer_pipeline|  return value|
|ap_rst_n                    |   in|     1|  ap_ctrl_hs|  minkowski_net_14_layer_pipeline|  return value|
|interrupt                   |  out|     1|  ap_ctrl_hs|  minkowski_net_14_layer_pipeline|  return value|
|m_axi_gmem_output_AWVALID   |  out|     1|       m_axi|                      gmem_output|       pointer|
|m_axi_gmem_output_AWREADY   |   in|     1|       m_axi|                      gmem_output|       pointer|
|m_axi_gmem_output_AWADDR    |  out|    64|       m_axi|                      gmem_output|       pointer|
|m_axi_gmem_output_AWID      |  out|     1|       m_axi|                      gmem_output|       pointer|
|m_axi_gmem_output_AWLEN     |  out|     8|       m_axi|                      gmem_output|       pointer|
|m_axi_gmem_output_AWSIZE    |  out|     3|       m_axi|                      gmem_output|       pointer|
|m_axi_gmem_output_AWBURST   |  out|     2|       m_axi|                      gmem_output|       pointer|
|m_axi_gmem_output_AWLOCK    |  out|     2|       m_axi|                      gmem_output|       pointer|
|m_axi_gmem_output_AWCACHE   |  out|     4|       m_axi|                      gmem_output|       pointer|
|m_axi_gmem_output_AWPROT    |  out|     3|       m_axi|                      gmem_output|       pointer|
|m_axi_gmem_output_AWQOS     |  out|     4|       m_axi|                      gmem_output|       pointer|
|m_axi_gmem_output_AWREGION  |  out|     4|       m_axi|                      gmem_output|       pointer|
|m_axi_gmem_output_AWUSER    |  out|     1|       m_axi|                      gmem_output|       pointer|
|m_axi_gmem_output_WVALID    |  out|     1|       m_axi|                      gmem_output|       pointer|
|m_axi_gmem_output_WREADY    |   in|     1|       m_axi|                      gmem_output|       pointer|
|m_axi_gmem_output_WDATA     |  out|    32|       m_axi|                      gmem_output|       pointer|
|m_axi_gmem_output_WSTRB     |  out|     4|       m_axi|                      gmem_output|       pointer|
|m_axi_gmem_output_WLAST     |  out|     1|       m_axi|                      gmem_output|       pointer|
|m_axi_gmem_output_WID       |  out|     1|       m_axi|                      gmem_output|       pointer|
|m_axi_gmem_output_WUSER     |  out|     1|       m_axi|                      gmem_output|       pointer|
|m_axi_gmem_output_ARVALID   |  out|     1|       m_axi|                      gmem_output|       pointer|
|m_axi_gmem_output_ARREADY   |   in|     1|       m_axi|                      gmem_output|       pointer|
|m_axi_gmem_output_ARADDR    |  out|    64|       m_axi|                      gmem_output|       pointer|
|m_axi_gmem_output_ARID      |  out|     1|       m_axi|                      gmem_output|       pointer|
|m_axi_gmem_output_ARLEN     |  out|     8|       m_axi|                      gmem_output|       pointer|
|m_axi_gmem_output_ARSIZE    |  out|     3|       m_axi|                      gmem_output|       pointer|
|m_axi_gmem_output_ARBURST   |  out|     2|       m_axi|                      gmem_output|       pointer|
|m_axi_gmem_output_ARLOCK    |  out|     2|       m_axi|                      gmem_output|       pointer|
|m_axi_gmem_output_ARCACHE   |  out|     4|       m_axi|                      gmem_output|       pointer|
|m_axi_gmem_output_ARPROT    |  out|     3|       m_axi|                      gmem_output|       pointer|
|m_axi_gmem_output_ARQOS     |  out|     4|       m_axi|                      gmem_output|       pointer|
|m_axi_gmem_output_ARREGION  |  out|     4|       m_axi|                      gmem_output|       pointer|
|m_axi_gmem_output_ARUSER    |  out|     1|       m_axi|                      gmem_output|       pointer|
|m_axi_gmem_output_RVALID    |   in|     1|       m_axi|                      gmem_output|       pointer|
|m_axi_gmem_output_RREADY    |  out|     1|       m_axi|                      gmem_output|       pointer|
|m_axi_gmem_output_RDATA     |   in|    32|       m_axi|                      gmem_output|       pointer|
|m_axi_gmem_output_RLAST     |   in|     1|       m_axi|                      gmem_output|       pointer|
|m_axi_gmem_output_RID       |   in|     1|       m_axi|                      gmem_output|       pointer|
|m_axi_gmem_output_RUSER     |   in|     1|       m_axi|                      gmem_output|       pointer|
|m_axi_gmem_output_RRESP     |   in|     2|       m_axi|                      gmem_output|       pointer|
|m_axi_gmem_output_BVALID    |   in|     1|       m_axi|                      gmem_output|       pointer|
|m_axi_gmem_output_BREADY    |  out|     1|       m_axi|                      gmem_output|       pointer|
|m_axi_gmem_output_BRESP     |   in|     2|       m_axi|                      gmem_output|       pointer|
|m_axi_gmem_output_BID       |   in|     1|       m_axi|                      gmem_output|       pointer|
|m_axi_gmem_output_BUSER     |   in|     1|       m_axi|                      gmem_output|       pointer|
|m_axi_gmem_read_AWVALID     |  out|     1|       m_axi|                        gmem_read|       pointer|
|m_axi_gmem_read_AWREADY     |   in|     1|       m_axi|                        gmem_read|       pointer|
|m_axi_gmem_read_AWADDR      |  out|    64|       m_axi|                        gmem_read|       pointer|
|m_axi_gmem_read_AWID        |  out|     1|       m_axi|                        gmem_read|       pointer|
|m_axi_gmem_read_AWLEN       |  out|     8|       m_axi|                        gmem_read|       pointer|
|m_axi_gmem_read_AWSIZE      |  out|     3|       m_axi|                        gmem_read|       pointer|
|m_axi_gmem_read_AWBURST     |  out|     2|       m_axi|                        gmem_read|       pointer|
|m_axi_gmem_read_AWLOCK      |  out|     2|       m_axi|                        gmem_read|       pointer|
|m_axi_gmem_read_AWCACHE     |  out|     4|       m_axi|                        gmem_read|       pointer|
|m_axi_gmem_read_AWPROT      |  out|     3|       m_axi|                        gmem_read|       pointer|
|m_axi_gmem_read_AWQOS       |  out|     4|       m_axi|                        gmem_read|       pointer|
|m_axi_gmem_read_AWREGION    |  out|     4|       m_axi|                        gmem_read|       pointer|
|m_axi_gmem_read_AWUSER      |  out|     1|       m_axi|                        gmem_read|       pointer|
|m_axi_gmem_read_WVALID      |  out|     1|       m_axi|                        gmem_read|       pointer|
|m_axi_gmem_read_WREADY      |   in|     1|       m_axi|                        gmem_read|       pointer|
|m_axi_gmem_read_WDATA       |  out|    32|       m_axi|                        gmem_read|       pointer|
|m_axi_gmem_read_WSTRB       |  out|     4|       m_axi|                        gmem_read|       pointer|
|m_axi_gmem_read_WLAST       |  out|     1|       m_axi|                        gmem_read|       pointer|
|m_axi_gmem_read_WID         |  out|     1|       m_axi|                        gmem_read|       pointer|
|m_axi_gmem_read_WUSER       |  out|     1|       m_axi|                        gmem_read|       pointer|
|m_axi_gmem_read_ARVALID     |  out|     1|       m_axi|                        gmem_read|       pointer|
|m_axi_gmem_read_ARREADY     |   in|     1|       m_axi|                        gmem_read|       pointer|
|m_axi_gmem_read_ARADDR      |  out|    64|       m_axi|                        gmem_read|       pointer|
|m_axi_gmem_read_ARID        |  out|     1|       m_axi|                        gmem_read|       pointer|
|m_axi_gmem_read_ARLEN       |  out|     8|       m_axi|                        gmem_read|       pointer|
|m_axi_gmem_read_ARSIZE      |  out|     3|       m_axi|                        gmem_read|       pointer|
|m_axi_gmem_read_ARBURST     |  out|     2|       m_axi|                        gmem_read|       pointer|
|m_axi_gmem_read_ARLOCK      |  out|     2|       m_axi|                        gmem_read|       pointer|
|m_axi_gmem_read_ARCACHE     |  out|     4|       m_axi|                        gmem_read|       pointer|
|m_axi_gmem_read_ARPROT      |  out|     3|       m_axi|                        gmem_read|       pointer|
|m_axi_gmem_read_ARQOS       |  out|     4|       m_axi|                        gmem_read|       pointer|
|m_axi_gmem_read_ARREGION    |  out|     4|       m_axi|                        gmem_read|       pointer|
|m_axi_gmem_read_ARUSER      |  out|     1|       m_axi|                        gmem_read|       pointer|
|m_axi_gmem_read_RVALID      |   in|     1|       m_axi|                        gmem_read|       pointer|
|m_axi_gmem_read_RREADY      |  out|     1|       m_axi|                        gmem_read|       pointer|
|m_axi_gmem_read_RDATA       |   in|    32|       m_axi|                        gmem_read|       pointer|
|m_axi_gmem_read_RLAST       |   in|     1|       m_axi|                        gmem_read|       pointer|
|m_axi_gmem_read_RID         |   in|     1|       m_axi|                        gmem_read|       pointer|
|m_axi_gmem_read_RUSER       |   in|     1|       m_axi|                        gmem_read|       pointer|
|m_axi_gmem_read_RRESP       |   in|     2|       m_axi|                        gmem_read|       pointer|
|m_axi_gmem_read_BVALID      |   in|     1|       m_axi|                        gmem_read|       pointer|
|m_axi_gmem_read_BREADY      |  out|     1|       m_axi|                        gmem_read|       pointer|
|m_axi_gmem_read_BRESP       |   in|     2|       m_axi|                        gmem_read|       pointer|
|m_axi_gmem_read_BID         |   in|     1|       m_axi|                        gmem_read|       pointer|
|m_axi_gmem_read_BUSER       |   in|     1|       m_axi|                        gmem_read|       pointer|
|m_axi_gmem_write_AWVALID    |  out|     1|       m_axi|                       gmem_write|       pointer|
|m_axi_gmem_write_AWREADY    |   in|     1|       m_axi|                       gmem_write|       pointer|
|m_axi_gmem_write_AWADDR     |  out|    64|       m_axi|                       gmem_write|       pointer|
|m_axi_gmem_write_AWID       |  out|     1|       m_axi|                       gmem_write|       pointer|
|m_axi_gmem_write_AWLEN      |  out|     8|       m_axi|                       gmem_write|       pointer|
|m_axi_gmem_write_AWSIZE     |  out|     3|       m_axi|                       gmem_write|       pointer|
|m_axi_gmem_write_AWBURST    |  out|     2|       m_axi|                       gmem_write|       pointer|
|m_axi_gmem_write_AWLOCK     |  out|     2|       m_axi|                       gmem_write|       pointer|
|m_axi_gmem_write_AWCACHE    |  out|     4|       m_axi|                       gmem_write|       pointer|
|m_axi_gmem_write_AWPROT     |  out|     3|       m_axi|                       gmem_write|       pointer|
|m_axi_gmem_write_AWQOS      |  out|     4|       m_axi|                       gmem_write|       pointer|
|m_axi_gmem_write_AWREGION   |  out|     4|       m_axi|                       gmem_write|       pointer|
|m_axi_gmem_write_AWUSER     |  out|     1|       m_axi|                       gmem_write|       pointer|
|m_axi_gmem_write_WVALID     |  out|     1|       m_axi|                       gmem_write|       pointer|
|m_axi_gmem_write_WREADY     |   in|     1|       m_axi|                       gmem_write|       pointer|
|m_axi_gmem_write_WDATA      |  out|    32|       m_axi|                       gmem_write|       pointer|
|m_axi_gmem_write_WSTRB      |  out|     4|       m_axi|                       gmem_write|       pointer|
|m_axi_gmem_write_WLAST      |  out|     1|       m_axi|                       gmem_write|       pointer|
|m_axi_gmem_write_WID        |  out|     1|       m_axi|                       gmem_write|       pointer|
|m_axi_gmem_write_WUSER      |  out|     1|       m_axi|                       gmem_write|       pointer|
|m_axi_gmem_write_ARVALID    |  out|     1|       m_axi|                       gmem_write|       pointer|
|m_axi_gmem_write_ARREADY    |   in|     1|       m_axi|                       gmem_write|       pointer|
|m_axi_gmem_write_ARADDR     |  out|    64|       m_axi|                       gmem_write|       pointer|
|m_axi_gmem_write_ARID       |  out|     1|       m_axi|                       gmem_write|       pointer|
|m_axi_gmem_write_ARLEN      |  out|     8|       m_axi|                       gmem_write|       pointer|
|m_axi_gmem_write_ARSIZE     |  out|     3|       m_axi|                       gmem_write|       pointer|
|m_axi_gmem_write_ARBURST    |  out|     2|       m_axi|                       gmem_write|       pointer|
|m_axi_gmem_write_ARLOCK     |  out|     2|       m_axi|                       gmem_write|       pointer|
|m_axi_gmem_write_ARCACHE    |  out|     4|       m_axi|                       gmem_write|       pointer|
|m_axi_gmem_write_ARPROT     |  out|     3|       m_axi|                       gmem_write|       pointer|
|m_axi_gmem_write_ARQOS      |  out|     4|       m_axi|                       gmem_write|       pointer|
|m_axi_gmem_write_ARREGION   |  out|     4|       m_axi|                       gmem_write|       pointer|
|m_axi_gmem_write_ARUSER     |  out|     1|       m_axi|                       gmem_write|       pointer|
|m_axi_gmem_write_RVALID     |   in|     1|       m_axi|                       gmem_write|       pointer|
|m_axi_gmem_write_RREADY     |  out|     1|       m_axi|                       gmem_write|       pointer|
|m_axi_gmem_write_RDATA      |   in|    32|       m_axi|                       gmem_write|       pointer|
|m_axi_gmem_write_RLAST      |   in|     1|       m_axi|                       gmem_write|       pointer|
|m_axi_gmem_write_RID        |   in|     1|       m_axi|                       gmem_write|       pointer|
|m_axi_gmem_write_RUSER      |   in|     1|       m_axi|                       gmem_write|       pointer|
|m_axi_gmem_write_RRESP      |   in|     2|       m_axi|                       gmem_write|       pointer|
|m_axi_gmem_write_BVALID     |   in|     1|       m_axi|                       gmem_write|       pointer|
|m_axi_gmem_write_BREADY     |  out|     1|       m_axi|                       gmem_write|       pointer|
|m_axi_gmem_write_BRESP      |   in|     2|       m_axi|                       gmem_write|       pointer|
|m_axi_gmem_write_BID        |   in|     1|       m_axi|                       gmem_write|       pointer|
|m_axi_gmem_write_BUSER      |   in|     1|       m_axi|                       gmem_write|       pointer|
|input_voxel_stream_dout     |   in|  1085|     ap_fifo|               input_voxel_stream|       pointer|
|input_voxel_stream_empty_n  |   in|     1|     ap_fifo|               input_voxel_stream|       pointer|
|input_voxel_stream_read     |  out|     1|     ap_fifo|               input_voxel_stream|       pointer|
|layer_weights_0_Addr_A      |  out|    32|        bram|                  layer_weights_0|         array|
|layer_weights_0_EN_A        |  out|     1|        bram|                  layer_weights_0|         array|
|layer_weights_0_WEN_A       |  out|     4|        bram|                  layer_weights_0|         array|
|layer_weights_0_Din_A       |  out|    32|        bram|                  layer_weights_0|         array|
|layer_weights_0_Dout_A      |   in|    32|        bram|                  layer_weights_0|         array|
|layer_weights_0_Clk_A       |  out|     1|        bram|                  layer_weights_0|         array|
|layer_weights_0_Rst_A       |  out|     1|        bram|                  layer_weights_0|         array|
|layer_weights_1_Addr_A      |  out|    32|        bram|                  layer_weights_1|         array|
|layer_weights_1_EN_A        |  out|     1|        bram|                  layer_weights_1|         array|
|layer_weights_1_WEN_A       |  out|     4|        bram|                  layer_weights_1|         array|
|layer_weights_1_Din_A       |  out|    32|        bram|                  layer_weights_1|         array|
|layer_weights_1_Dout_A      |   in|    32|        bram|                  layer_weights_1|         array|
|layer_weights_1_Clk_A       |  out|     1|        bram|                  layer_weights_1|         array|
|layer_weights_1_Rst_A       |  out|     1|        bram|                  layer_weights_1|         array|
|layer_weights_2_Addr_A      |  out|    32|        bram|                  layer_weights_2|         array|
|layer_weights_2_EN_A        |  out|     1|        bram|                  layer_weights_2|         array|
|layer_weights_2_WEN_A       |  out|     4|        bram|                  layer_weights_2|         array|
|layer_weights_2_Din_A       |  out|    32|        bram|                  layer_weights_2|         array|
|layer_weights_2_Dout_A      |   in|    32|        bram|                  layer_weights_2|         array|
|layer_weights_2_Clk_A       |  out|     1|        bram|                  layer_weights_2|         array|
|layer_weights_2_Rst_A       |  out|     1|        bram|                  layer_weights_2|         array|
|layer_weights_3_Addr_A      |  out|    32|        bram|                  layer_weights_3|         array|
|layer_weights_3_EN_A        |  out|     1|        bram|                  layer_weights_3|         array|
|layer_weights_3_WEN_A       |  out|     4|        bram|                  layer_weights_3|         array|
|layer_weights_3_Din_A       |  out|    32|        bram|                  layer_weights_3|         array|
|layer_weights_3_Dout_A      |   in|    32|        bram|                  layer_weights_3|         array|
|layer_weights_3_Clk_A       |  out|     1|        bram|                  layer_weights_3|         array|
|layer_weights_3_Rst_A       |  out|     1|        bram|                  layer_weights_3|         array|
|layer_weights_4_Addr_A      |  out|    32|        bram|                  layer_weights_4|         array|
|layer_weights_4_EN_A        |  out|     1|        bram|                  layer_weights_4|         array|
|layer_weights_4_WEN_A       |  out|     4|        bram|                  layer_weights_4|         array|
|layer_weights_4_Din_A       |  out|    32|        bram|                  layer_weights_4|         array|
|layer_weights_4_Dout_A      |   in|    32|        bram|                  layer_weights_4|         array|
|layer_weights_4_Clk_A       |  out|     1|        bram|                  layer_weights_4|         array|
|layer_weights_4_Rst_A       |  out|     1|        bram|                  layer_weights_4|         array|
|layer_weights_5_Addr_A      |  out|    32|        bram|                  layer_weights_5|         array|
|layer_weights_5_EN_A        |  out|     1|        bram|                  layer_weights_5|         array|
|layer_weights_5_WEN_A       |  out|     4|        bram|                  layer_weights_5|         array|
|layer_weights_5_Din_A       |  out|    32|        bram|                  layer_weights_5|         array|
|layer_weights_5_Dout_A      |   in|    32|        bram|                  layer_weights_5|         array|
|layer_weights_5_Clk_A       |  out|     1|        bram|                  layer_weights_5|         array|
|layer_weights_5_Rst_A       |  out|     1|        bram|                  layer_weights_5|         array|
|layer_weights_6_Addr_A      |  out|    32|        bram|                  layer_weights_6|         array|
|layer_weights_6_EN_A        |  out|     1|        bram|                  layer_weights_6|         array|
|layer_weights_6_WEN_A       |  out|     4|        bram|                  layer_weights_6|         array|
|layer_weights_6_Din_A       |  out|    32|        bram|                  layer_weights_6|         array|
|layer_weights_6_Dout_A      |   in|    32|        bram|                  layer_weights_6|         array|
|layer_weights_6_Clk_A       |  out|     1|        bram|                  layer_weights_6|         array|
|layer_weights_6_Rst_A       |  out|     1|        bram|                  layer_weights_6|         array|
|layer_weights_7_Addr_A      |  out|    32|        bram|                  layer_weights_7|         array|
|layer_weights_7_EN_A        |  out|     1|        bram|                  layer_weights_7|         array|
|layer_weights_7_WEN_A       |  out|     4|        bram|                  layer_weights_7|         array|
|layer_weights_7_Din_A       |  out|    32|        bram|                  layer_weights_7|         array|
|layer_weights_7_Dout_A      |   in|    32|        bram|                  layer_weights_7|         array|
|layer_weights_7_Clk_A       |  out|     1|        bram|                  layer_weights_7|         array|
|layer_weights_7_Rst_A       |  out|     1|        bram|                  layer_weights_7|         array|
|layer_weights_8_Addr_A      |  out|    32|        bram|                  layer_weights_8|         array|
|layer_weights_8_EN_A        |  out|     1|        bram|                  layer_weights_8|         array|
|layer_weights_8_WEN_A       |  out|     4|        bram|                  layer_weights_8|         array|
|layer_weights_8_Din_A       |  out|    32|        bram|                  layer_weights_8|         array|
|layer_weights_8_Dout_A      |   in|    32|        bram|                  layer_weights_8|         array|
|layer_weights_8_Clk_A       |  out|     1|        bram|                  layer_weights_8|         array|
|layer_weights_8_Rst_A       |  out|     1|        bram|                  layer_weights_8|         array|
|layer_weights_9_Addr_A      |  out|    32|        bram|                  layer_weights_9|         array|
|layer_weights_9_EN_A        |  out|     1|        bram|                  layer_weights_9|         array|
|layer_weights_9_WEN_A       |  out|     4|        bram|                  layer_weights_9|         array|
|layer_weights_9_Din_A       |  out|    32|        bram|                  layer_weights_9|         array|
|layer_weights_9_Dout_A      |   in|    32|        bram|                  layer_weights_9|         array|
|layer_weights_9_Clk_A       |  out|     1|        bram|                  layer_weights_9|         array|
|layer_weights_9_Rst_A       |  out|     1|        bram|                  layer_weights_9|         array|
|layer_weights_10_Addr_A     |  out|    32|        bram|                 layer_weights_10|         array|
|layer_weights_10_EN_A       |  out|     1|        bram|                 layer_weights_10|         array|
|layer_weights_10_WEN_A      |  out|     4|        bram|                 layer_weights_10|         array|
|layer_weights_10_Din_A      |  out|    32|        bram|                 layer_weights_10|         array|
|layer_weights_10_Dout_A     |   in|    32|        bram|                 layer_weights_10|         array|
|layer_weights_10_Clk_A      |  out|     1|        bram|                 layer_weights_10|         array|
|layer_weights_10_Rst_A      |  out|     1|        bram|                 layer_weights_10|         array|
|layer_weights_11_Addr_A     |  out|    32|        bram|                 layer_weights_11|         array|
|layer_weights_11_EN_A       |  out|     1|        bram|                 layer_weights_11|         array|
|layer_weights_11_WEN_A      |  out|     4|        bram|                 layer_weights_11|         array|
|layer_weights_11_Din_A      |  out|    32|        bram|                 layer_weights_11|         array|
|layer_weights_11_Dout_A     |   in|    32|        bram|                 layer_weights_11|         array|
|layer_weights_11_Clk_A      |  out|     1|        bram|                 layer_weights_11|         array|
|layer_weights_11_Rst_A      |  out|     1|        bram|                 layer_weights_11|         array|
|layer_weights_12_Addr_A     |  out|    32|        bram|                 layer_weights_12|         array|
|layer_weights_12_EN_A       |  out|     1|        bram|                 layer_weights_12|         array|
|layer_weights_12_WEN_A      |  out|     4|        bram|                 layer_weights_12|         array|
|layer_weights_12_Din_A      |  out|    32|        bram|                 layer_weights_12|         array|
|layer_weights_12_Dout_A     |   in|    32|        bram|                 layer_weights_12|         array|
|layer_weights_12_Clk_A      |  out|     1|        bram|                 layer_weights_12|         array|
|layer_weights_12_Rst_A      |  out|     1|        bram|                 layer_weights_12|         array|
|layer_weights_13_Addr_A     |  out|    32|        bram|                 layer_weights_13|         array|
|layer_weights_13_EN_A       |  out|     1|        bram|                 layer_weights_13|         array|
|layer_weights_13_WEN_A      |  out|     4|        bram|                 layer_weights_13|         array|
|layer_weights_13_Din_A      |  out|    32|        bram|                 layer_weights_13|         array|
|layer_weights_13_Dout_A     |   in|    32|        bram|                 layer_weights_13|         array|
|layer_weights_13_Clk_A      |  out|     1|        bram|                 layer_weights_13|         array|
|layer_weights_13_Rst_A      |  out|     1|        bram|                 layer_weights_13|         array|
|layer_biases_0_Addr_A       |  out|    32|        bram|                   layer_biases_0|         array|
|layer_biases_0_EN_A         |  out|     1|        bram|                   layer_biases_0|         array|
|layer_biases_0_WEN_A        |  out|     4|        bram|                   layer_biases_0|         array|
|layer_biases_0_Din_A        |  out|    32|        bram|                   layer_biases_0|         array|
|layer_biases_0_Dout_A       |   in|    32|        bram|                   layer_biases_0|         array|
|layer_biases_0_Clk_A        |  out|     1|        bram|                   layer_biases_0|         array|
|layer_biases_0_Rst_A        |  out|     1|        bram|                   layer_biases_0|         array|
|layer_biases_1_Addr_A       |  out|    32|        bram|                   layer_biases_1|         array|
|layer_biases_1_EN_A         |  out|     1|        bram|                   layer_biases_1|         array|
|layer_biases_1_WEN_A        |  out|     4|        bram|                   layer_biases_1|         array|
|layer_biases_1_Din_A        |  out|    32|        bram|                   layer_biases_1|         array|
|layer_biases_1_Dout_A       |   in|    32|        bram|                   layer_biases_1|         array|
|layer_biases_1_Clk_A        |  out|     1|        bram|                   layer_biases_1|         array|
|layer_biases_1_Rst_A        |  out|     1|        bram|                   layer_biases_1|         array|
|layer_biases_2_Addr_A       |  out|    32|        bram|                   layer_biases_2|         array|
|layer_biases_2_EN_A         |  out|     1|        bram|                   layer_biases_2|         array|
|layer_biases_2_WEN_A        |  out|     4|        bram|                   layer_biases_2|         array|
|layer_biases_2_Din_A        |  out|    32|        bram|                   layer_biases_2|         array|
|layer_biases_2_Dout_A       |   in|    32|        bram|                   layer_biases_2|         array|
|layer_biases_2_Clk_A        |  out|     1|        bram|                   layer_biases_2|         array|
|layer_biases_2_Rst_A        |  out|     1|        bram|                   layer_biases_2|         array|
|layer_biases_3_Addr_A       |  out|    32|        bram|                   layer_biases_3|         array|
|layer_biases_3_EN_A         |  out|     1|        bram|                   layer_biases_3|         array|
|layer_biases_3_WEN_A        |  out|     4|        bram|                   layer_biases_3|         array|
|layer_biases_3_Din_A        |  out|    32|        bram|                   layer_biases_3|         array|
|layer_biases_3_Dout_A       |   in|    32|        bram|                   layer_biases_3|         array|
|layer_biases_3_Clk_A        |  out|     1|        bram|                   layer_biases_3|         array|
|layer_biases_3_Rst_A        |  out|     1|        bram|                   layer_biases_3|         array|
|layer_biases_4_Addr_A       |  out|    32|        bram|                   layer_biases_4|         array|
|layer_biases_4_EN_A         |  out|     1|        bram|                   layer_biases_4|         array|
|layer_biases_4_WEN_A        |  out|     4|        bram|                   layer_biases_4|         array|
|layer_biases_4_Din_A        |  out|    32|        bram|                   layer_biases_4|         array|
|layer_biases_4_Dout_A       |   in|    32|        bram|                   layer_biases_4|         array|
|layer_biases_4_Clk_A        |  out|     1|        bram|                   layer_biases_4|         array|
|layer_biases_4_Rst_A        |  out|     1|        bram|                   layer_biases_4|         array|
|layer_biases_5_Addr_A       |  out|    32|        bram|                   layer_biases_5|         array|
|layer_biases_5_EN_A         |  out|     1|        bram|                   layer_biases_5|         array|
|layer_biases_5_WEN_A        |  out|     4|        bram|                   layer_biases_5|         array|
|layer_biases_5_Din_A        |  out|    32|        bram|                   layer_biases_5|         array|
|layer_biases_5_Dout_A       |   in|    32|        bram|                   layer_biases_5|         array|
|layer_biases_5_Clk_A        |  out|     1|        bram|                   layer_biases_5|         array|
|layer_biases_5_Rst_A        |  out|     1|        bram|                   layer_biases_5|         array|
|layer_biases_6_Addr_A       |  out|    32|        bram|                   layer_biases_6|         array|
|layer_biases_6_EN_A         |  out|     1|        bram|                   layer_biases_6|         array|
|layer_biases_6_WEN_A        |  out|     4|        bram|                   layer_biases_6|         array|
|layer_biases_6_Din_A        |  out|    32|        bram|                   layer_biases_6|         array|
|layer_biases_6_Dout_A       |   in|    32|        bram|                   layer_biases_6|         array|
|layer_biases_6_Clk_A        |  out|     1|        bram|                   layer_biases_6|         array|
|layer_biases_6_Rst_A        |  out|     1|        bram|                   layer_biases_6|         array|
|layer_biases_7_Addr_A       |  out|    32|        bram|                   layer_biases_7|         array|
|layer_biases_7_EN_A         |  out|     1|        bram|                   layer_biases_7|         array|
|layer_biases_7_WEN_A        |  out|     4|        bram|                   layer_biases_7|         array|
|layer_biases_7_Din_A        |  out|    32|        bram|                   layer_biases_7|         array|
|layer_biases_7_Dout_A       |   in|    32|        bram|                   layer_biases_7|         array|
|layer_biases_7_Clk_A        |  out|     1|        bram|                   layer_biases_7|         array|
|layer_biases_7_Rst_A        |  out|     1|        bram|                   layer_biases_7|         array|
|layer_biases_8_Addr_A       |  out|    32|        bram|                   layer_biases_8|         array|
|layer_biases_8_EN_A         |  out|     1|        bram|                   layer_biases_8|         array|
|layer_biases_8_WEN_A        |  out|     4|        bram|                   layer_biases_8|         array|
|layer_biases_8_Din_A        |  out|    32|        bram|                   layer_biases_8|         array|
|layer_biases_8_Dout_A       |   in|    32|        bram|                   layer_biases_8|         array|
|layer_biases_8_Clk_A        |  out|     1|        bram|                   layer_biases_8|         array|
|layer_biases_8_Rst_A        |  out|     1|        bram|                   layer_biases_8|         array|
|layer_biases_9_Addr_A       |  out|    32|        bram|                   layer_biases_9|         array|
|layer_biases_9_EN_A         |  out|     1|        bram|                   layer_biases_9|         array|
|layer_biases_9_WEN_A        |  out|     4|        bram|                   layer_biases_9|         array|
|layer_biases_9_Din_A        |  out|    32|        bram|                   layer_biases_9|         array|
|layer_biases_9_Dout_A       |   in|    32|        bram|                   layer_biases_9|         array|
|layer_biases_9_Clk_A        |  out|     1|        bram|                   layer_biases_9|         array|
|layer_biases_9_Rst_A        |  out|     1|        bram|                   layer_biases_9|         array|
|layer_biases_10_Addr_A      |  out|    32|        bram|                  layer_biases_10|         array|
|layer_biases_10_EN_A        |  out|     1|        bram|                  layer_biases_10|         array|
|layer_biases_10_WEN_A       |  out|     4|        bram|                  layer_biases_10|         array|
|layer_biases_10_Din_A       |  out|    32|        bram|                  layer_biases_10|         array|
|layer_biases_10_Dout_A      |   in|    32|        bram|                  layer_biases_10|         array|
|layer_biases_10_Clk_A       |  out|     1|        bram|                  layer_biases_10|         array|
|layer_biases_10_Rst_A       |  out|     1|        bram|                  layer_biases_10|         array|
|layer_biases_11_Addr_A      |  out|    32|        bram|                  layer_biases_11|         array|
|layer_biases_11_EN_A        |  out|     1|        bram|                  layer_biases_11|         array|
|layer_biases_11_WEN_A       |  out|     4|        bram|                  layer_biases_11|         array|
|layer_biases_11_Din_A       |  out|    32|        bram|                  layer_biases_11|         array|
|layer_biases_11_Dout_A      |   in|    32|        bram|                  layer_biases_11|         array|
|layer_biases_11_Clk_A       |  out|     1|        bram|                  layer_biases_11|         array|
|layer_biases_11_Rst_A       |  out|     1|        bram|                  layer_biases_11|         array|
|layer_biases_12_Addr_A      |  out|    32|        bram|                  layer_biases_12|         array|
|layer_biases_12_EN_A        |  out|     1|        bram|                  layer_biases_12|         array|
|layer_biases_12_WEN_A       |  out|     4|        bram|                  layer_biases_12|         array|
|layer_biases_12_Din_A       |  out|    32|        bram|                  layer_biases_12|         array|
|layer_biases_12_Dout_A      |   in|    32|        bram|                  layer_biases_12|         array|
|layer_biases_12_Clk_A       |  out|     1|        bram|                  layer_biases_12|         array|
|layer_biases_12_Rst_A       |  out|     1|        bram|                  layer_biases_12|         array|
|layer_biases_13_Addr_A      |  out|    32|        bram|                  layer_biases_13|         array|
|layer_biases_13_EN_A        |  out|     1|        bram|                  layer_biases_13|         array|
|layer_biases_13_WEN_A       |  out|     4|        bram|                  layer_biases_13|         array|
|layer_biases_13_Din_A       |  out|    32|        bram|                  layer_biases_13|         array|
|layer_biases_13_Dout_A      |   in|    32|        bram|                  layer_biases_13|         array|
|layer_biases_13_Clk_A       |  out|     1|        bram|                  layer_biases_13|         array|
|layer_biases_13_Rst_A       |  out|     1|        bram|                  layer_biases_13|         array|
|L3_bitmap_i                 |   in|   512|     ap_ovld|                        L3_bitmap|       pointer|
|L3_bitmap_o                 |  out|   512|     ap_ovld|                        L3_bitmap|       pointer|
|L3_bitmap_o_ap_vld          |  out|     1|     ap_ovld|                        L3_bitmap|       pointer|
|L2_bitmap_i                 |   in|   512|     ap_ovld|                        L2_bitmap|       pointer|
|L2_bitmap_o                 |  out|   512|     ap_ovld|                        L2_bitmap|       pointer|
|L2_bitmap_o_ap_vld          |  out|     1|     ap_ovld|                        L2_bitmap|       pointer|
|L1_bitmap_i                 |   in|   512|     ap_ovld|                        L1_bitmap|       pointer|
|L1_bitmap_o                 |  out|   512|     ap_ovld|                        L1_bitmap|       pointer|
|L1_bitmap_o_ap_vld          |  out|     1|     ap_ovld|                        L1_bitmap|       pointer|
|L0_bitmap_i                 |   in|   512|     ap_ovld|                        L0_bitmap|       pointer|
|L0_bitmap_o                 |  out|   512|     ap_ovld|                        L0_bitmap|       pointer|
|L0_bitmap_o_ap_vld          |  out|     1|     ap_ovld|                        L0_bitmap|       pointer|
+----------------------------+-----+------+------------+---------------------------------+--------------+

