

================================================================
== Vitis HLS Report for 'pipeline_bitmap_stage'
================================================================
* Date:           Mon Aug 25 03:44:15 2025

* Version:        2024.2 (Build 5238294 on Nov  8 2024)
* Project:        minkowski_net
* Solution:       solution1 (Vivado IP Flow Target)
* Product family: virtexuplus
* Target device:  xcu250-figd2104-2L-e


================================================================
== Performance Estimates
================================================================
+ Timing: 
    * Summary: 
    +--------+---------+----------+------------+
    |  Clock |  Target | Estimated| Uncertainty|
    +--------+---------+----------+------------+
    |ap_clk  |  5.00 ns|  3.520 ns|     1.35 ns|
    +--------+---------+----------+------------+

+ Latency: 
    * Summary: 
    +---------+---------+----------+----------+-----+-----+---------+
    |  Latency (cycles) |  Latency (absolute) |  Interval | Pipeline|
    |   min   |   max   |    min   |    max   | min | max |   Type  |
    +---------+---------+----------+----------+-----+-----+---------+
    |        ?|        ?|         ?|         ?|    ?|    ?|       no|
    +---------+---------+----------+----------+-----+-----+---------+

    + Detail: 
        * Instance: 
        +----------------------------------------+------------------------------+---------+---------+----------+----------+-----+-----+---------+
        |                                        |                              |  Latency (cycles) |  Latency (absolute) |  Interval | Pipeline|
        |                Instance                |            Module            |   min   |   max   |    min   |    max   | min | max |   Type  |
        +----------------------------------------+------------------------------+---------+---------+----------+----------+-----+-----+---------+
        |grp_streaming_bitmap_constructor_fu_74  |streaming_bitmap_constructor  |        ?|        ?|         ?|         ?|    ?|    ?|       no|
        +----------------------------------------+------------------------------+---------+---------+----------+----------+-----+-----+---------+

        * Loop: 
        N/A



================================================================
== Utilization Estimates
================================================================
* Summary: 
+---------------------+---------+-------+---------+---------+------+
|         Name        | BRAM_18K|  DSP  |    FF   |   LUT   | URAM |
+---------------------+---------+-------+---------+---------+------+
|DSP                  |        -|      -|        -|        -|     -|
|Expression           |        -|      -|        -|        -|     -|
|FIFO                 |        -|      -|        -|        -|     -|
|Instance             |        2|      -|     7619|    14231|     -|
|Memory               |        -|      -|        -|        -|     -|
|Multiplexer          |        -|      -|        0|       83|     -|
|Register             |        -|      -|     2756|        -|     -|
+---------------------+---------+-------+---------+---------+------+
|Total                |        2|      0|    10375|    14314|     0|
+---------------------+---------+-------+---------+---------+------+
|Available SLR        |     1344|   3072|   864000|   432000|   320|
+---------------------+---------+-------+---------+---------+------+
|Utilization SLR (%)  |       ~0|      0|        1|        3|     0|
+---------------------+---------+-------+---------+---------+------+
|Available            |     5376|  12288|  3456000|  1728000|  1280|
+---------------------+---------+-------+---------+---------+------+
|Utilization (%)      |       ~0|      0|       ~0|       ~0|     0|
+---------------------+---------+-------+---------+---------+------+

+ Detail: 
    * Instance: 
    +----------------------------------------+------------------------------+---------+----+------+-------+-----+
    |                Instance                |            Module            | BRAM_18K| DSP|  FF  |  LUT  | URAM|
    +----------------------------------------+------------------------------+---------+----+------+-------+-----+
    |grp_streaming_bitmap_constructor_fu_74  |streaming_bitmap_constructor  |        2|   0|  7619|  14231|    0|
    +----------------------------------------+------------------------------+---------+----+------+-------+-----+
    |Total                                   |                              |        2|   0|  7619|  14231|    0|
    +----------------------------------------+------------------------------+---------+----+------+-------+-----+

    * DSP: 
    N/A

    * Memory: 
    N/A

    * FIFO: 
    N/A

    * Expression: 
    N/A

    * Multiplexer: 
    +--------------------------------------+----+-----------+-----+-----------+
    |                 Name                 | LUT| Input Size| Bits| Total Bits|
    +--------------------------------------+----+-----------+-----+-----------+
    |L2_bitmap_o                           |   9|          2|  512|       1024|
    |L2_bitmap_o_ap_vld                    |   9|          2|    1|          2|
    |ap_NS_fsm                             |  20|          4|    1|          4|
    |ap_return_0                           |   9|          2|  160|        320|
    |ap_return_1                           |   9|          2|  512|       1024|
    |ap_return_2                           |   9|          2|  512|       1024|
    |ap_return_3                           |   9|          2|  512|       1024|
    |initial_processed_voxels_constprop_o  |   9|          2|   32|         64|
    +--------------------------------------+----+-----------+-----+-----------+
    |Total                                 |  83|         18| 2242|       4486|
    +--------------------------------------+----+-----------+-----+-----------+

    * Register: 
    +-----------------------------------------------------+-----+----+-----+-----------+
    |                         Name                        |  FF | LUT| Bits| Const Bits|
    +-----------------------------------------------------+-----+----+-----+-----------+
    |L2_bitmap_o_reg                                      |  512|   0|  512|          0|
    |L2_bitmap_read_reg_151                               |  512|   0|  512|          0|
    |ap_CS_fsm                                            |    3|   0|    3|          0|
    |ap_return_0_preg                                     |  160|   0|  160|          0|
    |ap_return_1_preg                                     |  512|   0|  512|          0|
    |ap_return_2_preg                                     |  512|   0|  512|          0|
    |ap_return_3_preg                                     |  512|   0|  512|          0|
    |grp_streaming_bitmap_constructor_fu_74_ap_start_reg  |    1|   0|    1|          0|
    |initial_processed_voxels_constprop_o_reg             |   32|   0|   32|          0|
    +-----------------------------------------------------+-----+----+-----+-----------+
    |Total                                                | 2756|   0| 2756|          0|
    +-----------------------------------------------------+-----+----+-----+-----------+



================================================================
== Interface
================================================================
* Summary: 
+---------------------------------------------+-----+------+------------+------------------------------------+--------------+
|                  RTL Ports                  | Dir | Bits |  Protocol  |            Source Object           |    C Type    |
+---------------------------------------------+-----+------+------------+------------------------------------+--------------+
|ap_clk                                       |   in|     1|  ap_ctrl_hs|               pipeline_bitmap_stage|  return value|
|ap_rst                                       |   in|     1|  ap_ctrl_hs|               pipeline_bitmap_stage|  return value|
|ap_start                                     |   in|     1|  ap_ctrl_hs|               pipeline_bitmap_stage|  return value|
|ap_done                                      |  out|     1|  ap_ctrl_hs|               pipeline_bitmap_stage|  return value|
|ap_idle                                      |  out|     1|  ap_ctrl_hs|               pipeline_bitmap_stage|  return value|
|ap_ready                                     |  out|     1|  ap_ctrl_hs|               pipeline_bitmap_stage|  return value|
|ap_return_0                                  |  out|   160|  ap_ctrl_hs|               pipeline_bitmap_stage|  return value|
|ap_return_1                                  |  out|   512|  ap_ctrl_hs|               pipeline_bitmap_stage|  return value|
|ap_return_2                                  |  out|   512|  ap_ctrl_hs|               pipeline_bitmap_stage|  return value|
|ap_return_3                                  |  out|   512|  ap_ctrl_hs|               pipeline_bitmap_stage|  return value|
|input_voxel_stream_dout                      |   in|  1085|     ap_fifo|                  input_voxel_stream|       pointer|
|input_voxel_stream_empty_n                   |   in|     1|     ap_fifo|                  input_voxel_stream|       pointer|
|input_voxel_stream_read                      |  out|     1|     ap_fifo|                  input_voxel_stream|       pointer|
|feature_data_stream_din                      |  out|  1085|     ap_fifo|                 feature_data_stream|       pointer|
|feature_data_stream_full_n                   |   in|     1|     ap_fifo|                 feature_data_stream|       pointer|
|feature_data_stream_write                    |  out|     1|     ap_fifo|                 feature_data_stream|       pointer|
|write_addr_stream_din                        |  out|    60|     ap_fifo|                   write_addr_stream|       pointer|
|write_addr_stream_full_n                     |   in|     1|     ap_fifo|                   write_addr_stream|       pointer|
|write_addr_stream_write                      |  out|     1|     ap_fifo|                   write_addr_stream|       pointer|
|L3_bitmap_read                               |   in|   512|     ap_none|                      L3_bitmap_read|        scalar|
|L2_bitmap_i                                  |   in|   512|     ap_ovld|                           L2_bitmap|       pointer|
|L2_bitmap_o                                  |  out|   512|     ap_ovld|                           L2_bitmap|       pointer|
|L2_bitmap_o_ap_vld                           |  out|     1|     ap_ovld|                           L2_bitmap|       pointer|
|L1_bitmap_read                               |   in|   512|     ap_none|                      L1_bitmap_read|        scalar|
|L0_bitmap_read                               |   in|   512|     ap_none|                      L0_bitmap_read|        scalar|
|initial_processed_voxels_constprop_i         |   in|    32|     ap_ovld|  initial_processed_voxels_constprop|       pointer|
|initial_processed_voxels_constprop_o         |  out|    32|     ap_ovld|  initial_processed_voxels_constprop|       pointer|
|initial_processed_voxels_constprop_o_ap_vld  |  out|     1|     ap_ovld|  initial_processed_voxels_constprop|       pointer|
+---------------------------------------------+-----+------+------------+------------------------------------+--------------+

