

================================================================
== Vitis HLS Report for 'Loop_VITIS_LOOP_209_5_proc'
================================================================
* Date:           Sat Sep  6 21:19:59 2025

* Version:        2024.2 (Build 5238294 on Nov  8 2024)
* Project:        ocnn6_net
* Solution:       solution1 (Vivado IP Flow Target)
* Product family: virtexuplus
* Target device:  xcu250-figd2104-2L-e


================================================================
== Performance Estimates
================================================================
+ Timing: 
    * Summary: 
    +--------+---------+----------+------------+
    |  Clock |  Target | Estimated| Uncertainty|
    +--------+---------+----------+------------+
    |ap_clk  |  3.33 ns|  2.386 ns|     0.90 ns|
    +--------+---------+----------+------------+

+ Latency: 
    * Summary: 
    +---------+---------+----------+----------+-----+-----+---------+
    |  Latency (cycles) |  Latency (absolute) |  Interval | Pipeline|
    |   min   |   max   |    min   |    max   | min | max |   Type  |
    +---------+---------+----------+----------+-----+-----+---------+
    |        2|      514|  6.660 ns|  1.712 us|    2|  514|       no|
    +---------+---------+----------+----------+-----+-----+---------+

    + Detail: 
        * Instance: 
        N/A

        * Loop: 
        +--------------------+---------+---------+----------+-----------+-----------+---------+----------+
        |                    |  Latency (cycles) | Iteration|  Initiation Interval  |   Trip  |          |
        |      Loop Name     |   min   |   max   |  Latency |  achieved |   target  |  Count  | Pipelined|
        +--------------------+---------+---------+----------+-----------+-----------+---------+----------+
        |- VITIS_LOOP_209_5  |        0|      512|         2|          1|          1|  0 ~ 512|       yes|
        +--------------------+---------+---------+----------+-----------+-----------+---------+----------+



================================================================
== Utilization Estimates
================================================================
* Summary: 
+---------------------+---------+-------+---------+---------+------+
|         Name        | BRAM_18K|  DSP  |    FF   |   LUT   | URAM |
+---------------------+---------+-------+---------+---------+------+
|DSP                  |        -|      -|        -|        -|     -|
|Expression           |        -|      -|        0|       83|     -|
|FIFO                 |        -|      -|        -|        -|     -|
|Instance             |        -|      -|        -|        -|     -|
|Memory               |        -|      -|        -|        -|     -|
|Multiplexer          |        -|      -|        0|       79|     -|
|Register             |        -|      -|       35|        -|     -|
+---------------------+---------+-------+---------+---------+------+
|Total                |        0|      0|       35|      162|     0|
+---------------------+---------+-------+---------+---------+------+
|Available SLR        |     1344|   3072|   864000|   432000|   320|
+---------------------+---------+-------+---------+---------+------+
|Utilization SLR (%)  |        0|      0|       ~0|       ~0|     0|
+---------------------+---------+-------+---------+---------+------+
|Available            |     5376|  12288|  3456000|  1728000|  1280|
+---------------------+---------+-------+---------+---------+------+
|Utilization (%)      |        0|      0|       ~0|       ~0|     0|
+---------------------+---------+-------+---------+---------+------+

+ Detail: 
    * Instance: 
    N/A

    * DSP: 
    N/A

    * Memory: 
    N/A

    * FIFO: 
    N/A

    * Expression: 
    +--------------------------------+----------+----+---+----+------------+------------+
    |          Variable Name         | Operation| DSP| FF| LUT| Bitwidth P0| Bitwidth P1|
    +--------------------------------+----------+----+---+----+------------+------------+
    |v_3_fu_124_p2                   |         +|   0|  0|  17|          10|           1|
    |ap_block_pp0_stage0_01001_grp1  |       and|   0|  0|   2|           1|           1|
    |icmp_fu_97_p2                   |      icmp|   0|  0|  30|          23|           1|
    |icmp_ln209_fu_119_p2            |      icmp|   0|  0|  17|          10|          10|
    |ap_block_state1                 |        or|   0|  0|   2|           1|           1|
    |select_ln209_fu_103_p3          |    select|   0|  0|  11|           1|          10|
    |ap_enable_pp0                   |       xor|   0|  0|   2|           1|           2|
    |ap_enable_reg_pp0_iter1         |       xor|   0|  0|   2|           2|           1|
    +--------------------------------+----------+----+---+----+------------+------------+
    |Total                           |          |   0|  0|  83|          49|          27|
    +--------------------------------+----------+----+---+----+------------+------------+

    * Multiplexer: 
    +-----------------------------------------+----+-----------+-----+-----------+
    |                   Name                  | LUT| Input Size| Bits| Total Bits|
    +-----------------------------------------+----+-----------+-----+-----------+
    |ap_NS_fsm                                |  20|          4|    1|          4|
    |ap_done                                  |   9|          2|    1|          2|
    |ap_enable_reg_pp0_iter1                  |  14|          3|    1|          3|
    |current_morton_list_blk_n                |   9|          2|    1|          2|
    |pruned_voxel_count_0_reload_loc_blk_n    |   9|          2|    1|          2|
    |pruned_voxel_count_0_reload_loc_c_blk_n  |   9|          2|    1|          2|
    |v_fu_58                                  |   9|          2|   10|         20|
    +-----------------------------------------+----+-----------+-----+-----------+
    |Total                                    |  79|         17|   16|         35|
    +-----------------------------------------+----+-----------+-----+-----------+

    * Register: 
    +-------------------------+----+----+-----+-----------+
    |           Name          | FF | LUT| Bits| Const Bits|
    +-------------------------+----+----+-----+-----------+
    |ap_CS_fsm                |   3|   0|    3|          0|
    |ap_done_reg              |   1|   0|    1|          0|
    |ap_enable_reg_pp0_iter0  |   1|   0|    1|          0|
    |ap_enable_reg_pp0_iter1  |   1|   0|    1|          0|
    |select_ln209_reg_146     |  10|   0|   10|          0|
    |trunc_ln210_reg_154      |   9|   0|    9|          0|
    |v_fu_58                  |  10|   0|   10|          0|
    +-------------------------+----+----+-----+-----------+
    |Total                    |  35|   0|   35|          0|
    +-------------------------+----+----+-----+-----------+



================================================================
== Interface
================================================================
* Summary: 
+--------------------------------------------------+-----+-----+------------+-----------------------------------+--------------+
|                     RTL Ports                    | Dir | Bits|  Protocol  |           Source Object           |    C Type    |
+--------------------------------------------------+-----+-----+------------+-----------------------------------+--------------+
|ap_clk                                            |   in|    1|  ap_ctrl_hs|         Loop_VITIS_LOOP_209_5_proc|  return value|
|ap_rst                                            |   in|    1|  ap_ctrl_hs|         Loop_VITIS_LOOP_209_5_proc|  return value|
|ap_start                                          |   in|    1|  ap_ctrl_hs|         Loop_VITIS_LOOP_209_5_proc|  return value|
|ap_done                                           |  out|    1|  ap_ctrl_hs|         Loop_VITIS_LOOP_209_5_proc|  return value|
|ap_continue                                       |   in|    1|  ap_ctrl_hs|         Loop_VITIS_LOOP_209_5_proc|  return value|
|ap_idle                                           |  out|    1|  ap_ctrl_hs|         Loop_VITIS_LOOP_209_5_proc|  return value|
|ap_ready                                          |  out|    1|  ap_ctrl_hs|         Loop_VITIS_LOOP_209_5_proc|  return value|
|pruned_voxel_count_0_reload_loc_dout              |   in|   32|     ap_fifo|    pruned_voxel_count_0_reload_loc|       pointer|
|pruned_voxel_count_0_reload_loc_empty_n           |   in|    1|     ap_fifo|    pruned_voxel_count_0_reload_loc|       pointer|
|pruned_voxel_count_0_reload_loc_read              |  out|    1|     ap_fifo|    pruned_voxel_count_0_reload_loc|       pointer|
|pruned_voxel_count_0_reload_loc_num_data_valid    |   in|   11|     ap_fifo|    pruned_voxel_count_0_reload_loc|       pointer|
|pruned_voxel_count_0_reload_loc_fifo_cap          |   in|   11|     ap_fifo|    pruned_voxel_count_0_reload_loc|       pointer|
|current_morton_list_din                           |  out|    9|     ap_fifo|                current_morton_list|       pointer|
|current_morton_list_full_n                        |   in|    1|     ap_fifo|                current_morton_list|       pointer|
|current_morton_list_write                         |  out|    1|     ap_fifo|                current_morton_list|       pointer|
|current_morton_list_num_data_valid                |   in|   11|     ap_fifo|                current_morton_list|       pointer|
|current_morton_list_fifo_cap                      |   in|   11|     ap_fifo|                current_morton_list|       pointer|
|pruned_voxel_count_0_reload_loc_c_din             |  out|   32|     ap_fifo|  pruned_voxel_count_0_reload_loc_c|       pointer|
|pruned_voxel_count_0_reload_loc_c_full_n          |   in|    1|     ap_fifo|  pruned_voxel_count_0_reload_loc_c|       pointer|
|pruned_voxel_count_0_reload_loc_c_write           |  out|    1|     ap_fifo|  pruned_voxel_count_0_reload_loc_c|       pointer|
|pruned_voxel_count_0_reload_loc_c_num_data_valid  |   in|   11|     ap_fifo|  pruned_voxel_count_0_reload_loc_c|       pointer|
|pruned_voxel_count_0_reload_loc_c_fifo_cap        |   in|   11|     ap_fifo|  pruned_voxel_count_0_reload_loc_c|       pointer|
+--------------------------------------------------+-----+-----+------------+-----------------------------------+--------------+

