In file included from complete_pipeline.cpp:1:
In file included from ./complete_pipeline.h:3:
In file included from ./streaming_bitmap_constructor.h:3:
In file included from ./octree_bitmap.h:5:
./octree_master.h:141:9: warning: HLS pragma dump _XLX_SEP_ PragmaIsValid=1_XLX_SEP_ PragmaType=inline_XLX_SEP_ PragmaContext=_XLX_SEP_ PragmaFunction=get_bit_XLX_SEP_ PragmaOptions=_XLX_SEP_ [-Wdump-hls-pragmas]
#pragma HLS INLINE
        ^
./octree_master.h:148:9: warning: HLS pragma dump _XLX_SEP_ PragmaIsValid=1_XLX_SEP_ PragmaType=inline_XLX_SEP_ PragmaContext=_XLX_SEP_ PragmaFunction=set_bit_XLX_SEP_ PragmaOptions=_XLX_SEP_ [-Wdump-hls-pragmas]
#pragma HLS INLINE
        ^
./octree_master.h:155:9: warning: HLS pragma dump _XLX_SEP_ PragmaIsValid=1_XLX_SEP_ PragmaType=inline_XLX_SEP_ PragmaContext=_XLX_SEP_ PragmaFunction=coord_to_idx_XLX_SEP_ PragmaOptions=_XLX_SEP_ [-Wdump-hls-pragmas]
#pragma HLS INLINE
        ^
./octree_master.h:160:9: warning: HLS pragma dump _XLX_SEP_ PragmaIsValid=1_XLX_SEP_ PragmaType=inline_XLX_SEP_ PragmaContext=_XLX_SEP_ PragmaFunction=part1by2_XLX_SEP_ PragmaOptions=_XLX_SEP_ [-Wdump-hls-pragmas]
#pragma HLS INLINE
        ^
./octree_master.h:171:9: warning: HLS pragma dump _XLX_SEP_ PragmaIsValid=1_XLX_SEP_ PragmaType=inline_XLX_SEP_ PragmaContext=_XLX_SEP_ PragmaFunction=morton3D_XLX_SEP_ PragmaOptions=_XLX_SEP_ [-Wdump-hls-pragmas]
#pragma HLS INLINE
        ^
./octree_master.h:177:9: warning: HLS pragma dump _XLX_SEP_ PragmaIsValid=1_XLX_SEP_ PragmaType=inline_XLX_SEP_ PragmaContext=_XLX_SEP_ PragmaFunction=morton_decode_XLX_SEP_ PragmaOptions=_XLX_SEP_ [-Wdump-hls-pragmas]
#pragma HLS INLINE
        ^
./octree_master.h:183:9: warning: HLS pragma dump _XLX_SEP_ PragmaIsValid=1_XLX_SEP_ PragmaType=unroll_XLX_SEP_ PragmaContext=_XLX_SEP_ PragmaFunction=morton_decode_XLX_SEP_ PragmaOptions=_XLX_SEP_ [-Wdump-hls-pragmas]
#pragma HLS UNROLL
        ^
./octree_master.h:212:9: warning: HLS pragma dump _XLX_SEP_ PragmaIsValid=1_XLX_SEP_ PragmaType=inline_XLX_SEP_ PragmaContext=_XLX_SEP_ PragmaFunction=l2_idx_to_coords_XLX_SEP_ PragmaOptions=_XLX_SEP_ [-Wdump-hls-pragmas]
#pragma HLS INLINE
        ^
./octree_master.h:219:9: warning: HLS pragma dump _XLX_SEP_ PragmaIsValid=1_XLX_SEP_ PragmaType=inline_XLX_SEP_ PragmaContext=_XLX_SEP_ PragmaFunction=l1_local_to_coords_XLX_SEP_ PragmaOptions=_XLX_SEP_ [-Wdump-hls-pragmas]
#pragma HLS INLINE
        ^
./octree_master.h:226:9: warning: HLS pragma dump _XLX_SEP_ PragmaIsValid=1_XLX_SEP_ PragmaType=inline_XLX_SEP_ PragmaContext=_XLX_SEP_ PragmaFunction=l0_local_to_coords_XLX_SEP_ PragmaOptions=_XLX_SEP_ [-Wdump-hls-pragmas]
#pragma HLS INLINE
        ^
./octree_master.h:261:9: warning: HLS pragma dump _XLX_SEP_ PragmaIsValid=1_XLX_SEP_ PragmaType=inline_XLX_SEP_ PragmaContext=_XLX_SEP_ PragmaFunction=extract_morton_address_XLX_SEP_ PragmaOptions=_XLX_SEP_ [-Wdump-hls-pragmas]
#pragma HLS INLINE
        ^
./octree_master.h:271:9: warning: HLS pragma dump _XLX_SEP_ PragmaIsValid=1_XLX_SEP_ PragmaType=inline_XLX_SEP_ PragmaContext=_XLX_SEP_ PragmaFunction=morton_to_dram_address_XLX_SEP_ PragmaOptions=_XLX_SEP_ [-Wdump-hls-pragmas]
#pragma HLS INLINE
        ^
In file included from complete_pipeline.cpp:1:
In file included from ./complete_pipeline.h:3:
In file included from ./streaming_bitmap_constructor.h:3:
./octree_bitmap.h:26:9: warning: HLS pragma dump _XLX_SEP_ PragmaIsValid=1_XLX_SEP_ PragmaType=inline_XLX_SEP_ PragmaContext=_XLX_SEP_ PragmaFunction=linear_to_3d_XLX_SEP_ PragmaOptions=_XLX_SEP_ [-Wdump-hls-pragmas]
#pragma HLS INLINE
        ^
./octree_bitmap.h:33:9: warning: HLS pragma dump _XLX_SEP_ PragmaIsValid=1_XLX_SEP_ PragmaType=inline_XLX_SEP_ PragmaContext=_XLX_SEP_ PragmaFunction=coord_3d_to_linear_XLX_SEP_ PragmaOptions=_XLX_SEP_ [-Wdump-hls-pragmas]
#pragma HLS INLINE
        ^
./octree_bitmap.h:39:9: warning: HLS pragma dump _XLX_SEP_ PragmaIsValid=1_XLX_SEP_ PragmaType=inline_XLX_SEP_ PragmaContext=_XLX_SEP_ PragmaFunction=get_child_block_indices_XLX_SEP_ PragmaOptions=_XLX_SEP_ [-Wdump-hls-pragmas]
#pragma HLS INLINE
        ^
./octree_bitmap.h:47:9: warning: HLS pragma dump _XLX_SEP_ PragmaIsValid=1_XLX_SEP_ PragmaType=unroll_XLX_SEP_ PragmaContext=_XLX_SEP_ PragmaFunction=get_child_block_indices_XLX_SEP_ PragmaOptions=_XLX_SEP_ [-Wdump-hls-pragmas]
#pragma HLS UNROLL
        ^
In file included from complete_pipeline.cpp:1:
In file included from ./complete_pipeline.h:6:
./feature_buffer.h:22:9: warning: HLS pragma dump _XLX_SEP_ PragmaIsValid=1_XLX_SEP_ PragmaType=inline_XLX_SEP_ PragmaContext=_XLX_SEP_ PragmaFunction=check_neighbor_exists_XLX_SEP_ PragmaOptions=_XLX_SEP_ [-Wdump-hls-pragmas]
#pragma HLS INLINE
        ^
In file included from complete_pipeline.cpp:1:
In file included from ./complete_pipeline.h:7:
./systolic_array.h:128:9: warning: HLS pragma dump _XLX_SEP_ PragmaIsValid=1_XLX_SEP_ PragmaType=inline_XLX_SEP_ PragmaContext=_XLX_SEP_ PragmaFunction=hw_multiply_XLX_SEP_ PragmaOptions=_XLX_SEP_ [-Wdump-hls-pragmas]
#pragma HLS INLINE
        ^
./systolic_array.h:133:9: warning: HLS pragma dump _XLX_SEP_ PragmaIsValid=1_XLX_SEP_ PragmaType=inline_XLX_SEP_ PragmaContext=_XLX_SEP_ PragmaFunction=hw_add_XLX_SEP_ PragmaOptions=_XLX_SEP_ [-Wdump-hls-pragmas]
#pragma HLS INLINE
        ^
complete_pipeline.cpp:32:9: warning: HLS pragma dump _XLX_SEP_ PragmaIsValid=1_XLX_SEP_ PragmaType=inline_XLX_SEP_ PragmaContext=_XLX_SEP_ PragmaFunction=event_driven_systolic_array_with_triggers_XLX_SEP_ PragmaOptions=off_XLX_SEP_ [-Wdump-hls-pragmas]
#pragma HLS INLINE off
        ^
complete_pipeline.cpp:21:24: warning: unused parameter 'access_pointers' [-Wunused-parameter]
    StreamingPointers &access_pointers,
                       ^
complete_pipeline.cpp:110:9: warning: HLS pragma dump _XLX_SEP_ PragmaIsValid=1_XLX_SEP_ PragmaType=inline_XLX_SEP_ PragmaContext=_XLX_SEP_ PragmaFunction=find_feature_index_XLX_SEP_ PragmaOptions=off_XLX_SEP_ [-Wdump-hls-pragmas]
#pragma HLS INLINE off
        ^
complete_pipeline.cpp:113:9: warning: HLS pragma dump _XLX_SEP_ PragmaIsValid=1_XLX_SEP_ PragmaType=pipeline_XLX_SEP_ PragmaContext=_XLX_SEP_ PragmaFunction=find_feature_index_XLX_SEP_ PragmaOptions=II = 1_XLX_SEP_ [-Wdump-hls-pragmas]
#pragma HLS PIPELINE II = 1
        ^
complete_pipeline.cpp:140:9: warning: HLS pragma dump _XLX_SEP_ PragmaIsValid=1_XLX_SEP_ PragmaType=inline_XLX_SEP_ PragmaContext=_XLX_SEP_ PragmaFunction=pipeline_bitmap_stage_XLX_SEP_ PragmaOptions=off_XLX_SEP_ [-Wdump-hls-pragmas]
#pragma HLS INLINE off
        ^
complete_pipeline.cpp:141:9: warning: HLS pragma dump _XLX_SEP_ PragmaIsValid=1_XLX_SEP_ PragmaType=interface_XLX_SEP_ PragmaContext=_XLX_SEP_ PragmaFunction=pipeline_bitmap_stage_XLX_SEP_ PragmaOptions=axis port = voxel_in_XLX_SEP_ [-Wdump-hls-pragmas]
#pragma HLS INTERFACE axis port = voxel_in
        ^
complete_pipeline.cpp:142:9: warning: HLS pragma dump _XLX_SEP_ PragmaIsValid=1_XLX_SEP_ PragmaType=interface_XLX_SEP_ PragmaContext=_XLX_SEP_ PragmaFunction=pipeline_bitmap_stage_XLX_SEP_ PragmaOptions=axis port = feature_data_out_XLX_SEP_ [-Wdump-hls-pragmas]
#pragma HLS INTERFACE axis port = feature_data_out
        ^
complete_pipeline.cpp:143:9: warning: HLS pragma dump _XLX_SEP_ PragmaIsValid=1_XLX_SEP_ PragmaType=interface_XLX_SEP_ PragmaContext=_XLX_SEP_ PragmaFunction=pipeline_bitmap_stage_XLX_SEP_ PragmaOptions=axis port = write_addr_out_XLX_SEP_ [-Wdump-hls-pragmas]
#pragma HLS INTERFACE axis port = write_addr_out
        ^
complete_pipeline.cpp:144:9: warning: HLS pragma dump _XLX_SEP_ PragmaIsValid=1_XLX_SEP_ PragmaType=interface_XLX_SEP_ PragmaContext=_XLX_SEP_ PragmaFunction=pipeline_bitmap_stage_XLX_SEP_ PragmaOptions=axis port = retained_blocks_out_XLX_SEP_ [-Wdump-hls-pragmas]
#pragma HLS INTERFACE axis port = retained_blocks_out
        ^
complete_pipeline.cpp:145:9: warning: HLS pragma dump _XLX_SEP_ PragmaIsValid=1_XLX_SEP_ PragmaType=interface_XLX_SEP_ PragmaContext=_XLX_SEP_ PragmaFunction=pipeline_bitmap_stage_XLX_SEP_ PragmaOptions=axis port = early_trigger_out_XLX_SEP_ [-Wdump-hls-pragmas]
#pragma HLS INTERFACE axis port = early_trigger_out
        ^
complete_pipeline.cpp:146:9: warning: HLS pragma dump _XLX_SEP_ PragmaIsValid=1_XLX_SEP_ PragmaType=interface_XLX_SEP_ PragmaContext=_XLX_SEP_ PragmaFunction=pipeline_bitmap_stage_XLX_SEP_ PragmaOptions=bram port = L3_bitmap_XLX_SEP_ [-Wdump-hls-pragmas]
#pragma HLS INTERFACE bram port = L3_bitmap
        ^
complete_pipeline.cpp:147:9: warning: HLS pragma dump _XLX_SEP_ PragmaIsValid=1_XLX_SEP_ PragmaType=interface_XLX_SEP_ PragmaContext=_XLX_SEP_ PragmaFunction=pipeline_bitmap_stage_XLX_SEP_ PragmaOptions=bram port = L2_bitmap_pruned_XLX_SEP_ [-Wdump-hls-pragmas]
#pragma HLS INTERFACE bram port = L2_bitmap_pruned
        ^
complete_pipeline.cpp:148:9: warning: HLS pragma dump _XLX_SEP_ PragmaIsValid=1_XLX_SEP_ PragmaType=interface_XLX_SEP_ PragmaContext=_XLX_SEP_ PragmaFunction=pipeline_bitmap_stage_XLX_SEP_ PragmaOptions=bram port = L1_bitmap_pruned_XLX_SEP_ [-Wdump-hls-pragmas]
#pragma HLS INTERFACE bram port = L1_bitmap_pruned
        ^
complete_pipeline.cpp:149:9: warning: HLS pragma dump _XLX_SEP_ PragmaIsValid=1_XLX_SEP_ PragmaType=interface_XLX_SEP_ PragmaContext=_XLX_SEP_ PragmaFunction=pipeline_bitmap_stage_XLX_SEP_ PragmaOptions=bram port = L0_bitmap_pruned_XLX_SEP_ [-Wdump-hls-pragmas]
#pragma HLS INTERFACE bram port = L0_bitmap_pruned
        ^
complete_pipeline.cpp:184:9: warning: HLS pragma dump _XLX_SEP_ PragmaIsValid=1_XLX_SEP_ PragmaType=inline_XLX_SEP_ PragmaContext=_XLX_SEP_ PragmaFunction=pipeline_feature_stage_XLX_SEP_ PragmaOptions=off_XLX_SEP_ [-Wdump-hls-pragmas]
#pragma HLS INLINE off
        ^
complete_pipeline.cpp:185:9: warning: HLS pragma dump _XLX_SEP_ PragmaIsValid=1_XLX_SEP_ PragmaType=interface_XLX_SEP_ PragmaContext=_XLX_SEP_ PragmaFunction=pipeline_feature_stage_XLX_SEP_ PragmaOptions=axis port = feature_data_in_XLX_SEP_ [-Wdump-hls-pragmas]
#pragma HLS INTERFACE axis port = feature_data_in
        ^
complete_pipeline.cpp:186:9: warning: HLS pragma dump _XLX_SEP_ PragmaIsValid=1_XLX_SEP_ PragmaType=interface_XLX_SEP_ PragmaContext=_XLX_SEP_ PragmaFunction=pipeline_feature_stage_XLX_SEP_ PragmaOptions=axis port = morton_addrs_in_XLX_SEP_ [-Wdump-hls-pragmas]
#pragma HLS INTERFACE axis port = morton_addrs_in
        ^
complete_pipeline.cpp:187:9: warning: HLS pragma dump _XLX_SEP_ PragmaIsValid=1_XLX_SEP_ PragmaType=interface_XLX_SEP_ PragmaContext=_XLX_SEP_ PragmaFunction=pipeline_feature_stage_XLX_SEP_ PragmaOptions=axis port = mem_requests_out_XLX_SEP_ [-Wdump-hls-pragmas]
#pragma HLS INTERFACE axis port = mem_requests_out
        ^
complete_pipeline.cpp:202:9: warning: HLS pragma dump _XLX_SEP_ PragmaIsValid=1_XLX_SEP_ PragmaType=pipeline_XLX_SEP_ PragmaContext=_XLX_SEP_ PragmaFunction=pipeline_feature_stage_XLX_SEP_ PragmaOptions=II = 1_XLX_SEP_ [-Wdump-hls-pragmas]
#pragma HLS PIPELINE II = 1
        ^
complete_pipeline.cpp:291:9: warning: HLS pragma dump _XLX_SEP_ PragmaIsValid=1_XLX_SEP_ PragmaType=inline_XLX_SEP_ PragmaContext=_XLX_SEP_ PragmaFunction=pipeline_morton_stage_XLX_SEP_ PragmaOptions=off_XLX_SEP_ [-Wdump-hls-pragmas]
#pragma HLS INLINE off
        ^
complete_pipeline.cpp:292:9: warning: HLS pragma dump _XLX_SEP_ PragmaIsValid=1_XLX_SEP_ PragmaType=interface_XLX_SEP_ PragmaContext=_XLX_SEP_ PragmaFunction=pipeline_morton_stage_XLX_SEP_ PragmaOptions=axis port = mem_requests_in_XLX_SEP_ [-Wdump-hls-pragmas]
#pragma HLS INTERFACE axis port = mem_requests_in
        ^
complete_pipeline.cpp:293:9: warning: HLS pragma dump _XLX_SEP_ PragmaIsValid=1_XLX_SEP_ PragmaType=interface_XLX_SEP_ PragmaContext=_XLX_SEP_ PragmaFunction=pipeline_morton_stage_XLX_SEP_ PragmaOptions=axis port = retained_blocks_in_XLX_SEP_ [-Wdump-hls-pragmas]
#pragma HLS INTERFACE axis port = retained_blocks_in
        ^
complete_pipeline.cpp:294:9: warning: HLS pragma dump _XLX_SEP_ PragmaIsValid=1_XLX_SEP_ PragmaType=interface_XLX_SEP_ PragmaContext=_XLX_SEP_ PragmaFunction=pipeline_morton_stage_XLX_SEP_ PragmaOptions=axis port = trigger_out_XLX_SEP_ [-Wdump-hls-pragmas]
#pragma HLS INTERFACE axis port = trigger_out
        ^
complete_pipeline.cpp:295:9: warning: HLS pragma dump _XLX_SEP_ PragmaIsValid=1_XLX_SEP_ PragmaType=interface_XLX_SEP_ PragmaContext=_XLX_SEP_ PragmaFunction=pipeline_morton_stage_XLX_SEP_ PragmaOptions=axis port = response_in_XLX_SEP_ [-Wdump-hls-pragmas]
#pragma HLS INTERFACE axis port = response_in
        ^
complete_pipeline.cpp:296:9: warning: HLS pragma dump _XLX_SEP_ PragmaIsValid=1_XLX_SEP_ PragmaType=interface_XLX_SEP_ PragmaContext=_XLX_SEP_ PragmaFunction=pipeline_morton_stage_XLX_SEP_ PragmaOptions=axis port = bitmap_interface_out_XLX_SEP_ [-Wdump-hls-pragmas]
#pragma HLS INTERFACE axis port = bitmap_interface_out
        ^
complete_pipeline.cpp:297:9: warning: HLS pragma dump _XLX_SEP_ PragmaIsValid=1_XLX_SEP_ PragmaType=interface_XLX_SEP_ PragmaContext=_XLX_SEP_ PragmaFunction=pipeline_morton_stage_XLX_SEP_ PragmaOptions=axis port = mem_response_out_XLX_SEP_ [-Wdump-hls-pragmas]
#pragma HLS INTERFACE axis port = mem_response_out
        ^
complete_pipeline.cpp:298:9: warning: HLS pragma dump _XLX_SEP_ PragmaIsValid=1_XLX_SEP_ PragmaType=interface_XLX_SEP_ PragmaContext=_XLX_SEP_ PragmaFunction=pipeline_morton_stage_XLX_SEP_ PragmaOptions=m_axi port = feature_dram bundle = gmem_morton max_write_burst_length = 256 num_write_outstanding = 32_XLX_SEP_ [-Wdump-hls-pragmas]
#pragma HLS INTERFACE m_axi port = feature_dram bundle = gmem_morton max_write_burst_length = 256 num_write_outstanding = 32
        ^
complete_pipeline.cpp:300:9: warning: HLS pragma dump _XLX_SEP_ PragmaIsValid=1_XLX_SEP_ PragmaType=interface_XLX_SEP_ PragmaContext=_XLX_SEP_ PragmaFunction=pipeline_morton_stage_XLX_SEP_ PragmaOptions=bram port = L3_bitmap_XLX_SEP_ [-Wdump-hls-pragmas]
#pragma HLS INTERFACE bram port = L3_bitmap
        ^
complete_pipeline.cpp:301:9: warning: HLS pragma dump _XLX_SEP_ PragmaIsValid=1_XLX_SEP_ PragmaType=interface_XLX_SEP_ PragmaContext=_XLX_SEP_ PragmaFunction=pipeline_morton_stage_XLX_SEP_ PragmaOptions=bram port = L2_bitmap_pruned_XLX_SEP_ [-Wdump-hls-pragmas]
#pragma HLS INTERFACE bram port = L2_bitmap_pruned
        ^
complete_pipeline.cpp:302:9: warning: HLS pragma dump _XLX_SEP_ PragmaIsValid=1_XLX_SEP_ PragmaType=interface_XLX_SEP_ PragmaContext=_XLX_SEP_ PragmaFunction=pipeline_morton_stage_XLX_SEP_ PragmaOptions=bram port = L1_bitmap_pruned_XLX_SEP_ [-Wdump-hls-pragmas]
#pragma HLS INTERFACE bram port = L1_bitmap_pruned
        ^
complete_pipeline.cpp:303:9: warning: HLS pragma dump _XLX_SEP_ PragmaIsValid=1_XLX_SEP_ PragmaType=interface_XLX_SEP_ PragmaContext=_XLX_SEP_ PragmaFunction=pipeline_morton_stage_XLX_SEP_ PragmaOptions=bram port = L0_bitmap_pruned_XLX_SEP_ [-Wdump-hls-pragmas]
#pragma HLS INTERFACE bram port = L0_bitmap_pruned
        ^
complete_pipeline.cpp:362:9: warning: HLS pragma dump _XLX_SEP_ PragmaIsValid=1_XLX_SEP_ PragmaType=inline_XLX_SEP_ PragmaContext=_XLX_SEP_ PragmaFunction=pipeline_convolution_stage_XLX_SEP_ PragmaOptions=off_XLX_SEP_ [-Wdump-hls-pragmas]
#pragma HLS INLINE off
        ^
complete_pipeline.cpp:363:9: warning: HLS pragma dump _XLX_SEP_ PragmaIsValid=1_XLX_SEP_ PragmaType=interface_XLX_SEP_ PragmaContext=_XLX_SEP_ PragmaFunction=pipeline_convolution_stage_XLX_SEP_ PragmaOptions=axis port = trigger_in_XLX_SEP_ [-Wdump-hls-pragmas]
#pragma HLS INTERFACE axis port = trigger_in
        ^
complete_pipeline.cpp:364:9: warning: HLS pragma dump _XLX_SEP_ PragmaIsValid=1_XLX_SEP_ PragmaType=interface_XLX_SEP_ PragmaContext=_XLX_SEP_ PragmaFunction=pipeline_convolution_stage_XLX_SEP_ PragmaOptions=axis port = response_out_XLX_SEP_ [-Wdump-hls-pragmas]
#pragma HLS INTERFACE axis port = response_out
        ^
complete_pipeline.cpp:365:9: warning: HLS pragma dump _XLX_SEP_ PragmaIsValid=1_XLX_SEP_ PragmaType=interface_XLX_SEP_ PragmaContext=_XLX_SEP_ PragmaFunction=pipeline_convolution_stage_XLX_SEP_ PragmaOptions=axis port = early_trigger_in_XLX_SEP_ [-Wdump-hls-pragmas]
#pragma HLS INTERFACE axis port = early_trigger_in
        ^
complete_pipeline.cpp:366:9: warning: HLS pragma dump _XLX_SEP_ PragmaIsValid=1_XLX_SEP_ PragmaType=interface_XLX_SEP_ PragmaContext=_XLX_SEP_ PragmaFunction=pipeline_convolution_stage_XLX_SEP_ PragmaOptions=axis port = bitmap_interface_in_XLX_SEP_ [-Wdump-hls-pragmas]
#pragma HLS INTERFACE axis port = bitmap_interface_in
        ^
complete_pipeline.cpp:367:9: warning: HLS pragma dump _XLX_SEP_ PragmaIsValid=1_XLX_SEP_ PragmaType=interface_XLX_SEP_ PragmaContext=_XLX_SEP_ PragmaFunction=pipeline_convolution_stage_XLX_SEP_ PragmaOptions=axis port = mem_response_in_XLX_SEP_ [-Wdump-hls-pragmas]
#pragma HLS INTERFACE axis port = mem_response_in
        ^
complete_pipeline.cpp:368:9: warning: HLS pragma dump _XLX_SEP_ PragmaIsValid=1_XLX_SEP_ PragmaType=interface_XLX_SEP_ PragmaContext=_XLX_SEP_ PragmaFunction=pipeline_convolution_stage_XLX_SEP_ PragmaOptions=bram port = L3_bitmap_conv_XLX_SEP_ [-Wdump-hls-pragmas]
#pragma HLS INTERFACE bram port = L3_bitmap_conv
        ^
complete_pipeline.cpp:369:9: warning: HLS pragma dump _XLX_SEP_ PragmaIsValid=1_XLX_SEP_ PragmaType=interface_XLX_SEP_ PragmaContext=_XLX_SEP_ PragmaFunction=pipeline_convolution_stage_XLX_SEP_ PragmaOptions=bram port = L2_bitmap_pruned_conv_XLX_SEP_ [-Wdump-hls-pragmas]
#pragma HLS INTERFACE bram port = L2_bitmap_pruned_conv
        ^
complete_pipeline.cpp:370:9: warning: HLS pragma dump _XLX_SEP_ PragmaIsValid=1_XLX_SEP_ PragmaType=interface_XLX_SEP_ PragmaContext=_XLX_SEP_ PragmaFunction=pipeline_convolution_stage_XLX_SEP_ PragmaOptions=bram port = L1_bitmap_pruned_conv_XLX_SEP_ [-Wdump-hls-pragmas]
#pragma HLS INTERFACE bram port = L1_bitmap_pruned_conv
        ^
complete_pipeline.cpp:371:9: warning: HLS pragma dump _XLX_SEP_ PragmaIsValid=1_XLX_SEP_ PragmaType=interface_XLX_SEP_ PragmaContext=_XLX_SEP_ PragmaFunction=pipeline_convolution_stage_XLX_SEP_ PragmaOptions=bram port = L0_bitmap_pruned_conv_XLX_SEP_ [-Wdump-hls-pragmas]
#pragma HLS INTERFACE bram port = L0_bitmap_pruned_conv
        ^
complete_pipeline.cpp:372:9: warning: HLS pragma dump _XLX_SEP_ PragmaIsValid=1_XLX_SEP_ PragmaType=interface_XLX_SEP_ PragmaContext=_XLX_SEP_ PragmaFunction=pipeline_convolution_stage_XLX_SEP_ PragmaOptions=m_axi port = feature_dram_read bundle = gmem_conv_read max_read_burst_length = 256 num_read_outstanding = 32_XLX_SEP_ [-Wdump-hls-pragmas]
#pragma HLS INTERFACE m_axi port = feature_dram_read bundle = gmem_conv_read max_read_burst_length = 256 num_read_outstanding = 32
        ^
complete_pipeline.cpp:374:9: warning: HLS pragma dump _XLX_SEP_ PragmaIsValid=1_XLX_SEP_ PragmaType=interface_XLX_SEP_ PragmaContext=_XLX_SEP_ PragmaFunction=pipeline_convolution_stage_XLX_SEP_ PragmaOptions=m_axi port = feature_dram_write bundle = gmem_conv_write max_write_burst_length = 256 num_write_outstanding = 32_XLX_SEP_ [-Wdump-hls-pragmas]
#pragma HLS INTERFACE m_axi port = feature_dram_write bundle = gmem_conv_write max_write_burst_length = 256 num_write_outstanding = 32
        ^
complete_pipeline.cpp:460:9: warning: HLS pragma dump _XLX_SEP_ PragmaIsValid=1_XLX_SEP_ PragmaType=stream_XLX_SEP_ PragmaContext=_XLX_SEP_ PragmaFunction=complete_octree_pipeline_XLX_SEP_ PragmaOptions=variable = morton_fifo depth = 2048_XLX_SEP_ [-Wdump-hls-pragmas]
#pragma HLS STREAM variable = morton_fifo depth = 2048
        ^
complete_pipeline.cpp:461:9: warning: HLS pragma dump _XLX_SEP_ PragmaIsValid=1_XLX_SEP_ PragmaType=interface_XLX_SEP_ PragmaContext=_XLX_SEP_ PragmaFunction=complete_octree_pipeline_XLX_SEP_ PragmaOptions=axis port = sensor_data_XLX_SEP_ [-Wdump-hls-pragmas]
#pragma HLS INTERFACE axis port = sensor_data
        ^
complete_pipeline.cpp:462:9: warning: HLS pragma dump _XLX_SEP_ PragmaIsValid=1_XLX_SEP_ PragmaType=interface_XLX_SEP_ PragmaContext=_XLX_SEP_ PragmaFunction=complete_octree_pipeline_XLX_SEP_ PragmaOptions=m_axi port = feature_dram_morton_write depth = 134217728 bundle = gmem_morton_write max_write_burst_length = 256 offset = slave_XLX_SEP_ [-Wdump-hls-pragmas]
#pragma HLS INTERFACE m_axi port = feature_dram_morton_write depth = 134217728 bundle = gmem_morton_write max_write_burst_length = 256 offset = slave
        ^
complete_pipeline.cpp:464:9: warning: HLS pragma dump _XLX_SEP_ PragmaIsValid=1_XLX_SEP_ PragmaType=interface_XLX_SEP_ PragmaContext=_XLX_SEP_ PragmaFunction=complete_octree_pipeline_XLX_SEP_ PragmaOptions=m_axi port = feature_dram_conv_read depth = 134217728 bundle = gmem_conv_read max_read_burst_length = 256 offset = slave_XLX_SEP_ [-Wdump-hls-pragmas]
#pragma HLS INTERFACE m_axi port = feature_dram_conv_read depth = 134217728 bundle = gmem_conv_read max_read_burst_length = 256 offset = slave
        ^
complete_pipeline.cpp:466:9: warning: HLS pragma dump _XLX_SEP_ PragmaIsValid=1_XLX_SEP_ PragmaType=interface_XLX_SEP_ PragmaContext=_XLX_SEP_ PragmaFunction=complete_octree_pipeline_XLX_SEP_ PragmaOptions=m_axi port = feature_dram_conv_write depth = 134217728 bundle = gmem_conv_write max_write_burst_length = 256 offset = slave_XLX_SEP_ [-Wdump-hls-pragmas]
#pragma HLS INTERFACE m_axi port = feature_dram_conv_write depth = 134217728 bundle = gmem_conv_write max_write_burst_length = 256 offset = slave
        ^
complete_pipeline.cpp:468:9: warning: HLS pragma dump _XLX_SEP_ PragmaIsValid=1_XLX_SEP_ PragmaType=interface_XLX_SEP_ PragmaContext=_XLX_SEP_ PragmaFunction=complete_octree_pipeline_XLX_SEP_ PragmaOptions=bram port = L3_bitmap_XLX_SEP_ [-Wdump-hls-pragmas]
#pragma HLS INTERFACE bram port = L3_bitmap
        ^
complete_pipeline.cpp:469:9: warning: HLS pragma dump _XLX_SEP_ PragmaIsValid=1_XLX_SEP_ PragmaType=interface_XLX_SEP_ PragmaContext=_XLX_SEP_ PragmaFunction=complete_octree_pipeline_XLX_SEP_ PragmaOptions=bram port = L2_bitmap_pruned_XLX_SEP_ [-Wdump-hls-pragmas]
#pragma HLS INTERFACE bram port = L2_bitmap_pruned
        ^
complete_pipeline.cpp:470:9: warning: HLS pragma dump _XLX_SEP_ PragmaIsValid=1_XLX_SEP_ PragmaType=interface_XLX_SEP_ PragmaContext=_XLX_SEP_ PragmaFunction=complete_octree_pipeline_XLX_SEP_ PragmaOptions=bram port = L1_bitmap_pruned_XLX_SEP_ [-Wdump-hls-pragmas]
#pragma HLS INTERFACE bram port = L1_bitmap_pruned
        ^
complete_pipeline.cpp:471:9: warning: HLS pragma dump _XLX_SEP_ PragmaIsValid=1_XLX_SEP_ PragmaType=interface_XLX_SEP_ PragmaContext=_XLX_SEP_ PragmaFunction=complete_octree_pipeline_XLX_SEP_ PragmaOptions=bram port = L0_bitmap_pruned_XLX_SEP_ [-Wdump-hls-pragmas]
#pragma HLS INTERFACE bram port = L0_bitmap_pruned
        ^
complete_pipeline.cpp:472:9: warning: HLS pragma dump _XLX_SEP_ PragmaIsValid=1_XLX_SEP_ PragmaType=interface_XLX_SEP_ PragmaContext=_XLX_SEP_ PragmaFunction=complete_octree_pipeline_XLX_SEP_ PragmaOptions=s_axilite port = start_XLX_SEP_ [-Wdump-hls-pragmas]
#pragma HLS INTERFACE s_axilite port = start
        ^
complete_pipeline.cpp:473:9: warning: HLS pragma dump _XLX_SEP_ PragmaIsValid=1_XLX_SEP_ PragmaType=interface_XLX_SEP_ PragmaContext=_XLX_SEP_ PragmaFunction=complete_octree_pipeline_XLX_SEP_ PragmaOptions=s_axilite port = done_XLX_SEP_ [-Wdump-hls-pragmas]
#pragma HLS INTERFACE s_axilite port = done
        ^
complete_pipeline.cpp:474:9: warning: HLS pragma dump _XLX_SEP_ PragmaIsValid=1_XLX_SEP_ PragmaType=interface_XLX_SEP_ PragmaContext=_XLX_SEP_ PragmaFunction=complete_octree_pipeline_XLX_SEP_ PragmaOptions=s_axilite port = return_XLX_SEP_ [-Wdump-hls-pragmas]
#pragma HLS INTERFACE s_axilite port = return
        ^
complete_pipeline.cpp:483:9: warning: HLS pragma dump _XLX_SEP_ PragmaIsValid=1_XLX_SEP_ PragmaType=stream_XLX_SEP_ PragmaContext=_XLX_SEP_ PragmaFunction=complete_octree_pipeline_XLX_SEP_ PragmaOptions=variable = feature_data_stream depth = 1024_XLX_SEP_ [-Wdump-hls-pragmas]
#pragma HLS STREAM variable = feature_data_stream depth = 1024
        ^
complete_pipeline.cpp:484:9: warning: HLS pragma dump _XLX_SEP_ PragmaIsValid=1_XLX_SEP_ PragmaType=stream_XLX_SEP_ PragmaContext=_XLX_SEP_ PragmaFunction=complete_octree_pipeline_XLX_SEP_ PragmaOptions=variable = morton_addrs_stream depth = 1024_XLX_SEP_ [-Wdump-hls-pragmas]
#pragma HLS STREAM variable = morton_addrs_stream depth = 1024
        ^
complete_pipeline.cpp:485:9: warning: HLS pragma dump _XLX_SEP_ PragmaIsValid=1_XLX_SEP_ PragmaType=stream_XLX_SEP_ PragmaContext=_XLX_SEP_ PragmaFunction=complete_octree_pipeline_XLX_SEP_ PragmaOptions=variable = retained_blocks_stream depth = 256_XLX_SEP_ [-Wdump-hls-pragmas]
#pragma HLS STREAM variable = retained_blocks_stream depth = 256
        ^
complete_pipeline.cpp:486:9: warning: HLS pragma dump _XLX_SEP_ PragmaIsValid=1_XLX_SEP_ PragmaType=stream_XLX_SEP_ PragmaContext=_XLX_SEP_ PragmaFunction=complete_octree_pipeline_XLX_SEP_ PragmaOptions=variable = mem_requests_stream depth = 512_XLX_SEP_ [-Wdump-hls-pragmas]
#pragma HLS STREAM variable = mem_requests_stream depth = 512
        ^
complete_pipeline.cpp:487:9: warning: HLS pragma dump _XLX_SEP_ PragmaIsValid=1_XLX_SEP_ PragmaType=stream_XLX_SEP_ PragmaContext=_XLX_SEP_ PragmaFunction=complete_octree_pipeline_XLX_SEP_ PragmaOptions=variable = early_trigger_stream depth = 64_XLX_SEP_ [-Wdump-hls-pragmas]
#pragma HLS STREAM variable = early_trigger_stream depth = 64
        ^
complete_pipeline.cpp:488:9: warning: HLS pragma dump _XLX_SEP_ PragmaIsValid=1_XLX_SEP_ PragmaType=stream_XLX_SEP_ PragmaContext=_XLX_SEP_ PragmaFunction=complete_octree_pipeline_XLX_SEP_ PragmaOptions=variable = bitmap_interface_stream depth = 32_XLX_SEP_ [-Wdump-hls-pragmas]
#pragma HLS STREAM variable = bitmap_interface_stream depth = 32
        ^
complete_pipeline.cpp:489:9: warning: HLS pragma dump _XLX_SEP_ PragmaIsValid=1_XLX_SEP_ PragmaType=stream_XLX_SEP_ PragmaContext=_XLX_SEP_ PragmaFunction=complete_octree_pipeline_XLX_SEP_ PragmaOptions=variable = mem_response_stream depth = 128_XLX_SEP_ [-Wdump-hls-pragmas]
#pragma HLS STREAM variable = mem_response_stream depth = 128
        ^
complete_pipeline.cpp:497:9: warning: HLS pragma dump _XLX_SEP_ PragmaIsValid=1_XLX_SEP_ PragmaType=bind_storage_XLX_SEP_ PragmaContext=_XLX_SEP_ PragmaFunction=complete_octree_pipeline_XLX_SEP_ PragmaOptions=variable = L3_bitmap_conv type = ram_2p impl = bram_XLX_SEP_ [-Wdump-hls-pragmas]
#pragma HLS BIND_STORAGE variable = L3_bitmap_conv type = ram_2p impl = bram
        ^
complete_pipeline.cpp:498:9: warning: HLS pragma dump _XLX_SEP_ PragmaIsValid=1_XLX_SEP_ PragmaType=bind_storage_XLX_SEP_ PragmaContext=_XLX_SEP_ PragmaFunction=complete_octree_pipeline_XLX_SEP_ PragmaOptions=variable = L2_bitmap_pruned_conv type = ram_2p impl = bram_XLX_SEP_ [-Wdump-hls-pragmas]
#pragma HLS BIND_STORAGE variable = L2_bitmap_pruned_conv type = ram_2p impl = bram
        ^
complete_pipeline.cpp:499:9: warning: HLS pragma dump _XLX_SEP_ PragmaIsValid=1_XLX_SEP_ PragmaType=bind_storage_XLX_SEP_ PragmaContext=_XLX_SEP_ PragmaFunction=complete_octree_pipeline_XLX_SEP_ PragmaOptions=variable = L1_bitmap_pruned_conv type = ram_2p impl = bram_XLX_SEP_ [-Wdump-hls-pragmas]
#pragma HLS BIND_STORAGE variable = L1_bitmap_pruned_conv type = ram_2p impl = bram
        ^
complete_pipeline.cpp:500:9: warning: HLS pragma dump _XLX_SEP_ PragmaIsValid=1_XLX_SEP_ PragmaType=bind_storage_XLX_SEP_ PragmaContext=_XLX_SEP_ PragmaFunction=complete_octree_pipeline_XLX_SEP_ PragmaOptions=variable = L0_bitmap_pruned_conv type = ram_2p impl = bram_XLX_SEP_ [-Wdump-hls-pragmas]
#pragma HLS BIND_STORAGE variable = L0_bitmap_pruned_conv type = ram_2p impl = bram
        ^
complete_pipeline.cpp:509:9: warning: HLS pragma dump _XLX_SEP_ PragmaIsValid=1_XLX_SEP_ PragmaType=stream_XLX_SEP_ PragmaContext=_XLX_SEP_ PragmaFunction=complete_octree_pipeline_XLX_SEP_ PragmaOptions=variable = conv_trigger_stream depth = 8_XLX_SEP_ [-Wdump-hls-pragmas]
#pragma HLS STREAM variable = conv_trigger_stream depth = 8
        ^
complete_pipeline.cpp:510:9: warning: HLS pragma dump _XLX_SEP_ PragmaIsValid=1_XLX_SEP_ PragmaType=stream_XLX_SEP_ PragmaContext=_XLX_SEP_ PragmaFunction=complete_octree_pipeline_XLX_SEP_ PragmaOptions=variable = conv_response_stream depth = 8_XLX_SEP_ [-Wdump-hls-pragmas]
#pragma HLS STREAM variable = conv_response_stream depth = 8
        ^
complete_pipeline.cpp:530:9: warning: HLS pragma dump _XLX_SEP_ PragmaIsValid=1_XLX_SEP_ PragmaType=pipeline_XLX_SEP_ PragmaContext=_XLX_SEP_ PragmaFunction=complete_octree_pipeline_XLX_SEP_ PragmaOptions=II = 1_XLX_SEP_ [-Wdump-hls-pragmas]
#pragma HLS PIPELINE II = 1
        ^
complete_pipeline.cpp:536:9: warning: HLS pragma dump _XLX_SEP_ PragmaIsValid=1_XLX_SEP_ PragmaType=pipeline_XLX_SEP_ PragmaContext=_XLX_SEP_ PragmaFunction=complete_octree_pipeline_XLX_SEP_ PragmaOptions=II = 1_XLX_SEP_ [-Wdump-hls-pragmas]
#pragma HLS PIPELINE II = 1
        ^
complete_pipeline.cpp:542:9: warning: HLS pragma dump _XLX_SEP_ PragmaIsValid=1_XLX_SEP_ PragmaType=pipeline_XLX_SEP_ PragmaContext=_XLX_SEP_ PragmaFunction=complete_octree_pipeline_XLX_SEP_ PragmaOptions=II = 1_XLX_SEP_ [-Wdump-hls-pragmas]
#pragma HLS PIPELINE II = 1
        ^
complete_pipeline.cpp:548:9: warning: HLS pragma dump _XLX_SEP_ PragmaIsValid=1_XLX_SEP_ PragmaType=pipeline_XLX_SEP_ PragmaContext=_XLX_SEP_ PragmaFunction=complete_octree_pipeline_XLX_SEP_ PragmaOptions=II = 1_XLX_SEP_ [-Wdump-hls-pragmas]
#pragma HLS PIPELINE II = 1
        ^
complete_pipeline.cpp:636:9: warning: HLS pragma dump _XLX_SEP_ PragmaIsValid=1_XLX_SEP_ PragmaType=inline_XLX_SEP_ PragmaContext=_XLX_SEP_ PragmaFunction=copy_bitmaps_for_convolution_XLX_SEP_ PragmaOptions=off_XLX_SEP_ [-Wdump-hls-pragmas]
#pragma HLS INLINE off
        ^
complete_pipeline.cpp:641:9: warning: HLS pragma dump _XLX_SEP_ PragmaIsValid=1_XLX_SEP_ PragmaType=pipeline_XLX_SEP_ PragmaContext=_XLX_SEP_ PragmaFunction=copy_bitmaps_for_convolution_XLX_SEP_ PragmaOptions=II = 1_XLX_SEP_ [-Wdump-hls-pragmas]
#pragma HLS PIPELINE II = 1
        ^
complete_pipeline.cpp:649:9: warning: HLS pragma dump _XLX_SEP_ PragmaIsValid=1_XLX_SEP_ PragmaType=pipeline_XLX_SEP_ PragmaContext=_XLX_SEP_ PragmaFunction=copy_bitmaps_for_convolution_XLX_SEP_ PragmaOptions=II = 1_XLX_SEP_ [-Wdump-hls-pragmas]
#pragma HLS PIPELINE II = 1
        ^
complete_pipeline.cpp:657:9: warning: HLS pragma dump _XLX_SEP_ PragmaIsValid=1_XLX_SEP_ PragmaType=pipeline_XLX_SEP_ PragmaContext=_XLX_SEP_ PragmaFunction=copy_bitmaps_for_convolution_XLX_SEP_ PragmaOptions=II = 1_XLX_SEP_ [-Wdump-hls-pragmas]
#pragma HLS PIPELINE II = 1
        ^
complete_pipeline.cpp:665:9: warning: HLS pragma dump _XLX_SEP_ PragmaIsValid=1_XLX_SEP_ PragmaType=pipeline_XLX_SEP_ PragmaContext=_XLX_SEP_ PragmaFunction=copy_bitmaps_for_convolution_XLX_SEP_ PragmaOptions=II = 1_XLX_SEP_ [-Wdump-hls-pragmas]
#pragma HLS PIPELINE II = 1
        ^
complete_pipeline.cpp:706:9: warning: HLS pragma dump _XLX_SEP_ PragmaIsValid=1_XLX_SEP_ PragmaType=dataflow_XLX_SEP_ PragmaContext=_XLX_SEP_ PragmaFunction=run_dataflow_pipeline_XLX_SEP_ PragmaOptions=_XLX_SEP_ [-Wdump-hls-pragmas]
#pragma HLS DATAFLOW
        ^
complete_pipeline.cpp:777:9: warning: HLS pragma dump _XLX_SEP_ PragmaIsValid=1_XLX_SEP_ PragmaType=inline_XLX_SEP_ PragmaContext=_XLX_SEP_ PragmaFunction=streaming_conv_layer_XLX_SEP_ PragmaOptions=off_XLX_SEP_ [-Wdump-hls-pragmas]
#pragma HLS INLINE off
        ^
complete_pipeline.cpp:778:9: warning: HLS pragma dump _XLX_SEP_ PragmaIsValid=1_XLX_SEP_ PragmaType=dataflow_XLX_SEP_ PragmaContext=_XLX_SEP_ PragmaFunction=streaming_conv_layer_XLX_SEP_ PragmaOptions=_XLX_SEP_ [-Wdump-hls-pragmas]
#pragma HLS DATAFLOW
        ^
complete_pipeline.cpp:781:9: warning: HLS pragma dump _XLX_SEP_ PragmaIsValid=1_XLX_SEP_ PragmaType=pipeline_XLX_SEP_ PragmaContext=_XLX_SEP_ PragmaFunction=streaming_conv_layer_XLX_SEP_ PragmaOptions=II=1_XLX_SEP_ [-Wdump-hls-pragmas]
#pragma HLS PIPELINE II=1
        ^
complete_pipeline.cpp:785:9: warning: HLS pragma dump _XLX_SEP_ PragmaIsValid=1_XLX_SEP_ PragmaType=unroll_XLX_SEP_ PragmaContext=_XLX_SEP_ PragmaFunction=streaming_conv_layer_XLX_SEP_ PragmaOptions=_XLX_SEP_ [-Wdump-hls-pragmas]
#pragma HLS UNROLL
        ^
complete_pipeline.cpp:792:9: warning: HLS pragma dump _XLX_SEP_ PragmaIsValid=1_XLX_SEP_ PragmaType=unroll_XLX_SEP_ PragmaContext=_XLX_SEP_ PragmaFunction=streaming_conv_layer_XLX_SEP_ PragmaOptions=_XLX_SEP_ [-Wdump-hls-pragmas]
#pragma HLS UNROLL
        ^
complete_pipeline.cpp:801:9: warning: HLS pragma dump _XLX_SEP_ PragmaIsValid=1_XLX_SEP_ PragmaType=unroll_XLX_SEP_ PragmaContext=_XLX_SEP_ PragmaFunction=streaming_conv_layer_XLX_SEP_ PragmaOptions=_XLX_SEP_ [-Wdump-hls-pragmas]
#pragma HLS UNROLL
        ^
complete_pipeline.cpp:812:9: warning: HLS pragma dump _XLX_SEP_ PragmaIsValid=1_XLX_SEP_ PragmaType=inline_XLX_SEP_ PragmaContext=_XLX_SEP_ PragmaFunction=convert_voxel_to_feature_stream_XLX_SEP_ PragmaOptions=off_XLX_SEP_ [-Wdump-hls-pragmas]
#pragma HLS INLINE off
        ^
complete_pipeline.cpp:816:9: warning: HLS pragma dump _XLX_SEP_ PragmaIsValid=1_XLX_SEP_ PragmaType=pipeline_XLX_SEP_ PragmaContext=_XLX_SEP_ PragmaFunction=convert_voxel_to_feature_stream_XLX_SEP_ PragmaOptions=II=1_XLX_SEP_ [-Wdump-hls-pragmas]
#pragma HLS PIPELINE II=1
        ^
complete_pipeline.cpp:820:9: warning: HLS pragma dump _XLX_SEP_ PragmaIsValid=1_XLX_SEP_ PragmaType=unroll_XLX_SEP_ PragmaContext=_XLX_SEP_ PragmaFunction=convert_voxel_to_feature_stream_XLX_SEP_ PragmaOptions=_XLX_SEP_ [-Wdump-hls-pragmas]
#pragma HLS UNROLL
        ^
complete_pipeline.cpp:846:9: warning: HLS pragma dump _XLX_SEP_ PragmaIsValid=1_XLX_SEP_ PragmaType=interface_XLX_SEP_ PragmaContext=_XLX_SEP_ PragmaFunction=multi_layer_streaming_pipeline_XLX_SEP_ PragmaOptions=m_axi port=feature_dram_input bundle=gmem_input_XLX_SEP_ [-Wdump-hls-pragmas]
#pragma HLS INTERFACE m_axi port=feature_dram_input bundle=gmem_input
        ^
complete_pipeline.cpp:847:9: warning: HLS pragma dump _XLX_SEP_ PragmaIsValid=1_XLX_SEP_ PragmaType=interface_XLX_SEP_ PragmaContext=_XLX_SEP_ PragmaFunction=multi_layer_streaming_pipeline_XLX_SEP_ PragmaOptions=m_axi port=feature_dram_temp bundle=gmem1_XLX_SEP_ [-Wdump-hls-pragmas]
#pragma HLS INTERFACE m_axi port=feature_dram_temp bundle=gmem1
        ^
complete_pipeline.cpp:848:9: warning: HLS pragma dump _XLX_SEP_ PragmaIsValid=1_XLX_SEP_ PragmaType=interface_XLX_SEP_ PragmaContext=_XLX_SEP_ PragmaFunction=multi_layer_streaming_pipeline_XLX_SEP_ PragmaOptions=m_axi port=feature_dram_output bundle=gmem2_XLX_SEP_ [-Wdump-hls-pragmas]
#pragma HLS INTERFACE m_axi port=feature_dram_output bundle=gmem2
        ^
complete_pipeline.cpp:854:9: warning: HLS pragma dump _XLX_SEP_ PragmaIsValid=1_XLX_SEP_ PragmaType=stream_XLX_SEP_ PragmaContext=_XLX_SEP_ PragmaFunction=multi_layer_streaming_pipeline_XLX_SEP_ PragmaOptions=variable=layer1_to_layer2 depth=1024_XLX_SEP_ [-Wdump-hls-pragmas]
#pragma HLS STREAM variable=layer1_to_layer2 depth=1024
        ^
complete_pipeline.cpp:855:9: warning: HLS pragma dump _XLX_SEP_ PragmaIsValid=1_XLX_SEP_ PragmaType=stream_XLX_SEP_ PragmaContext=_XLX_SEP_ PragmaFunction=multi_layer_streaming_pipeline_XLX_SEP_ PragmaOptions=variable=layer2_to_layer3 depth=1024_XLX_SEP_ [-Wdump-hls-pragmas]
#pragma HLS STREAM variable=layer2_to_layer3 depth=1024
        ^
complete_pipeline.cpp:843:23: warning: unused parameter 'bitmap_info' [-Wunused-parameter]
    PrunedBitmapInfo &bitmap_info,
                      ^
complete_pipeline.cpp:909:9: warning: HLS pragma dump _XLX_SEP_ PragmaIsValid=1_XLX_SEP_ PragmaType=inline_XLX_SEP_ PragmaContext=_XLX_SEP_ PragmaFunction=dram_to_stream_converter_XLX_SEP_ PragmaOptions=off_XLX_SEP_ [-Wdump-hls-pragmas]
#pragma HLS INLINE off
        ^
complete_pipeline.cpp:918:9: warning: HLS pragma dump _XLX_SEP_ PragmaIsValid=1_XLX_SEP_ PragmaType=pipeline_XLX_SEP_ PragmaContext=_XLX_SEP_ PragmaFunction=dram_to_stream_converter_XLX_SEP_ PragmaOptions=II=1_XLX_SEP_ [-Wdump-hls-pragmas]
#pragma HLS PIPELINE II=1
        ^
complete_pipeline.cpp:920:9: warning: HLS pragma dump _XLX_SEP_ PragmaIsValid=1_XLX_SEP_ PragmaType=unroll_XLX_SEP_ PragmaContext=_XLX_SEP_ PragmaFunction=dram_to_stream_converter_XLX_SEP_ PragmaOptions=_XLX_SEP_ [-Wdump-hls-pragmas]
#pragma HLS UNROLL
        ^
complete_pipeline.cpp:936:9: warning: HLS pragma dump _XLX_SEP_ PragmaIsValid=1_XLX_SEP_ PragmaType=inline_XLX_SEP_ PragmaContext=_XLX_SEP_ PragmaFunction=streaming_dense_conv_layer_XLX_SEP_ PragmaOptions=off_XLX_SEP_ [-Wdump-hls-pragmas]
#pragma HLS INLINE off
        ^
complete_pipeline.cpp:940:9: warning: HLS pragma dump _XLX_SEP_ PragmaIsValid=1_XLX_SEP_ PragmaType=pipeline_XLX_SEP_ PragmaContext=_XLX_SEP_ PragmaFunction=streaming_dense_conv_layer_XLX_SEP_ PragmaOptions=II=1_XLX_SEP_ [-Wdump-hls-pragmas]
#pragma HLS PIPELINE II=1
        ^
complete_pipeline.cpp:945:9: warning: HLS pragma dump _XLX_SEP_ PragmaIsValid=1_XLX_SEP_ PragmaType=unroll_XLX_SEP_ PragmaContext=_XLX_SEP_ PragmaFunction=streaming_dense_conv_layer_XLX_SEP_ PragmaOptions=_XLX_SEP_ [-Wdump-hls-pragmas]
#pragma HLS UNROLL
        ^
complete_pipeline.cpp:953:9: warning: HLS pragma dump _XLX_SEP_ PragmaIsValid=1_XLX_SEP_ PragmaType=unroll_XLX_SEP_ PragmaContext=_XLX_SEP_ PragmaFunction=streaming_dense_conv_layer_XLX_SEP_ PragmaOptions=_XLX_SEP_ [-Wdump-hls-pragmas]
#pragma HLS UNROLL
        ^
complete_pipeline.cpp:964:9: warning: HLS pragma dump _XLX_SEP_ PragmaIsValid=1_XLX_SEP_ PragmaType=unroll_XLX_SEP_ PragmaContext=_XLX_SEP_ PragmaFunction=streaming_dense_conv_layer_XLX_SEP_ PragmaOptions=_XLX_SEP_ [-Wdump-hls-pragmas]
#pragma HLS UNROLL
        ^
complete_pipeline.cpp:981:9: warning: HLS pragma dump _XLX_SEP_ PragmaIsValid=1_XLX_SEP_ PragmaType=pipeline_XLX_SEP_ PragmaContext=_XLX_SEP_ PragmaFunction=sort_cross_row_buffer_XLX_SEP_ PragmaOptions=II=1_XLX_SEP_ [-Wdump-hls-pragmas]
#pragma HLS PIPELINE II=1
        ^
complete_pipeline.cpp:1023:9: warning: HLS pragma dump _XLX_SEP_ PragmaIsValid=1_XLX_SEP_ PragmaType=inline_XLX_SEP_ PragmaContext=_XLX_SEP_ PragmaFunction=process_sorted_cross_row_buffer_XLX_SEP_ PragmaOptions=off_XLX_SEP_ [-Wdump-hls-pragmas]
#pragma HLS INLINE off
        ^
complete_pipeline.cpp:1024:9: warning: HLS pragma dump _XLX_SEP_ PragmaIsValid=1_XLX_SEP_ PragmaType=array_partition_XLX_SEP_ PragmaContext=_XLX_SEP_ PragmaFunction=process_sorted_cross_row_buffer_XLX_SEP_ PragmaOptions=variable=morton_buffer complete_XLX_SEP_ [-Wdump-hls-pragmas]
#pragma HLS ARRAY_PARTITION variable=morton_buffer complete
        ^
complete_pipeline.cpp:1025:9: warning: HLS pragma dump _XLX_SEP_ PragmaIsValid=1_XLX_SEP_ PragmaType=array_partition_XLX_SEP_ PragmaContext=_XLX_SEP_ PragmaFunction=process_sorted_cross_row_buffer_XLX_SEP_ PragmaOptions=variable=row_buffer complete_XLX_SEP_ [-Wdump-hls-pragmas]
#pragma HLS ARRAY_PARTITION variable=row_buffer complete
        ^
complete_pipeline.cpp:1030:9: warning: HLS pragma dump _XLX_SEP_ PragmaIsValid=1_XLX_SEP_ PragmaType=pipeline_XLX_SEP_ PragmaContext=_XLX_SEP_ PragmaFunction=process_sorted_cross_row_buffer_XLX_SEP_ PragmaOptions=II=1_XLX_SEP_ [-Wdump-hls-pragmas]
#pragma HLS PIPELINE II=1
        ^
complete_pipeline.cpp:1031:9: warning: HLS pragma dump _XLX_SEP_ PragmaIsValid=1_XLX_SEP_ PragmaType=loop_tripcount_XLX_SEP_ PragmaContext=_XLX_SEP_ PragmaFunction=process_sorted_cross_row_buffer_XLX_SEP_ PragmaOptions=min=16 max=32_XLX_SEP_ [-Wdump-hls-pragmas]
#pragma HLS LOOP_TRIPCOUNT min=16 max=32
        ^
complete_pipeline.cpp:1057:9: warning: HLS pragma dump _XLX_SEP_ PragmaIsValid=1_XLX_SEP_ PragmaType=unroll_XLX_SEP_ PragmaContext=_XLX_SEP_ PragmaFunction=process_sorted_cross_row_buffer_XLX_SEP_ PragmaOptions=factor=4_XLX_SEP_ [-Wdump-hls-pragmas]
#pragma HLS UNROLL factor=4
        ^
127 warnings generated.
