

================================================================
== Vitis HLS Report for 'pipeline_bitmap_stage'
================================================================
* Date:           Mon Aug 25 03:44:11 2025

* Version:        2024.2 (Build 5238294 on Nov  8 2024)
* Project:        minkowski_net
* Solution:       solution1 (Vivado IP Flow Target)
* Product family: virtexuplus
* Target device:  xcu250-figd2104-2L-e


================================================================
== Performance Estimates
================================================================
+ Timing: 
    * Summary: 
    +--------+---------+----------+------------+
    |  Clock |  Target | Estimated| Uncertainty|
    +--------+---------+----------+------------+
    |ap_clk  |  5.00 ns|  3.520 ns|     1.35 ns|
    +--------+---------+----------+------------+

+ Latency: 
    * Summary: 
    +---------+---------+----------+----------+-----+-----+---------+
    |  Latency (cycles) |  Latency (absolute) |  Interval | Pipeline|
    |   min   |   max   |    min   |    max   | min | max |   Type  |
    +---------+---------+----------+----------+-----+-----+---------+
    |        ?|        ?|         ?|         ?|    ?|    ?|       no|
    +---------+---------+----------+----------+-----+-----+---------+

    + Detail: 
        * Instance: 
        +----------------------------------------+------------------------------+---------+---------+----------+----------+-----+-----+---------+
        |                                        |                              |  Latency (cycles) |  Latency (absolute) |  Interval | Pipeline|
        |                Instance                |            Module            |   min   |   max   |    min   |    max   | min | max |   Type  |
        +----------------------------------------+------------------------------+---------+---------+----------+----------+-----+-----+---------+
        |grp_streaming_bitmap_constructor_fu_74  |streaming_bitmap_constructor  |        ?|        ?|         ?|         ?|    ?|    ?|       no|
        +----------------------------------------+------------------------------+---------+---------+----------+----------+-----+-----+---------+

        * Loop: 
        N/A

============================================================
+ Verbose Summary: Synthesis Manager
============================================================
InlineROM: 1
ExposeGlobal: 0
============================================================
+ Verbose Summary: CDFG Model
============================================================
IsTopModel: 0
ResetActiveHigh: 1
IsCombinational: 0
IsDatapathOnly: 0
HasWiredReturn: 1
HasMFsm: 0
HasVarLatency: 1
IsPipeline: 0
IsRtlPipelined: 0
IsInstanceOverlapped: 0
IsDontTouch: 0
HasImplIP: 0
IsGatedGlobalClock: 0


============================================================
+ Verbose Summary: Schedule
============================================================
* Number of FSM states : 3
* Pipeline : 0
* Dataflow Pipeline: 0

* FSM state transitions: 
1 --> 2 
2 --> 3 
3 --> 

* FSM state operations: 

State 1 <SV = 0> <Delay = 0.00>
ST_1 : Operation 4 [1/1] (0.00ns)   --->   "%L2_bitmap_read = read i512 @_ssdm_op_Read.ap_auto.i512P0A, i512 %L2_bitmap" [minkowski_net.cpp:74]   --->   Operation 4 'read' 'L2_bitmap_read' <Predicate = true> <Delay = 0.00>

State 2 <SV = 1> <Delay = 0.00>
ST_2 : Operation 5 [1/1] (0.00ns)   --->   "%L0_bitmap_read_1 = read i512 @_ssdm_op_Read.ap_auto.i512, i512 %L0_bitmap_read" [minkowski_net.cpp:74]   --->   Operation 5 'read' 'L0_bitmap_read_1' <Predicate = true> <Delay = 0.00>
ST_2 : Operation 6 [1/1] (0.00ns)   --->   "%L1_bitmap_read_1 = read i512 @_ssdm_op_Read.ap_auto.i512, i512 %L1_bitmap_read" [minkowski_net.cpp:74]   --->   Operation 6 'read' 'L1_bitmap_read_1' <Predicate = true> <Delay = 0.00>
ST_2 : Operation 7 [1/1] (0.00ns)   --->   "%L3_bitmap_read_1 = read i512 @_ssdm_op_Read.ap_auto.i512, i512 %L3_bitmap_read" [minkowski_net.cpp:74]   --->   Operation 7 'read' 'L3_bitmap_read_1' <Predicate = true> <Delay = 0.00>
ST_2 : Operation 8 [2/2] (0.00ns)   --->   "%call_ret = call i1696 @streaming_bitmap_constructor, i1085 %input_voxel_stream, i1085 %feature_data_stream, i60 %write_addr_stream, i512 %L3_bitmap_read_1, i512 %L2_bitmap, i512 %L2_bitmap_read, i512 %L1_bitmap_read_1, i512 %L0_bitmap_read_1, i1 %initialized, i32 %l0_write_pos, i32 %l1_write_pos, i32 %l2_write_pos, i10 %voxel_count, i32 %retained_block_count, i1 %L1_temp, i1 %L2_temp, i32 %initial_processed_voxels_constprop" [minkowski_net.cpp:74]   --->   Operation 8 'call' 'call_ret' <Predicate = true> <Delay = 0.00> <CoreType = "Generic">   --->   Generic Core

State 3 <SV = 2> <Delay = 1.61>
ST_3 : Operation 9 [1/1] (0.00ns)   --->   "%specinterface_ln0 = specinterface void @_ssdm_op_SpecInterface, i60 %write_addr_stream, void @empty_21, i32 0, i32 0, void @empty_9, i32 0, i32 0, void @empty_9, void @empty_9, void @empty_9, i32 0, i32 0, i32 0, i32 0, void @empty_9, void @empty_9, i32 4294967295, i32 0, i32 0"   --->   Operation 9 'specinterface' 'specinterface_ln0' <Predicate = true> <Delay = 0.00>
ST_3 : Operation 10 [1/1] (0.00ns)   --->   "%specinterface_ln0 = specinterface void @_ssdm_op_SpecInterface, i1085 %feature_data_stream, void @empty_21, i32 0, i32 0, void @empty_9, i32 0, i32 0, void @empty_9, void @empty_9, void @empty_9, i32 0, i32 0, i32 0, i32 0, void @empty_9, void @empty_9, i32 4294967295, i32 0, i32 0"   --->   Operation 10 'specinterface' 'specinterface_ln0' <Predicate = true> <Delay = 0.00>
ST_3 : Operation 11 [1/1] (0.00ns)   --->   "%specinterface_ln0 = specinterface void @_ssdm_op_SpecInterface, i1085 %input_voxel_stream, void @empty_21, i32 0, i32 0, void @empty_9, i32 0, i32 0, void @empty_9, void @empty_9, void @empty_9, i32 0, i32 0, i32 0, i32 0, void @empty_9, void @empty_9, i32 4294967295, i32 0, i32 0"   --->   Operation 11 'specinterface' 'specinterface_ln0' <Predicate = true> <Delay = 0.00>
ST_3 : Operation 12 [1/2] (1.61ns)   --->   "%call_ret = call i1696 @streaming_bitmap_constructor, i1085 %input_voxel_stream, i1085 %feature_data_stream, i60 %write_addr_stream, i512 %L3_bitmap_read_1, i512 %L2_bitmap, i512 %L2_bitmap_read, i512 %L1_bitmap_read_1, i512 %L0_bitmap_read_1, i1 %initialized, i32 %l0_write_pos, i32 %l1_write_pos, i32 %l2_write_pos, i10 %voxel_count, i32 %retained_block_count, i1 %L1_temp, i1 %L2_temp, i32 %initial_processed_voxels_constprop" [minkowski_net.cpp:74]   --->   Operation 12 'call' 'call_ret' <Predicate = true> <Delay = 1.61> <CoreType = "Generic">   --->   Generic Core
ST_3 : Operation 13 [1/1] (0.00ns)   --->   "%L3_bitmap = extractvalue i1696 %call_ret" [minkowski_net.cpp:74]   --->   Operation 13 'extractvalue' 'L3_bitmap' <Predicate = true> <Delay = 0.00>
ST_3 : Operation 14 [1/1] (0.00ns)   --->   "%L1_bitmap = extractvalue i1696 %call_ret" [minkowski_net.cpp:74]   --->   Operation 14 'extractvalue' 'L1_bitmap' <Predicate = true> <Delay = 0.00>
ST_3 : Operation 15 [1/1] (0.00ns)   --->   "%L0_bitmap = extractvalue i1696 %call_ret" [minkowski_net.cpp:74]   --->   Operation 15 'extractvalue' 'L0_bitmap' <Predicate = true> <Delay = 0.00>
ST_3 : Operation 16 [1/1] (0.00ns)   --->   "%bitmap_info = extractvalue i1696 %call_ret" [minkowski_net.cpp:74]   --->   Operation 16 'extractvalue' 'bitmap_info' <Predicate = true> <Delay = 0.00>
ST_3 : Operation 17 [1/1] (0.00ns)   --->   "%mrv = insertvalue i1696 <undef>, i160 %bitmap_info" [minkowski_net.cpp:74]   --->   Operation 17 'insertvalue' 'mrv' <Predicate = true> <Delay = 0.00>
ST_3 : Operation 18 [1/1] (0.00ns)   --->   "%mrv_1 = insertvalue i1696 %mrv, i512 %L3_bitmap" [minkowski_net.cpp:74]   --->   Operation 18 'insertvalue' 'mrv_1' <Predicate = true> <Delay = 0.00>
ST_3 : Operation 19 [1/1] (0.00ns)   --->   "%mrv_2 = insertvalue i1696 %mrv_1, i512 %L1_bitmap" [minkowski_net.cpp:74]   --->   Operation 19 'insertvalue' 'mrv_2' <Predicate = true> <Delay = 0.00>
ST_3 : Operation 20 [1/1] (0.00ns)   --->   "%mrv_3 = insertvalue i1696 %mrv_2, i512 %L0_bitmap" [minkowski_net.cpp:74]   --->   Operation 20 'insertvalue' 'mrv_3' <Predicate = true> <Delay = 0.00>
ST_3 : Operation 21 [1/1] (0.00ns)   --->   "%ret_ln74 = ret i1696 %mrv_3" [minkowski_net.cpp:74]   --->   Operation 21 'ret' 'ret_ln74' <Predicate = true> <Delay = 0.00>


============================================================
+ Verbose Summary: Binding
============================================================
STG Binding: 
---------------- STG Properties BEGIN ----------------
- Is combinational: 0
- Is one-state seq: 0
- Is datapath-only: 0
- Is pipelined: 0
- Is top level: 0
Port [ Return ] is wired: 1; IO mode=ap_ctrl_hs:ce=0
Port [ input_voxel_stream]:  wired=1; compound=1; hidden=0; nouse=0; global=0; static=0; extern=0; dir=0; type=3; pingpong=0; private_global=0; IO mode=ap_fifo:ce=0
Port [ feature_data_stream]:  wired=1; compound=1; hidden=0; nouse=0; global=0; static=0; extern=0; dir=1; type=3; pingpong=0; private_global=0; IO mode=ap_fifo:ce=0
Port [ write_addr_stream]:  wired=1; compound=1; hidden=0; nouse=0; global=0; static=0; extern=0; dir=1; type=3; pingpong=0; private_global=0; IO mode=ap_fifo:ce=0
Port [ L3_bitmap_read]:  wired=1; compound=0; hidden=0; nouse=0; global=0; static=0; extern=0; dir=0; type=0; pingpong=0; private_global=0; IO mode=ap_none:ce=0
Port [ L2_bitmap]:  wired=1; compound=0; hidden=0; nouse=0; global=0; static=0; extern=0; dir=2; type=0; pingpong=0; private_global=0; IO mode=ap_ovld:ce=0
Port [ L1_bitmap_read]:  wired=1; compound=0; hidden=0; nouse=0; global=0; static=0; extern=0; dir=0; type=0; pingpong=0; private_global=0; IO mode=ap_none:ce=0
Port [ L0_bitmap_read]:  wired=1; compound=0; hidden=0; nouse=0; global=0; static=0; extern=0; dir=0; type=0; pingpong=0; private_global=0; IO mode=ap_none:ce=0
Port [ initialized]:  wired=0; compound=0; hidden=1; nouse=1; global=1; static=1; extern=0; dir=2; type=0; pingpong=0; private_global=0; IO mode=ap_ovld:ce=0
Port [ l0_write_pos]:  wired=0; compound=0; hidden=1; nouse=1; global=1; static=1; extern=0; dir=2; type=0; pingpong=0; private_global=0; IO mode=ap_ovld:ce=0
Port [ l1_write_pos]:  wired=0; compound=0; hidden=1; nouse=1; global=1; static=1; extern=0; dir=2; type=0; pingpong=0; private_global=0; IO mode=ap_ovld:ce=0
Port [ l2_write_pos]:  wired=0; compound=0; hidden=1; nouse=1; global=1; static=1; extern=0; dir=2; type=0; pingpong=0; private_global=0; IO mode=ap_ovld:ce=0
Port [ voxel_count]:  wired=0; compound=0; hidden=1; nouse=1; global=1; static=1; extern=0; dir=2; type=0; pingpong=0; private_global=0; IO mode=ap_ovld:ce=0
Port [ retained_block_count]:  wired=0; compound=0; hidden=1; nouse=1; global=1; static=1; extern=0; dir=2; type=0; pingpong=0; private_global=0; IO mode=ap_ovld:ce=0
Port [ L1_temp]:  wired=0; compound=1; hidden=1; nouse=1; global=1; static=1; extern=0; dir=2; type=1; pingpong=0; private_global=0; MemPort=[2]; IO mode=ap_memory:ce=0
Port [ L2_temp]:  wired=0; compound=1; hidden=1; nouse=1; global=1; static=1; extern=0; dir=2; type=1; pingpong=0; private_global=0; MemPort=[2]; IO mode=ap_memory:ce=0
Port [ initial_processed_voxels_constprop]:  wired=1; compound=0; hidden=0; nouse=0; global=1; static=1; extern=0; dir=2; type=0; pingpong=0; private_global=0; IO mode=ap_ovld:ce=0
---------------- STG Properties END ------------------

---------------- Datapath Model BEGIN ----------------

<LifeTime>
<method=bitvector/>
L2_bitmap_read    (read         ) [ 0011]
L0_bitmap_read_1  (read         ) [ 0001]
L1_bitmap_read_1  (read         ) [ 0001]
L3_bitmap_read_1  (read         ) [ 0001]
specinterface_ln0 (specinterface) [ 0000]
specinterface_ln0 (specinterface) [ 0000]
specinterface_ln0 (specinterface) [ 0000]
call_ret          (call         ) [ 0000]
L3_bitmap         (extractvalue ) [ 0000]
L1_bitmap         (extractvalue ) [ 0000]
L0_bitmap         (extractvalue ) [ 0000]
bitmap_info       (extractvalue ) [ 0000]
mrv               (insertvalue  ) [ 0000]
mrv_1             (insertvalue  ) [ 0000]
mrv_2             (insertvalue  ) [ 0000]
mrv_3             (insertvalue  ) [ 0000]
ret_ln74          (ret          ) [ 0000]
</LifeTime>

<model>

<comp_list>
<comp id="0" class="1000" name="input_voxel_stream">
<pin_list>
<pin id="1" dir="1" index="0" bw="1" slack="0"/>
</pin_list>
<bind>
<StgValue><ssdm name="input_voxel_stream"/></StgValue>
</bind>
</comp>

<comp id="2" class="1000" name="feature_data_stream">
<pin_list>
<pin id="3" dir="1" index="0" bw="1" slack="0"/>
</pin_list>
<bind>
<StgValue><ssdm name="feature_data_stream"/></StgValue>
</bind>
</comp>

<comp id="4" class="1000" name="write_addr_stream">
<pin_list>
<pin id="5" dir="1" index="0" bw="1" slack="0"/>
</pin_list>
<bind>
<StgValue><ssdm name="write_addr_stream"/></StgValue>
</bind>
</comp>

<comp id="6" class="1000" name="L3_bitmap_read">
<pin_list>
<pin id="7" dir="1" index="0" bw="1" slack="0"/>
</pin_list>
<bind>
<StgValue><ssdm name="L3_bitmap_read"/></StgValue>
</bind>
</comp>

<comp id="8" class="1000" name="L2_bitmap">
<pin_list>
<pin id="9" dir="1" index="0" bw="1" slack="0"/>
</pin_list>
<bind>
<StgValue><ssdm name="L2_bitmap"/></StgValue>
</bind>
</comp>

<comp id="10" class="1000" name="L1_bitmap_read">
<pin_list>
<pin id="11" dir="1" index="0" bw="1" slack="0"/>
</pin_list>
<bind>
<StgValue><ssdm name="L1_bitmap_read"/></StgValue>
</bind>
</comp>

<comp id="12" class="1000" name="L0_bitmap_read">
<pin_list>
<pin id="13" dir="1" index="0" bw="1" slack="0"/>
</pin_list>
<bind>
<StgValue><ssdm name="L0_bitmap_read"/></StgValue>
</bind>
</comp>

<comp id="14" class="1000" name="initialized">
<pin_list>
<pin id="15" dir="1" index="0" bw="1" slack="0"/>
</pin_list>
<bind>
<StgValue><ssdm name="initialized"/></StgValue>
</bind>
</comp>

<comp id="16" class="1000" name="l0_write_pos">
<pin_list>
<pin id="17" dir="1" index="0" bw="1" slack="0"/>
</pin_list>
<bind>
<StgValue><ssdm name="l0_write_pos"/></StgValue>
</bind>
</comp>

<comp id="18" class="1000" name="l1_write_pos">
<pin_list>
<pin id="19" dir="1" index="0" bw="1" slack="0"/>
</pin_list>
<bind>
<StgValue><ssdm name="l1_write_pos"/></StgValue>
</bind>
</comp>

<comp id="20" class="1000" name="l2_write_pos">
<pin_list>
<pin id="21" dir="1" index="0" bw="1" slack="0"/>
</pin_list>
<bind>
<StgValue><ssdm name="l2_write_pos"/></StgValue>
</bind>
</comp>

<comp id="22" class="1000" name="voxel_count">
<pin_list>
<pin id="23" dir="1" index="0" bw="1" slack="0"/>
</pin_list>
<bind>
<StgValue><ssdm name="voxel_count"/></StgValue>
</bind>
</comp>

<comp id="24" class="1000" name="retained_block_count">
<pin_list>
<pin id="25" dir="1" index="0" bw="1" slack="0"/>
</pin_list>
<bind>
<StgValue><ssdm name="retained_block_count"/></StgValue>
</bind>
</comp>

<comp id="26" class="1000" name="L1_temp">
<pin_list>
<pin id="27" dir="1" index="0" bw="1" slack="0"/>
</pin_list>
<bind>
<StgValue><ssdm name="L1_temp"/><MemPortTyVec>2 </MemPortTyVec>
</StgValue>
</bind>
</comp>

<comp id="28" class="1000" name="L2_temp">
<pin_list>
<pin id="29" dir="1" index="0" bw="1" slack="0"/>
</pin_list>
<bind>
<StgValue><ssdm name="L2_temp"/><MemPortTyVec>2 </MemPortTyVec>
</StgValue>
</bind>
</comp>

<comp id="30" class="1000" name="initial_processed_voxels_constprop">
<pin_list>
<pin id="31" dir="1" index="0" bw="1" slack="0"/>
</pin_list>
<bind>
<StgValue><ssdm name="initial_processed_voxels_constprop"/></StgValue>
</bind>
</comp>

<comp id="32" class="1001" name="const_32">
<pin_list>
<pin id="33" dir="1" index="0" bw="1" slack="0"/>
</pin_list>
<bind>
<StgValue><ssdm name="_ssdm_op_Read.ap_auto.i512P0A"/></StgValue>
</bind>
</comp>

<comp id="34" class="1001" name="const_34">
<pin_list>
<pin id="35" dir="1" index="0" bw="1" slack="0"/>
</pin_list>
<bind>
<StgValue><ssdm name="_ssdm_op_Read.ap_auto.i512"/></StgValue>
</bind>
</comp>

<comp id="36" class="1001" name="const_36">
<pin_list>
<pin id="37" dir="1" index="0" bw="1" slack="0"/>
</pin_list>
<bind>
<StgValue><ssdm name="streaming_bitmap_constructor"/></StgValue>
</bind>
</comp>

<comp id="38" class="1001" name="const_38">
<pin_list>
<pin id="39" dir="1" index="0" bw="1" slack="2147483647"/>
</pin_list>
<bind>
<StgValue><ssdm name="_ssdm_op_SpecInterface"/></StgValue>
</bind>
</comp>

<comp id="40" class="1001" name="const_40">
<pin_list>
<pin id="41" dir="1" index="0" bw="1" slack="2147483647"/>
</pin_list>
<bind>
<StgValue><ssdm name="empty_21"/></StgValue>
</bind>
</comp>

<comp id="42" class="1001" name="const_42">
<pin_list>
<pin id="43" dir="1" index="0" bw="1" slack="2147483647"/>
</pin_list>
<bind>
<StgValue><ssdm name=""/></StgValue>
</bind>
</comp>

<comp id="44" class="1001" name="const_44">
<pin_list>
<pin id="45" dir="1" index="0" bw="1" slack="2147483647"/>
</pin_list>
<bind>
<StgValue><ssdm name="empty_9"/></StgValue>
</bind>
</comp>

<comp id="46" class="1001" name="const_46">
<pin_list>
<pin id="47" dir="1" index="0" bw="1" slack="2147483647"/>
</pin_list>
<bind>
<StgValue><ssdm name=""/></StgValue>
</bind>
</comp>

<comp id="48" class="1001" name="const_48">
<pin_list>
<pin id="49" dir="1" index="0" bw="1" slack="0"/>
</pin_list>
<bind>
<StgValue><ssdm name=""/></StgValue>
</bind>
</comp>

<comp id="50" class="1004" name="L2_bitmap_read_read_fu_50">
<pin_list>
<pin id="51" dir="0" index="0" bw="512" slack="0"/>
<pin id="52" dir="0" index="1" bw="512" slack="0"/>
<pin id="53" dir="1" index="2" bw="512" slack="1"/>
</pin_list>
<bind>
<opcode="read(1150) " fcode="read"/>
<opset="L2_bitmap_read/1 "/>
</bind>
</comp>

<comp id="56" class="1004" name="L0_bitmap_read_1_read_fu_56">
<pin_list>
<pin id="57" dir="0" index="0" bw="512" slack="0"/>
<pin id="58" dir="0" index="1" bw="512" slack="0"/>
<pin id="59" dir="1" index="2" bw="512" slack="0"/>
</pin_list>
<bind>
<opcode="read(1150) " fcode="read"/>
<opset="L0_bitmap_read_1/2 "/>
</bind>
</comp>

<comp id="62" class="1004" name="L1_bitmap_read_1_read_fu_62">
<pin_list>
<pin id="63" dir="0" index="0" bw="512" slack="0"/>
<pin id="64" dir="0" index="1" bw="512" slack="0"/>
<pin id="65" dir="1" index="2" bw="512" slack="0"/>
</pin_list>
<bind>
<opcode="read(1150) " fcode="read"/>
<opset="L1_bitmap_read_1/2 "/>
</bind>
</comp>

<comp id="68" class="1004" name="L3_bitmap_read_1_read_fu_68">
<pin_list>
<pin id="69" dir="0" index="0" bw="512" slack="0"/>
<pin id="70" dir="0" index="1" bw="512" slack="0"/>
<pin id="71" dir="1" index="2" bw="512" slack="0"/>
</pin_list>
<bind>
<opcode="read(1150) " fcode="read"/>
<opset="L3_bitmap_read_1/2 "/>
</bind>
</comp>

<comp id="74" class="1004" name="grp_streaming_bitmap_constructor_fu_74">
<pin_list>
<pin id="75" dir="0" index="0" bw="1696" slack="0"/>
<pin id="76" dir="0" index="1" bw="1085" slack="0"/>
<pin id="77" dir="0" index="2" bw="1085" slack="0"/>
<pin id="78" dir="0" index="3" bw="60" slack="0"/>
<pin id="79" dir="0" index="4" bw="512" slack="0"/>
<pin id="80" dir="0" index="5" bw="512" slack="0"/>
<pin id="81" dir="0" index="6" bw="512" slack="1"/>
<pin id="82" dir="0" index="7" bw="512" slack="0"/>
<pin id="83" dir="0" index="8" bw="512" slack="0"/>
<pin id="84" dir="0" index="9" bw="1" slack="0"/>
<pin id="85" dir="0" index="10" bw="32" slack="0"/>
<pin id="86" dir="0" index="11" bw="32" slack="0"/>
<pin id="87" dir="0" index="12" bw="32" slack="0"/>
<pin id="88" dir="0" index="13" bw="10" slack="0"/>
<pin id="89" dir="0" index="14" bw="32" slack="0"/>
<pin id="90" dir="0" index="15" bw="1" slack="0"/>
<pin id="91" dir="0" index="16" bw="1" slack="0"/>
<pin id="92" dir="0" index="17" bw="32" slack="0"/>
<pin id="93" dir="1" index="18" bw="1696" slack="0"/>
</pin_list>
<bind>
<opcode="call(48) " fcode="call"/>
<opset="call_ret/2 "/>
</bind>
</comp>

<comp id="111" class="1004" name="L3_bitmap_fu_111">
<pin_list>
<pin id="112" dir="0" index="0" bw="1696" slack="0"/>
<pin id="113" dir="1" index="1" bw="512" slack="0"/>
</pin_list>
<bind>
<opcode="extractvalue(56) " fcode="extractvalue"/>
<opset="L3_bitmap/3 "/>
</bind>
</comp>

<comp id="115" class="1004" name="L1_bitmap_fu_115">
<pin_list>
<pin id="116" dir="0" index="0" bw="1696" slack="0"/>
<pin id="117" dir="1" index="1" bw="512" slack="0"/>
</pin_list>
<bind>
<opcode="extractvalue(56) " fcode="extractvalue"/>
<opset="L1_bitmap/3 "/>
</bind>
</comp>

<comp id="119" class="1004" name="L0_bitmap_fu_119">
<pin_list>
<pin id="120" dir="0" index="0" bw="1696" slack="0"/>
<pin id="121" dir="1" index="1" bw="512" slack="0"/>
</pin_list>
<bind>
<opcode="extractvalue(56) " fcode="extractvalue"/>
<opset="L0_bitmap/3 "/>
</bind>
</comp>

<comp id="123" class="1004" name="bitmap_info_fu_123">
<pin_list>
<pin id="124" dir="0" index="0" bw="1696" slack="0"/>
<pin id="125" dir="1" index="1" bw="160" slack="0"/>
</pin_list>
<bind>
<opcode="extractvalue(56) " fcode="extractvalue"/>
<opset="bitmap_info/3 "/>
</bind>
</comp>

<comp id="127" class="1004" name="mrv_fu_127">
<pin_list>
<pin id="128" dir="0" index="0" bw="1696" slack="0"/>
<pin id="129" dir="0" index="1" bw="160" slack="0"/>
<pin id="130" dir="1" index="2" bw="1696" slack="0"/>
</pin_list>
<bind>
<opcode="insertvalue(57) " fcode="insertvalue"/>
<opset="mrv/3 "/>
</bind>
</comp>

<comp id="133" class="1004" name="mrv_1_fu_133">
<pin_list>
<pin id="134" dir="0" index="0" bw="1696" slack="0"/>
<pin id="135" dir="0" index="1" bw="512" slack="0"/>
<pin id="136" dir="1" index="2" bw="1696" slack="0"/>
</pin_list>
<bind>
<opcode="insertvalue(57) " fcode="insertvalue"/>
<opset="mrv_1/3 "/>
</bind>
</comp>

<comp id="139" class="1004" name="mrv_2_fu_139">
<pin_list>
<pin id="140" dir="0" index="0" bw="1696" slack="0"/>
<pin id="141" dir="0" index="1" bw="512" slack="0"/>
<pin id="142" dir="1" index="2" bw="1696" slack="0"/>
</pin_list>
<bind>
<opcode="insertvalue(57) " fcode="insertvalue"/>
<opset="mrv_2/3 "/>
</bind>
</comp>

<comp id="145" class="1004" name="mrv_3_fu_145">
<pin_list>
<pin id="146" dir="0" index="0" bw="1696" slack="0"/>
<pin id="147" dir="0" index="1" bw="512" slack="0"/>
<pin id="148" dir="1" index="2" bw="1696" slack="2147483647"/>
</pin_list>
<bind>
<opcode="insertvalue(57) " fcode="insertvalue"/>
<opset="mrv_3/3 "/>
</bind>
</comp>

<comp id="151" class="1005" name="L2_bitmap_read_reg_151">
<pin_list>
<pin id="152" dir="0" index="0" bw="512" slack="1"/>
<pin id="153" dir="1" index="1" bw="512" slack="1"/>
</pin_list>
<bind>
<opset="L2_bitmap_read "/>
</bind>
</comp>

<comp id="156" class="1005" name="L0_bitmap_read_1_reg_156">
<pin_list>
<pin id="157" dir="0" index="0" bw="512" slack="1"/>
<pin id="158" dir="1" index="1" bw="512" slack="1"/>
</pin_list>
<bind>
<opset="L0_bitmap_read_1 "/>
</bind>
</comp>

<comp id="161" class="1005" name="L1_bitmap_read_1_reg_161">
<pin_list>
<pin id="162" dir="0" index="0" bw="512" slack="1"/>
<pin id="163" dir="1" index="1" bw="512" slack="1"/>
</pin_list>
<bind>
<opset="L1_bitmap_read_1 "/>
</bind>
</comp>

<comp id="166" class="1005" name="L3_bitmap_read_1_reg_166">
<pin_list>
<pin id="167" dir="0" index="0" bw="512" slack="1"/>
<pin id="168" dir="1" index="1" bw="512" slack="1"/>
</pin_list>
<bind>
<opset="L3_bitmap_read_1 "/>
</bind>
</comp>

</comp_list>

<net_list>
<net id="54"><net_src comp="32" pin="0"/><net_sink comp="50" pin=0"/></net>

<net id="55"><net_src comp="8" pin="0"/><net_sink comp="50" pin=1"/></net>

<net id="60"><net_src comp="34" pin="0"/><net_sink comp="56" pin=0"/></net>

<net id="61"><net_src comp="12" pin="0"/><net_sink comp="56" pin=1"/></net>

<net id="66"><net_src comp="34" pin="0"/><net_sink comp="62" pin=0"/></net>

<net id="67"><net_src comp="10" pin="0"/><net_sink comp="62" pin=1"/></net>

<net id="72"><net_src comp="34" pin="0"/><net_sink comp="68" pin=0"/></net>

<net id="73"><net_src comp="6" pin="0"/><net_sink comp="68" pin=1"/></net>

<net id="94"><net_src comp="36" pin="0"/><net_sink comp="74" pin=0"/></net>

<net id="95"><net_src comp="0" pin="0"/><net_sink comp="74" pin=1"/></net>

<net id="96"><net_src comp="2" pin="0"/><net_sink comp="74" pin=2"/></net>

<net id="97"><net_src comp="4" pin="0"/><net_sink comp="74" pin=3"/></net>

<net id="98"><net_src comp="68" pin="2"/><net_sink comp="74" pin=4"/></net>

<net id="99"><net_src comp="8" pin="0"/><net_sink comp="74" pin=5"/></net>

<net id="100"><net_src comp="62" pin="2"/><net_sink comp="74" pin=7"/></net>

<net id="101"><net_src comp="56" pin="2"/><net_sink comp="74" pin=8"/></net>

<net id="102"><net_src comp="14" pin="0"/><net_sink comp="74" pin=9"/></net>

<net id="103"><net_src comp="16" pin="0"/><net_sink comp="74" pin=10"/></net>

<net id="104"><net_src comp="18" pin="0"/><net_sink comp="74" pin=11"/></net>

<net id="105"><net_src comp="20" pin="0"/><net_sink comp="74" pin=12"/></net>

<net id="106"><net_src comp="22" pin="0"/><net_sink comp="74" pin=13"/></net>

<net id="107"><net_src comp="24" pin="0"/><net_sink comp="74" pin=14"/></net>

<net id="108"><net_src comp="26" pin="0"/><net_sink comp="74" pin=15"/></net>

<net id="109"><net_src comp="28" pin="0"/><net_sink comp="74" pin=16"/></net>

<net id="110"><net_src comp="30" pin="0"/><net_sink comp="74" pin=17"/></net>

<net id="114"><net_src comp="74" pin="18"/><net_sink comp="111" pin=0"/></net>

<net id="118"><net_src comp="74" pin="18"/><net_sink comp="115" pin=0"/></net>

<net id="122"><net_src comp="74" pin="18"/><net_sink comp="119" pin=0"/></net>

<net id="126"><net_src comp="74" pin="18"/><net_sink comp="123" pin=0"/></net>

<net id="131"><net_src comp="48" pin="0"/><net_sink comp="127" pin=0"/></net>

<net id="132"><net_src comp="123" pin="1"/><net_sink comp="127" pin=1"/></net>

<net id="137"><net_src comp="127" pin="2"/><net_sink comp="133" pin=0"/></net>

<net id="138"><net_src comp="111" pin="1"/><net_sink comp="133" pin=1"/></net>

<net id="143"><net_src comp="133" pin="2"/><net_sink comp="139" pin=0"/></net>

<net id="144"><net_src comp="115" pin="1"/><net_sink comp="139" pin=1"/></net>

<net id="149"><net_src comp="139" pin="2"/><net_sink comp="145" pin=0"/></net>

<net id="150"><net_src comp="119" pin="1"/><net_sink comp="145" pin=1"/></net>

<net id="154"><net_src comp="50" pin="2"/><net_sink comp="151" pin=0"/></net>

<net id="155"><net_src comp="151" pin="1"/><net_sink comp="74" pin=6"/></net>

<net id="159"><net_src comp="56" pin="2"/><net_sink comp="156" pin=0"/></net>

<net id="160"><net_src comp="156" pin="1"/><net_sink comp="74" pin=8"/></net>

<net id="164"><net_src comp="62" pin="2"/><net_sink comp="161" pin=0"/></net>

<net id="165"><net_src comp="161" pin="1"/><net_sink comp="74" pin=7"/></net>

<net id="169"><net_src comp="68" pin="2"/><net_sink comp="166" pin=0"/></net>

<net id="170"><net_src comp="166" pin="1"/><net_sink comp="74" pin=4"/></net>

</net_list>

</model> 
---------------- Datapath Model END ------------------

* FSMD analyzer results:
  - Output states:
	Port: feature_data_stream | {2 3 }
	Port: write_addr_stream | {2 3 }
	Port: L2_bitmap | {2 3 }
	Port: initialized | {2 3 }
	Port: l0_write_pos | {2 3 }
	Port: l1_write_pos | {2 3 }
	Port: l2_write_pos | {2 3 }
	Port: voxel_count | {2 3 }
	Port: retained_block_count | {2 3 }
	Port: L1_temp | {2 3 }
	Port: L2_temp | {2 3 }
	Port: initial_processed_voxels_constprop | {2 3 }
 - Input state : 
	Port: pipeline_bitmap_stage : input_voxel_stream | {2 3 }
	Port: pipeline_bitmap_stage : L3_bitmap_read | {2 }
	Port: pipeline_bitmap_stage : L2_bitmap | {1 }
	Port: pipeline_bitmap_stage : L1_bitmap_read | {2 }
	Port: pipeline_bitmap_stage : L0_bitmap_read | {2 }
	Port: pipeline_bitmap_stage : initialized | {2 3 }
	Port: pipeline_bitmap_stage : l0_write_pos | {2 3 }
	Port: pipeline_bitmap_stage : l1_write_pos | {2 3 }
	Port: pipeline_bitmap_stage : l2_write_pos | {2 3 }
	Port: pipeline_bitmap_stage : voxel_count | {2 3 }
	Port: pipeline_bitmap_stage : retained_block_count | {2 3 }
	Port: pipeline_bitmap_stage : L1_temp | {2 3 }
	Port: pipeline_bitmap_stage : L2_temp | {2 3 }
	Port: pipeline_bitmap_stage : initial_processed_voxels_constprop | {2 3 }
  - Chain level:
	State 1
	State 2
	State 3
		L3_bitmap : 1
		L1_bitmap : 1
		L0_bitmap : 1
		bitmap_info : 1
		mrv : 2
		mrv_1 : 3
		mrv_2 : 4
		mrv_3 : 5
		ret_ln74 : 6


============================================================
+ Verbose Summary: Datapath Resource usage 
============================================================

* Functional unit list:
|----------|----------------------------------------|---------|---------|---------|
| Operation|             Functional Unit            |  Delay  |    FF   |   LUT   |
|----------|----------------------------------------|---------|---------|---------|
|   call   | grp_streaming_bitmap_constructor_fu_74 | 3.13076 |   8212  |  13808  |
|----------|----------------------------------------|---------|---------|---------|
|          |        L2_bitmap_read_read_fu_50       |    0    |    0    |    0    |
|   read   |       L0_bitmap_read_1_read_fu_56      |    0    |    0    |    0    |
|          |       L1_bitmap_read_1_read_fu_62      |    0    |    0    |    0    |
|          |       L3_bitmap_read_1_read_fu_68      |    0    |    0    |    0    |
|----------|----------------------------------------|---------|---------|---------|
|          |            L3_bitmap_fu_111            |    0    |    0    |    0    |
|extractvalue|            L1_bitmap_fu_115            |    0    |    0    |    0    |
|          |            L0_bitmap_fu_119            |    0    |    0    |    0    |
|          |           bitmap_info_fu_123           |    0    |    0    |    0    |
|----------|----------------------------------------|---------|---------|---------|
|          |               mrv_fu_127               |    0    |    0    |    0    |
|insertvalue|              mrv_1_fu_133              |    0    |    0    |    0    |
|          |              mrv_2_fu_139              |    0    |    0    |    0    |
|          |              mrv_3_fu_145              |    0    |    0    |    0    |
|----------|----------------------------------------|---------|---------|---------|
|   Total  |                                        | 3.13076 |   8212  |  13808  |
|----------|----------------------------------------|---------|---------|---------|

Memories:
N/A

* Register list:
+------------------------+--------+
|                        |   FF   |
+------------------------+--------+
|L0_bitmap_read_1_reg_156|   512  |
|L1_bitmap_read_1_reg_161|   512  |
| L2_bitmap_read_reg_151 |   512  |
|L3_bitmap_read_1_reg_166|   512  |
+------------------------+--------+
|          Total         |  2048  |
+------------------------+--------+

* Multiplexer (MUX) list: 
|----------------------------------------|------|------|------|--------||---------||---------||---------|
|                  Comp                  |  Pin | Size |  BW  | S x BW ||  Delay  ||    FF   ||   LUT   |
|----------------------------------------|------|------|------|--------||---------||---------||---------|
| grp_streaming_bitmap_constructor_fu_74 |  p4  |   2  |  512 |  1024  ||    0    ||    9    |
| grp_streaming_bitmap_constructor_fu_74 |  p7  |   2  |  512 |  1024  ||    0    ||    9    |
| grp_streaming_bitmap_constructor_fu_74 |  p8  |   2  |  512 |  1024  ||    0    ||    9    |
|----------------------------------------|------|------|------|--------||---------||---------||---------|
|                  Total                 |      |      |      |  3072  ||  1.161  ||    0    ||    27   |
|----------------------------------------|------|------|------|--------||---------||---------||---------|



* Summary:
+-----------+--------+--------+--------+
|           |  Delay |   FF   |   LUT  |
+-----------+--------+--------+--------+
|  Function |    3   |  8212  |  13808 |
|   Memory  |    -   |    -   |    -   |
|Multiplexer|    1   |    0   |   27   |
|  Register |    -   |  2048  |    -   |
+-----------+--------+--------+--------+
|   Total   |    4   |  10260 |  13835 |
+-----------+--------+--------+--------+
