/home/robin/Desktop/ocnn-project/ocnn6_net/solution1/.autopilot/db/complete_pipeline.pp.0.cpp:2265:5: warning: Added loop label VITIS_LOOP_676_1:   [xilinx-label-all-loops]
    for (unsigned i = low; i != high+1; ++i) {
    ^~~
    VITIS_LOOP_676_1: 
/home/robin/Desktop/ocnn-project/ocnn6_net/solution1/.autopilot/db/complete_pipeline.pp.0.cpp:2265:5: note: FIX-IT applied suggested code changes
/home/robin/Desktop/ocnn-project/ocnn6_net/solution1/.autopilot/db/complete_pipeline.pp.0.cpp:2279:5: warning: Added loop label VITIS_LOOP_690_1:   [xilinx-label-all-loops]
    for (unsigned i = low; i != high+1; ++i) {
    ^~~
    VITIS_LOOP_690_1: 
/home/robin/Desktop/ocnn-project/ocnn6_net/solution1/.autopilot/db/complete_pipeline.pp.0.cpp:2279:5: note: FIX-IT applied suggested code changes
/home/robin/Desktop/ocnn-project/ocnn6_net/solution1/.autopilot/db/complete_pipeline.pp.0.cpp:2293:5: warning: Added loop label VITIS_LOOP_704_1:   [xilinx-label-all-loops]
    for (unsigned i = low; i != high+1; ++i) {
    ^~~
    VITIS_LOOP_704_1: 
/home/robin/Desktop/ocnn-project/ocnn6_net/solution1/.autopilot/db/complete_pipeline.pp.0.cpp:2293:5: note: FIX-IT applied suggested code changes
/home/robin/Desktop/ocnn-project/ocnn6_net/solution1/.autopilot/db/complete_pipeline.pp.0.cpp:3927:7: warning: Added loop label VITIS_LOOP_1248_1:   [xilinx-label-all-loops]
      for (i = 0; i < __N - 1; ++i) {
      ^~~
      VITIS_LOOP_1248_1: 
/home/robin/Desktop/ocnn-project/ocnn6_net/solution1/.autopilot/db/complete_pipeline.pp.0.cpp:3927:7: note: FIX-IT applied suggested code changes
/home/robin/Desktop/ocnn-project/ocnn6_net/solution1/.autopilot/db/complete_pipeline.pp.0.cpp:5942:5: warning: Added loop label VITIS_LOOP_181_1:   [xilinx-label-all-loops]
    for (int i = 0; i < 20; i++)
    ^~~
    VITIS_LOOP_181_1: 
/home/robin/Desktop/ocnn-project/ocnn6_net/solution1/.autopilot/db/complete_pipeline.pp.0.cpp:5942:5: note: FIX-IT applied suggested code changes
/home/robin/Desktop/ocnn-project/ocnn6_net/solution1/.autopilot/db/complete_pipeline.pp.0.cpp:6057:5: warning: Added loop label VITIS_LOOP_41_1:   [xilinx-label-all-loops]
    for (int dz = 0; dz < 2; dz++)
    ^~~
    VITIS_LOOP_41_1: 
/home/robin/Desktop/ocnn-project/ocnn6_net/solution1/.autopilot/db/complete_pipeline.pp.0.cpp:6057:5: note: FIX-IT applied suggested code changes
/home/robin/Desktop/ocnn-project/ocnn6_net/solution1/.autopilot/db/complete_pipeline.pp.0.cpp:6059:9: warning: Added loop label VITIS_LOOP_43_2:   [xilinx-label-all-loops]
        for (int dy = 0; dy < 2; dy++)
        ^~~
        VITIS_LOOP_43_2: 
/home/robin/Desktop/ocnn-project/ocnn6_net/solution1/.autopilot/db/complete_pipeline.pp.0.cpp:6059:9: note: FIX-IT applied suggested code changes
/home/robin/Desktop/ocnn-project/ocnn6_net/solution1/.autopilot/db/complete_pipeline.pp.0.cpp:6061:13: warning: Added loop label VITIS_LOOP_45_3:   [xilinx-label-all-loops]
            for (int dx = 0; dx < 2; dx++)
            ^~~
            VITIS_LOOP_45_3: 
/home/robin/Desktop/ocnn-project/ocnn6_net/solution1/.autopilot/db/complete_pipeline.pp.0.cpp:6061:13: note: FIX-IT applied suggested code changes
/home/robin/Desktop/ocnn-project/ocnn6_net/solution1/.autopilot/db/complete_pipeline.pp.0.cpp:6691:2: warning: Added loop label VITIS_LOOP_34_1:   [xilinx-label-all-loops]
 while (!early_trigger_stream.empty())
 ^~~~~
 VITIS_LOOP_34_1: 
/home/robin/Desktop/ocnn-project/ocnn6_net/solution1/.autopilot/db/complete_pipeline.pp.0.cpp:6691:2: note: FIX-IT applied suggested code changes
/home/robin/Desktop/ocnn-project/ocnn6_net/solution1/.autopilot/db/complete_pipeline.pp.0.cpp:6768:2: warning: Added loop label VITIS_LOOP_111_1:   [xilinx-label-all-loops]
 for (ap_uint<32> i = 0; i < num_voxels; i++)
 ^~~
 VITIS_LOOP_111_1: 
/home/robin/Desktop/ocnn-project/ocnn6_net/solution1/.autopilot/db/complete_pipeline.pp.0.cpp:6768:2: note: FIX-IT applied suggested code changes
/home/robin/Desktop/ocnn-project/ocnn6_net/solution1/.autopilot/db/complete_pipeline.pp.0.cpp:6857:5: warning: Added loop label VITIS_LOOP_200_1:   [xilinx-label-all-loops]
    while (!feature_data_in.empty() && !morton_addrs_in.empty() &&
    ^~~~~
    VITIS_LOOP_200_1: 
/home/robin/Desktop/ocnn-project/ocnn6_net/solution1/.autopilot/db/complete_pipeline.pp.0.cpp:6857:5: note: FIX-IT applied suggested code changes
/home/robin/Desktop/ocnn-project/ocnn6_net/solution1/.autopilot/db/complete_pipeline.pp.0.cpp:7019:5: warning: Added loop label VITIS_LOOP_392_1:   [xilinx-label-all-loops]
    while (!morton_codes_in.empty() && local_morton_count < (8 * 8 * 8))
    ^~~~~
    VITIS_LOOP_392_1: 
/home/robin/Desktop/ocnn-project/ocnn6_net/solution1/.autopilot/db/complete_pipeline.pp.0.cpp:7019:5: note: FIX-IT applied suggested code changes
/home/robin/Desktop/ocnn-project/ocnn6_net/solution1/.autopilot/db/complete_pipeline.pp.0.cpp:7044:5: warning: Added loop label VITIS_LOOP_417_2:   [xilinx-label-all-loops]
    while (!bitmap_interface_in.empty())
    ^~~~~
    VITIS_LOOP_417_2: 
/home/robin/Desktop/ocnn-project/ocnn6_net/solution1/.autopilot/db/complete_pipeline.pp.0.cpp:7044:5: note: FIX-IT applied suggested code changes
/home/robin/Desktop/ocnn-project/ocnn6_net/solution1/.autopilot/db/complete_pipeline.pp.0.cpp:7052:5: warning: Added loop label VITIS_LOOP_425_3:   [xilinx-label-all-loops]
    while (!mem_response_in.empty())
    ^~~~~
    VITIS_LOOP_425_3: 
/home/robin/Desktop/ocnn-project/ocnn6_net/solution1/.autopilot/db/complete_pipeline.pp.0.cpp:7052:5: note: FIX-IT applied suggested code changes
/home/robin/Desktop/ocnn-project/ocnn6_net/solution1/.autopilot/db/complete_pipeline.pp.0.cpp:7124:59: error: Invalid Directive: for current device, ram_2p + bram is invalid combination for BIND_STORAGE's option 'type + impl' [clang-diagnostic-error]
#pragma HLS BIND_STORAGE variable = L3_bitmap_conv type = ram_2p impl = bram
                                                          ^
/home/robin/Desktop/ocnn-project/ocnn6_net/solution1/.autopilot/db/complete_pipeline.pp.0.cpp:7125:66: error: Invalid Directive: for current device, ram_2p + bram is invalid combination for BIND_STORAGE's option 'type + impl' [clang-diagnostic-error]
#pragma HLS BIND_STORAGE variable = L2_bitmap_pruned_conv type = ram_2p impl = bram
                                                                 ^
/home/robin/Desktop/ocnn-project/ocnn6_net/solution1/.autopilot/db/complete_pipeline.pp.0.cpp:7126:66: error: Invalid Directive: for current device, ram_2p + bram is invalid combination for BIND_STORAGE's option 'type + impl' [clang-diagnostic-error]
#pragma HLS BIND_STORAGE variable = L1_bitmap_pruned_conv type = ram_2p impl = bram
                                                                 ^
/home/robin/Desktop/ocnn-project/ocnn6_net/solution1/.autopilot/db/complete_pipeline.pp.0.cpp:7127:66: error: Invalid Directive: for current device, ram_2p + bram is invalid combination for BIND_STORAGE's option 'type + impl' [clang-diagnostic-error]
#pragma HLS BIND_STORAGE variable = L0_bitmap_pruned_conv type = ram_2p impl = bram
                                                                 ^
/home/robin/Desktop/ocnn-project/ocnn6_net/solution1/.autopilot/db/complete_pipeline.pp.0.cpp:7407:2: warning: Added loop label VITIS_LOOP_780_1:   [xilinx-label-all-loops]
 for (ap_uint<32> i = 0; i < num_features; i++) {
 ^~~
 VITIS_LOOP_780_1: 
/home/robin/Desktop/ocnn-project/ocnn6_net/solution1/.autopilot/db/complete_pipeline.pp.0.cpp:7407:2: note: FIX-IT applied suggested code changes
/home/robin/Desktop/ocnn-project/ocnn6_net/solution1/.autopilot/db/complete_pipeline.pp.0.cpp:7411:9: warning: Added loop label VITIS_LOOP_784_2:   [xilinx-label-all-loops]
        for (int f = 0; f < 32; f++) {
        ^~~
        VITIS_LOOP_784_2: 
/home/robin/Desktop/ocnn-project/ocnn6_net/solution1/.autopilot/db/complete_pipeline.pp.0.cpp:7411:9: note: FIX-IT applied suggested code changes
/home/robin/Desktop/ocnn-project/ocnn6_net/solution1/.autopilot/db/complete_pipeline.pp.0.cpp:7418:9: warning: Added loop label VITIS_LOOP_791_3:   [xilinx-label-all-loops]
        for (int out_f = 0; out_f < 32; out_f++) {
        ^~~
        VITIS_LOOP_791_3: 
/home/robin/Desktop/ocnn-project/ocnn6_net/solution1/.autopilot/db/complete_pipeline.pp.0.cpp:7418:9: note: FIX-IT applied suggested code changes
/home/robin/Desktop/ocnn-project/ocnn6_net/solution1/.autopilot/db/complete_pipeline.pp.0.cpp:7421:13: warning: Added loop label VITIS_LOOP_794_4:   [xilinx-label-all-loops]
            for (int in_f = 0; in_f < 32; in_f++) {
            ^~~
            VITIS_LOOP_794_4: 
/home/robin/Desktop/ocnn-project/ocnn6_net/solution1/.autopilot/db/complete_pipeline.pp.0.cpp:7421:13: note: FIX-IT applied suggested code changes
/home/robin/Desktop/ocnn-project/ocnn6_net/solution1/.autopilot/db/complete_pipeline.pp.0.cpp:7427:9: warning: Added loop label VITIS_LOOP_800_5:   [xilinx-label-all-loops]
        for (int f = 0; f < 32; f++) {
        ^~~
        VITIS_LOOP_800_5: 
/home/robin/Desktop/ocnn-project/ocnn6_net/solution1/.autopilot/db/complete_pipeline.pp.0.cpp:7427:9: note: FIX-IT applied suggested code changes
/home/robin/Desktop/ocnn-project/ocnn6_net/solution1/.autopilot/db/complete_pipeline.pp.0.cpp:7442:5: warning: Added loop label VITIS_LOOP_815_1:   [xilinx-label-all-loops]
    while (!voxel_stream.empty()) {
    ^~~~~
    VITIS_LOOP_815_1: 
/home/robin/Desktop/ocnn-project/ocnn6_net/solution1/.autopilot/db/complete_pipeline.pp.0.cpp:7442:5: note: FIX-IT applied suggested code changes
/home/robin/Desktop/ocnn-project/ocnn6_net/solution1/.autopilot/db/complete_pipeline.pp.0.cpp:7446:9: warning: Added loop label VITIS_LOOP_819_2:   [xilinx-label-all-loops]
        for (int f = 0; f < 32; f++) {
        ^~~
        VITIS_LOOP_819_2: 
/home/robin/Desktop/ocnn-project/ocnn6_net/solution1/.autopilot/db/complete_pipeline.pp.0.cpp:7446:9: note: FIX-IT applied suggested code changes
/home/robin/Desktop/ocnn-project/ocnn6_net/solution1/.autopilot/db/complete_pipeline.pp.0.cpp:7544:5: warning: Added loop label VITIS_LOOP_917_1:   [xilinx-label-all-loops]
    for (ap_uint<32> feat = 0; feat < safe_num_features; feat++) {
    ^~~
    VITIS_LOOP_917_1: 
/home/robin/Desktop/ocnn-project/ocnn6_net/solution1/.autopilot/db/complete_pipeline.pp.0.cpp:7544:5: note: FIX-IT applied suggested code changes
/home/robin/Desktop/ocnn-project/ocnn6_net/solution1/.autopilot/db/complete_pipeline.pp.0.cpp:7546:2: warning: Added loop label VITIS_LOOP_919_2:   [xilinx-label-all-loops]
 for (int f = 0; f < 32; f++) {
 ^~~
 VITIS_LOOP_919_2: 
/home/robin/Desktop/ocnn-project/ocnn6_net/solution1/.autopilot/db/complete_pipeline.pp.0.cpp:7546:2: note: FIX-IT applied suggested code changes
/home/robin/Desktop/ocnn-project/ocnn6_net/solution1/.autopilot/db/complete_pipeline.pp.0.cpp:7566:2: warning: Added loop label VITIS_LOOP_939_1:   [xilinx-label-all-loops]
 for (ap_uint<32> feat = 0; feat < num_features; feat++) {
 ^~~
 VITIS_LOOP_939_1: 
/home/robin/Desktop/ocnn-project/ocnn6_net/solution1/.autopilot/db/complete_pipeline.pp.0.cpp:7566:2: note: FIX-IT applied suggested code changes
/home/robin/Desktop/ocnn-project/ocnn6_net/solution1/.autopilot/db/complete_pipeline.pp.0.cpp:7571:9: warning: Added loop label VITIS_LOOP_944_2:   [xilinx-label-all-loops]
        for (int f = 0; f < 32; f++) {
        ^~~
        VITIS_LOOP_944_2: 
/home/robin/Desktop/ocnn-project/ocnn6_net/solution1/.autopilot/db/complete_pipeline.pp.0.cpp:7571:9: note: FIX-IT applied suggested code changes
/home/robin/Desktop/ocnn-project/ocnn6_net/solution1/.autopilot/db/complete_pipeline.pp.0.cpp:7579:9: warning: Added loop label VITIS_LOOP_952_3:   [xilinx-label-all-loops]
        for (int out_f = 0; out_f < 32; out_f++) {
        ^~~
        VITIS_LOOP_952_3: 
/home/robin/Desktop/ocnn-project/ocnn6_net/solution1/.autopilot/db/complete_pipeline.pp.0.cpp:7579:9: note: FIX-IT applied suggested code changes
/home/robin/Desktop/ocnn-project/ocnn6_net/solution1/.autopilot/db/complete_pipeline.pp.0.cpp:7582:13: warning: Added loop label VITIS_LOOP_955_4:   [xilinx-label-all-loops]
            for (int in_f = 0; in_f < 32; in_f++) {
            ^~~
            VITIS_LOOP_955_4: 
/home/robin/Desktop/ocnn-project/ocnn6_net/solution1/.autopilot/db/complete_pipeline.pp.0.cpp:7582:13: note: FIX-IT applied suggested code changes
/home/robin/Desktop/ocnn-project/ocnn6_net/solution1/.autopilot/db/complete_pipeline.pp.0.cpp:7590:9: warning: Added loop label VITIS_LOOP_963_5:   [xilinx-label-all-loops]
        for (int f = 0; f < 32; f++) {
        ^~~
        VITIS_LOOP_963_5: 
/home/robin/Desktop/ocnn-project/ocnn6_net/solution1/.autopilot/db/complete_pipeline.pp.0.cpp:7590:9: note: FIX-IT applied suggested code changes
