/home/robin/Desktop/ocnn-project/ocnn6_net/solution1/.autopilot/db/dynamic_access.pp.0.cpp:2262:5: warning: Added loop label VITIS_LOOP_676_1:   [xilinx-label-all-loops]
    for (unsigned i = low; i != high+1; ++i) {
    ^~~
    VITIS_LOOP_676_1: 
/home/robin/Desktop/ocnn-project/ocnn6_net/solution1/.autopilot/db/dynamic_access.pp.0.cpp:2262:5: note: FIX-IT applied suggested code changes
/home/robin/Desktop/ocnn-project/ocnn6_net/solution1/.autopilot/db/dynamic_access.pp.0.cpp:2276:5: warning: Added loop label VITIS_LOOP_690_1:   [xilinx-label-all-loops]
    for (unsigned i = low; i != high+1; ++i) {
    ^~~
    VITIS_LOOP_690_1: 
/home/robin/Desktop/ocnn-project/ocnn6_net/solution1/.autopilot/db/dynamic_access.pp.0.cpp:2276:5: note: FIX-IT applied suggested code changes
/home/robin/Desktop/ocnn-project/ocnn6_net/solution1/.autopilot/db/dynamic_access.pp.0.cpp:2290:5: warning: Added loop label VITIS_LOOP_704_1:   [xilinx-label-all-loops]
    for (unsigned i = low; i != high+1; ++i) {
    ^~~
    VITIS_LOOP_704_1: 
/home/robin/Desktop/ocnn-project/ocnn6_net/solution1/.autopilot/db/dynamic_access.pp.0.cpp:2290:5: note: FIX-IT applied suggested code changes
/home/robin/Desktop/ocnn-project/ocnn6_net/solution1/.autopilot/db/dynamic_access.pp.0.cpp:3924:7: warning: Added loop label VITIS_LOOP_1248_1:   [xilinx-label-all-loops]
      for (i = 0; i < __N - 1; ++i) {
      ^~~
      VITIS_LOOP_1248_1: 
/home/robin/Desktop/ocnn-project/ocnn6_net/solution1/.autopilot/db/dynamic_access.pp.0.cpp:3924:7: note: FIX-IT applied suggested code changes
/home/robin/Desktop/ocnn-project/ocnn6_net/solution1/.autopilot/db/dynamic_access.pp.0.cpp:5939:5: warning: Added loop label VITIS_LOOP_181_1:   [xilinx-label-all-loops]
    for (int i = 0; i < 20; i++)
    ^~~
    VITIS_LOOP_181_1: 
/home/robin/Desktop/ocnn-project/ocnn6_net/solution1/.autopilot/db/dynamic_access.pp.0.cpp:5939:5: note: FIX-IT applied suggested code changes
/home/robin/Desktop/ocnn-project/ocnn6_net/solution1/.autopilot/db/dynamic_access.pp.0.cpp:6054:5: warning: Added loop label VITIS_LOOP_41_1:   [xilinx-label-all-loops]
    for (int dz = 0; dz < 2; dz++)
    ^~~
    VITIS_LOOP_41_1: 
/home/robin/Desktop/ocnn-project/ocnn6_net/solution1/.autopilot/db/dynamic_access.pp.0.cpp:6054:5: note: FIX-IT applied suggested code changes
/home/robin/Desktop/ocnn-project/ocnn6_net/solution1/.autopilot/db/dynamic_access.pp.0.cpp:6056:9: warning: Added loop label VITIS_LOOP_43_2:   [xilinx-label-all-loops]
        for (int dy = 0; dy < 2; dy++)
        ^~~
        VITIS_LOOP_43_2: 
/home/robin/Desktop/ocnn-project/ocnn6_net/solution1/.autopilot/db/dynamic_access.pp.0.cpp:6056:9: note: FIX-IT applied suggested code changes
/home/robin/Desktop/ocnn-project/ocnn6_net/solution1/.autopilot/db/dynamic_access.pp.0.cpp:6058:13: warning: Added loop label VITIS_LOOP_45_3:   [xilinx-label-all-loops]
            for (int dx = 0; dx < 2; dx++)
            ^~~
            VITIS_LOOP_45_3: 
/home/robin/Desktop/ocnn-project/ocnn6_net/solution1/.autopilot/db/dynamic_access.pp.0.cpp:6058:13: note: FIX-IT applied suggested code changes
/home/robin/Desktop/ocnn-project/ocnn6_net/solution1/.autopilot/db/dynamic_access.pp.0.cpp:6220:5: warning: Added loop label VITIS_LOOP_9_1:   [xilinx-label-all-loops]
    for (int i = 0; i < 8; i++)
    ^~~
    VITIS_LOOP_9_1: 
/home/robin/Desktop/ocnn-project/ocnn6_net/solution1/.autopilot/db/dynamic_access.pp.0.cpp:6220:5: note: FIX-IT applied suggested code changes
