

================================================================
== Vitis HLS Report for 'entry_proc'
================================================================
* Date:           Sat Sep  6 20:58:29 2025

* Version:        2024.2 (Build 5238294 on Nov  8 2024)
* Project:        ocnn6_net
* Solution:       solution1 (Vivado IP Flow Target)
* Product family: virtexuplus
* Target device:  xcu250-figd2104-2L-e


================================================================
== Performance Estimates
================================================================
+ Timing: 
    * Summary: 
    +--------+---------+----------+------------+
    |  Clock |  Target | Estimated| Uncertainty|
    +--------+---------+----------+------------+
    |ap_clk  |  3.33 ns|  1.207 ns|     0.90 ns|
    +--------+---------+----------+------------+

+ Latency: 
    * Summary: 
    +---------+---------+----------+----------+-----+-----+---------+
    |  Latency (cycles) |  Latency (absolute) |  Interval | Pipeline|
    |   min   |   max   |    min   |    max   | min | max |   Type  |
    +---------+---------+----------+----------+-----+-----+---------+
    |        0|        0|      0 ns|      0 ns|    0|    0|       no|
    +---------+---------+----------+----------+-----+-----+---------+

    + Detail: 
        * Instance: 
        N/A

        * Loop: 
        N/A

============================================================
+ Verbose Summary: Synthesis Manager
============================================================
InlineROM: 1
ExposeGlobal: 0
============================================================
+ Verbose Summary: CDFG Model
============================================================
IsTopModel: 0
ResetActiveHigh: 1
IsCombinational: 2
IsDatapathOnly: 0
HasWiredReturn: 1
HasMFsm: 0
HasVarLatency: 0
IsPipeline: 0
IsRtlPipelined: 0
IsInstanceOverlapped: 0
IsDontTouch: 0
HasImplIP: 0
IsGatedGlobalClock: 0


============================================================
+ Verbose Summary: Schedule
============================================================
* Number of FSM states : 1
* Pipeline : 0
* Dataflow Pipeline: 0

* FSM state transitions: 
1 --> 

* FSM state operations: 

State 1 <SV = 0> <Delay = 1.20>
ST_1 : Operation 2 [1/1] (0.00ns)   --->   "%specinterface_ln0 = specinterface void @_ssdm_op_SpecInterface, i64 %pruned_feature_dram_read_c, void @ap_fifo_str, i32 0, i32 0, void @p_str, i32 0, i32 0, void @p_str, void @p_str, void @p_str, i32 2, i32 2, i32 16, i32 16, void @p_str, void @ScalarProp_str, i32 4294967295, i32 0, i32 0"   --->   Operation 2 'specinterface' 'specinterface_ln0' <Predicate = true> <Delay = 0.00>
ST_1 : Operation 3 [1/1] (0.00ns)   --->   "%pruned_feature_dram_read_read = read i64 @_ssdm_op_Read.ap_auto.i64, i64 %pruned_feature_dram_read"   --->   Operation 3 'read' 'pruned_feature_dram_read_read' <Predicate = true> <Delay = 0.00>
ST_1 : Operation 4 [1/1] (0.00ns)   --->   "%final_output_full_cubic_read = read i64 @_ssdm_op_Read.ap_auto.i64, i64 %final_output_full_cubic"   --->   Operation 4 'read' 'final_output_full_cubic_read' <Predicate = true> <Delay = 0.00>
ST_1 : Operation 5 [1/1] ( I:1.20ns O:1.20ns )   --->   "%write_ln0 = write void @_ssdm_op_Write.ap_fifo.i64P0A, i64 %pruned_feature_dram_read_c, i64 %pruned_feature_dram_read_read"   --->   Operation 5 'write' 'write_ln0' <Predicate = true> <Delay = 1.20> <CoreInst = "FIFO">   --->   Core 77 'FIFO' <Latency = 0> <II = 1> <Delay = 1.20> <Storage> <Opcode : 'read' 'write' 'nbread' 'nbwrite'> <Ports = 0> <Width = 64> <Depth = 1024> <FIFO>
ST_1 : Operation 6 [1/1] (0.00ns)   --->   "%specinterface_ln0 = specinterface void @_ssdm_op_SpecInterface, i64 %final_output_full_cubic_c, void @ap_fifo_str, i32 0, i32 0, void @p_str, i32 0, i32 0, void @p_str, void @p_str, void @p_str, i32 2, i32 2, i32 16, i32 16, void @p_str, void @ScalarProp_str, i32 4294967295, i32 0, i32 0"   --->   Operation 6 'specinterface' 'specinterface_ln0' <Predicate = true> <Delay = 0.00>
ST_1 : Operation 7 [1/1] ( I:1.20ns O:1.20ns )   --->   "%write_ln0 = write void @_ssdm_op_Write.ap_fifo.i64P0A, i64 %final_output_full_cubic_c, i64 %final_output_full_cubic_read"   --->   Operation 7 'write' 'write_ln0' <Predicate = true> <Delay = 1.20> <CoreInst = "FIFO">   --->   Core 77 'FIFO' <Latency = 0> <II = 1> <Delay = 1.20> <Storage> <Opcode : 'read' 'write' 'nbread' 'nbwrite'> <Ports = 0> <Width = 64> <Depth = 1024> <FIFO>
ST_1 : Operation 8 [1/1] (0.00ns)   --->   "%ret_ln0 = ret"   --->   Operation 8 'ret' 'ret_ln0' <Predicate = true> <Delay = 0.00>


============================================================
+ Verbose Summary: Timing violations
============================================================
Target clock period: 3.330ns, clock uncertainty: 0.899ns.

 <State 1>: 1.207ns
The critical path consists of the following:
	wire read operation ('pruned_feature_dram_read_read') on port 'pruned_feature_dram_read' [6]  (0.000 ns)
	fifo write operation ('write_ln0') on port 'pruned_feature_dram_read_c' [8]  (1.207 ns)


============================================================
+ Verbose Summary: Binding
============================================================
N/A
* FSMD analyzer results:
  - Output states:
 - Input state : 
  - Chain level:
	State 1


============================================================
+ Verbose Summary: Datapath Resource usage 
============================================================
N/A
