

================================================================
== Vitis HLS Report for 'Loop_VITIS_LOOP_209_5_proc'
================================================================
* Date:           Sat Sep  6 20:58:30 2025

* Version:        2024.2 (Build 5238294 on Nov  8 2024)
* Project:        ocnn6_net
* Solution:       solution1 (Vivado IP Flow Target)
* Product family: virtexuplus
* Target device:  xcu250-figd2104-2L-e


================================================================
== Performance Estimates
================================================================
+ Timing: 
    * Summary: 
    +--------+---------+----------+------------+
    |  Clock |  Target | Estimated| Uncertainty|
    +--------+---------+----------+------------+
    |ap_clk  |  3.33 ns|  2.386 ns|     0.90 ns|
    +--------+---------+----------+------------+

+ Latency: 
    * Summary: 
    +---------+---------+----------+----------+-----+-----+---------+
    |  Latency (cycles) |  Latency (absolute) |  Interval | Pipeline|
    |   min   |   max   |    min   |    max   | min | max |   Type  |
    +---------+---------+----------+----------+-----+-----+---------+
    |        2|      514|  6.660 ns|  1.712 us|    2|  514|       no|
    +---------+---------+----------+----------+-----+-----+---------+

    + Detail: 
        * Instance: 
        N/A

        * Loop: 
        +--------------------+---------+---------+----------+-----------+-----------+---------+----------+
        |                    |  Latency (cycles) | Iteration|  Initiation Interval  |   Trip  |          |
        |      Loop Name     |   min   |   max   |  Latency |  achieved |   target  |  Count  | Pipelined|
        +--------------------+---------+---------+----------+-----------+-----------+---------+----------+
        |- VITIS_LOOP_209_5  |        0|      512|         2|          1|          1|  0 ~ 512|       yes|
        +--------------------+---------+---------+----------+-----------+-----------+---------+----------+

============================================================
+ Verbose Summary: Synthesis Manager
============================================================
InlineROM: 1
ExposeGlobal: 0
============================================================
+ Verbose Summary: CDFG Model
============================================================
IsTopModel: 0
ResetActiveHigh: 1
IsCombinational: 2
IsDatapathOnly: 0
HasWiredReturn: 1
HasMFsm: 2
HasVarLatency: 1
IsPipeline: 0
IsRtlPipelined: 0
IsInstanceOverlapped: 0
IsDontTouch: 0
HasImplIP: 0
IsGatedGlobalClock: 0

+ Individual pipeline summary: 
  * Pipeline-0: initiation interval (II) = 1, depth = 2


============================================================
+ Verbose Summary: Schedule
============================================================
* Number of FSM states : 4
* Pipeline : 1
  Pipeline-0 : II = 1, D = 2, States = { 2 3 }
* Dataflow Pipeline: 0

* FSM state transitions: 
1 --> 2 
2 --> 4 3 
3 --> 2 
4 --> 

* FSM state operations: 

State 1 <SV = 0> <Delay = 2.38>
ST_1 : Operation 5 [1/1] (0.00ns)   --->   "%v = alloca i32 1" [ocnn6_net.cpp:209->ocnn6_net.cpp:209]   --->   Operation 5 'alloca' 'v' <Predicate = true> <Delay = 0.00>
ST_1 : Operation 6 [1/1] (0.00ns)   --->   "%specinterface_ln0 = specinterface void @_ssdm_op_SpecInterface, i32 %pruned_voxel_count_0_reload_loc, void @ap_fifo_str, i32 0, i32 0, void @p_str, i32 0, i32 0, void @p_str, void @p_str, void @p_str, i32 2, i32 2, i32 16, i32 16, void @p_str, void @p_str, i32 4294967295, i32 0, i32 0"   --->   Operation 6 'specinterface' 'specinterface_ln0' <Predicate = true> <Delay = 0.00>
ST_1 : Operation 7 [1/1] (0.00ns)   --->   "%specinterface_ln0 = specinterface void @_ssdm_op_SpecInterface, i9 %current_morton_list, void @ap_fifo_str, i32 0, i32 0, void @p_str, i32 0, i32 0, void @p_str, void @p_str, void @p_str, i32 2, i32 2, i32 16, i32 16, void @p_str, void @p_str, i32 4294967295, i32 0, i32 0"   --->   Operation 7 'specinterface' 'specinterface_ln0' <Predicate = true> <Delay = 0.00>
ST_1 : Operation 8 [1/1] (0.00ns)   --->   "%specinterface_ln0 = specinterface void @_ssdm_op_SpecInterface, i32 %pruned_voxel_count_0_reload_loc_c, void @ap_fifo_str, i32 0, i32 0, void @p_str, i32 0, i32 0, void @p_str, void @p_str, void @p_str, i32 2, i32 2, i32 16, i32 16, void @p_str, void @ScalarProp_str, i32 4294967295, i32 0, i32 0"   --->   Operation 8 'specinterface' 'specinterface_ln0' <Predicate = true> <Delay = 0.00>
ST_1 : Operation 9 [1/1] ( I:1.19ns O:1.19ns )   --->   "%pruned_voxel_count_0_reload_loc_read = read i32 @_ssdm_op_Read.ap_fifo.i32P0A, i32 %pruned_voxel_count_0_reload_loc"   --->   Operation 9 'read' 'pruned_voxel_count_0_reload_loc_read' <Predicate = true> <Delay = 1.19> <CoreInst = "FIFO">   --->   Core 77 'FIFO' <Latency = 0> <II = 1> <Delay = 1.19> <Storage> <Opcode : 'read' 'write' 'nbread' 'nbwrite'> <Ports = 0> <Width = 32> <Depth = 1024> <FIFO>
ST_1 : Operation 10 [1/1] ( I:1.19ns O:1.19ns )   --->   "%write_ln0 = write void @_ssdm_op_Write.ap_fifo.i32P0A, i32 %pruned_voxel_count_0_reload_loc_c, i32 %pruned_voxel_count_0_reload_loc_read"   --->   Operation 10 'write' 'write_ln0' <Predicate = true> <Delay = 1.19> <CoreInst = "FIFO">   --->   Core 77 'FIFO' <Latency = 0> <II = 1> <Delay = 1.19> <Storage> <Opcode : 'read' 'write' 'nbread' 'nbwrite'> <Ports = 0> <Width = 32> <Depth = 1024> <FIFO>
ST_1 : Operation 11 [1/1] (0.00ns)   --->   "%trunc_ln209 = trunc i32 %pruned_voxel_count_0_reload_loc_read" [ocnn6_net.cpp:209->ocnn6_net.cpp:209]   --->   Operation 11 'trunc' 'trunc_ln209' <Predicate = true> <Delay = 0.00>
ST_1 : Operation 12 [1/1] (0.00ns)   --->   "%tmp = partselect i23 @_ssdm_op_PartSelect.i23.i32.i32.i32, i32 %pruned_voxel_count_0_reload_loc_read, i32 9, i32 31"   --->   Operation 12 'partselect' 'tmp' <Predicate = true> <Delay = 0.00>
ST_1 : Operation 13 [1/1] (0.82ns)   --->   "%icmp = icmp_eq  i23 %tmp, i23 0"   --->   Operation 13 'icmp' 'icmp' <Predicate = true> <Delay = 0.82> <CoreInst = "Cmp">   --->   Core 9 'Cmp' <Latency = 0> <II = 1> <Delay = 0.82> <FuncUnit> <Opcode : 'seteq' 'setne' 'setle' 'setge' 'setlt' 'setgt'> <InPorts = 2> <OutPorts = 1>
ST_1 : Operation 14 [1/1] (0.30ns)   --->   "%select_ln209 = select i1 %icmp, i10 %trunc_ln209, i10 512" [ocnn6_net.cpp:209->ocnn6_net.cpp:209]   --->   Operation 14 'select' 'select_ln209' <Predicate = true> <Delay = 0.30> <CoreInst = "Sel">   --->   Core 73 'Sel' <Latency = 0> <II = 1> <Delay = 0.30> <FuncUnit> <Opcode : 'select'> <InPorts = 3> <OutPorts = 1>
ST_1 : Operation 15 [1/1] (0.38ns)   --->   "%store_ln209 = store i10 0, i10 %v" [ocnn6_net.cpp:209->ocnn6_net.cpp:209]   --->   Operation 15 'store' 'store_ln209' <Predicate = true> <Delay = 0.38>
ST_1 : Operation 16 [1/1] (0.00ns)   --->   "%br_ln209 = br void %for.cond46.i" [ocnn6_net.cpp:209->ocnn6_net.cpp:209]   --->   Operation 16 'br' 'br_ln209' <Predicate = true> <Delay = 0.00>

State 2 <SV = 1> <Delay = 1.11>
ST_2 : Operation 17 [1/1] (0.00ns)   --->   "%v_4 = load i10 %v" [ocnn6_net.cpp:210->ocnn6_net.cpp:209]   --->   Operation 17 'load' 'v_4' <Predicate = true> <Delay = 0.00>
ST_2 : Operation 18 [1/1] (0.72ns)   --->   "%icmp_ln209 = icmp_eq  i10 %v_4, i10 %select_ln209" [ocnn6_net.cpp:209->ocnn6_net.cpp:209]   --->   Operation 18 'icmp' 'icmp_ln209' <Predicate = true> <Delay = 0.72> <CoreInst = "Cmp">   --->   Core 9 'Cmp' <Latency = 0> <II = 1> <Delay = 0.72> <FuncUnit> <Opcode : 'seteq' 'setne' 'setle' 'setge' 'setlt' 'setgt'> <InPorts = 2> <OutPorts = 1>
ST_2 : Operation 19 [1/1] (0.00ns)   --->   "%speclooptripcount_ln0 = speclooptripcount void @_ssdm_op_SpecLoopTripCount, i64 0, i64 512, i64 0"   --->   Operation 19 'speclooptripcount' 'speclooptripcount_ln0' <Predicate = true> <Delay = 0.00>
ST_2 : Operation 20 [1/1] (0.00ns)   --->   "%br_ln209 = br i1 %icmp_ln209, void %for.inc56.i, void %Loop_VITIS_LOOP_209_5_proc.exit" [ocnn6_net.cpp:209->ocnn6_net.cpp:209]   --->   Operation 20 'br' 'br_ln209' <Predicate = true> <Delay = 0.00>
ST_2 : Operation 21 [1/1] (0.72ns)   --->   "%v_3 = add i10 %v_4, i10 1" [ocnn6_net.cpp:209->ocnn6_net.cpp:209]   --->   Operation 21 'add' 'v_3' <Predicate = (!icmp_ln209)> <Delay = 0.72> <CoreInst = "Adder">   --->   Core 1 'Adder' <Latency = 0> <II = 1> <Delay = 0.72> <FuncUnit> <Opcode : 'add' 'sub'> <InPorts = 2> <OutPorts = 1>
ST_2 : Operation 22 [1/1] (0.00ns)   --->   "%trunc_ln210 = trunc i10 %v_4" [ocnn6_net.cpp:210->ocnn6_net.cpp:209]   --->   Operation 22 'trunc' 'trunc_ln210' <Predicate = (!icmp_ln209)> <Delay = 0.00>
ST_2 : Operation 23 [1/1] (0.38ns)   --->   "%store_ln209 = store i10 %v_3, i10 %v" [ocnn6_net.cpp:209->ocnn6_net.cpp:209]   --->   Operation 23 'store' 'store_ln209' <Predicate = (!icmp_ln209)> <Delay = 0.38>

State 3 <SV = 2> <Delay = 1.21>
ST_3 : Operation 24 [1/1] (0.00ns)   --->   "%specpipeline_ln210 = specpipeline void @_ssdm_op_SpecPipeline, i32 4294967295, i32 0, i32 0, i32 0, void @empty_57" [ocnn6_net.cpp:210->ocnn6_net.cpp:209]   --->   Operation 24 'specpipeline' 'specpipeline_ln210' <Predicate = true> <Delay = 0.00>
ST_3 : Operation 25 [1/1] (0.00ns)   --->   "%specloopname_ln209 = specloopname void @_ssdm_op_SpecLoopName, void @empty_50" [ocnn6_net.cpp:209->ocnn6_net.cpp:209]   --->   Operation 25 'specloopname' 'specloopname_ln209' <Predicate = true> <Delay = 0.00>
ST_3 : Operation 26 [1/1] ( I:1.21ns O:1.21ns )   --->   "%write_ln210 = write void @_ssdm_op_Write.ap_fifo.volatile.i9P0A, i9 %current_morton_list, i9 %trunc_ln210" [ocnn6_net.cpp:210->ocnn6_net.cpp:209]   --->   Operation 26 'write' 'write_ln210' <Predicate = true> <Delay = 1.21> <CoreInst = "FIFO">   --->   Core 77 'FIFO' <Latency = 0> <II = 1> <Delay = 1.23> <Storage> <Opcode : 'read' 'write' 'nbread' 'nbwrite'> <Ports = 0> <Width = 9> <Depth = 1024> <FIFO>
ST_3 : Operation 27 [1/1] (0.00ns)   --->   "%br_ln209 = br void %for.cond46.i" [ocnn6_net.cpp:209->ocnn6_net.cpp:209]   --->   Operation 27 'br' 'br_ln209' <Predicate = true> <Delay = 0.00>

State 4 <SV = 2> <Delay = 0.00>
ST_4 : Operation 28 [1/1] (0.00ns)   --->   "%ret_ln209 = ret" [ocnn6_net.cpp:209]   --->   Operation 28 'ret' 'ret_ln209' <Predicate = true> <Delay = 0.00>


============================================================
+ Verbose Summary: Binding
============================================================
STG Binding: 
---------------- STG Properties BEGIN ----------------
- Is combinational: 0
- Is one-state seq: 0
- Is datapath-only: 0
- Is pipelined: 0
- Is top level: 0
Port [ Return ] is wired: 1; IO mode=ap_ctrl_hs:ce=0
Port [ pruned_voxel_count_0_reload_loc]:  wired=1; compound=1; hidden=0; nouse=0; global=0; static=0; extern=0; dir=0; type=3; pingpong=0; private_global=0; IO mode=ap_fifo:ce=0
Port [ current_morton_list]:  wired=1; compound=1; hidden=0; nouse=0; global=0; static=0; extern=0; dir=1; type=3; pingpong=0; private_global=0; IO mode=ap_fifo:ce=0
Port [ pruned_voxel_count_0_reload_loc_c]:  wired=1; compound=1; hidden=0; nouse=0; global=0; static=0; extern=0; dir=1; type=3; pingpong=0; private_global=0; IO mode=ap_fifo:ce=0
---------------- STG Properties END ------------------

---------------- Datapath Model BEGIN ----------------

<LifeTime>
<method=bitvector/>
v                                    (alloca           ) [ 01110]
specinterface_ln0                    (specinterface    ) [ 00000]
specinterface_ln0                    (specinterface    ) [ 00000]
specinterface_ln0                    (specinterface    ) [ 00000]
pruned_voxel_count_0_reload_loc_read (read             ) [ 00000]
write_ln0                            (write            ) [ 00000]
trunc_ln209                          (trunc            ) [ 00000]
tmp                                  (partselect       ) [ 00000]
icmp                                 (icmp             ) [ 00000]
select_ln209                         (select           ) [ 00110]
store_ln209                          (store            ) [ 00000]
br_ln209                             (br               ) [ 00000]
v_4                                  (load             ) [ 00000]
icmp_ln209                           (icmp             ) [ 00110]
speclooptripcount_ln0                (speclooptripcount) [ 00000]
br_ln209                             (br               ) [ 00000]
v_3                                  (add              ) [ 00000]
trunc_ln210                          (trunc            ) [ 00110]
store_ln209                          (store            ) [ 00000]
specpipeline_ln210                   (specpipeline     ) [ 00000]
specloopname_ln209                   (specloopname     ) [ 00000]
write_ln210                          (write            ) [ 00000]
br_ln209                             (br               ) [ 00000]
ret_ln209                            (ret              ) [ 00000]
</LifeTime>

<model>

<comp_list>
<comp id="0" class="1000" name="pruned_voxel_count_0_reload_loc">
<pin_list>
<pin id="1" dir="1" index="0" bw="1" slack="0"/>
</pin_list>
<bind>
<StgValue><ssdm name="pruned_voxel_count_0_reload_loc"/></StgValue>
</bind>
</comp>

<comp id="2" class="1000" name="current_morton_list">
<pin_list>
<pin id="3" dir="1" index="0" bw="1" slack="0"/>
</pin_list>
<bind>
<StgValue><ssdm name="current_morton_list"/></StgValue>
</bind>
</comp>

<comp id="4" class="1000" name="pruned_voxel_count_0_reload_loc_c">
<pin_list>
<pin id="5" dir="1" index="0" bw="1" slack="0"/>
</pin_list>
<bind>
<StgValue><ssdm name="pruned_voxel_count_0_reload_loc_c"/></StgValue>
</bind>
</comp>

<comp id="6" class="1001" name="const_6">
<pin_list>
<pin id="7" dir="1" index="0" bw="1" slack="0"/>
</pin_list>
<bind>
<StgValue><ssdm name=""/></StgValue>
</bind>
</comp>

<comp id="8" class="1001" name="const_8">
<pin_list>
<pin id="9" dir="1" index="0" bw="1" slack="2147483647"/>
</pin_list>
<bind>
<StgValue><ssdm name="_ssdm_op_SpecInterface"/></StgValue>
</bind>
</comp>

<comp id="10" class="1001" name="const_10">
<pin_list>
<pin id="11" dir="1" index="0" bw="1" slack="2147483647"/>
</pin_list>
<bind>
<StgValue><ssdm name="ap_fifo_str"/></StgValue>
</bind>
</comp>

<comp id="12" class="1001" name="const_12">
<pin_list>
<pin id="13" dir="1" index="0" bw="1" slack="2147483647"/>
</pin_list>
<bind>
<StgValue><ssdm name=""/></StgValue>
</bind>
</comp>

<comp id="14" class="1001" name="const_14">
<pin_list>
<pin id="15" dir="1" index="0" bw="1" slack="2147483647"/>
</pin_list>
<bind>
<StgValue><ssdm name="p_str"/></StgValue>
</bind>
</comp>

<comp id="16" class="1001" name="const_16">
<pin_list>
<pin id="17" dir="1" index="0" bw="1" slack="2147483647"/>
</pin_list>
<bind>
<StgValue><ssdm name=""/></StgValue>
</bind>
</comp>

<comp id="18" class="1001" name="const_18">
<pin_list>
<pin id="19" dir="1" index="0" bw="1" slack="2147483647"/>
</pin_list>
<bind>
<StgValue><ssdm name=""/></StgValue>
</bind>
</comp>

<comp id="20" class="1001" name="const_20">
<pin_list>
<pin id="21" dir="1" index="0" bw="1" slack="2147483647"/>
</pin_list>
<bind>
<StgValue><ssdm name=""/></StgValue>
</bind>
</comp>

<comp id="22" class="1001" name="const_22">
<pin_list>
<pin id="23" dir="1" index="0" bw="1" slack="2147483647"/>
</pin_list>
<bind>
<StgValue><ssdm name="ScalarProp_str"/></StgValue>
</bind>
</comp>

<comp id="24" class="1001" name="const_24">
<pin_list>
<pin id="25" dir="1" index="0" bw="1" slack="0"/>
</pin_list>
<bind>
<StgValue><ssdm name="_ssdm_op_Read.ap_fifo.i32P0A"/></StgValue>
</bind>
</comp>

<comp id="26" class="1001" name="const_26">
<pin_list>
<pin id="27" dir="1" index="0" bw="1" slack="0"/>
</pin_list>
<bind>
<StgValue><ssdm name="_ssdm_op_Write.ap_fifo.i32P0A"/></StgValue>
</bind>
</comp>

<comp id="28" class="1001" name="const_28">
<pin_list>
<pin id="29" dir="1" index="0" bw="1" slack="0"/>
</pin_list>
<bind>
<StgValue><ssdm name="_ssdm_op_PartSelect.i23.i32.i32.i32"/></StgValue>
</bind>
</comp>

<comp id="30" class="1001" name="const_30">
<pin_list>
<pin id="31" dir="1" index="0" bw="1" slack="0"/>
</pin_list>
<bind>
<StgValue><ssdm name=""/></StgValue>
</bind>
</comp>

<comp id="32" class="1001" name="const_32">
<pin_list>
<pin id="33" dir="1" index="0" bw="1" slack="0"/>
</pin_list>
<bind>
<StgValue><ssdm name=""/></StgValue>
</bind>
</comp>

<comp id="34" class="1001" name="const_34">
<pin_list>
<pin id="35" dir="1" index="0" bw="1" slack="0"/>
</pin_list>
<bind>
<StgValue><ssdm name=""/></StgValue>
</bind>
</comp>

<comp id="36" class="1001" name="const_36">
<pin_list>
<pin id="37" dir="1" index="0" bw="1" slack="0"/>
</pin_list>
<bind>
<StgValue><ssdm name=""/></StgValue>
</bind>
</comp>

<comp id="38" class="1001" name="const_38">
<pin_list>
<pin id="39" dir="1" index="0" bw="1" slack="0"/>
</pin_list>
<bind>
<StgValue><ssdm name=""/></StgValue>
</bind>
</comp>

<comp id="40" class="1001" name="const_40">
<pin_list>
<pin id="41" dir="1" index="0" bw="1" slack="2147483647"/>
</pin_list>
<bind>
<StgValue><ssdm name="_ssdm_op_SpecLoopTripCount"/></StgValue>
</bind>
</comp>

<comp id="42" class="1001" name="const_42">
<pin_list>
<pin id="43" dir="1" index="0" bw="1" slack="2147483647"/>
</pin_list>
<bind>
<StgValue><ssdm name=""/></StgValue>
</bind>
</comp>

<comp id="44" class="1001" name="const_44">
<pin_list>
<pin id="45" dir="1" index="0" bw="1" slack="2147483647"/>
</pin_list>
<bind>
<StgValue><ssdm name=""/></StgValue>
</bind>
</comp>

<comp id="46" class="1001" name="const_46">
<pin_list>
<pin id="47" dir="1" index="0" bw="1" slack="0"/>
</pin_list>
<bind>
<StgValue><ssdm name=""/></StgValue>
</bind>
</comp>

<comp id="48" class="1001" name="const_48">
<pin_list>
<pin id="49" dir="1" index="0" bw="1" slack="2147483647"/>
</pin_list>
<bind>
<StgValue><ssdm name="_ssdm_op_SpecPipeline"/></StgValue>
</bind>
</comp>

<comp id="50" class="1001" name="const_50">
<pin_list>
<pin id="51" dir="1" index="0" bw="1" slack="2147483647"/>
</pin_list>
<bind>
<StgValue><ssdm name="empty_57"/></StgValue>
</bind>
</comp>

<comp id="52" class="1001" name="const_52">
<pin_list>
<pin id="53" dir="1" index="0" bw="1" slack="2147483647"/>
</pin_list>
<bind>
<StgValue><ssdm name="_ssdm_op_SpecLoopName"/></StgValue>
</bind>
</comp>

<comp id="54" class="1001" name="const_54">
<pin_list>
<pin id="55" dir="1" index="0" bw="1" slack="2147483647"/>
</pin_list>
<bind>
<StgValue><ssdm name="empty_50"/></StgValue>
</bind>
</comp>

<comp id="56" class="1001" name="const_56">
<pin_list>
<pin id="57" dir="1" index="0" bw="1" slack="0"/>
</pin_list>
<bind>
<StgValue><ssdm name="_ssdm_op_Write.ap_fifo.volatile.i9P0A"/></StgValue>
</bind>
</comp>

<comp id="58" class="1004" name="v_fu_58">
<pin_list>
<pin id="59" dir="0" index="0" bw="1" slack="0"/>
<pin id="60" dir="1" index="1" bw="10" slack="0"/>
</pin_list>
<bind>
<opcode="alloca(26) " fcode="alloca"/>
<opset="v/1 "/>
</bind>
</comp>

<comp id="62" class="1004" name="pruned_voxel_count_0_reload_loc_read_read_fu_62">
<pin_list>
<pin id="63" dir="0" index="0" bw="32" slack="0"/>
<pin id="64" dir="0" index="1" bw="32" slack="0"/>
<pin id="65" dir="1" index="2" bw="32" slack="0"/>
</pin_list>
<bind>
<opcode="read(1150) " fcode="read"/>
<opset="pruned_voxel_count_0_reload_loc_read/1 "/>
</bind>
</comp>

<comp id="68" class="1004" name="write_ln0_write_fu_68">
<pin_list>
<pin id="69" dir="0" index="0" bw="0" slack="0"/>
<pin id="70" dir="0" index="1" bw="32" slack="0"/>
<pin id="71" dir="0" index="2" bw="32" slack="0"/>
<pin id="72" dir="1" index="3" bw="0" slack="2147483647"/>
</pin_list>
<bind>
<opcode="write(1151) " fcode="write"/>
<opset="write_ln0/1 "/>
</bind>
</comp>

<comp id="76" class="1004" name="write_ln210_write_fu_76">
<pin_list>
<pin id="77" dir="0" index="0" bw="0" slack="0"/>
<pin id="78" dir="0" index="1" bw="9" slack="0"/>
<pin id="79" dir="0" index="2" bw="9" slack="1"/>
<pin id="80" dir="1" index="3" bw="0" slack="2147483647"/>
</pin_list>
<bind>
<opcode="write(1151) " fcode="write"/>
<opset="write_ln210/3 "/>
</bind>
</comp>

<comp id="83" class="1004" name="trunc_ln209_fu_83">
<pin_list>
<pin id="84" dir="0" index="0" bw="32" slack="0"/>
<pin id="85" dir="1" index="1" bw="10" slack="0"/>
</pin_list>
<bind>
<opcode="trunc(33) " fcode="trunc"/>
<opset="trunc_ln209/1 "/>
</bind>
</comp>

<comp id="87" class="1004" name="tmp_fu_87">
<pin_list>
<pin id="88" dir="0" index="0" bw="23" slack="0"/>
<pin id="89" dir="0" index="1" bw="32" slack="0"/>
<pin id="90" dir="0" index="2" bw="5" slack="0"/>
<pin id="91" dir="0" index="3" bw="6" slack="0"/>
<pin id="92" dir="1" index="4" bw="23" slack="0"/>
</pin_list>
<bind>
<opcode="partselect(1002) " fcode="partselect"/>
<opset="tmp/1 "/>
</bind>
</comp>

<comp id="97" class="1004" name="icmp_fu_97">
<pin_list>
<pin id="98" dir="0" index="0" bw="23" slack="0"/>
<pin id="99" dir="0" index="1" bw="1" slack="0"/>
<pin id="100" dir="1" index="2" bw="1" slack="0"/>
</pin_list>
<bind>
<opcode="icmp(45) " fcode="icmp"/>
<opset="icmp/1 "/>
</bind>
</comp>

<comp id="103" class="1004" name="select_ln209_fu_103">
<pin_list>
<pin id="104" dir="0" index="0" bw="1" slack="0"/>
<pin id="105" dir="0" index="1" bw="10" slack="0"/>
<pin id="106" dir="0" index="2" bw="10" slack="0"/>
<pin id="107" dir="1" index="3" bw="10" slack="1"/>
</pin_list>
<bind>
<opcode="select(49) " fcode="select"/>
<opset="select_ln209/1 "/>
</bind>
</comp>

<comp id="111" class="1004" name="store_ln209_store_fu_111">
<pin_list>
<pin id="112" dir="0" index="0" bw="1" slack="0"/>
<pin id="113" dir="0" index="1" bw="10" slack="0"/>
<pin id="114" dir="1" index="2" bw="0" slack="2147483647"/>
</pin_list>
<bind>
<opcode="store(28) " fcode="store"/>
<opset="store_ln209/1 "/>
</bind>
</comp>

<comp id="116" class="1004" name="v_4_load_fu_116">
<pin_list>
<pin id="117" dir="0" index="0" bw="10" slack="1"/>
<pin id="118" dir="1" index="1" bw="10" slack="0"/>
</pin_list>
<bind>
<opcode="load(27) " fcode="load"/>
<opset="v_4/2 "/>
</bind>
</comp>

<comp id="119" class="1004" name="icmp_ln209_fu_119">
<pin_list>
<pin id="120" dir="0" index="0" bw="10" slack="0"/>
<pin id="121" dir="0" index="1" bw="10" slack="1"/>
<pin id="122" dir="1" index="2" bw="1" slack="2147483647"/>
</pin_list>
<bind>
<opcode="icmp(45) " fcode="icmp"/>
<opset="icmp_ln209/2 "/>
</bind>
</comp>

<comp id="124" class="1004" name="v_3_fu_124">
<pin_list>
<pin id="125" dir="0" index="0" bw="10" slack="0"/>
<pin id="126" dir="0" index="1" bw="1" slack="0"/>
<pin id="127" dir="1" index="2" bw="10" slack="0"/>
</pin_list>
<bind>
<opcode="add(8) " fcode="add"/>
<opset="v_3/2 "/>
</bind>
</comp>

<comp id="130" class="1004" name="trunc_ln210_fu_130">
<pin_list>
<pin id="131" dir="0" index="0" bw="10" slack="0"/>
<pin id="132" dir="1" index="1" bw="9" slack="1"/>
</pin_list>
<bind>
<opcode="trunc(33) " fcode="trunc"/>
<opset="trunc_ln210/2 "/>
</bind>
</comp>

<comp id="134" class="1004" name="store_ln209_store_fu_134">
<pin_list>
<pin id="135" dir="0" index="0" bw="10" slack="0"/>
<pin id="136" dir="0" index="1" bw="10" slack="1"/>
<pin id="137" dir="1" index="2" bw="0" slack="2147483647"/>
</pin_list>
<bind>
<opcode="store(28) " fcode="store"/>
<opset="store_ln209/2 "/>
</bind>
</comp>

<comp id="139" class="1005" name="v_reg_139">
<pin_list>
<pin id="140" dir="0" index="0" bw="10" slack="0"/>
<pin id="141" dir="1" index="1" bw="10" slack="0"/>
</pin_list>
<bind>
<opset="v "/>
</bind>
</comp>

<comp id="146" class="1005" name="select_ln209_reg_146">
<pin_list>
<pin id="147" dir="0" index="0" bw="10" slack="1"/>
<pin id="148" dir="1" index="1" bw="10" slack="1"/>
</pin_list>
<bind>
<opset="select_ln209 "/>
</bind>
</comp>

<comp id="154" class="1005" name="trunc_ln210_reg_154">
<pin_list>
<pin id="155" dir="0" index="0" bw="9" slack="1"/>
<pin id="156" dir="1" index="1" bw="9" slack="1"/>
</pin_list>
<bind>
<opset="trunc_ln210 "/>
</bind>
</comp>

</comp_list>

<net_list>
<net id="61"><net_src comp="6" pin="0"/><net_sink comp="58" pin=0"/></net>

<net id="66"><net_src comp="24" pin="0"/><net_sink comp="62" pin=0"/></net>

<net id="67"><net_src comp="0" pin="0"/><net_sink comp="62" pin=1"/></net>

<net id="73"><net_src comp="26" pin="0"/><net_sink comp="68" pin=0"/></net>

<net id="74"><net_src comp="4" pin="0"/><net_sink comp="68" pin=1"/></net>

<net id="75"><net_src comp="62" pin="2"/><net_sink comp="68" pin=2"/></net>

<net id="81"><net_src comp="56" pin="0"/><net_sink comp="76" pin=0"/></net>

<net id="82"><net_src comp="2" pin="0"/><net_sink comp="76" pin=1"/></net>

<net id="86"><net_src comp="62" pin="2"/><net_sink comp="83" pin=0"/></net>

<net id="93"><net_src comp="28" pin="0"/><net_sink comp="87" pin=0"/></net>

<net id="94"><net_src comp="62" pin="2"/><net_sink comp="87" pin=1"/></net>

<net id="95"><net_src comp="30" pin="0"/><net_sink comp="87" pin=2"/></net>

<net id="96"><net_src comp="32" pin="0"/><net_sink comp="87" pin=3"/></net>

<net id="101"><net_src comp="87" pin="4"/><net_sink comp="97" pin=0"/></net>

<net id="102"><net_src comp="34" pin="0"/><net_sink comp="97" pin=1"/></net>

<net id="108"><net_src comp="97" pin="2"/><net_sink comp="103" pin=0"/></net>

<net id="109"><net_src comp="83" pin="1"/><net_sink comp="103" pin=1"/></net>

<net id="110"><net_src comp="36" pin="0"/><net_sink comp="103" pin=2"/></net>

<net id="115"><net_src comp="38" pin="0"/><net_sink comp="111" pin=0"/></net>

<net id="123"><net_src comp="116" pin="1"/><net_sink comp="119" pin=0"/></net>

<net id="128"><net_src comp="116" pin="1"/><net_sink comp="124" pin=0"/></net>

<net id="129"><net_src comp="46" pin="0"/><net_sink comp="124" pin=1"/></net>

<net id="133"><net_src comp="116" pin="1"/><net_sink comp="130" pin=0"/></net>

<net id="138"><net_src comp="124" pin="2"/><net_sink comp="134" pin=0"/></net>

<net id="142"><net_src comp="58" pin="1"/><net_sink comp="139" pin=0"/></net>

<net id="143"><net_src comp="139" pin="1"/><net_sink comp="111" pin=1"/></net>

<net id="144"><net_src comp="139" pin="1"/><net_sink comp="116" pin=0"/></net>

<net id="145"><net_src comp="139" pin="1"/><net_sink comp="134" pin=1"/></net>

<net id="149"><net_src comp="103" pin="3"/><net_sink comp="146" pin=0"/></net>

<net id="150"><net_src comp="146" pin="1"/><net_sink comp="119" pin=1"/></net>

<net id="157"><net_src comp="130" pin="1"/><net_sink comp="154" pin=0"/></net>

<net id="158"><net_src comp="154" pin="1"/><net_sink comp="76" pin=2"/></net>

</net_list>

</model> 
---------------- Datapath Model END ------------------

* FSMD analyzer results:
  - Output states:
	Port: current_morton_list | {3 }
	Port: pruned_voxel_count_0_reload_loc_c | {1 }
 - Input state : 
	Port: Loop_VITIS_LOOP_209_5_proc : pruned_voxel_count_0_reload_loc | {1 }
  - Chain level:
	State 1
		icmp : 1
		select_ln209 : 2
		store_ln209 : 1
	State 2
		icmp_ln209 : 1
		br_ln209 : 2
		v_3 : 1
		trunc_ln210 : 1
		store_ln209 : 2
	State 3
	State 4


============================================================
+ Verbose Summary: Datapath Resource usage 
============================================================

* Functional unit list:
|----------|-------------------------------------------------|---------|---------|
| Operation|                 Functional Unit                 |    FF   |   LUT   |
|----------|-------------------------------------------------|---------|---------|
|   icmp   |                    icmp_fu_97                   |    0    |    30   |
|          |                icmp_ln209_fu_119                |    0    |    17   |
|----------|-------------------------------------------------|---------|---------|
|    add   |                    v_3_fu_124                   |    0    |    17   |
|----------|-------------------------------------------------|---------|---------|
|  select  |               select_ln209_fu_103               |    0    |    10   |
|----------|-------------------------------------------------|---------|---------|
|   read   | pruned_voxel_count_0_reload_loc_read_read_fu_62 |    0    |    0    |
|----------|-------------------------------------------------|---------|---------|
|   write  |              write_ln0_write_fu_68              |    0    |    0    |
|          |             write_ln210_write_fu_76             |    0    |    0    |
|----------|-------------------------------------------------|---------|---------|
|   trunc  |                trunc_ln209_fu_83                |    0    |    0    |
|          |                trunc_ln210_fu_130               |    0    |    0    |
|----------|-------------------------------------------------|---------|---------|
|partselect|                    tmp_fu_87                    |    0    |    0    |
|----------|-------------------------------------------------|---------|---------|
|   Total  |                                                 |    0    |    74   |
|----------|-------------------------------------------------|---------|---------|

Memories:
N/A

* Register list:
+--------------------+--------+
|                    |   FF   |
+--------------------+--------+
|select_ln209_reg_146|   10   |
| trunc_ln210_reg_154|    9   |
|      v_reg_139     |   10   |
+--------------------+--------+
|        Total       |   29   |
+--------------------+--------+

* Multiplexer (MUX) list: 
|--------|------|------|------|--------|
|  Comp  |  Pin | Size |  BW  | S x BW |
|--------|------|------|------|--------|
|  Total |      |      |      |    0   |
|--------|------|------|------|--------|



* Summary:
+-----------+--------+--------+
|           |   FF   |   LUT  |
+-----------+--------+--------+
|  Function |    0   |   74   |
|   Memory  |    -   |    -   |
|Multiplexer|    -   |    -   |
|  Register |   29   |    -   |
+-----------+--------+--------+
|   Total   |   29   |   74   |
+-----------+--------+--------+
