In file included from morton_reorder_buffer.cpp:1:
In file included from ./morton_reorder_buffer.h:8:
./octree_master.h:141:9: warning: HLS pragma dump _XLX_SEP_ PragmaIsValid=1_XLX_SEP_ PragmaType=inline_XLX_SEP_ PragmaContext=_XLX_SEP_ PragmaFunction=get_bit_XLX_SEP_ PragmaOptions=_XLX_SEP_ [-Wdump-hls-pragmas]
#pragma HLS INLINE
        ^
./octree_master.h:148:9: warning: HLS pragma dump _XLX_SEP_ PragmaIsValid=1_XLX_SEP_ PragmaType=inline_XLX_SEP_ PragmaContext=_XLX_SEP_ PragmaFunction=set_bit_XLX_SEP_ PragmaOptions=_XLX_SEP_ [-Wdump-hls-pragmas]
#pragma HLS INLINE
        ^
./octree_master.h:155:9: warning: HLS pragma dump _XLX_SEP_ PragmaIsValid=1_XLX_SEP_ PragmaType=inline_XLX_SEP_ PragmaContext=_XLX_SEP_ PragmaFunction=coord_to_idx_XLX_SEP_ PragmaOptions=_XLX_SEP_ [-Wdump-hls-pragmas]
#pragma HLS INLINE
        ^
./octree_master.h:160:9: warning: HLS pragma dump _XLX_SEP_ PragmaIsValid=1_XLX_SEP_ PragmaType=inline_XLX_SEP_ PragmaContext=_XLX_SEP_ PragmaFunction=part1by2_XLX_SEP_ PragmaOptions=_XLX_SEP_ [-Wdump-hls-pragmas]
#pragma HLS INLINE
        ^
./octree_master.h:171:9: warning: HLS pragma dump _XLX_SEP_ PragmaIsValid=1_XLX_SEP_ PragmaType=inline_XLX_SEP_ PragmaContext=_XLX_SEP_ PragmaFunction=morton3D_XLX_SEP_ PragmaOptions=_XLX_SEP_ [-Wdump-hls-pragmas]
#pragma HLS INLINE
        ^
./octree_master.h:177:9: warning: HLS pragma dump _XLX_SEP_ PragmaIsValid=1_XLX_SEP_ PragmaType=inline_XLX_SEP_ PragmaContext=_XLX_SEP_ PragmaFunction=morton_decode_XLX_SEP_ PragmaOptions=_XLX_SEP_ [-Wdump-hls-pragmas]
#pragma HLS INLINE
        ^
./octree_master.h:183:9: warning: HLS pragma dump _XLX_SEP_ PragmaIsValid=1_XLX_SEP_ PragmaType=unroll_XLX_SEP_ PragmaContext=_XLX_SEP_ PragmaFunction=morton_decode_XLX_SEP_ PragmaOptions=_XLX_SEP_ [-Wdump-hls-pragmas]
#pragma HLS UNROLL
        ^
./octree_master.h:212:9: warning: HLS pragma dump _XLX_SEP_ PragmaIsValid=1_XLX_SEP_ PragmaType=inline_XLX_SEP_ PragmaContext=_XLX_SEP_ PragmaFunction=l2_idx_to_coords_XLX_SEP_ PragmaOptions=_XLX_SEP_ [-Wdump-hls-pragmas]
#pragma HLS INLINE
        ^
./octree_master.h:219:9: warning: HLS pragma dump _XLX_SEP_ PragmaIsValid=1_XLX_SEP_ PragmaType=inline_XLX_SEP_ PragmaContext=_XLX_SEP_ PragmaFunction=l1_local_to_coords_XLX_SEP_ PragmaOptions=_XLX_SEP_ [-Wdump-hls-pragmas]
#pragma HLS INLINE
        ^
./octree_master.h:226:9: warning: HLS pragma dump _XLX_SEP_ PragmaIsValid=1_XLX_SEP_ PragmaType=inline_XLX_SEP_ PragmaContext=_XLX_SEP_ PragmaFunction=l0_local_to_coords_XLX_SEP_ PragmaOptions=_XLX_SEP_ [-Wdump-hls-pragmas]
#pragma HLS INLINE
        ^
./octree_master.h:261:9: warning: HLS pragma dump _XLX_SEP_ PragmaIsValid=1_XLX_SEP_ PragmaType=inline_XLX_SEP_ PragmaContext=_XLX_SEP_ PragmaFunction=extract_morton_address_XLX_SEP_ PragmaOptions=_XLX_SEP_ [-Wdump-hls-pragmas]
#pragma HLS INLINE
        ^
./octree_master.h:271:9: warning: HLS pragma dump _XLX_SEP_ PragmaIsValid=1_XLX_SEP_ PragmaType=inline_XLX_SEP_ PragmaContext=_XLX_SEP_ PragmaFunction=morton_to_dram_address_XLX_SEP_ PragmaOptions=_XLX_SEP_ [-Wdump-hls-pragmas]
#pragma HLS INLINE
        ^
In file included from morton_reorder_buffer.cpp:1:
In file included from ./morton_reorder_buffer.h:9:
In file included from ./streaming_bitmap_constructor.h:3:
./octree_bitmap.h:26:9: warning: HLS pragma dump _XLX_SEP_ PragmaIsValid=1_XLX_SEP_ PragmaType=inline_XLX_SEP_ PragmaContext=_XLX_SEP_ PragmaFunction=linear_to_3d_XLX_SEP_ PragmaOptions=_XLX_SEP_ [-Wdump-hls-pragmas]
#pragma HLS INLINE
        ^
./octree_bitmap.h:33:9: warning: HLS pragma dump _XLX_SEP_ PragmaIsValid=1_XLX_SEP_ PragmaType=inline_XLX_SEP_ PragmaContext=_XLX_SEP_ PragmaFunction=coord_3d_to_linear_XLX_SEP_ PragmaOptions=_XLX_SEP_ [-Wdump-hls-pragmas]
#pragma HLS INLINE
        ^
./octree_bitmap.h:39:9: warning: HLS pragma dump _XLX_SEP_ PragmaIsValid=1_XLX_SEP_ PragmaType=inline_XLX_SEP_ PragmaContext=_XLX_SEP_ PragmaFunction=get_child_block_indices_XLX_SEP_ PragmaOptions=_XLX_SEP_ [-Wdump-hls-pragmas]
#pragma HLS INLINE
        ^
./octree_bitmap.h:47:9: warning: HLS pragma dump _XLX_SEP_ PragmaIsValid=1_XLX_SEP_ PragmaType=unroll_XLX_SEP_ PragmaContext=_XLX_SEP_ PragmaFunction=get_child_block_indices_XLX_SEP_ PragmaOptions=_XLX_SEP_ [-Wdump-hls-pragmas]
#pragma HLS UNROLL
        ^
morton_reorder_buffer.cpp:28:9: warning: HLS pragma dump _XLX_SEP_ PragmaIsValid=1_XLX_SEP_ PragmaType=interface_XLX_SEP_ PragmaContext=_XLX_SEP_ PragmaFunction=integrated_morton_reorder_buffer_with_triggers_XLX_SEP_ PragmaOptions=axis port = req_in_XLX_SEP_ [-Wdump-hls-pragmas]
#pragma HLS INTERFACE axis port = req_in
        ^
morton_reorder_buffer.cpp:29:9: warning: HLS pragma dump _XLX_SEP_ PragmaIsValid=1_XLX_SEP_ PragmaType=interface_XLX_SEP_ PragmaContext=_XLX_SEP_ PragmaFunction=integrated_morton_reorder_buffer_with_triggers_XLX_SEP_ PragmaOptions=axis port = bitmap_interface_XLX_SEP_ [-Wdump-hls-pragmas]
#pragma HLS INTERFACE axis port = bitmap_interface
        ^
morton_reorder_buffer.cpp:30:9: warning: HLS pragma dump _XLX_SEP_ PragmaIsValid=1_XLX_SEP_ PragmaType=interface_XLX_SEP_ PragmaContext=_XLX_SEP_ PragmaFunction=integrated_morton_reorder_buffer_with_triggers_XLX_SEP_ PragmaOptions=axis port = retained_blocks_in_XLX_SEP_ [-Wdump-hls-pragmas]
#pragma HLS INTERFACE axis port = retained_blocks_in
        ^
morton_reorder_buffer.cpp:31:9: warning: HLS pragma dump _XLX_SEP_ PragmaIsValid=1_XLX_SEP_ PragmaType=interface_XLX_SEP_ PragmaContext=_XLX_SEP_ PragmaFunction=integrated_morton_reorder_buffer_with_triggers_XLX_SEP_ PragmaOptions=axis port = resp_out_XLX_SEP_ [-Wdump-hls-pragmas]
#pragma HLS INTERFACE axis port = resp_out
        ^
morton_reorder_buffer.cpp:32:9: warning: HLS pragma dump _XLX_SEP_ PragmaIsValid=1_XLX_SEP_ PragmaType=interface_XLX_SEP_ PragmaContext=_XLX_SEP_ PragmaFunction=integrated_morton_reorder_buffer_with_triggers_XLX_SEP_ PragmaOptions=axis port = trigger_out_XLX_SEP_ [-Wdump-hls-pragmas]
#pragma HLS INTERFACE axis port = trigger_out
        ^
morton_reorder_buffer.cpp:33:9: warning: HLS pragma dump _XLX_SEP_ PragmaIsValid=1_XLX_SEP_ PragmaType=interface_XLX_SEP_ PragmaContext=_XLX_SEP_ PragmaFunction=integrated_morton_reorder_buffer_with_triggers_XLX_SEP_ PragmaOptions=axis port = response_in_XLX_SEP_ [-Wdump-hls-pragmas]
#pragma HLS INTERFACE axis port = response_in
        ^
morton_reorder_buffer.cpp:34:9: warning: HLS pragma dump _XLX_SEP_ PragmaIsValid=1_XLX_SEP_ PragmaType=interface_XLX_SEP_ PragmaContext=_XLX_SEP_ PragmaFunction=integrated_morton_reorder_buffer_with_triggers_XLX_SEP_ PragmaOptions=m_axi port = feature_dram depth = 134217728 bundle = gmem_morton max_read_burst_length = 256 max_write_burst_length = 256 num_read_outstanding = 32 num_write_outstanding = 32 latency = 32 offset = slave_XLX_SEP_ [-Wdump-hls-pragmas]
#pragma HLS INTERFACE m_axi port = feature_dram depth = 134217728 bundle = gmem_morton max_read_burst_length = 256 max_write_burst_length = 256 num_read_outstanding = 32 num_write_outstanding = 32 latency = 32 offset = slave
        ^
morton_reorder_buffer.cpp:36:9: warning: HLS pragma dump _XLX_SEP_ PragmaIsValid=1_XLX_SEP_ PragmaType=interface_XLX_SEP_ PragmaContext=_XLX_SEP_ PragmaFunction=integrated_morton_reorder_buffer_with_triggers_XLX_SEP_ PragmaOptions=bram port = L3_bitmap_bram_XLX_SEP_ [-Wdump-hls-pragmas]
#pragma HLS INTERFACE bram port = L3_bitmap_bram
        ^
morton_reorder_buffer.cpp:37:9: warning: HLS pragma dump _XLX_SEP_ PragmaIsValid=1_XLX_SEP_ PragmaType=interface_XLX_SEP_ PragmaContext=_XLX_SEP_ PragmaFunction=integrated_morton_reorder_buffer_with_triggers_XLX_SEP_ PragmaOptions=bram port = L2_bitmap_pruned_bram_XLX_SEP_ [-Wdump-hls-pragmas]
#pragma HLS INTERFACE bram port = L2_bitmap_pruned_bram
        ^
morton_reorder_buffer.cpp:38:9: warning: HLS pragma dump _XLX_SEP_ PragmaIsValid=1_XLX_SEP_ PragmaType=interface_XLX_SEP_ PragmaContext=_XLX_SEP_ PragmaFunction=integrated_morton_reorder_buffer_with_triggers_XLX_SEP_ PragmaOptions=bram port = L1_bitmap_pruned_bram_XLX_SEP_ [-Wdump-hls-pragmas]
#pragma HLS INTERFACE bram port = L1_bitmap_pruned_bram
        ^
morton_reorder_buffer.cpp:39:9: warning: HLS pragma dump _XLX_SEP_ PragmaIsValid=1_XLX_SEP_ PragmaType=interface_XLX_SEP_ PragmaContext=_XLX_SEP_ PragmaFunction=integrated_morton_reorder_buffer_with_triggers_XLX_SEP_ PragmaOptions=bram port = L0_bitmap_pruned_bram_XLX_SEP_ [-Wdump-hls-pragmas]
#pragma HLS INTERFACE bram port = L0_bitmap_pruned_bram
        ^
morton_reorder_buffer.cpp:40:9: warning: HLS pragma dump _XLX_SEP_ PragmaIsValid=1_XLX_SEP_ PragmaType=interface_XLX_SEP_ PragmaContext=_XLX_SEP_ PragmaFunction=integrated_morton_reorder_buffer_with_triggers_XLX_SEP_ PragmaOptions=s_axilite port = enable_XLX_SEP_ [-Wdump-hls-pragmas]
#pragma HLS INTERFACE s_axilite port = enable
        ^
morton_reorder_buffer.cpp:41:9: warning: HLS pragma dump _XLX_SEP_ PragmaIsValid=1_XLX_SEP_ PragmaType=interface_XLX_SEP_ PragmaContext=_XLX_SEP_ PragmaFunction=integrated_morton_reorder_buffer_with_triggers_XLX_SEP_ PragmaOptions=s_axilite port = return_XLX_SEP_ [-Wdump-hls-pragmas]
#pragma HLS INTERFACE s_axilite port = return
        ^
morton_reorder_buffer.cpp:45:9: warning: HLS pragma dump _XLX_SEP_ PragmaIsValid=1_XLX_SEP_ PragmaType=array_partition_XLX_SEP_ PragmaContext=_XLX_SEP_ PragmaFunction=integrated_morton_reorder_buffer_with_triggers_XLX_SEP_ PragmaOptions=variable = buffer cyclic factor = 16_XLX_SEP_ [-Wdump-hls-pragmas]
#pragma HLS ARRAY_PARTITION variable = buffer cyclic factor = 16
        ^
morton_reorder_buffer.cpp:47:9: warning: HLS pragma dump _XLX_SEP_ PragmaIsValid=1_XLX_SEP_ PragmaType=bind_storage_XLX_SEP_ PragmaContext=_XLX_SEP_ PragmaFunction=integrated_morton_reorder_buffer_with_triggers_XLX_SEP_ PragmaOptions=variable = mapping_table type = ram_2p impl = bram_XLX_SEP_ [-Wdump-hls-pragmas]
#pragma HLS BIND_STORAGE variable = mapping_table type = ram_2p impl = bram
        ^
morton_reorder_buffer.cpp:58:9: warning: HLS pragma dump _XLX_SEP_ PragmaIsValid=1_XLX_SEP_ PragmaType=array_partition_XLX_SEP_ PragmaContext=_XLX_SEP_ PragmaFunction=integrated_morton_reorder_buffer_with_triggers_XLX_SEP_ PragmaOptions=variable = burst_buffer cyclic factor = 16_XLX_SEP_ [-Wdump-hls-pragmas]
#pragma HLS ARRAY_PARTITION variable = burst_buffer cyclic factor = 16
        ^
morton_reorder_buffer.cpp:60:9: warning: HLS pragma dump _XLX_SEP_ PragmaIsValid=1_XLX_SEP_ PragmaType=array_partition_XLX_SEP_ PragmaContext=_XLX_SEP_ PragmaFunction=integrated_morton_reorder_buffer_with_triggers_XLX_SEP_ PragmaOptions=variable = response_valid complete_XLX_SEP_ [-Wdump-hls-pragmas]
#pragma HLS ARRAY_PARTITION variable = response_valid complete
        ^
morton_reorder_buffer.cpp:119:9: warning: HLS pragma dump _XLX_SEP_ PragmaIsValid=1_XLX_SEP_ PragmaType=pipeline_XLX_SEP_ PragmaContext=_XLX_SEP_ PragmaFunction=integrated_morton_reorder_buffer_with_triggers_XLX_SEP_ PragmaOptions=II = 1_XLX_SEP_ [-Wdump-hls-pragmas]
#pragma HLS PIPELINE II = 1
        ^
morton_reorder_buffer.cpp:24:23: warning: unused parameter 'bitmap_info' [-Wunused-parameter]
    PrunedBitmapInfo &bitmap_info,
                      ^
morton_reorder_buffer.cpp:303:9: warning: HLS pragma dump _XLX_SEP_ PragmaIsValid=1_XLX_SEP_ PragmaType=inline_XLX_SEP_ PragmaContext=_XLX_SEP_ PragmaFunction=process_retained_blocks_only_XLX_SEP_ PragmaOptions=off_XLX_SEP_ [-Wdump-hls-pragmas]
#pragma HLS INLINE off
        ^
morton_reorder_buffer.cpp:308:9: warning: HLS pragma dump _XLX_SEP_ PragmaIsValid=1_XLX_SEP_ PragmaType=pipeline_XLX_SEP_ PragmaContext=_XLX_SEP_ PragmaFunction=process_retained_blocks_only_XLX_SEP_ PragmaOptions=II = 1_XLX_SEP_ [-Wdump-hls-pragmas]
#pragma HLS PIPELINE II = 1
        ^
morton_reorder_buffer.cpp:340:9: warning: HLS pragma dump _XLX_SEP_ PragmaIsValid=1_XLX_SEP_ PragmaType=inline_XLX_SEP_ PragmaContext=_XLX_SEP_ PragmaFunction=optimized_dram_burst_retained_XLX_SEP_ PragmaOptions=off_XLX_SEP_ [-Wdump-hls-pragmas]
#pragma HLS INLINE off
        ^
morton_reorder_buffer.cpp:351:9: warning: HLS pragma dump _XLX_SEP_ PragmaIsValid=1_XLX_SEP_ PragmaType=pipeline_XLX_SEP_ PragmaContext=_XLX_SEP_ PragmaFunction=optimized_dram_burst_retained_XLX_SEP_ PragmaOptions=II = 1_XLX_SEP_ [-Wdump-hls-pragmas]
#pragma HLS PIPELINE II = 1
        ^
morton_reorder_buffer.cpp:380:9: warning: HLS pragma dump _XLX_SEP_ PragmaIsValid=1_XLX_SEP_ PragmaType=pipeline_XLX_SEP_ PragmaContext=_XLX_SEP_ PragmaFunction=optimized_dram_burst_retained_XLX_SEP_ PragmaOptions=II = 1_XLX_SEP_ [-Wdump-hls-pragmas]
#pragma HLS PIPELINE II = 1
        ^
morton_reorder_buffer.cpp:406:9: warning: HLS pragma dump _XLX_SEP_ PragmaIsValid=1_XLX_SEP_ PragmaType=unroll_XLX_SEP_ PragmaContext=_XLX_SEP_ PragmaFunction=optimized_dram_burst_retained_XLX_SEP_ PragmaOptions=factor = 4_XLX_SEP_ [-Wdump-hls-pragmas]
#pragma HLS UNROLL factor = 4
        ^
morton_reorder_buffer.cpp:441:9: warning: HLS pragma dump _XLX_SEP_ PragmaIsValid=1_XLX_SEP_ PragmaType=unroll_XLX_SEP_ PragmaContext=_XLX_SEP_ PragmaFunction=optimized_dram_burst_retained_XLX_SEP_ PragmaOptions=factor = 4_XLX_SEP_ [-Wdump-hls-pragmas]
#pragma HLS UNROLL factor = 4
        ^
morton_reorder_buffer.cpp:464:9: warning: HLS pragma dump _XLX_SEP_ PragmaIsValid=1_XLX_SEP_ PragmaType=inline_XLX_SEP_ PragmaContext=_XLX_SEP_ PragmaFunction=update_row_buffer_stats_XLX_SEP_ PragmaOptions=_XLX_SEP_ [-Wdump-hls-pragmas]
#pragma HLS INLINE
        ^
43 warnings generated.
