

================================================================
== Vitis HLS Report for 'ocnn6_streaming_layer_pipeline_Block_entry_proc_30'
================================================================
* Date:           Sat Sep  6 21:10:49 2025

* Version:        2024.2 (Build 5238294 on Nov  8 2024)
* Project:        ocnn6_net
* Solution:       solution1 (Vivado IP Flow Target)
* Product family: virtexuplus
* Target device:  xcu250-figd2104-2L-e


================================================================
== Performance Estimates
================================================================
+ Timing: 
    * Summary: 
    +--------+---------+----------+------------+
    |  Clock |  Target | Estimated| Uncertainty|
    +--------+---------+----------+------------+
    |ap_clk  |  3.33 ns|  2.354 ns|     0.90 ns|
    +--------+---------+----------+------------+

+ Latency: 
    * Summary: 
    +---------+---------+----------+----------+-----+-----+---------+
    |  Latency (cycles) |  Latency (absolute) |  Interval | Pipeline|
    |   min   |   max   |    min   |    max   | min | max |   Type  |
    +---------+---------+----------+----------+-----+-----+---------+
    |        0|        0|      0 ns|      0 ns|    0|    0|       no|
    +---------+---------+----------+----------+-----+-----+---------+

    + Detail: 
        * Instance: 
        N/A

        * Loop: 
        N/A

============================================================
+ Verbose Summary: Synthesis Manager
============================================================
InlineROM: 1
ExposeGlobal: 0
============================================================
+ Verbose Summary: CDFG Model
============================================================
IsTopModel: 0
ResetActiveHigh: 1
IsCombinational: 2
IsDatapathOnly: 0
HasWiredReturn: 1
HasMFsm: 0
HasVarLatency: 0
IsPipeline: 0
IsRtlPipelined: 0
IsInstanceOverlapped: 0
IsDontTouch: 0
HasImplIP: 0
IsGatedGlobalClock: 0


============================================================
+ Verbose Summary: Schedule
============================================================
* Number of FSM states : 1
* Pipeline : 0
* Dataflow Pipeline: 0

* FSM state transitions: 
1 --> 

* FSM state operations: 

State 1 <SV = 0> <Delay = 2.35>
ST_1 : Operation 2 [1/1] (0.00ns)   --->   "%specinterface_ln0 = specinterface void @_ssdm_op_SpecInterface, i64 %p_out, void @ap_fifo_str, i32 0, i32 0, void @p_str, i32 0, i32 0, void @p_str, void @p_str, void @p_str, i32 2, i32 2, i32 16, i32 16, void @p_str, void @p_str, i32 4294967295, i32 0, i32 0"   --->   Operation 2 'specinterface' 'specinterface_ln0' <Predicate = true> <Delay = 0.00>
ST_1 : Operation 3 [1/1] (0.00ns)   --->   "%specinterface_ln0 = specinterface void @_ssdm_op_SpecInterface, i64 %p_out1, void @ap_fifo_str, i32 0, i32 0, void @p_str, i32 0, i32 0, void @p_str, void @p_str, void @p_str, i32 2, i32 2, i32 16, i32 16, void @p_str, void @p_str, i32 4294967295, i32 0, i32 0"   --->   Operation 3 'specinterface' 'specinterface_ln0' <Predicate = true> <Delay = 0.00>
ST_1 : Operation 4 [1/1] (0.00ns)   --->   "%specinterface_ln0 = specinterface void @_ssdm_op_SpecInterface, i64 %p_out2, void @ap_fifo_str, i32 0, i32 0, void @p_str, i32 0, i32 0, void @p_str, void @p_str, void @p_str, i32 2, i32 2, i32 16, i32 16, void @p_str, void @p_str, i32 4294967295, i32 0, i32 0"   --->   Operation 4 'specinterface' 'specinterface_ln0' <Predicate = true> <Delay = 0.00>
ST_1 : Operation 5 [1/1] (0.00ns)   --->   "%specinterface_ln0 = specinterface void @_ssdm_op_SpecInterface, i64 %p_out3, void @ap_fifo_str, i32 0, i32 0, void @p_str, i32 0, i32 0, void @p_str, void @p_str, void @p_str, i32 2, i32 2, i32 16, i32 16, void @p_str, void @p_str, i32 4294967295, i32 0, i32 0"   --->   Operation 5 'specinterface' 'specinterface_ln0' <Predicate = true> <Delay = 0.00>
ST_1 : Operation 6 [1/1] (0.00ns)   --->   "%specinterface_ln0 = specinterface void @_ssdm_op_SpecInterface, i64 %p_out4, void @ap_fifo_str, i32 0, i32 0, void @p_str, i32 0, i32 0, void @p_str, void @p_str, void @p_str, i32 2, i32 2, i32 16, i32 16, void @p_str, void @p_str, i32 4294967295, i32 0, i32 0"   --->   Operation 6 'specinterface' 'specinterface_ln0' <Predicate = true> <Delay = 0.00>
ST_1 : Operation 7 [1/1] (0.00ns)   --->   "%specinterface_ln0 = specinterface void @_ssdm_op_SpecInterface, i64 %p_out5, void @ap_fifo_str, i32 0, i32 0, void @p_str, i32 0, i32 0, void @p_str, void @p_str, void @p_str, i32 2, i32 2, i32 16, i32 16, void @p_str, void @p_str, i32 4294967295, i32 0, i32 0"   --->   Operation 7 'specinterface' 'specinterface_ln0' <Predicate = true> <Delay = 0.00>
ST_1 : Operation 8 [1/1] (0.00ns)   --->   "%specinterface_ln0 = specinterface void @_ssdm_op_SpecInterface, i64 %p_out6, void @ap_fifo_str, i32 0, i32 0, void @p_str, i32 0, i32 0, void @p_str, void @p_str, void @p_str, i32 2, i32 2, i32 16, i32 16, void @p_str, void @p_str, i32 4294967295, i32 0, i32 0"   --->   Operation 8 'specinterface' 'specinterface_ln0' <Predicate = true> <Delay = 0.00>
ST_1 : Operation 9 [1/1] (0.00ns)   --->   "%specinterface_ln0 = specinterface void @_ssdm_op_SpecInterface, i64 %p_out7, void @ap_fifo_str, i32 0, i32 0, void @p_str, i32 0, i32 0, void @p_str, void @p_str, void @p_str, i32 2, i32 2, i32 16, i32 16, void @p_str, void @p_str, i32 4294967295, i32 0, i32 0"   --->   Operation 9 'specinterface' 'specinterface_ln0' <Predicate = true> <Delay = 0.00>
ST_1 : Operation 10 [1/1] (0.00ns)   --->   "%specinterface_ln0 = specinterface void @_ssdm_op_SpecInterface, i64 %p_out8, void @ap_fifo_str, i32 0, i32 0, void @p_str, i32 0, i32 0, void @p_str, void @p_str, void @p_str, i32 2, i32 2, i32 16, i32 16, void @p_str, void @p_str, i32 4294967295, i32 0, i32 0"   --->   Operation 10 'specinterface' 'specinterface_ln0' <Predicate = true> <Delay = 0.00>
ST_1 : Operation 11 [1/1] (0.00ns)   --->   "%specinterface_ln0 = specinterface void @_ssdm_op_SpecInterface, i64 %p_out9, void @ap_fifo_str, i32 0, i32 0, void @p_str, i32 0, i32 0, void @p_str, void @p_str, void @p_str, i32 2, i32 2, i32 16, i32 16, void @p_str, void @p_str, i32 4294967295, i32 0, i32 0"   --->   Operation 11 'specinterface' 'specinterface_ln0' <Predicate = true> <Delay = 0.00>
ST_1 : Operation 12 [1/1] (0.00ns)   --->   "%specinterface_ln0 = specinterface void @_ssdm_op_SpecInterface, i64 %p_out10, void @ap_fifo_str, i32 0, i32 0, void @p_str, i32 0, i32 0, void @p_str, void @p_str, void @p_str, i32 2, i32 2, i32 16, i32 16, void @p_str, void @p_str, i32 4294967295, i32 0, i32 0"   --->   Operation 12 'specinterface' 'specinterface_ln0' <Predicate = true> <Delay = 0.00>
ST_1 : Operation 13 [1/1] (0.00ns)   --->   "%specinterface_ln0 = specinterface void @_ssdm_op_SpecInterface, i64 %p_out11, void @ap_fifo_str, i32 0, i32 0, void @p_str, i32 0, i32 0, void @p_str, void @p_str, void @p_str, i32 2, i32 2, i32 16, i32 16, void @p_str, void @p_str, i32 4294967295, i32 0, i32 0"   --->   Operation 13 'specinterface' 'specinterface_ln0' <Predicate = true> <Delay = 0.00>
ST_1 : Operation 14 [1/1] (0.00ns)   --->   "%specinterface_ln0 = specinterface void @_ssdm_op_SpecInterface, i64 %p_out12, void @ap_fifo_str, i32 0, i32 0, void @p_str, i32 0, i32 0, void @p_str, void @p_str, void @p_str, i32 2, i32 2, i32 16, i32 16, void @p_str, void @p_str, i32 4294967295, i32 0, i32 0"   --->   Operation 14 'specinterface' 'specinterface_ln0' <Predicate = true> <Delay = 0.00>
ST_1 : Operation 15 [1/1] (0.00ns)   --->   "%specinterface_ln0 = specinterface void @_ssdm_op_SpecInterface, i64 %p_out13, void @ap_fifo_str, i32 0, i32 0, void @p_str, i32 0, i32 0, void @p_str, void @p_str, void @p_str, i32 2, i32 2, i32 16, i32 16, void @p_str, void @p_str, i32 4294967295, i32 0, i32 0"   --->   Operation 15 'specinterface' 'specinterface_ln0' <Predicate = true> <Delay = 0.00>
ST_1 : Operation 16 [1/1] (0.00ns)   --->   "%specinterface_ln0 = specinterface void @_ssdm_op_SpecInterface, i64 %p_out14, void @ap_fifo_str, i32 0, i32 0, void @p_str, i32 0, i32 0, void @p_str, void @p_str, void @p_str, i32 2, i32 2, i32 16, i32 16, void @p_str, void @p_str, i32 4294967295, i32 0, i32 0"   --->   Operation 16 'specinterface' 'specinterface_ln0' <Predicate = true> <Delay = 0.00>
ST_1 : Operation 17 [1/1] (0.00ns)   --->   "%specinterface_ln0 = specinterface void @_ssdm_op_SpecInterface, i64 %p_out15, void @ap_fifo_str, i32 0, i32 0, void @p_str, i32 0, i32 0, void @p_str, void @p_str, void @p_str, i32 2, i32 2, i32 16, i32 16, void @p_str, void @p_str, i32 4294967295, i32 0, i32 0"   --->   Operation 17 'specinterface' 'specinterface_ln0' <Predicate = true> <Delay = 0.00>
ST_1 : Operation 18 [1/1] (0.00ns)   --->   "%specinterface_ln0 = specinterface void @_ssdm_op_SpecInterface, i64 %p_out16, void @ap_fifo_str, i32 0, i32 0, void @p_str, i32 0, i32 0, void @p_str, void @p_str, void @p_str, i32 2, i32 2, i32 16, i32 16, void @p_str, void @p_str, i32 4294967295, i32 0, i32 0"   --->   Operation 18 'specinterface' 'specinterface_ln0' <Predicate = true> <Delay = 0.00>
ST_1 : Operation 19 [1/1] (0.00ns)   --->   "%specinterface_ln0 = specinterface void @_ssdm_op_SpecInterface, i64 %p_out17, void @ap_fifo_str, i32 0, i32 0, void @p_str, i32 0, i32 0, void @p_str, void @p_str, void @p_str, i32 2, i32 2, i32 16, i32 16, void @p_str, void @p_str, i32 4294967295, i32 0, i32 0"   --->   Operation 19 'specinterface' 'specinterface_ln0' <Predicate = true> <Delay = 0.00>
ST_1 : Operation 20 [1/1] (0.00ns)   --->   "%specinterface_ln0 = specinterface void @_ssdm_op_SpecInterface, i64 %p_out18, void @ap_fifo_str, i32 0, i32 0, void @p_str, i32 0, i32 0, void @p_str, void @p_str, void @p_str, i32 2, i32 2, i32 16, i32 16, void @p_str, void @p_str, i32 4294967295, i32 0, i32 0"   --->   Operation 20 'specinterface' 'specinterface_ln0' <Predicate = true> <Delay = 0.00>
ST_1 : Operation 21 [1/1] (0.00ns)   --->   "%specinterface_ln0 = specinterface void @_ssdm_op_SpecInterface, i64 %p_out19, void @ap_fifo_str, i32 0, i32 0, void @p_str, i32 0, i32 0, void @p_str, void @p_str, void @p_str, i32 2, i32 2, i32 16, i32 16, void @p_str, void @p_str, i32 4294967295, i32 0, i32 0"   --->   Operation 21 'specinterface' 'specinterface_ln0' <Predicate = true> <Delay = 0.00>
ST_1 : Operation 22 [1/1] (0.00ns)   --->   "%specinterface_ln0 = specinterface void @_ssdm_op_SpecInterface, i64 %p_out20, void @ap_fifo_str, i32 0, i32 0, void @p_str, i32 0, i32 0, void @p_str, void @p_str, void @p_str, i32 2, i32 2, i32 16, i32 16, void @p_str, void @p_str, i32 4294967295, i32 0, i32 0"   --->   Operation 22 'specinterface' 'specinterface_ln0' <Predicate = true> <Delay = 0.00>
ST_1 : Operation 23 [1/1] (0.00ns)   --->   "%specinterface_ln0 = specinterface void @_ssdm_op_SpecInterface, i64 %p_out21, void @ap_fifo_str, i32 0, i32 0, void @p_str, i32 0, i32 0, void @p_str, void @p_str, void @p_str, i32 2, i32 2, i32 16, i32 16, void @p_str, void @p_str, i32 4294967295, i32 0, i32 0"   --->   Operation 23 'specinterface' 'specinterface_ln0' <Predicate = true> <Delay = 0.00>
ST_1 : Operation 24 [1/1] (0.00ns)   --->   "%specinterface_ln0 = specinterface void @_ssdm_op_SpecInterface, i64 %p_out22, void @ap_fifo_str, i32 0, i32 0, void @p_str, i32 0, i32 0, void @p_str, void @p_str, void @p_str, i32 2, i32 2, i32 16, i32 16, void @p_str, void @p_str, i32 4294967295, i32 0, i32 0"   --->   Operation 24 'specinterface' 'specinterface_ln0' <Predicate = true> <Delay = 0.00>
ST_1 : Operation 25 [1/1] (0.00ns)   --->   "%specinterface_ln0 = specinterface void @_ssdm_op_SpecInterface, i64 %p_out23, void @ap_fifo_str, i32 0, i32 0, void @p_str, i32 0, i32 0, void @p_str, void @p_str, void @p_str, i32 2, i32 2, i32 16, i32 16, void @p_str, void @p_str, i32 4294967295, i32 0, i32 0"   --->   Operation 25 'specinterface' 'specinterface_ln0' <Predicate = true> <Delay = 0.00>
ST_1 : Operation 26 [1/1] (0.00ns)   --->   "%specinterface_ln0 = specinterface void @_ssdm_op_SpecInterface, i64 %p_out24, void @ap_fifo_str, i32 0, i32 0, void @p_str, i32 0, i32 0, void @p_str, void @p_str, void @p_str, i32 2, i32 2, i32 16, i32 16, void @p_str, void @p_str, i32 4294967295, i32 0, i32 0"   --->   Operation 26 'specinterface' 'specinterface_ln0' <Predicate = true> <Delay = 0.00>
ST_1 : Operation 27 [1/1] (0.00ns)   --->   "%specinterface_ln0 = specinterface void @_ssdm_op_SpecInterface, i64 %p_out25, void @ap_fifo_str, i32 0, i32 0, void @p_str, i32 0, i32 0, void @p_str, void @p_str, void @p_str, i32 2, i32 2, i32 16, i32 16, void @p_str, void @p_str, i32 4294967295, i32 0, i32 0"   --->   Operation 27 'specinterface' 'specinterface_ln0' <Predicate = true> <Delay = 0.00>
ST_1 : Operation 28 [1/1] (0.00ns)   --->   "%layer_weights_read = read i64 @_ssdm_op_Read.ap_auto.i64, i64 %layer_weights"   --->   Operation 28 'read' 'layer_weights_read' <Predicate = true> <Delay = 0.00>
ST_1 : Operation 29 [1/1] (1.14ns)   --->   "%p_out_tmp_0 = add i64 %layer_weights_read, i64 4096"   --->   Operation 29 'add' 'p_out_tmp_0' <Predicate = true> <Delay = 1.14> <CoreInst = "Adder">   --->   Core 1 'Adder' <Latency = 0> <II = 1> <Delay = 1.14> <FuncUnit> <Opcode : 'add' 'sub'> <InPorts = 2> <OutPorts = 1>
ST_1 : Operation 30 [1/1] ( I:1.20ns O:1.20ns )   --->   "%write_ln0 = write void @_ssdm_op_Write.ap_fifo.i64P0A, i64 %p_out, i64 %p_out_tmp_0"   --->   Operation 30 'write' 'write_ln0' <Predicate = true> <Delay = 1.20> <CoreInst = "FIFO">   --->   Core 77 'FIFO' <Latency = 0> <II = 1> <Delay = 1.20> <Storage> <Opcode : 'read' 'write' 'nbread' 'nbwrite'> <Ports = 0> <Width = 64> <Depth = 1024> <FIFO>
ST_1 : Operation 31 [1/1] (1.14ns)   --->   "%p_out1_tmp_0 = add i64 %layer_weights_read, i64 8192"   --->   Operation 31 'add' 'p_out1_tmp_0' <Predicate = true> <Delay = 1.14> <CoreInst = "Adder">   --->   Core 1 'Adder' <Latency = 0> <II = 1> <Delay = 1.14> <FuncUnit> <Opcode : 'add' 'sub'> <InPorts = 2> <OutPorts = 1>
ST_1 : Operation 32 [1/1] ( I:1.20ns O:1.20ns )   --->   "%write_ln0 = write void @_ssdm_op_Write.ap_fifo.i64P0A, i64 %p_out1, i64 %p_out1_tmp_0"   --->   Operation 32 'write' 'write_ln0' <Predicate = true> <Delay = 1.20> <CoreInst = "FIFO">   --->   Core 77 'FIFO' <Latency = 0> <II = 1> <Delay = 1.20> <Storage> <Opcode : 'read' 'write' 'nbread' 'nbwrite'> <Ports = 0> <Width = 64> <Depth = 1024> <FIFO>
ST_1 : Operation 33 [1/1] (1.14ns)   --->   "%p_out2_tmp_0 = add i64 %layer_weights_read, i64 12288"   --->   Operation 33 'add' 'p_out2_tmp_0' <Predicate = true> <Delay = 1.14> <CoreInst = "Adder">   --->   Core 1 'Adder' <Latency = 0> <II = 1> <Delay = 1.14> <FuncUnit> <Opcode : 'add' 'sub'> <InPorts = 2> <OutPorts = 1>
ST_1 : Operation 34 [1/1] ( I:1.20ns O:1.20ns )   --->   "%write_ln0 = write void @_ssdm_op_Write.ap_fifo.i64P0A, i64 %p_out2, i64 %p_out2_tmp_0"   --->   Operation 34 'write' 'write_ln0' <Predicate = true> <Delay = 1.20> <CoreInst = "FIFO">   --->   Core 77 'FIFO' <Latency = 0> <II = 1> <Delay = 1.20> <Storage> <Opcode : 'read' 'write' 'nbread' 'nbwrite'> <Ports = 0> <Width = 64> <Depth = 1024> <FIFO>
ST_1 : Operation 35 [1/1] (1.14ns)   --->   "%p_out3_tmp_0 = add i64 %layer_weights_read, i64 16384"   --->   Operation 35 'add' 'p_out3_tmp_0' <Predicate = true> <Delay = 1.14> <CoreInst = "Adder">   --->   Core 1 'Adder' <Latency = 0> <II = 1> <Delay = 1.14> <FuncUnit> <Opcode : 'add' 'sub'> <InPorts = 2> <OutPorts = 1>
ST_1 : Operation 36 [1/1] ( I:1.20ns O:1.20ns )   --->   "%write_ln0 = write void @_ssdm_op_Write.ap_fifo.i64P0A, i64 %p_out3, i64 %p_out3_tmp_0"   --->   Operation 36 'write' 'write_ln0' <Predicate = true> <Delay = 1.20> <CoreInst = "FIFO">   --->   Core 77 'FIFO' <Latency = 0> <II = 1> <Delay = 1.20> <Storage> <Opcode : 'read' 'write' 'nbread' 'nbwrite'> <Ports = 0> <Width = 64> <Depth = 1024> <FIFO>
ST_1 : Operation 37 [1/1] (1.14ns)   --->   "%p_out4_tmp_0 = add i64 %layer_weights_read, i64 20480"   --->   Operation 37 'add' 'p_out4_tmp_0' <Predicate = true> <Delay = 1.14> <CoreInst = "Adder">   --->   Core 1 'Adder' <Latency = 0> <II = 1> <Delay = 1.14> <FuncUnit> <Opcode : 'add' 'sub'> <InPorts = 2> <OutPorts = 1>
ST_1 : Operation 38 [1/1] ( I:1.20ns O:1.20ns )   --->   "%write_ln0 = write void @_ssdm_op_Write.ap_fifo.i64P0A, i64 %p_out4, i64 %p_out4_tmp_0"   --->   Operation 38 'write' 'write_ln0' <Predicate = true> <Delay = 1.20> <CoreInst = "FIFO">   --->   Core 77 'FIFO' <Latency = 0> <II = 1> <Delay = 1.20> <Storage> <Opcode : 'read' 'write' 'nbread' 'nbwrite'> <Ports = 0> <Width = 64> <Depth = 1024> <FIFO>
ST_1 : Operation 39 [1/1] (1.14ns)   --->   "%p_out5_tmp_0 = add i64 %layer_weights_read, i64 24576"   --->   Operation 39 'add' 'p_out5_tmp_0' <Predicate = true> <Delay = 1.14> <CoreInst = "Adder">   --->   Core 1 'Adder' <Latency = 0> <II = 1> <Delay = 1.14> <FuncUnit> <Opcode : 'add' 'sub'> <InPorts = 2> <OutPorts = 1>
ST_1 : Operation 40 [1/1] ( I:1.20ns O:1.20ns )   --->   "%write_ln0 = write void @_ssdm_op_Write.ap_fifo.i64P0A, i64 %p_out5, i64 %p_out5_tmp_0"   --->   Operation 40 'write' 'write_ln0' <Predicate = true> <Delay = 1.20> <CoreInst = "FIFO">   --->   Core 77 'FIFO' <Latency = 0> <II = 1> <Delay = 1.20> <Storage> <Opcode : 'read' 'write' 'nbread' 'nbwrite'> <Ports = 0> <Width = 64> <Depth = 1024> <FIFO>
ST_1 : Operation 41 [1/1] (1.14ns)   --->   "%p_out6_tmp_0 = add i64 %layer_weights_read, i64 28672"   --->   Operation 41 'add' 'p_out6_tmp_0' <Predicate = true> <Delay = 1.14> <CoreInst = "Adder">   --->   Core 1 'Adder' <Latency = 0> <II = 1> <Delay = 1.14> <FuncUnit> <Opcode : 'add' 'sub'> <InPorts = 2> <OutPorts = 1>
ST_1 : Operation 42 [1/1] ( I:1.20ns O:1.20ns )   --->   "%write_ln0 = write void @_ssdm_op_Write.ap_fifo.i64P0A, i64 %p_out6, i64 %p_out6_tmp_0"   --->   Operation 42 'write' 'write_ln0' <Predicate = true> <Delay = 1.20> <CoreInst = "FIFO">   --->   Core 77 'FIFO' <Latency = 0> <II = 1> <Delay = 1.20> <Storage> <Opcode : 'read' 'write' 'nbread' 'nbwrite'> <Ports = 0> <Width = 64> <Depth = 1024> <FIFO>
ST_1 : Operation 43 [1/1] (1.14ns)   --->   "%p_out7_tmp_0 = add i64 %layer_weights_read, i64 32768"   --->   Operation 43 'add' 'p_out7_tmp_0' <Predicate = true> <Delay = 1.14> <CoreInst = "Adder">   --->   Core 1 'Adder' <Latency = 0> <II = 1> <Delay = 1.14> <FuncUnit> <Opcode : 'add' 'sub'> <InPorts = 2> <OutPorts = 1>
ST_1 : Operation 44 [1/1] ( I:1.20ns O:1.20ns )   --->   "%write_ln0 = write void @_ssdm_op_Write.ap_fifo.i64P0A, i64 %p_out7, i64 %p_out7_tmp_0"   --->   Operation 44 'write' 'write_ln0' <Predicate = true> <Delay = 1.20> <CoreInst = "FIFO">   --->   Core 77 'FIFO' <Latency = 0> <II = 1> <Delay = 1.20> <Storage> <Opcode : 'read' 'write' 'nbread' 'nbwrite'> <Ports = 0> <Width = 64> <Depth = 1024> <FIFO>
ST_1 : Operation 45 [1/1] (1.14ns)   --->   "%p_out8_tmp_0 = add i64 %layer_weights_read, i64 36864"   --->   Operation 45 'add' 'p_out8_tmp_0' <Predicate = true> <Delay = 1.14> <CoreInst = "Adder">   --->   Core 1 'Adder' <Latency = 0> <II = 1> <Delay = 1.14> <FuncUnit> <Opcode : 'add' 'sub'> <InPorts = 2> <OutPorts = 1>
ST_1 : Operation 46 [1/1] ( I:1.20ns O:1.20ns )   --->   "%write_ln0 = write void @_ssdm_op_Write.ap_fifo.i64P0A, i64 %p_out8, i64 %p_out8_tmp_0"   --->   Operation 46 'write' 'write_ln0' <Predicate = true> <Delay = 1.20> <CoreInst = "FIFO">   --->   Core 77 'FIFO' <Latency = 0> <II = 1> <Delay = 1.20> <Storage> <Opcode : 'read' 'write' 'nbread' 'nbwrite'> <Ports = 0> <Width = 64> <Depth = 1024> <FIFO>
ST_1 : Operation 47 [1/1] (1.14ns)   --->   "%p_out9_tmp_0 = add i64 %layer_weights_read, i64 40960"   --->   Operation 47 'add' 'p_out9_tmp_0' <Predicate = true> <Delay = 1.14> <CoreInst = "Adder">   --->   Core 1 'Adder' <Latency = 0> <II = 1> <Delay = 1.14> <FuncUnit> <Opcode : 'add' 'sub'> <InPorts = 2> <OutPorts = 1>
ST_1 : Operation 48 [1/1] ( I:1.20ns O:1.20ns )   --->   "%write_ln0 = write void @_ssdm_op_Write.ap_fifo.i64P0A, i64 %p_out9, i64 %p_out9_tmp_0"   --->   Operation 48 'write' 'write_ln0' <Predicate = true> <Delay = 1.20> <CoreInst = "FIFO">   --->   Core 77 'FIFO' <Latency = 0> <II = 1> <Delay = 1.20> <Storage> <Opcode : 'read' 'write' 'nbread' 'nbwrite'> <Ports = 0> <Width = 64> <Depth = 1024> <FIFO>
ST_1 : Operation 49 [1/1] (1.14ns)   --->   "%p_out10_tmp_0 = add i64 %layer_weights_read, i64 45056"   --->   Operation 49 'add' 'p_out10_tmp_0' <Predicate = true> <Delay = 1.14> <CoreInst = "Adder">   --->   Core 1 'Adder' <Latency = 0> <II = 1> <Delay = 1.14> <FuncUnit> <Opcode : 'add' 'sub'> <InPorts = 2> <OutPorts = 1>
ST_1 : Operation 50 [1/1] ( I:1.20ns O:1.20ns )   --->   "%write_ln0 = write void @_ssdm_op_Write.ap_fifo.i64P0A, i64 %p_out10, i64 %p_out10_tmp_0"   --->   Operation 50 'write' 'write_ln0' <Predicate = true> <Delay = 1.20> <CoreInst = "FIFO">   --->   Core 77 'FIFO' <Latency = 0> <II = 1> <Delay = 1.20> <Storage> <Opcode : 'read' 'write' 'nbread' 'nbwrite'> <Ports = 0> <Width = 64> <Depth = 1024> <FIFO>
ST_1 : Operation 51 [1/1] (1.14ns)   --->   "%p_out11_tmp_0 = add i64 %layer_weights_read, i64 49152"   --->   Operation 51 'add' 'p_out11_tmp_0' <Predicate = true> <Delay = 1.14> <CoreInst = "Adder">   --->   Core 1 'Adder' <Latency = 0> <II = 1> <Delay = 1.14> <FuncUnit> <Opcode : 'add' 'sub'> <InPorts = 2> <OutPorts = 1>
ST_1 : Operation 52 [1/1] ( I:1.20ns O:1.20ns )   --->   "%write_ln0 = write void @_ssdm_op_Write.ap_fifo.i64P0A, i64 %p_out11, i64 %p_out11_tmp_0"   --->   Operation 52 'write' 'write_ln0' <Predicate = true> <Delay = 1.20> <CoreInst = "FIFO">   --->   Core 77 'FIFO' <Latency = 0> <II = 1> <Delay = 1.20> <Storage> <Opcode : 'read' 'write' 'nbread' 'nbwrite'> <Ports = 0> <Width = 64> <Depth = 1024> <FIFO>
ST_1 : Operation 53 [1/1] (1.14ns)   --->   "%p_out12_tmp_0 = add i64 %layer_weights_read, i64 53248"   --->   Operation 53 'add' 'p_out12_tmp_0' <Predicate = true> <Delay = 1.14> <CoreInst = "Adder">   --->   Core 1 'Adder' <Latency = 0> <II = 1> <Delay = 1.14> <FuncUnit> <Opcode : 'add' 'sub'> <InPorts = 2> <OutPorts = 1>
ST_1 : Operation 54 [1/1] ( I:1.20ns O:1.20ns )   --->   "%write_ln0 = write void @_ssdm_op_Write.ap_fifo.i64P0A, i64 %p_out12, i64 %p_out12_tmp_0"   --->   Operation 54 'write' 'write_ln0' <Predicate = true> <Delay = 1.20> <CoreInst = "FIFO">   --->   Core 77 'FIFO' <Latency = 0> <II = 1> <Delay = 1.20> <Storage> <Opcode : 'read' 'write' 'nbread' 'nbwrite'> <Ports = 0> <Width = 64> <Depth = 1024> <FIFO>
ST_1 : Operation 55 [1/1] (1.14ns)   --->   "%p_out13_tmp_0 = add i64 %layer_weights_read, i64 57344"   --->   Operation 55 'add' 'p_out13_tmp_0' <Predicate = true> <Delay = 1.14> <CoreInst = "Adder">   --->   Core 1 'Adder' <Latency = 0> <II = 1> <Delay = 1.14> <FuncUnit> <Opcode : 'add' 'sub'> <InPorts = 2> <OutPorts = 1>
ST_1 : Operation 56 [1/1] ( I:1.20ns O:1.20ns )   --->   "%write_ln0 = write void @_ssdm_op_Write.ap_fifo.i64P0A, i64 %p_out13, i64 %p_out13_tmp_0"   --->   Operation 56 'write' 'write_ln0' <Predicate = true> <Delay = 1.20> <CoreInst = "FIFO">   --->   Core 77 'FIFO' <Latency = 0> <II = 1> <Delay = 1.20> <Storage> <Opcode : 'read' 'write' 'nbread' 'nbwrite'> <Ports = 0> <Width = 64> <Depth = 1024> <FIFO>
ST_1 : Operation 57 [1/1] (1.14ns)   --->   "%p_out14_tmp_0 = add i64 %layer_weights_read, i64 61440"   --->   Operation 57 'add' 'p_out14_tmp_0' <Predicate = true> <Delay = 1.14> <CoreInst = "Adder">   --->   Core 1 'Adder' <Latency = 0> <II = 1> <Delay = 1.14> <FuncUnit> <Opcode : 'add' 'sub'> <InPorts = 2> <OutPorts = 1>
ST_1 : Operation 58 [1/1] ( I:1.20ns O:1.20ns )   --->   "%write_ln0 = write void @_ssdm_op_Write.ap_fifo.i64P0A, i64 %p_out14, i64 %p_out14_tmp_0"   --->   Operation 58 'write' 'write_ln0' <Predicate = true> <Delay = 1.20> <CoreInst = "FIFO">   --->   Core 77 'FIFO' <Latency = 0> <II = 1> <Delay = 1.20> <Storage> <Opcode : 'read' 'write' 'nbread' 'nbwrite'> <Ports = 0> <Width = 64> <Depth = 1024> <FIFO>
ST_1 : Operation 59 [1/1] (1.14ns)   --->   "%p_out15_tmp_0 = add i64 %layer_weights_read, i64 65536"   --->   Operation 59 'add' 'p_out15_tmp_0' <Predicate = true> <Delay = 1.14> <CoreInst = "Adder">   --->   Core 1 'Adder' <Latency = 0> <II = 1> <Delay = 1.14> <FuncUnit> <Opcode : 'add' 'sub'> <InPorts = 2> <OutPorts = 1>
ST_1 : Operation 60 [1/1] ( I:1.20ns O:1.20ns )   --->   "%write_ln0 = write void @_ssdm_op_Write.ap_fifo.i64P0A, i64 %p_out15, i64 %p_out15_tmp_0"   --->   Operation 60 'write' 'write_ln0' <Predicate = true> <Delay = 1.20> <CoreInst = "FIFO">   --->   Core 77 'FIFO' <Latency = 0> <II = 1> <Delay = 1.20> <Storage> <Opcode : 'read' 'write' 'nbread' 'nbwrite'> <Ports = 0> <Width = 64> <Depth = 1024> <FIFO>
ST_1 : Operation 61 [1/1] (1.14ns)   --->   "%p_out16_tmp_0 = add i64 %layer_weights_read, i64 69632"   --->   Operation 61 'add' 'p_out16_tmp_0' <Predicate = true> <Delay = 1.14> <CoreInst = "Adder">   --->   Core 1 'Adder' <Latency = 0> <II = 1> <Delay = 1.14> <FuncUnit> <Opcode : 'add' 'sub'> <InPorts = 2> <OutPorts = 1>
ST_1 : Operation 62 [1/1] ( I:1.20ns O:1.20ns )   --->   "%write_ln0 = write void @_ssdm_op_Write.ap_fifo.i64P0A, i64 %p_out16, i64 %p_out16_tmp_0"   --->   Operation 62 'write' 'write_ln0' <Predicate = true> <Delay = 1.20> <CoreInst = "FIFO">   --->   Core 77 'FIFO' <Latency = 0> <II = 1> <Delay = 1.20> <Storage> <Opcode : 'read' 'write' 'nbread' 'nbwrite'> <Ports = 0> <Width = 64> <Depth = 1024> <FIFO>
ST_1 : Operation 63 [1/1] (1.14ns)   --->   "%p_out17_tmp_0 = add i64 %layer_weights_read, i64 73728"   --->   Operation 63 'add' 'p_out17_tmp_0' <Predicate = true> <Delay = 1.14> <CoreInst = "Adder">   --->   Core 1 'Adder' <Latency = 0> <II = 1> <Delay = 1.14> <FuncUnit> <Opcode : 'add' 'sub'> <InPorts = 2> <OutPorts = 1>
ST_1 : Operation 64 [1/1] ( I:1.20ns O:1.20ns )   --->   "%write_ln0 = write void @_ssdm_op_Write.ap_fifo.i64P0A, i64 %p_out17, i64 %p_out17_tmp_0"   --->   Operation 64 'write' 'write_ln0' <Predicate = true> <Delay = 1.20> <CoreInst = "FIFO">   --->   Core 77 'FIFO' <Latency = 0> <II = 1> <Delay = 1.20> <Storage> <Opcode : 'read' 'write' 'nbread' 'nbwrite'> <Ports = 0> <Width = 64> <Depth = 1024> <FIFO>
ST_1 : Operation 65 [1/1] (1.14ns)   --->   "%p_out18_tmp_0 = add i64 %layer_weights_read, i64 77824"   --->   Operation 65 'add' 'p_out18_tmp_0' <Predicate = true> <Delay = 1.14> <CoreInst = "Adder">   --->   Core 1 'Adder' <Latency = 0> <II = 1> <Delay = 1.14> <FuncUnit> <Opcode : 'add' 'sub'> <InPorts = 2> <OutPorts = 1>
ST_1 : Operation 66 [1/1] ( I:1.20ns O:1.20ns )   --->   "%write_ln0 = write void @_ssdm_op_Write.ap_fifo.i64P0A, i64 %p_out18, i64 %p_out18_tmp_0"   --->   Operation 66 'write' 'write_ln0' <Predicate = true> <Delay = 1.20> <CoreInst = "FIFO">   --->   Core 77 'FIFO' <Latency = 0> <II = 1> <Delay = 1.20> <Storage> <Opcode : 'read' 'write' 'nbread' 'nbwrite'> <Ports = 0> <Width = 64> <Depth = 1024> <FIFO>
ST_1 : Operation 67 [1/1] (1.14ns)   --->   "%p_out19_tmp_0 = add i64 %layer_weights_read, i64 81920"   --->   Operation 67 'add' 'p_out19_tmp_0' <Predicate = true> <Delay = 1.14> <CoreInst = "Adder">   --->   Core 1 'Adder' <Latency = 0> <II = 1> <Delay = 1.14> <FuncUnit> <Opcode : 'add' 'sub'> <InPorts = 2> <OutPorts = 1>
ST_1 : Operation 68 [1/1] ( I:1.20ns O:1.20ns )   --->   "%write_ln0 = write void @_ssdm_op_Write.ap_fifo.i64P0A, i64 %p_out19, i64 %p_out19_tmp_0"   --->   Operation 68 'write' 'write_ln0' <Predicate = true> <Delay = 1.20> <CoreInst = "FIFO">   --->   Core 77 'FIFO' <Latency = 0> <II = 1> <Delay = 1.20> <Storage> <Opcode : 'read' 'write' 'nbread' 'nbwrite'> <Ports = 0> <Width = 64> <Depth = 1024> <FIFO>
ST_1 : Operation 69 [1/1] (1.14ns)   --->   "%p_out20_tmp_0 = add i64 %layer_weights_read, i64 86016"   --->   Operation 69 'add' 'p_out20_tmp_0' <Predicate = true> <Delay = 1.14> <CoreInst = "Adder">   --->   Core 1 'Adder' <Latency = 0> <II = 1> <Delay = 1.14> <FuncUnit> <Opcode : 'add' 'sub'> <InPorts = 2> <OutPorts = 1>
ST_1 : Operation 70 [1/1] ( I:1.20ns O:1.20ns )   --->   "%write_ln0 = write void @_ssdm_op_Write.ap_fifo.i64P0A, i64 %p_out20, i64 %p_out20_tmp_0"   --->   Operation 70 'write' 'write_ln0' <Predicate = true> <Delay = 1.20> <CoreInst = "FIFO">   --->   Core 77 'FIFO' <Latency = 0> <II = 1> <Delay = 1.20> <Storage> <Opcode : 'read' 'write' 'nbread' 'nbwrite'> <Ports = 0> <Width = 64> <Depth = 1024> <FIFO>
ST_1 : Operation 71 [1/1] (1.14ns)   --->   "%p_out21_tmp_0 = add i64 %layer_weights_read, i64 90112"   --->   Operation 71 'add' 'p_out21_tmp_0' <Predicate = true> <Delay = 1.14> <CoreInst = "Adder">   --->   Core 1 'Adder' <Latency = 0> <II = 1> <Delay = 1.14> <FuncUnit> <Opcode : 'add' 'sub'> <InPorts = 2> <OutPorts = 1>
ST_1 : Operation 72 [1/1] ( I:1.20ns O:1.20ns )   --->   "%write_ln0 = write void @_ssdm_op_Write.ap_fifo.i64P0A, i64 %p_out21, i64 %p_out21_tmp_0"   --->   Operation 72 'write' 'write_ln0' <Predicate = true> <Delay = 1.20> <CoreInst = "FIFO">   --->   Core 77 'FIFO' <Latency = 0> <II = 1> <Delay = 1.20> <Storage> <Opcode : 'read' 'write' 'nbread' 'nbwrite'> <Ports = 0> <Width = 64> <Depth = 1024> <FIFO>
ST_1 : Operation 73 [1/1] (1.14ns)   --->   "%p_out22_tmp_0 = add i64 %layer_weights_read, i64 94208"   --->   Operation 73 'add' 'p_out22_tmp_0' <Predicate = true> <Delay = 1.14> <CoreInst = "Adder">   --->   Core 1 'Adder' <Latency = 0> <II = 1> <Delay = 1.14> <FuncUnit> <Opcode : 'add' 'sub'> <InPorts = 2> <OutPorts = 1>
ST_1 : Operation 74 [1/1] ( I:1.20ns O:1.20ns )   --->   "%write_ln0 = write void @_ssdm_op_Write.ap_fifo.i64P0A, i64 %p_out22, i64 %p_out22_tmp_0"   --->   Operation 74 'write' 'write_ln0' <Predicate = true> <Delay = 1.20> <CoreInst = "FIFO">   --->   Core 77 'FIFO' <Latency = 0> <II = 1> <Delay = 1.20> <Storage> <Opcode : 'read' 'write' 'nbread' 'nbwrite'> <Ports = 0> <Width = 64> <Depth = 1024> <FIFO>
ST_1 : Operation 75 [1/1] (1.14ns)   --->   "%p_out23_tmp_0 = add i64 %layer_weights_read, i64 98304"   --->   Operation 75 'add' 'p_out23_tmp_0' <Predicate = true> <Delay = 1.14> <CoreInst = "Adder">   --->   Core 1 'Adder' <Latency = 0> <II = 1> <Delay = 1.14> <FuncUnit> <Opcode : 'add' 'sub'> <InPorts = 2> <OutPorts = 1>
ST_1 : Operation 76 [1/1] ( I:1.20ns O:1.20ns )   --->   "%write_ln0 = write void @_ssdm_op_Write.ap_fifo.i64P0A, i64 %p_out23, i64 %p_out23_tmp_0"   --->   Operation 76 'write' 'write_ln0' <Predicate = true> <Delay = 1.20> <CoreInst = "FIFO">   --->   Core 77 'FIFO' <Latency = 0> <II = 1> <Delay = 1.20> <Storage> <Opcode : 'read' 'write' 'nbread' 'nbwrite'> <Ports = 0> <Width = 64> <Depth = 1024> <FIFO>
ST_1 : Operation 77 [1/1] (1.14ns)   --->   "%p_out24_tmp_0 = add i64 %layer_weights_read, i64 102400"   --->   Operation 77 'add' 'p_out24_tmp_0' <Predicate = true> <Delay = 1.14> <CoreInst = "Adder">   --->   Core 1 'Adder' <Latency = 0> <II = 1> <Delay = 1.14> <FuncUnit> <Opcode : 'add' 'sub'> <InPorts = 2> <OutPorts = 1>
ST_1 : Operation 78 [1/1] ( I:1.20ns O:1.20ns )   --->   "%write_ln0 = write void @_ssdm_op_Write.ap_fifo.i64P0A, i64 %p_out24, i64 %p_out24_tmp_0"   --->   Operation 78 'write' 'write_ln0' <Predicate = true> <Delay = 1.20> <CoreInst = "FIFO">   --->   Core 77 'FIFO' <Latency = 0> <II = 1> <Delay = 1.20> <Storage> <Opcode : 'read' 'write' 'nbread' 'nbwrite'> <Ports = 0> <Width = 64> <Depth = 1024> <FIFO>
ST_1 : Operation 79 [1/1] (1.14ns)   --->   "%p_out25_tmp_0 = add i64 %layer_weights_read, i64 106496"   --->   Operation 79 'add' 'p_out25_tmp_0' <Predicate = true> <Delay = 1.14> <CoreInst = "Adder">   --->   Core 1 'Adder' <Latency = 0> <II = 1> <Delay = 1.14> <FuncUnit> <Opcode : 'add' 'sub'> <InPorts = 2> <OutPorts = 1>
ST_1 : Operation 80 [1/1] ( I:1.20ns O:1.20ns )   --->   "%write_ln0 = write void @_ssdm_op_Write.ap_fifo.i64P0A, i64 %p_out25, i64 %p_out25_tmp_0"   --->   Operation 80 'write' 'write_ln0' <Predicate = true> <Delay = 1.20> <CoreInst = "FIFO">   --->   Core 77 'FIFO' <Latency = 0> <II = 1> <Delay = 1.20> <Storage> <Opcode : 'read' 'write' 'nbread' 'nbwrite'> <Ports = 0> <Width = 64> <Depth = 1024> <FIFO>
ST_1 : Operation 81 [1/1] (0.00ns)   --->   "%ret_ln0 = ret"   --->   Operation 81 'ret' 'ret_ln0' <Predicate = true> <Delay = 0.00>


============================================================
+ Verbose Summary: Timing violations
============================================================
Target clock period: 3.330ns, clock uncertainty: 0.899ns.

 <State 1>: 2.354ns
The critical path consists of the following:
	wire read operation ('layer_weights_read') on port 'layer_weights' [54]  (0.000 ns)
	'add' operation 64 bit ('p_out_tmp_0') [55]  (1.147 ns)
	fifo write operation ('write_ln0') on port 'p_out' [56]  (1.207 ns)


============================================================
+ Verbose Summary: Binding
============================================================
N/A
* FSMD analyzer results:
  - Output states:
 - Input state : 
  - Chain level:
	State 1


============================================================
+ Verbose Summary: Datapath Resource usage 
============================================================
N/A
