

================================================================
== Vitis HLS Report for 'ocnn6_streaming_layer_pipeline_2'
================================================================
* Date:           Sat Sep  6 21:07:45 2025

* Version:        2024.2 (Build 5238294 on Nov  8 2024)
* Project:        ocnn6_net
* Solution:       solution1 (Vivado IP Flow Target)
* Product family: virtexuplus
* Target device:  xcu250-figd2104-2L-e


================================================================
== Performance Estimates
================================================================
+ Timing: 
    * Summary: 
    +--------+---------+----------+------------+
    |  Clock |  Target | Estimated| Uncertainty|
    +--------+---------+----------+------------+
    |ap_clk  |  3.33 ns|  3.247 ns|     0.90 ns|
    +--------+---------+----------+------------+

+ Latency: 
    * Summary: 
    +---------+---------+----------+----------+-----+-----+----------+
    |  Latency (cycles) |  Latency (absolute) |  Interval | Pipeline |
    |   min   |   max   |    min   |    max   | min | max |   Type   |
    +---------+---------+----------+----------+-----+-----+----------+
    |        ?|        ?|         ?|         ?|    ?|    ?|  dataflow|
    +---------+---------+----------+----------+-----+-----+----------+

    + Detail: 
        * Instance: 
        N/A

        * Loop: 
        N/A

============================================================
+ Verbose Summary: Synthesis Manager
============================================================
InlineROM: 1
ExposeGlobal: 0
============================================================
+ Verbose Summary: CDFG Model
============================================================
IsTopModel: 0
ResetActiveHigh: 1
IsCombinational: 2
IsDatapathOnly: 0
HasWiredReturn: 1
HasMFsm: 0
HasVarLatency: 1
IsPipeline: 0
IsRtlPipelined: 0
IsInstanceOverlapped: 0
IsDontTouch: 0
HasImplIP: 0
IsGatedGlobalClock: 0


============================================================
+ Verbose Summary: Schedule
============================================================
* Number of FSM states : 3
* Pipeline : 0
* Dataflow Pipeline: 1
  DF-Pipeline-0: Size = 3, States = { 1 2 3 }

* FSM state transitions: 
1 --> 2 
2 --> 3 
3 --> 

* FSM state operations: 

State 1 <SV = 0> <Delay = 2.35>
ST_1 : Operation 4 [1/1] (0.00ns)   --->   "%layer_weights_read = read i64 @_ssdm_op_Read.ap_auto.i64, i64 %layer_weights"   --->   Operation 4 'read' 'layer_weights_read' <Predicate = true> <Delay = 0.00>
ST_1 : Operation 5 [1/1] (0.00ns)   --->   "%p_loc54_i = alloca i64 1"   --->   Operation 5 'alloca' 'p_loc54_i' <Predicate = true> <Delay = 0.00> <CoreInst = "FIFO">   --->   Core 77 'FIFO' <Latency = 0> <II = 1> <Delay = 1.20> <Storage> <Opcode : 'read' 'write' 'nbread' 'nbwrite'> <Ports = 0> <Width = 64> <Depth = 1024> <FIFO>
ST_1 : Operation 6 [1/1] (0.00ns)   --->   "%p_loc53_i = alloca i64 1"   --->   Operation 6 'alloca' 'p_loc53_i' <Predicate = true> <Delay = 0.00> <CoreInst = "FIFO">   --->   Core 77 'FIFO' <Latency = 0> <II = 1> <Delay = 1.20> <Storage> <Opcode : 'read' 'write' 'nbread' 'nbwrite'> <Ports = 0> <Width = 64> <Depth = 1024> <FIFO>
ST_1 : Operation 7 [1/1] (0.00ns)   --->   "%p_loc52_i = alloca i64 1"   --->   Operation 7 'alloca' 'p_loc52_i' <Predicate = true> <Delay = 0.00> <CoreInst = "FIFO">   --->   Core 77 'FIFO' <Latency = 0> <II = 1> <Delay = 1.20> <Storage> <Opcode : 'read' 'write' 'nbread' 'nbwrite'> <Ports = 0> <Width = 64> <Depth = 1024> <FIFO>
ST_1 : Operation 8 [1/1] (0.00ns)   --->   "%p_loc51_i = alloca i64 1"   --->   Operation 8 'alloca' 'p_loc51_i' <Predicate = true> <Delay = 0.00> <CoreInst = "FIFO">   --->   Core 77 'FIFO' <Latency = 0> <II = 1> <Delay = 1.20> <Storage> <Opcode : 'read' 'write' 'nbread' 'nbwrite'> <Ports = 0> <Width = 64> <Depth = 1024> <FIFO>
ST_1 : Operation 9 [1/1] (0.00ns)   --->   "%p_loc50_i = alloca i64 1"   --->   Operation 9 'alloca' 'p_loc50_i' <Predicate = true> <Delay = 0.00> <CoreInst = "FIFO">   --->   Core 77 'FIFO' <Latency = 0> <II = 1> <Delay = 1.20> <Storage> <Opcode : 'read' 'write' 'nbread' 'nbwrite'> <Ports = 0> <Width = 64> <Depth = 1024> <FIFO>
ST_1 : Operation 10 [1/1] (0.00ns)   --->   "%p_loc49_i = alloca i64 1"   --->   Operation 10 'alloca' 'p_loc49_i' <Predicate = true> <Delay = 0.00> <CoreInst = "FIFO">   --->   Core 77 'FIFO' <Latency = 0> <II = 1> <Delay = 1.20> <Storage> <Opcode : 'read' 'write' 'nbread' 'nbwrite'> <Ports = 0> <Width = 64> <Depth = 1024> <FIFO>
ST_1 : Operation 11 [1/1] (0.00ns)   --->   "%p_loc48_i = alloca i64 1"   --->   Operation 11 'alloca' 'p_loc48_i' <Predicate = true> <Delay = 0.00> <CoreInst = "FIFO">   --->   Core 77 'FIFO' <Latency = 0> <II = 1> <Delay = 1.20> <Storage> <Opcode : 'read' 'write' 'nbread' 'nbwrite'> <Ports = 0> <Width = 64> <Depth = 1024> <FIFO>
ST_1 : Operation 12 [1/1] (0.00ns)   --->   "%p_loc47_i = alloca i64 1"   --->   Operation 12 'alloca' 'p_loc47_i' <Predicate = true> <Delay = 0.00> <CoreInst = "FIFO">   --->   Core 77 'FIFO' <Latency = 0> <II = 1> <Delay = 1.20> <Storage> <Opcode : 'read' 'write' 'nbread' 'nbwrite'> <Ports = 0> <Width = 64> <Depth = 1024> <FIFO>
ST_1 : Operation 13 [1/1] (0.00ns)   --->   "%p_loc46_i = alloca i64 1"   --->   Operation 13 'alloca' 'p_loc46_i' <Predicate = true> <Delay = 0.00> <CoreInst = "FIFO">   --->   Core 77 'FIFO' <Latency = 0> <II = 1> <Delay = 1.20> <Storage> <Opcode : 'read' 'write' 'nbread' 'nbwrite'> <Ports = 0> <Width = 64> <Depth = 1024> <FIFO>
ST_1 : Operation 14 [1/1] (0.00ns)   --->   "%p_loc45_i = alloca i64 1"   --->   Operation 14 'alloca' 'p_loc45_i' <Predicate = true> <Delay = 0.00> <CoreInst = "FIFO">   --->   Core 77 'FIFO' <Latency = 0> <II = 1> <Delay = 1.20> <Storage> <Opcode : 'read' 'write' 'nbread' 'nbwrite'> <Ports = 0> <Width = 64> <Depth = 1024> <FIFO>
ST_1 : Operation 15 [1/1] (0.00ns)   --->   "%p_loc44_i = alloca i64 1"   --->   Operation 15 'alloca' 'p_loc44_i' <Predicate = true> <Delay = 0.00> <CoreInst = "FIFO">   --->   Core 77 'FIFO' <Latency = 0> <II = 1> <Delay = 1.20> <Storage> <Opcode : 'read' 'write' 'nbread' 'nbwrite'> <Ports = 0> <Width = 64> <Depth = 1024> <FIFO>
ST_1 : Operation 16 [1/1] (0.00ns)   --->   "%p_loc43_i = alloca i64 1"   --->   Operation 16 'alloca' 'p_loc43_i' <Predicate = true> <Delay = 0.00> <CoreInst = "FIFO">   --->   Core 77 'FIFO' <Latency = 0> <II = 1> <Delay = 1.20> <Storage> <Opcode : 'read' 'write' 'nbread' 'nbwrite'> <Ports = 0> <Width = 64> <Depth = 1024> <FIFO>
ST_1 : Operation 17 [1/1] (0.00ns)   --->   "%p_loc42_i = alloca i64 1"   --->   Operation 17 'alloca' 'p_loc42_i' <Predicate = true> <Delay = 0.00> <CoreInst = "FIFO">   --->   Core 77 'FIFO' <Latency = 0> <II = 1> <Delay = 1.20> <Storage> <Opcode : 'read' 'write' 'nbread' 'nbwrite'> <Ports = 0> <Width = 64> <Depth = 1024> <FIFO>
ST_1 : Operation 18 [1/1] (0.00ns)   --->   "%p_loc41_i = alloca i64 1"   --->   Operation 18 'alloca' 'p_loc41_i' <Predicate = true> <Delay = 0.00> <CoreInst = "FIFO">   --->   Core 77 'FIFO' <Latency = 0> <II = 1> <Delay = 1.20> <Storage> <Opcode : 'read' 'write' 'nbread' 'nbwrite'> <Ports = 0> <Width = 64> <Depth = 1024> <FIFO>
ST_1 : Operation 19 [1/1] (0.00ns)   --->   "%p_loc40_i = alloca i64 1"   --->   Operation 19 'alloca' 'p_loc40_i' <Predicate = true> <Delay = 0.00> <CoreInst = "FIFO">   --->   Core 77 'FIFO' <Latency = 0> <II = 1> <Delay = 1.20> <Storage> <Opcode : 'read' 'write' 'nbread' 'nbwrite'> <Ports = 0> <Width = 64> <Depth = 1024> <FIFO>
ST_1 : Operation 20 [1/1] (0.00ns)   --->   "%p_loc39_i = alloca i64 1"   --->   Operation 20 'alloca' 'p_loc39_i' <Predicate = true> <Delay = 0.00> <CoreInst = "FIFO">   --->   Core 77 'FIFO' <Latency = 0> <II = 1> <Delay = 1.20> <Storage> <Opcode : 'read' 'write' 'nbread' 'nbwrite'> <Ports = 0> <Width = 64> <Depth = 1024> <FIFO>
ST_1 : Operation 21 [1/1] (0.00ns)   --->   "%p_loc38_i = alloca i64 1"   --->   Operation 21 'alloca' 'p_loc38_i' <Predicate = true> <Delay = 0.00> <CoreInst = "FIFO">   --->   Core 77 'FIFO' <Latency = 0> <II = 1> <Delay = 1.20> <Storage> <Opcode : 'read' 'write' 'nbread' 'nbwrite'> <Ports = 0> <Width = 64> <Depth = 1024> <FIFO>
ST_1 : Operation 22 [1/1] (0.00ns)   --->   "%p_loc37_i = alloca i64 1"   --->   Operation 22 'alloca' 'p_loc37_i' <Predicate = true> <Delay = 0.00> <CoreInst = "FIFO">   --->   Core 77 'FIFO' <Latency = 0> <II = 1> <Delay = 1.20> <Storage> <Opcode : 'read' 'write' 'nbread' 'nbwrite'> <Ports = 0> <Width = 64> <Depth = 1024> <FIFO>
ST_1 : Operation 23 [1/1] (0.00ns)   --->   "%p_loc36_i = alloca i64 1"   --->   Operation 23 'alloca' 'p_loc36_i' <Predicate = true> <Delay = 0.00> <CoreInst = "FIFO">   --->   Core 77 'FIFO' <Latency = 0> <II = 1> <Delay = 1.20> <Storage> <Opcode : 'read' 'write' 'nbread' 'nbwrite'> <Ports = 0> <Width = 64> <Depth = 1024> <FIFO>
ST_1 : Operation 24 [1/1] (0.00ns)   --->   "%p_loc35_i = alloca i64 1"   --->   Operation 24 'alloca' 'p_loc35_i' <Predicate = true> <Delay = 0.00> <CoreInst = "FIFO">   --->   Core 77 'FIFO' <Latency = 0> <II = 1> <Delay = 1.20> <Storage> <Opcode : 'read' 'write' 'nbread' 'nbwrite'> <Ports = 0> <Width = 64> <Depth = 1024> <FIFO>
ST_1 : Operation 25 [1/1] (0.00ns)   --->   "%p_loc34_i = alloca i64 1"   --->   Operation 25 'alloca' 'p_loc34_i' <Predicate = true> <Delay = 0.00> <CoreInst = "FIFO">   --->   Core 77 'FIFO' <Latency = 0> <II = 1> <Delay = 1.20> <Storage> <Opcode : 'read' 'write' 'nbread' 'nbwrite'> <Ports = 0> <Width = 64> <Depth = 1024> <FIFO>
ST_1 : Operation 26 [1/1] (0.00ns)   --->   "%p_loc33_i = alloca i64 1"   --->   Operation 26 'alloca' 'p_loc33_i' <Predicate = true> <Delay = 0.00> <CoreInst = "FIFO">   --->   Core 77 'FIFO' <Latency = 0> <II = 1> <Delay = 1.20> <Storage> <Opcode : 'read' 'write' 'nbread' 'nbwrite'> <Ports = 0> <Width = 64> <Depth = 1024> <FIFO>
ST_1 : Operation 27 [1/1] (0.00ns)   --->   "%p_loc32_i = alloca i64 1"   --->   Operation 27 'alloca' 'p_loc32_i' <Predicate = true> <Delay = 0.00> <CoreInst = "FIFO">   --->   Core 77 'FIFO' <Latency = 0> <II = 1> <Delay = 1.20> <Storage> <Opcode : 'read' 'write' 'nbread' 'nbwrite'> <Ports = 0> <Width = 64> <Depth = 1024> <FIFO>
ST_1 : Operation 28 [1/1] (0.00ns)   --->   "%p_loc31_i = alloca i64 1"   --->   Operation 28 'alloca' 'p_loc31_i' <Predicate = true> <Delay = 0.00> <CoreInst = "FIFO">   --->   Core 77 'FIFO' <Latency = 0> <II = 1> <Delay = 1.20> <Storage> <Opcode : 'read' 'write' 'nbread' 'nbwrite'> <Ports = 0> <Width = 64> <Depth = 1024> <FIFO>
ST_1 : Operation 29 [1/1] (0.00ns)   --->   "%p_loc30_i = alloca i64 1"   --->   Operation 29 'alloca' 'p_loc30_i' <Predicate = true> <Delay = 0.00> <CoreInst = "FIFO">   --->   Core 77 'FIFO' <Latency = 0> <II = 1> <Delay = 1.20> <Storage> <Opcode : 'read' 'write' 'nbread' 'nbwrite'> <Ports = 0> <Width = 64> <Depth = 1024> <FIFO>
ST_1 : Operation 30 [1/1] (0.00ns)   --->   "%p_loc_i = alloca i64 1"   --->   Operation 30 'alloca' 'p_loc_i' <Predicate = true> <Delay = 0.00> <CoreInst = "FIFO">   --->   Core 77 'FIFO' <Latency = 0> <II = 1> <Delay = 1.20> <Storage> <Opcode : 'read' 'write' 'nbread' 'nbwrite'> <Ports = 0> <Width = 64> <Depth = 1024> <FIFO>
ST_1 : Operation 31 [1/1] (2.35ns)   --->   "%call_ln0 = call void @ocnn6_streaming_layer_pipeline_Block_entry_proc.28, i64 %layer_weights_read, i64 %p_loc_i, i64 %p_loc30_i, i64 %p_loc31_i, i64 %p_loc32_i, i64 %p_loc33_i, i64 %p_loc34_i, i64 %p_loc35_i, i64 %p_loc36_i, i64 %p_loc37_i, i64 %p_loc38_i, i64 %p_loc39_i, i64 %p_loc40_i, i64 %p_loc41_i, i64 %p_loc42_i, i64 %p_loc43_i, i64 %p_loc44_i, i64 %p_loc45_i, i64 %p_loc46_i, i64 %p_loc47_i, i64 %p_loc48_i, i64 %p_loc49_i, i64 %p_loc50_i, i64 %p_loc51_i, i64 %p_loc52_i, i64 %p_loc53_i, i64 %p_loc54_i" [ocnn6_net.cpp:0]   --->   Operation 31 'call' 'call_ln0' <Predicate = true> <Delay = 2.35> <CoreType = "Generic">   --->   Generic Core

State 2 <SV = 1> <Delay = 2.43>
ST_2 : Operation 32 [1/1] (0.00ns)   --->   "%layer_bias_read = read i64 @_ssdm_op_Read.ap_auto.i64, i64 %layer_bias"   --->   Operation 32 'read' 'layer_bias_read' <Predicate = true> <Delay = 0.00>
ST_2 : Operation 33 [2/2] (2.43ns)   --->   "%call_ln436 = call void @ocnn6_streaming_layer_pipeline_Block_entry_gmem_weights3_rd_engine_initialized_f, i1 %engine_initialized_out, i32 %gmem_weights3, i64 %layer_weights_read, i32 %gmem_bias3, i64 %layer_bias_read, i1085 %layer_streams_2, i64 %p_loc_i, i64 %p_loc30_i, i64 %p_loc31_i, i64 %p_loc32_i, i64 %p_loc33_i, i64 %p_loc34_i, i64 %p_loc35_i, i64 %p_loc36_i, i64 %p_loc37_i, i64 %p_loc38_i, i64 %p_loc39_i, i64 %p_loc40_i, i64 %p_loc41_i, i64 %p_loc42_i, i64 %p_loc43_i, i64 %p_loc44_i, i64 %p_loc45_i, i64 %p_loc46_i, i64 %p_loc47_i, i64 %p_loc48_i, i64 %p_loc49_i, i64 %p_loc50_i, i64 %p_loc51_i, i64 %p_loc52_i, i64 %p_loc53_i, i64 %p_loc54_i, i1085 %layer_streams_3, i1 %engine_initialized, i32 %ocnn6_streaming_layer_pipeline_stream_stream_float_float_ap_uint_ap_uint_a_95, i32 %ocnn6_streaming_layer_pipeline_stream_stream_float_float_ap_uint_ap_uint_a_94, i32 %ocnn6_streaming_layer_pipeline_stream_stream_float_float_ap_uint_ap_uint_a_93, i32 %ocnn6_streaming_layer_pipeline_stream_stream_float_float_ap_uint_ap_uint_a_91, i32 %ocnn6_streaming_layer_pipeline_stream_stream_float_float_ap_uint_ap_uint_a_90, i32 %ocnn6_streaming_layer_pipeline_stream_stream_float_float_ap_uint_ap_uint_a_89, i32 %ocnn6_streaming_layer_pipeline_stream_stream_float_float_ap_uint_ap_uint_a_87, i32 %ocnn6_streaming_layer_pipeline_stream_stream_float_float_ap_uint_ap_uint_a_86, i32 %ocnn6_streaming_layer_pipeline_stream_stream_float_float_ap_uint_ap_uint_a_85, i32 %ocnn6_streaming_layer_pipeline_stream_stream_float_float_ap_uint_ap_uint_a_83, i32 %ocnn6_streaming_layer_pipeline_stream_stream_float_float_ap_uint_ap_uint_a_82, i32 %ocnn6_streaming_layer_pipeline_stream_stream_float_float_ap_uint_ap_uint_a_81, i32 %ocnn6_streaming_layer_pipeline_stream_stream_float_float_ap_uint_ap_uint_a_79, i32 %ocnn6_streaming_layer_pipeline_stream_stream_float_float_ap_uint_ap_uint_a_78, i32 %ocnn6_streaming_layer_pipeline_stream_stream_float_float_ap_uint_ap_uint_a_77, i32 %ocnn6_streaming_layer_pipeline_stream_stream_float_float_ap_uint_ap_uint_a_75, i32 %ocnn6_streaming_layer_pipeline_stream_stream_float_float_ap_uint_ap_uint_a_74, i32 %ocnn6_streaming_layer_pipeline_stream_stream_float_float_ap_uint_ap_uint_a_73, i32 %ocnn6_streaming_layer_pipeline_stream_stream_float_float_ap_uint_ap_uint_a_71, i32 %ocnn6_streaming_layer_pipeline_stream_stream_float_float_ap_uint_ap_uint_a_70, i32 %ocnn6_streaming_layer_pipeline_stream_stream_float_float_ap_uint_ap_uint_a_69, i32 %ocnn6_streaming_layer_pipeline_stream_stream_float_float_ap_uint_ap_uint_a_67, i32 %ocnn6_streaming_layer_pipeline_stream_stream_float_float_ap_uint_ap_uint_a_66, i32 %ocnn6_streaming_layer_pipeline_stream_stream_float_float_ap_uint_ap_uint_a_65, i32 %ocnn6_streaming_layer_pipeline_stream_stream_float_float_ap_uint_ap_uint_a_92, i32 %ocnn6_streaming_layer_pipeline_stream_stream_float_float_ap_uint_ap_uint_a_88, i32 %ocnn6_streaming_layer_pipeline_stream_stream_float_float_ap_uint_ap_uint_a_84, i32 %ocnn6_streaming_layer_pipeline_stream_stream_float_float_ap_uint_ap_uint_a_80, i32 %ocnn6_streaming_layer_pipeline_stream_stream_float_float_ap_uint_ap_uint_a_76, i32 %ocnn6_streaming_layer_pipeline_stream_stream_float_float_ap_uint_ap_uint_a_72, i32 %ocnn6_streaming_layer_pipeline_stream_stream_float_float_ap_uint_ap_uint_a_68, i32 %ocnn6_streaming_layer_pipeline_stream_stream_float_float_ap_uint_ap_uint_a_64, i1 %ocnn6_streaming_layer_pipeline_stream_stream_float_float_ap_uint_ap_uint_a_63, i1 %ocnn6_streaming_layer_pipeline_stream_stream_float_float_ap_uint_ap_uint_a_62, i1 %ocnn6_streaming_layer_pipeline_stream_stream_float_float_ap_uint_ap_uint_a_61, i1 %ocnn6_streaming_layer_pipeline_stream_stream_float_float_ap_uint_ap_uint_a_60, i1 %ocnn6_streaming_layer_pipeline_stream_stream_float_float_ap_uint_ap_uint_a_59, i1 %ocnn6_streaming_layer_pipeline_stream_stream_float_float_ap_uint_ap_uint_a_58, i1 %ocnn6_streaming_layer_pipeline_stream_stream_float_float_ap_uint_ap_uint_a_57, i1 %ocnn6_streaming_layer_pipeline_stream_stream_float_float_ap_uint_ap_uint_a_56, i1 %ocnn6_streaming_layer_pipeline_stream_stream_float_float_ap_uint_ap_uint_a_55, i1 %ocnn6_streaming_layer_pipeline_stream_stream_float_float_ap_uint_ap_uint_a_54, i1 %ocnn6_streaming_layer_pipeline_stream_stream_float_float_ap_uint_ap_uint_a_53, i1 %ocnn6_streaming_layer_pipeline_stream_stream_float_float_ap_uint_ap_uint_a_52, i1 %ocnn6_streaming_layer_pipeline_stream_stream_float_float_ap_uint_ap_uint_a_51, i1 %ocnn6_streaming_layer_pipeline_stream_stream_float_float_ap_uint_ap_uint_a_50, i1 %ocnn6_streaming_layer_pipeline_stream_stream_float_float_ap_uint_ap_uint_a_49, i1 %ocnn6_streaming_layer_pipeline_stream_stream_float_float_ap_uint_ap_uint_a_48, i1 %ocnn6_streaming_layer_pipeline_stream_stream_float_float_ap_uint_ap_uint_a_47, i1 %ocnn6_streaming_layer_pipeline_stream_stream_float_float_ap_uint_ap_uint_a_46, i1 %ocnn6_streaming_layer_pipeline_stream_stream_float_float_ap_uint_ap_uint_a_45, i1 %ocnn6_streaming_layer_pipeline_stream_stream_float_float_ap_uint_ap_uint_a_44, i1 %ocnn6_streaming_layer_pipeline_stream_stream_float_float_ap_uint_ap_uint_a_43, i1 %ocnn6_streaming_layer_pipeline_stream_stream_float_float_ap_uint_ap_uint_a_42, i1 %ocnn6_streaming_layer_pipeline_stream_stream_float_float_ap_uint_ap_uint_a_41, i1 %ocnn6_streaming_layer_pipeline_stream_stream_float_float_ap_uint_ap_uint_a_40, i1 %ocnn6_streaming_layer_pipeline_stream_stream_float_float_ap_uint_ap_uint_a_39, i1 %ocnn6_streaming_layer_pipeline_stream_stream_float_float_ap_uint_ap_uint_a_38, i1 %ocnn6_streaming_layer_pipeline_stream_stream_float_float_ap_uint_ap_uint_a_37, i1 %ocnn6_streaming_layer_pipeline_stream_stream_float_float_ap_uint_ap_uint_a_36, i1 %ocnn6_streaming_layer_pipeline_stream_stream_float_float_ap_uint_ap_uint_a_35, i1 %ocnn6_streaming_layer_pipeline_stream_stream_float_float_ap_uint_ap_uint_a_34, i1 %ocnn6_streaming_layer_pipeline_stream_stream_float_float_ap_uint_ap_uint_a_33, i1 %ocnn6_streaming_layer_pipeline_stream_stream_float_float_ap_uint_ap_uint_a_32, i1 %ocnn6_streaming_layer_pipeline_stream_stream_float_float_ap_uint_ap_uint_a_31, i1 %ocnn6_streaming_layer_pipeline_stream_stream_float_float_ap_uint_ap_uint_a_30, i1 %ocnn6_streaming_layer_pipeline_stream_stream_float_float_ap_uint_ap_uint_a_29, i1 %ocnn6_streaming_layer_pipeline_stream_stream_float_float_ap_uint_ap_uint_a_28, i1 %ocnn6_streaming_layer_pipeline_stream_stream_float_float_ap_uint_ap_uint_a_27, i1 %ocnn6_streaming_layer_pipeline_stream_stream_float_float_ap_uint_ap_uint_a_26, i1 %ocnn6_streaming_layer_pipeline_stream_stream_float_float_ap_uint_ap_uint_a_25, i1 %ocnn6_streaming_layer_pipeline_stream_stream_float_float_ap_uint_ap_uint_a_24, i1 %ocnn6_streaming_layer_pipeline_stream_stream_float_float_ap_uint_ap_uint_a_23, i1 %ocnn6_streaming_layer_pipeline_stream_stream_float_float_ap_uint_ap_uint_a_22, i1 %ocnn6_streaming_layer_pipeline_stream_stream_float_float_ap_uint_ap_uint_a_21, i1 %ocnn6_streaming_layer_pipeline_stream_stream_float_float_ap_uint_ap_uint_a_20, i1 %ocnn6_streaming_layer_pipeline_stream_stream_float_float_ap_uint_ap_uint_a_19, i1 %ocnn6_streaming_layer_pipeline_stream_stream_float_float_ap_uint_ap_uint_a_18, i1 %ocnn6_streaming_layer_pipeline_stream_stream_float_float_ap_uint_ap_uint_a_17, i1 %ocnn6_streaming_layer_pipeline_stream_stream_float_float_ap_uint_ap_uint_a_16, i1 %ocnn6_streaming_layer_pipeline_stream_stream_float_float_ap_uint_ap_uint_a_15, i1 %ocnn6_streaming_layer_pipeline_stream_stream_float_float_ap_uint_ap_uint_a_14, i1 %ocnn6_streaming_layer_pipeline_stream_stream_float_float_ap_uint_ap_uint_a_13, i1 %ocnn6_streaming_layer_pipeline_stream_stream_float_float_ap_uint_ap_uint_a_12, i1 %ocnn6_streaming_layer_pipeline_stream_stream_float_float_ap_uint_ap_uint_a_11, i1 %ocnn6_streaming_layer_pipeline_stream_stream_float_float_ap_uint_ap_uint_a_10, i1 %ocnn6_streaming_layer_pipeline_stream_stream_float_float_ap_uint_ap_uint_a_9, i1 %ocnn6_streaming_layer_pipeline_stream_stream_float_float_ap_uint_ap_uint_a_8, i1 %ocnn6_streaming_layer_pipeline_stream_stream_float_float_ap_uint_ap_uint_a_7, i1 %ocnn6_streaming_layer_pipeline_stream_stream_float_float_ap_uint_ap_uint_a_6, i1 %ocnn6_streaming_layer_pipeline_stream_stream_float_float_ap_uint_ap_uint_a_5, i1 %ocnn6_streaming_layer_pipeline_stream_stream_float_float_ap_uint_ap_uint_a_4, i1 %ocnn6_streaming_layer_pipeline_stream_stream_float_float_ap_uint_ap_uint_a_3, i1 %ocnn6_streaming_layer_pipeline_stream_stream_float_float_ap_uint_ap_uint_a_2, i1 %ocnn6_streaming_layer_pipeline_stream_stream_float_float_ap_uint_ap_uint_a_1, i1 %ocnn6_streaming_layer_pipeline_stream_stream_float_float_ap_uint_ap_uint_a" [ocnn6_net.cpp:436]   --->   Operation 33 'call' 'call_ln436' <Predicate = true> <Delay = 2.43> <CoreType = "Generic">   --->   Generic Core

State 3 <SV = 2> <Delay = 0.38>
ST_3 : Operation 34 [1/1] (0.00ns)   --->   "%empty = specchannel i32 @_ssdm_op_SpecChannel, void @p_OC_loc54_OC_i_str, i32 1, void @p_str, void @p_str, i32 1024, i32 0, i64 %p_loc54_i, i64 %p_loc54_i"   --->   Operation 34 'specchannel' 'empty' <Predicate = true> <Delay = 0.00>
ST_3 : Operation 35 [1/1] (0.00ns)   --->   "%specinterface_ln0 = specinterface void @_ssdm_op_SpecInterface, i64 %p_loc54_i, void @ap_fifo_str, i32 0, i32 0, void @p_str, i32 0, i32 0, void @p_str, void @p_str, void @p_str, i32 2, i32 2, i32 16, i32 16, void @p_str, void @p_str, i32 4294967295, i32 0, i32 0"   --->   Operation 35 'specinterface' 'specinterface_ln0' <Predicate = true> <Delay = 0.00>
ST_3 : Operation 36 [1/1] (0.00ns)   --->   "%empty_212 = specchannel i32 @_ssdm_op_SpecChannel, void @p_OC_loc53_OC_i_str, i32 1, void @p_str, void @p_str, i32 1024, i32 0, i64 %p_loc53_i, i64 %p_loc53_i"   --->   Operation 36 'specchannel' 'empty_212' <Predicate = true> <Delay = 0.00>
ST_3 : Operation 37 [1/1] (0.00ns)   --->   "%specinterface_ln0 = specinterface void @_ssdm_op_SpecInterface, i64 %p_loc53_i, void @ap_fifo_str, i32 0, i32 0, void @p_str, i32 0, i32 0, void @p_str, void @p_str, void @p_str, i32 2, i32 2, i32 16, i32 16, void @p_str, void @p_str, i32 4294967295, i32 0, i32 0"   --->   Operation 37 'specinterface' 'specinterface_ln0' <Predicate = true> <Delay = 0.00>
ST_3 : Operation 38 [1/1] (0.00ns)   --->   "%empty_213 = specchannel i32 @_ssdm_op_SpecChannel, void @p_OC_loc52_OC_i_str, i32 1, void @p_str, void @p_str, i32 1024, i32 0, i64 %p_loc52_i, i64 %p_loc52_i"   --->   Operation 38 'specchannel' 'empty_213' <Predicate = true> <Delay = 0.00>
ST_3 : Operation 39 [1/1] (0.00ns)   --->   "%specinterface_ln0 = specinterface void @_ssdm_op_SpecInterface, i64 %p_loc52_i, void @ap_fifo_str, i32 0, i32 0, void @p_str, i32 0, i32 0, void @p_str, void @p_str, void @p_str, i32 2, i32 2, i32 16, i32 16, void @p_str, void @p_str, i32 4294967295, i32 0, i32 0"   --->   Operation 39 'specinterface' 'specinterface_ln0' <Predicate = true> <Delay = 0.00>
ST_3 : Operation 40 [1/1] (0.00ns)   --->   "%empty_214 = specchannel i32 @_ssdm_op_SpecChannel, void @p_OC_loc51_OC_i_str, i32 1, void @p_str, void @p_str, i32 1024, i32 0, i64 %p_loc51_i, i64 %p_loc51_i"   --->   Operation 40 'specchannel' 'empty_214' <Predicate = true> <Delay = 0.00>
ST_3 : Operation 41 [1/1] (0.00ns)   --->   "%specinterface_ln0 = specinterface void @_ssdm_op_SpecInterface, i64 %p_loc51_i, void @ap_fifo_str, i32 0, i32 0, void @p_str, i32 0, i32 0, void @p_str, void @p_str, void @p_str, i32 2, i32 2, i32 16, i32 16, void @p_str, void @p_str, i32 4294967295, i32 0, i32 0"   --->   Operation 41 'specinterface' 'specinterface_ln0' <Predicate = true> <Delay = 0.00>
ST_3 : Operation 42 [1/1] (0.00ns)   --->   "%empty_215 = specchannel i32 @_ssdm_op_SpecChannel, void @p_OC_loc50_OC_i_str, i32 1, void @p_str, void @p_str, i32 1024, i32 0, i64 %p_loc50_i, i64 %p_loc50_i"   --->   Operation 42 'specchannel' 'empty_215' <Predicate = true> <Delay = 0.00>
ST_3 : Operation 43 [1/1] (0.00ns)   --->   "%specinterface_ln0 = specinterface void @_ssdm_op_SpecInterface, i64 %p_loc50_i, void @ap_fifo_str, i32 0, i32 0, void @p_str, i32 0, i32 0, void @p_str, void @p_str, void @p_str, i32 2, i32 2, i32 16, i32 16, void @p_str, void @p_str, i32 4294967295, i32 0, i32 0"   --->   Operation 43 'specinterface' 'specinterface_ln0' <Predicate = true> <Delay = 0.00>
ST_3 : Operation 44 [1/1] (0.00ns)   --->   "%empty_216 = specchannel i32 @_ssdm_op_SpecChannel, void @p_OC_loc49_OC_i_str, i32 1, void @p_str, void @p_str, i32 1024, i32 0, i64 %p_loc49_i, i64 %p_loc49_i"   --->   Operation 44 'specchannel' 'empty_216' <Predicate = true> <Delay = 0.00>
ST_3 : Operation 45 [1/1] (0.00ns)   --->   "%specinterface_ln0 = specinterface void @_ssdm_op_SpecInterface, i64 %p_loc49_i, void @ap_fifo_str, i32 0, i32 0, void @p_str, i32 0, i32 0, void @p_str, void @p_str, void @p_str, i32 2, i32 2, i32 16, i32 16, void @p_str, void @p_str, i32 4294967295, i32 0, i32 0"   --->   Operation 45 'specinterface' 'specinterface_ln0' <Predicate = true> <Delay = 0.00>
ST_3 : Operation 46 [1/1] (0.00ns)   --->   "%empty_217 = specchannel i32 @_ssdm_op_SpecChannel, void @p_OC_loc48_OC_i_str, i32 1, void @p_str, void @p_str, i32 1024, i32 0, i64 %p_loc48_i, i64 %p_loc48_i"   --->   Operation 46 'specchannel' 'empty_217' <Predicate = true> <Delay = 0.00>
ST_3 : Operation 47 [1/1] (0.00ns)   --->   "%specinterface_ln0 = specinterface void @_ssdm_op_SpecInterface, i64 %p_loc48_i, void @ap_fifo_str, i32 0, i32 0, void @p_str, i32 0, i32 0, void @p_str, void @p_str, void @p_str, i32 2, i32 2, i32 16, i32 16, void @p_str, void @p_str, i32 4294967295, i32 0, i32 0"   --->   Operation 47 'specinterface' 'specinterface_ln0' <Predicate = true> <Delay = 0.00>
ST_3 : Operation 48 [1/1] (0.00ns)   --->   "%empty_218 = specchannel i32 @_ssdm_op_SpecChannel, void @p_OC_loc47_OC_i_str, i32 1, void @p_str, void @p_str, i32 1024, i32 0, i64 %p_loc47_i, i64 %p_loc47_i"   --->   Operation 48 'specchannel' 'empty_218' <Predicate = true> <Delay = 0.00>
ST_3 : Operation 49 [1/1] (0.00ns)   --->   "%specinterface_ln0 = specinterface void @_ssdm_op_SpecInterface, i64 %p_loc47_i, void @ap_fifo_str, i32 0, i32 0, void @p_str, i32 0, i32 0, void @p_str, void @p_str, void @p_str, i32 2, i32 2, i32 16, i32 16, void @p_str, void @p_str, i32 4294967295, i32 0, i32 0"   --->   Operation 49 'specinterface' 'specinterface_ln0' <Predicate = true> <Delay = 0.00>
ST_3 : Operation 50 [1/1] (0.00ns)   --->   "%empty_219 = specchannel i32 @_ssdm_op_SpecChannel, void @p_OC_loc46_OC_i_str, i32 1, void @p_str, void @p_str, i32 1024, i32 0, i64 %p_loc46_i, i64 %p_loc46_i"   --->   Operation 50 'specchannel' 'empty_219' <Predicate = true> <Delay = 0.00>
ST_3 : Operation 51 [1/1] (0.00ns)   --->   "%specinterface_ln0 = specinterface void @_ssdm_op_SpecInterface, i64 %p_loc46_i, void @ap_fifo_str, i32 0, i32 0, void @p_str, i32 0, i32 0, void @p_str, void @p_str, void @p_str, i32 2, i32 2, i32 16, i32 16, void @p_str, void @p_str, i32 4294967295, i32 0, i32 0"   --->   Operation 51 'specinterface' 'specinterface_ln0' <Predicate = true> <Delay = 0.00>
ST_3 : Operation 52 [1/1] (0.00ns)   --->   "%empty_220 = specchannel i32 @_ssdm_op_SpecChannel, void @p_OC_loc45_OC_i_str, i32 1, void @p_str, void @p_str, i32 1024, i32 0, i64 %p_loc45_i, i64 %p_loc45_i"   --->   Operation 52 'specchannel' 'empty_220' <Predicate = true> <Delay = 0.00>
ST_3 : Operation 53 [1/1] (0.00ns)   --->   "%specinterface_ln0 = specinterface void @_ssdm_op_SpecInterface, i64 %p_loc45_i, void @ap_fifo_str, i32 0, i32 0, void @p_str, i32 0, i32 0, void @p_str, void @p_str, void @p_str, i32 2, i32 2, i32 16, i32 16, void @p_str, void @p_str, i32 4294967295, i32 0, i32 0"   --->   Operation 53 'specinterface' 'specinterface_ln0' <Predicate = true> <Delay = 0.00>
ST_3 : Operation 54 [1/1] (0.00ns)   --->   "%empty_221 = specchannel i32 @_ssdm_op_SpecChannel, void @p_OC_loc44_OC_i_str, i32 1, void @p_str, void @p_str, i32 1024, i32 0, i64 %p_loc44_i, i64 %p_loc44_i"   --->   Operation 54 'specchannel' 'empty_221' <Predicate = true> <Delay = 0.00>
ST_3 : Operation 55 [1/1] (0.00ns)   --->   "%specinterface_ln0 = specinterface void @_ssdm_op_SpecInterface, i64 %p_loc44_i, void @ap_fifo_str, i32 0, i32 0, void @p_str, i32 0, i32 0, void @p_str, void @p_str, void @p_str, i32 2, i32 2, i32 16, i32 16, void @p_str, void @p_str, i32 4294967295, i32 0, i32 0"   --->   Operation 55 'specinterface' 'specinterface_ln0' <Predicate = true> <Delay = 0.00>
ST_3 : Operation 56 [1/1] (0.00ns)   --->   "%empty_222 = specchannel i32 @_ssdm_op_SpecChannel, void @p_OC_loc43_OC_i_str, i32 1, void @p_str, void @p_str, i32 1024, i32 0, i64 %p_loc43_i, i64 %p_loc43_i"   --->   Operation 56 'specchannel' 'empty_222' <Predicate = true> <Delay = 0.00>
ST_3 : Operation 57 [1/1] (0.00ns)   --->   "%specinterface_ln0 = specinterface void @_ssdm_op_SpecInterface, i64 %p_loc43_i, void @ap_fifo_str, i32 0, i32 0, void @p_str, i32 0, i32 0, void @p_str, void @p_str, void @p_str, i32 2, i32 2, i32 16, i32 16, void @p_str, void @p_str, i32 4294967295, i32 0, i32 0"   --->   Operation 57 'specinterface' 'specinterface_ln0' <Predicate = true> <Delay = 0.00>
ST_3 : Operation 58 [1/1] (0.00ns)   --->   "%empty_223 = specchannel i32 @_ssdm_op_SpecChannel, void @p_OC_loc42_OC_i_str, i32 1, void @p_str, void @p_str, i32 1024, i32 0, i64 %p_loc42_i, i64 %p_loc42_i"   --->   Operation 58 'specchannel' 'empty_223' <Predicate = true> <Delay = 0.00>
ST_3 : Operation 59 [1/1] (0.00ns)   --->   "%specinterface_ln0 = specinterface void @_ssdm_op_SpecInterface, i64 %p_loc42_i, void @ap_fifo_str, i32 0, i32 0, void @p_str, i32 0, i32 0, void @p_str, void @p_str, void @p_str, i32 2, i32 2, i32 16, i32 16, void @p_str, void @p_str, i32 4294967295, i32 0, i32 0"   --->   Operation 59 'specinterface' 'specinterface_ln0' <Predicate = true> <Delay = 0.00>
ST_3 : Operation 60 [1/1] (0.00ns)   --->   "%empty_224 = specchannel i32 @_ssdm_op_SpecChannel, void @p_OC_loc41_OC_i_str, i32 1, void @p_str, void @p_str, i32 1024, i32 0, i64 %p_loc41_i, i64 %p_loc41_i"   --->   Operation 60 'specchannel' 'empty_224' <Predicate = true> <Delay = 0.00>
ST_3 : Operation 61 [1/1] (0.00ns)   --->   "%specinterface_ln0 = specinterface void @_ssdm_op_SpecInterface, i64 %p_loc41_i, void @ap_fifo_str, i32 0, i32 0, void @p_str, i32 0, i32 0, void @p_str, void @p_str, void @p_str, i32 2, i32 2, i32 16, i32 16, void @p_str, void @p_str, i32 4294967295, i32 0, i32 0"   --->   Operation 61 'specinterface' 'specinterface_ln0' <Predicate = true> <Delay = 0.00>
ST_3 : Operation 62 [1/1] (0.00ns)   --->   "%empty_225 = specchannel i32 @_ssdm_op_SpecChannel, void @p_OC_loc40_OC_i_str, i32 1, void @p_str, void @p_str, i32 1024, i32 0, i64 %p_loc40_i, i64 %p_loc40_i"   --->   Operation 62 'specchannel' 'empty_225' <Predicate = true> <Delay = 0.00>
ST_3 : Operation 63 [1/1] (0.00ns)   --->   "%specinterface_ln0 = specinterface void @_ssdm_op_SpecInterface, i64 %p_loc40_i, void @ap_fifo_str, i32 0, i32 0, void @p_str, i32 0, i32 0, void @p_str, void @p_str, void @p_str, i32 2, i32 2, i32 16, i32 16, void @p_str, void @p_str, i32 4294967295, i32 0, i32 0"   --->   Operation 63 'specinterface' 'specinterface_ln0' <Predicate = true> <Delay = 0.00>
ST_3 : Operation 64 [1/1] (0.00ns)   --->   "%empty_226 = specchannel i32 @_ssdm_op_SpecChannel, void @p_OC_loc39_OC_i_str, i32 1, void @p_str, void @p_str, i32 1024, i32 0, i64 %p_loc39_i, i64 %p_loc39_i"   --->   Operation 64 'specchannel' 'empty_226' <Predicate = true> <Delay = 0.00>
ST_3 : Operation 65 [1/1] (0.00ns)   --->   "%specinterface_ln0 = specinterface void @_ssdm_op_SpecInterface, i64 %p_loc39_i, void @ap_fifo_str, i32 0, i32 0, void @p_str, i32 0, i32 0, void @p_str, void @p_str, void @p_str, i32 2, i32 2, i32 16, i32 16, void @p_str, void @p_str, i32 4294967295, i32 0, i32 0"   --->   Operation 65 'specinterface' 'specinterface_ln0' <Predicate = true> <Delay = 0.00>
ST_3 : Operation 66 [1/1] (0.00ns)   --->   "%empty_227 = specchannel i32 @_ssdm_op_SpecChannel, void @p_OC_loc38_OC_i_str, i32 1, void @p_str, void @p_str, i32 1024, i32 0, i64 %p_loc38_i, i64 %p_loc38_i"   --->   Operation 66 'specchannel' 'empty_227' <Predicate = true> <Delay = 0.00>
ST_3 : Operation 67 [1/1] (0.00ns)   --->   "%specinterface_ln0 = specinterface void @_ssdm_op_SpecInterface, i64 %p_loc38_i, void @ap_fifo_str, i32 0, i32 0, void @p_str, i32 0, i32 0, void @p_str, void @p_str, void @p_str, i32 2, i32 2, i32 16, i32 16, void @p_str, void @p_str, i32 4294967295, i32 0, i32 0"   --->   Operation 67 'specinterface' 'specinterface_ln0' <Predicate = true> <Delay = 0.00>
ST_3 : Operation 68 [1/1] (0.00ns)   --->   "%empty_228 = specchannel i32 @_ssdm_op_SpecChannel, void @p_OC_loc37_OC_i_str, i32 1, void @p_str, void @p_str, i32 1024, i32 0, i64 %p_loc37_i, i64 %p_loc37_i"   --->   Operation 68 'specchannel' 'empty_228' <Predicate = true> <Delay = 0.00>
ST_3 : Operation 69 [1/1] (0.00ns)   --->   "%specinterface_ln0 = specinterface void @_ssdm_op_SpecInterface, i64 %p_loc37_i, void @ap_fifo_str, i32 0, i32 0, void @p_str, i32 0, i32 0, void @p_str, void @p_str, void @p_str, i32 2, i32 2, i32 16, i32 16, void @p_str, void @p_str, i32 4294967295, i32 0, i32 0"   --->   Operation 69 'specinterface' 'specinterface_ln0' <Predicate = true> <Delay = 0.00>
ST_3 : Operation 70 [1/1] (0.00ns)   --->   "%empty_229 = specchannel i32 @_ssdm_op_SpecChannel, void @p_OC_loc36_OC_i_str, i32 1, void @p_str, void @p_str, i32 1024, i32 0, i64 %p_loc36_i, i64 %p_loc36_i"   --->   Operation 70 'specchannel' 'empty_229' <Predicate = true> <Delay = 0.00>
ST_3 : Operation 71 [1/1] (0.00ns)   --->   "%specinterface_ln0 = specinterface void @_ssdm_op_SpecInterface, i64 %p_loc36_i, void @ap_fifo_str, i32 0, i32 0, void @p_str, i32 0, i32 0, void @p_str, void @p_str, void @p_str, i32 2, i32 2, i32 16, i32 16, void @p_str, void @p_str, i32 4294967295, i32 0, i32 0"   --->   Operation 71 'specinterface' 'specinterface_ln0' <Predicate = true> <Delay = 0.00>
ST_3 : Operation 72 [1/1] (0.00ns)   --->   "%empty_230 = specchannel i32 @_ssdm_op_SpecChannel, void @p_OC_loc35_OC_i_str, i32 1, void @p_str, void @p_str, i32 1024, i32 0, i64 %p_loc35_i, i64 %p_loc35_i"   --->   Operation 72 'specchannel' 'empty_230' <Predicate = true> <Delay = 0.00>
ST_3 : Operation 73 [1/1] (0.00ns)   --->   "%specinterface_ln0 = specinterface void @_ssdm_op_SpecInterface, i64 %p_loc35_i, void @ap_fifo_str, i32 0, i32 0, void @p_str, i32 0, i32 0, void @p_str, void @p_str, void @p_str, i32 2, i32 2, i32 16, i32 16, void @p_str, void @p_str, i32 4294967295, i32 0, i32 0"   --->   Operation 73 'specinterface' 'specinterface_ln0' <Predicate = true> <Delay = 0.00>
ST_3 : Operation 74 [1/1] (0.00ns)   --->   "%empty_231 = specchannel i32 @_ssdm_op_SpecChannel, void @p_OC_loc34_OC_i_str, i32 1, void @p_str, void @p_str, i32 1024, i32 0, i64 %p_loc34_i, i64 %p_loc34_i"   --->   Operation 74 'specchannel' 'empty_231' <Predicate = true> <Delay = 0.00>
ST_3 : Operation 75 [1/1] (0.00ns)   --->   "%specinterface_ln0 = specinterface void @_ssdm_op_SpecInterface, i64 %p_loc34_i, void @ap_fifo_str, i32 0, i32 0, void @p_str, i32 0, i32 0, void @p_str, void @p_str, void @p_str, i32 2, i32 2, i32 16, i32 16, void @p_str, void @p_str, i32 4294967295, i32 0, i32 0"   --->   Operation 75 'specinterface' 'specinterface_ln0' <Predicate = true> <Delay = 0.00>
ST_3 : Operation 76 [1/1] (0.00ns)   --->   "%empty_232 = specchannel i32 @_ssdm_op_SpecChannel, void @p_OC_loc33_OC_i_str, i32 1, void @p_str, void @p_str, i32 1024, i32 0, i64 %p_loc33_i, i64 %p_loc33_i"   --->   Operation 76 'specchannel' 'empty_232' <Predicate = true> <Delay = 0.00>
ST_3 : Operation 77 [1/1] (0.00ns)   --->   "%specinterface_ln0 = specinterface void @_ssdm_op_SpecInterface, i64 %p_loc33_i, void @ap_fifo_str, i32 0, i32 0, void @p_str, i32 0, i32 0, void @p_str, void @p_str, void @p_str, i32 2, i32 2, i32 16, i32 16, void @p_str, void @p_str, i32 4294967295, i32 0, i32 0"   --->   Operation 77 'specinterface' 'specinterface_ln0' <Predicate = true> <Delay = 0.00>
ST_3 : Operation 78 [1/1] (0.00ns)   --->   "%empty_233 = specchannel i32 @_ssdm_op_SpecChannel, void @p_OC_loc32_OC_i_str, i32 1, void @p_str, void @p_str, i32 1024, i32 0, i64 %p_loc32_i, i64 %p_loc32_i"   --->   Operation 78 'specchannel' 'empty_233' <Predicate = true> <Delay = 0.00>
ST_3 : Operation 79 [1/1] (0.00ns)   --->   "%specinterface_ln0 = specinterface void @_ssdm_op_SpecInterface, i64 %p_loc32_i, void @ap_fifo_str, i32 0, i32 0, void @p_str, i32 0, i32 0, void @p_str, void @p_str, void @p_str, i32 2, i32 2, i32 16, i32 16, void @p_str, void @p_str, i32 4294967295, i32 0, i32 0"   --->   Operation 79 'specinterface' 'specinterface_ln0' <Predicate = true> <Delay = 0.00>
ST_3 : Operation 80 [1/1] (0.00ns)   --->   "%empty_234 = specchannel i32 @_ssdm_op_SpecChannel, void @p_OC_loc31_OC_i_str, i32 1, void @p_str, void @p_str, i32 1024, i32 0, i64 %p_loc31_i, i64 %p_loc31_i"   --->   Operation 80 'specchannel' 'empty_234' <Predicate = true> <Delay = 0.00>
ST_3 : Operation 81 [1/1] (0.00ns)   --->   "%specinterface_ln0 = specinterface void @_ssdm_op_SpecInterface, i64 %p_loc31_i, void @ap_fifo_str, i32 0, i32 0, void @p_str, i32 0, i32 0, void @p_str, void @p_str, void @p_str, i32 2, i32 2, i32 16, i32 16, void @p_str, void @p_str, i32 4294967295, i32 0, i32 0"   --->   Operation 81 'specinterface' 'specinterface_ln0' <Predicate = true> <Delay = 0.00>
ST_3 : Operation 82 [1/1] (0.00ns)   --->   "%empty_235 = specchannel i32 @_ssdm_op_SpecChannel, void @p_OC_loc30_OC_i_str, i32 1, void @p_str, void @p_str, i32 1024, i32 0, i64 %p_loc30_i, i64 %p_loc30_i"   --->   Operation 82 'specchannel' 'empty_235' <Predicate = true> <Delay = 0.00>
ST_3 : Operation 83 [1/1] (0.00ns)   --->   "%specinterface_ln0 = specinterface void @_ssdm_op_SpecInterface, i64 %p_loc30_i, void @ap_fifo_str, i32 0, i32 0, void @p_str, i32 0, i32 0, void @p_str, void @p_str, void @p_str, i32 2, i32 2, i32 16, i32 16, void @p_str, void @p_str, i32 4294967295, i32 0, i32 0"   --->   Operation 83 'specinterface' 'specinterface_ln0' <Predicate = true> <Delay = 0.00>
ST_3 : Operation 84 [1/1] (0.00ns)   --->   "%empty_236 = specchannel i32 @_ssdm_op_SpecChannel, void @p_OC_loc_OC_i_str, i32 1, void @p_str, void @p_str, i32 1024, i32 0, i64 %p_loc_i, i64 %p_loc_i"   --->   Operation 84 'specchannel' 'empty_236' <Predicate = true> <Delay = 0.00>
ST_3 : Operation 85 [1/1] (0.00ns)   --->   "%specinterface_ln0 = specinterface void @_ssdm_op_SpecInterface, i64 %p_loc_i, void @ap_fifo_str, i32 0, i32 0, void @p_str, i32 0, i32 0, void @p_str, void @p_str, void @p_str, i32 2, i32 2, i32 16, i32 16, void @p_str, void @p_str, i32 4294967295, i32 0, i32 0"   --->   Operation 85 'specinterface' 'specinterface_ln0' <Predicate = true> <Delay = 0.00>
ST_3 : Operation 86 [1/1] (0.00ns)   --->   "%specdataflowpipeline_ln0 = specdataflowpipeline void @_ssdm_op_SpecDataflowPipeline, i32 4294967295, i32 0, void @empty_57"   --->   Operation 86 'specdataflowpipeline' 'specdataflowpipeline_ln0' <Predicate = true> <Delay = 0.00>
ST_3 : Operation 87 [1/1] (0.00ns)   --->   "%specinterface_ln0 = specinterface void @_ssdm_op_SpecInterface, i1085 %layer_streams_3, void @empty_29, i32 0, i32 0, void @empty_57, i32 0, i32 0, void @empty_57, void @empty_57, void @empty_57, i32 0, i32 0, i32 0, i32 0, void @empty_57, void @empty_57, i32 4294967295, i32 0, i32 0"   --->   Operation 87 'specinterface' 'specinterface_ln0' <Predicate = true> <Delay = 0.00>
ST_3 : Operation 88 [1/1] (0.00ns)   --->   "%specinterface_ln0 = specinterface void @_ssdm_op_SpecInterface, i1085 %layer_streams_2, void @empty_29, i32 0, i32 0, void @empty_57, i32 0, i32 0, void @empty_57, void @empty_57, void @empty_57, i32 0, i32 0, i32 0, i32 0, void @empty_57, void @empty_57, i32 4294967295, i32 0, i32 0"   --->   Operation 88 'specinterface' 'specinterface_ln0' <Predicate = true> <Delay = 0.00>
ST_3 : Operation 89 [1/1] (0.00ns)   --->   "%specinterface_ln0 = specinterface void @_ssdm_op_SpecInterface, i32 %gmem_bias3, void @empty_9, i32 0, i32 0, void @empty_57, i32 0, i32 64, void @empty_6, void @empty, void @empty_57, i32 16, i32 16, i32 64, i32 16, void @empty_57, void @empty_57, i32 4294967295, i32 0, i32 0"   --->   Operation 89 'specinterface' 'specinterface_ln0' <Predicate = true> <Delay = 0.00>
ST_3 : Operation 90 [1/1] (0.00ns)   --->   "%specinterface_ln0 = specinterface void @_ssdm_op_SpecInterface, i32 %gmem_weights3, void @empty_9, i32 0, i32 0, void @empty_57, i32 0, i32 55296, void @empty_45, void @empty, void @empty_57, i32 16, i32 16, i32 256, i32 16, void @empty_57, void @empty_57, i32 4294967295, i32 0, i32 0"   --->   Operation 90 'specinterface' 'specinterface_ln0' <Predicate = true> <Delay = 0.00>
ST_3 : Operation 91 [1/2] (0.38ns)   --->   "%call_ln436 = call void @ocnn6_streaming_layer_pipeline_Block_entry_gmem_weights3_rd_engine_initialized_f, i1 %engine_initialized_out, i32 %gmem_weights3, i64 %layer_weights_read, i32 %gmem_bias3, i64 %layer_bias_read, i1085 %layer_streams_2, i64 %p_loc_i, i64 %p_loc30_i, i64 %p_loc31_i, i64 %p_loc32_i, i64 %p_loc33_i, i64 %p_loc34_i, i64 %p_loc35_i, i64 %p_loc36_i, i64 %p_loc37_i, i64 %p_loc38_i, i64 %p_loc39_i, i64 %p_loc40_i, i64 %p_loc41_i, i64 %p_loc42_i, i64 %p_loc43_i, i64 %p_loc44_i, i64 %p_loc45_i, i64 %p_loc46_i, i64 %p_loc47_i, i64 %p_loc48_i, i64 %p_loc49_i, i64 %p_loc50_i, i64 %p_loc51_i, i64 %p_loc52_i, i64 %p_loc53_i, i64 %p_loc54_i, i1085 %layer_streams_3, i1 %engine_initialized, i32 %ocnn6_streaming_layer_pipeline_stream_stream_float_float_ap_uint_ap_uint_a_95, i32 %ocnn6_streaming_layer_pipeline_stream_stream_float_float_ap_uint_ap_uint_a_94, i32 %ocnn6_streaming_layer_pipeline_stream_stream_float_float_ap_uint_ap_uint_a_93, i32 %ocnn6_streaming_layer_pipeline_stream_stream_float_float_ap_uint_ap_uint_a_91, i32 %ocnn6_streaming_layer_pipeline_stream_stream_float_float_ap_uint_ap_uint_a_90, i32 %ocnn6_streaming_layer_pipeline_stream_stream_float_float_ap_uint_ap_uint_a_89, i32 %ocnn6_streaming_layer_pipeline_stream_stream_float_float_ap_uint_ap_uint_a_87, i32 %ocnn6_streaming_layer_pipeline_stream_stream_float_float_ap_uint_ap_uint_a_86, i32 %ocnn6_streaming_layer_pipeline_stream_stream_float_float_ap_uint_ap_uint_a_85, i32 %ocnn6_streaming_layer_pipeline_stream_stream_float_float_ap_uint_ap_uint_a_83, i32 %ocnn6_streaming_layer_pipeline_stream_stream_float_float_ap_uint_ap_uint_a_82, i32 %ocnn6_streaming_layer_pipeline_stream_stream_float_float_ap_uint_ap_uint_a_81, i32 %ocnn6_streaming_layer_pipeline_stream_stream_float_float_ap_uint_ap_uint_a_79, i32 %ocnn6_streaming_layer_pipeline_stream_stream_float_float_ap_uint_ap_uint_a_78, i32 %ocnn6_streaming_layer_pipeline_stream_stream_float_float_ap_uint_ap_uint_a_77, i32 %ocnn6_streaming_layer_pipeline_stream_stream_float_float_ap_uint_ap_uint_a_75, i32 %ocnn6_streaming_layer_pipeline_stream_stream_float_float_ap_uint_ap_uint_a_74, i32 %ocnn6_streaming_layer_pipeline_stream_stream_float_float_ap_uint_ap_uint_a_73, i32 %ocnn6_streaming_layer_pipeline_stream_stream_float_float_ap_uint_ap_uint_a_71, i32 %ocnn6_streaming_layer_pipeline_stream_stream_float_float_ap_uint_ap_uint_a_70, i32 %ocnn6_streaming_layer_pipeline_stream_stream_float_float_ap_uint_ap_uint_a_69, i32 %ocnn6_streaming_layer_pipeline_stream_stream_float_float_ap_uint_ap_uint_a_67, i32 %ocnn6_streaming_layer_pipeline_stream_stream_float_float_ap_uint_ap_uint_a_66, i32 %ocnn6_streaming_layer_pipeline_stream_stream_float_float_ap_uint_ap_uint_a_65, i32 %ocnn6_streaming_layer_pipeline_stream_stream_float_float_ap_uint_ap_uint_a_92, i32 %ocnn6_streaming_layer_pipeline_stream_stream_float_float_ap_uint_ap_uint_a_88, i32 %ocnn6_streaming_layer_pipeline_stream_stream_float_float_ap_uint_ap_uint_a_84, i32 %ocnn6_streaming_layer_pipeline_stream_stream_float_float_ap_uint_ap_uint_a_80, i32 %ocnn6_streaming_layer_pipeline_stream_stream_float_float_ap_uint_ap_uint_a_76, i32 %ocnn6_streaming_layer_pipeline_stream_stream_float_float_ap_uint_ap_uint_a_72, i32 %ocnn6_streaming_layer_pipeline_stream_stream_float_float_ap_uint_ap_uint_a_68, i32 %ocnn6_streaming_layer_pipeline_stream_stream_float_float_ap_uint_ap_uint_a_64, i1 %ocnn6_streaming_layer_pipeline_stream_stream_float_float_ap_uint_ap_uint_a_63, i1 %ocnn6_streaming_layer_pipeline_stream_stream_float_float_ap_uint_ap_uint_a_62, i1 %ocnn6_streaming_layer_pipeline_stream_stream_float_float_ap_uint_ap_uint_a_61, i1 %ocnn6_streaming_layer_pipeline_stream_stream_float_float_ap_uint_ap_uint_a_60, i1 %ocnn6_streaming_layer_pipeline_stream_stream_float_float_ap_uint_ap_uint_a_59, i1 %ocnn6_streaming_layer_pipeline_stream_stream_float_float_ap_uint_ap_uint_a_58, i1 %ocnn6_streaming_layer_pipeline_stream_stream_float_float_ap_uint_ap_uint_a_57, i1 %ocnn6_streaming_layer_pipeline_stream_stream_float_float_ap_uint_ap_uint_a_56, i1 %ocnn6_streaming_layer_pipeline_stream_stream_float_float_ap_uint_ap_uint_a_55, i1 %ocnn6_streaming_layer_pipeline_stream_stream_float_float_ap_uint_ap_uint_a_54, i1 %ocnn6_streaming_layer_pipeline_stream_stream_float_float_ap_uint_ap_uint_a_53, i1 %ocnn6_streaming_layer_pipeline_stream_stream_float_float_ap_uint_ap_uint_a_52, i1 %ocnn6_streaming_layer_pipeline_stream_stream_float_float_ap_uint_ap_uint_a_51, i1 %ocnn6_streaming_layer_pipeline_stream_stream_float_float_ap_uint_ap_uint_a_50, i1 %ocnn6_streaming_layer_pipeline_stream_stream_float_float_ap_uint_ap_uint_a_49, i1 %ocnn6_streaming_layer_pipeline_stream_stream_float_float_ap_uint_ap_uint_a_48, i1 %ocnn6_streaming_layer_pipeline_stream_stream_float_float_ap_uint_ap_uint_a_47, i1 %ocnn6_streaming_layer_pipeline_stream_stream_float_float_ap_uint_ap_uint_a_46, i1 %ocnn6_streaming_layer_pipeline_stream_stream_float_float_ap_uint_ap_uint_a_45, i1 %ocnn6_streaming_layer_pipeline_stream_stream_float_float_ap_uint_ap_uint_a_44, i1 %ocnn6_streaming_layer_pipeline_stream_stream_float_float_ap_uint_ap_uint_a_43, i1 %ocnn6_streaming_layer_pipeline_stream_stream_float_float_ap_uint_ap_uint_a_42, i1 %ocnn6_streaming_layer_pipeline_stream_stream_float_float_ap_uint_ap_uint_a_41, i1 %ocnn6_streaming_layer_pipeline_stream_stream_float_float_ap_uint_ap_uint_a_40, i1 %ocnn6_streaming_layer_pipeline_stream_stream_float_float_ap_uint_ap_uint_a_39, i1 %ocnn6_streaming_layer_pipeline_stream_stream_float_float_ap_uint_ap_uint_a_38, i1 %ocnn6_streaming_layer_pipeline_stream_stream_float_float_ap_uint_ap_uint_a_37, i1 %ocnn6_streaming_layer_pipeline_stream_stream_float_float_ap_uint_ap_uint_a_36, i1 %ocnn6_streaming_layer_pipeline_stream_stream_float_float_ap_uint_ap_uint_a_35, i1 %ocnn6_streaming_layer_pipeline_stream_stream_float_float_ap_uint_ap_uint_a_34, i1 %ocnn6_streaming_layer_pipeline_stream_stream_float_float_ap_uint_ap_uint_a_33, i1 %ocnn6_streaming_layer_pipeline_stream_stream_float_float_ap_uint_ap_uint_a_32, i1 %ocnn6_streaming_layer_pipeline_stream_stream_float_float_ap_uint_ap_uint_a_31, i1 %ocnn6_streaming_layer_pipeline_stream_stream_float_float_ap_uint_ap_uint_a_30, i1 %ocnn6_streaming_layer_pipeline_stream_stream_float_float_ap_uint_ap_uint_a_29, i1 %ocnn6_streaming_layer_pipeline_stream_stream_float_float_ap_uint_ap_uint_a_28, i1 %ocnn6_streaming_layer_pipeline_stream_stream_float_float_ap_uint_ap_uint_a_27, i1 %ocnn6_streaming_layer_pipeline_stream_stream_float_float_ap_uint_ap_uint_a_26, i1 %ocnn6_streaming_layer_pipeline_stream_stream_float_float_ap_uint_ap_uint_a_25, i1 %ocnn6_streaming_layer_pipeline_stream_stream_float_float_ap_uint_ap_uint_a_24, i1 %ocnn6_streaming_layer_pipeline_stream_stream_float_float_ap_uint_ap_uint_a_23, i1 %ocnn6_streaming_layer_pipeline_stream_stream_float_float_ap_uint_ap_uint_a_22, i1 %ocnn6_streaming_layer_pipeline_stream_stream_float_float_ap_uint_ap_uint_a_21, i1 %ocnn6_streaming_layer_pipeline_stream_stream_float_float_ap_uint_ap_uint_a_20, i1 %ocnn6_streaming_layer_pipeline_stream_stream_float_float_ap_uint_ap_uint_a_19, i1 %ocnn6_streaming_layer_pipeline_stream_stream_float_float_ap_uint_ap_uint_a_18, i1 %ocnn6_streaming_layer_pipeline_stream_stream_float_float_ap_uint_ap_uint_a_17, i1 %ocnn6_streaming_layer_pipeline_stream_stream_float_float_ap_uint_ap_uint_a_16, i1 %ocnn6_streaming_layer_pipeline_stream_stream_float_float_ap_uint_ap_uint_a_15, i1 %ocnn6_streaming_layer_pipeline_stream_stream_float_float_ap_uint_ap_uint_a_14, i1 %ocnn6_streaming_layer_pipeline_stream_stream_float_float_ap_uint_ap_uint_a_13, i1 %ocnn6_streaming_layer_pipeline_stream_stream_float_float_ap_uint_ap_uint_a_12, i1 %ocnn6_streaming_layer_pipeline_stream_stream_float_float_ap_uint_ap_uint_a_11, i1 %ocnn6_streaming_layer_pipeline_stream_stream_float_float_ap_uint_ap_uint_a_10, i1 %ocnn6_streaming_layer_pipeline_stream_stream_float_float_ap_uint_ap_uint_a_9, i1 %ocnn6_streaming_layer_pipeline_stream_stream_float_float_ap_uint_ap_uint_a_8, i1 %ocnn6_streaming_layer_pipeline_stream_stream_float_float_ap_uint_ap_uint_a_7, i1 %ocnn6_streaming_layer_pipeline_stream_stream_float_float_ap_uint_ap_uint_a_6, i1 %ocnn6_streaming_layer_pipeline_stream_stream_float_float_ap_uint_ap_uint_a_5, i1 %ocnn6_streaming_layer_pipeline_stream_stream_float_float_ap_uint_ap_uint_a_4, i1 %ocnn6_streaming_layer_pipeline_stream_stream_float_float_ap_uint_ap_uint_a_3, i1 %ocnn6_streaming_layer_pipeline_stream_stream_float_float_ap_uint_ap_uint_a_2, i1 %ocnn6_streaming_layer_pipeline_stream_stream_float_float_ap_uint_ap_uint_a_1, i1 %ocnn6_streaming_layer_pipeline_stream_stream_float_float_ap_uint_ap_uint_a" [ocnn6_net.cpp:436]   --->   Operation 91 'call' 'call_ln436' <Predicate = true> <Delay = 0.38> <CoreType = "Generic">   --->   Generic Core
ST_3 : Operation 92 [1/1] (0.00ns)   --->   "%ret_ln0 = ret"   --->   Operation 92 'ret' 'ret_ln0' <Predicate = true> <Delay = 0.00>


============================================================
+ Verbose Summary: Timing violations
============================================================
Target clock period: 3.330ns, clock uncertainty: 0.899ns.

 <State 1>: 2.354ns
The critical path consists of the following:
	wire read operation ('layer_weights_read') on port 'layer_weights' [106]  (0.000 ns)
	'call' operation 0 bit ('call_ln0', ocnn6_net.cpp:0) to 'ocnn6_streaming_layer_pipeline_Block_entry_proc.28' [190]  (2.354 ns)

 <State 2>: 2.431ns
The critical path consists of the following:
	wire read operation ('layer_bias_read') on port 'layer_bias' [105]  (0.000 ns)
	'call' operation 0 bit ('call_ln436', ocnn6_net.cpp:436) to 'ocnn6_streaming_layer_pipeline_Block_entry_gmem_weights3_rd_engine_initialized_f' [191]  (2.431 ns)

 <State 3>: 0.387ns
The critical path consists of the following:
	'call' operation 0 bit ('call_ln436', ocnn6_net.cpp:436) to 'ocnn6_streaming_layer_pipeline_Block_entry_gmem_weights3_rd_engine_initialized_f' [191]  (0.387 ns)


============================================================
+ Verbose Summary: Binding
============================================================
N/A
* FSMD analyzer results:
  - Output states:
 - Input state : 
  - Chain level:
	State 1
	State 2
	State 3


============================================================
+ Verbose Summary: Datapath Resource usage 
============================================================
N/A
