/home/robin/Desktop/ocnn-project/ocnn6_net/solution1/.autopilot/db/ocnn6_net.pp.0.cpp:2269:5: warning: Added loop label VITIS_LOOP_676_1:   [xilinx-label-all-loops]
    for (unsigned i = low; i != high+1; ++i) {
    ^~~
    VITIS_LOOP_676_1: 
/home/robin/Desktop/ocnn-project/ocnn6_net/solution1/.autopilot/db/ocnn6_net.pp.0.cpp:2269:5: note: FIX-IT applied suggested code changes
/home/robin/Desktop/ocnn-project/ocnn6_net/solution1/.autopilot/db/ocnn6_net.pp.0.cpp:2283:5: warning: Added loop label VITIS_LOOP_690_1:   [xilinx-label-all-loops]
    for (unsigned i = low; i != high+1; ++i) {
    ^~~
    VITIS_LOOP_690_1: 
/home/robin/Desktop/ocnn-project/ocnn6_net/solution1/.autopilot/db/ocnn6_net.pp.0.cpp:2283:5: note: FIX-IT applied suggested code changes
/home/robin/Desktop/ocnn-project/ocnn6_net/solution1/.autopilot/db/ocnn6_net.pp.0.cpp:2297:5: warning: Added loop label VITIS_LOOP_704_1:   [xilinx-label-all-loops]
    for (unsigned i = low; i != high+1; ++i) {
    ^~~
    VITIS_LOOP_704_1: 
/home/robin/Desktop/ocnn-project/ocnn6_net/solution1/.autopilot/db/ocnn6_net.pp.0.cpp:2297:5: note: FIX-IT applied suggested code changes
/home/robin/Desktop/ocnn-project/ocnn6_net/solution1/.autopilot/db/ocnn6_net.pp.0.cpp:3931:7: warning: Added loop label VITIS_LOOP_1248_1:   [xilinx-label-all-loops]
      for (i = 0; i < __N - 1; ++i) {
      ^~~
      VITIS_LOOP_1248_1: 
/home/robin/Desktop/ocnn-project/ocnn6_net/solution1/.autopilot/db/ocnn6_net.pp.0.cpp:3931:7: note: FIX-IT applied suggested code changes
/home/robin/Desktop/ocnn-project/ocnn6_net/solution1/.autopilot/db/ocnn6_net.pp.0.cpp:5946:5: warning: Added loop label VITIS_LOOP_181_1:   [xilinx-label-all-loops]
    for (int i = 0; i < 20; i++)
    ^~~
    VITIS_LOOP_181_1: 
/home/robin/Desktop/ocnn-project/ocnn6_net/solution1/.autopilot/db/ocnn6_net.pp.0.cpp:5946:5: note: FIX-IT applied suggested code changes
/home/robin/Desktop/ocnn-project/ocnn6_net/solution1/.autopilot/db/ocnn6_net.pp.0.cpp:6061:5: warning: Added loop label VITIS_LOOP_41_1:   [xilinx-label-all-loops]
    for (int dz = 0; dz < 2; dz++)
    ^~~
    VITIS_LOOP_41_1: 
/home/robin/Desktop/ocnn-project/ocnn6_net/solution1/.autopilot/db/ocnn6_net.pp.0.cpp:6061:5: note: FIX-IT applied suggested code changes
/home/robin/Desktop/ocnn-project/ocnn6_net/solution1/.autopilot/db/ocnn6_net.pp.0.cpp:6063:9: warning: Added loop label VITIS_LOOP_43_2:   [xilinx-label-all-loops]
        for (int dy = 0; dy < 2; dy++)
        ^~~
        VITIS_LOOP_43_2: 
/home/robin/Desktop/ocnn-project/ocnn6_net/solution1/.autopilot/db/ocnn6_net.pp.0.cpp:6063:9: note: FIX-IT applied suggested code changes
/home/robin/Desktop/ocnn-project/ocnn6_net/solution1/.autopilot/db/ocnn6_net.pp.0.cpp:6065:13: warning: Added loop label VITIS_LOOP_45_3:   [xilinx-label-all-loops]
            for (int dx = 0; dx < 2; dx++)
            ^~~
            VITIS_LOOP_45_3: 
/home/robin/Desktop/ocnn-project/ocnn6_net/solution1/.autopilot/db/ocnn6_net.pp.0.cpp:6065:13: note: FIX-IT applied suggested code changes
/home/robin/Desktop/ocnn-project/ocnn6_net/solution1/.autopilot/db/ocnn6_net.pp.0.cpp:6937:5: warning: Added loop label VITIS_LOOP_131_1:   [xilinx-label-all-loops]
    while (!feature_data_stream.empty() && !write_addr_stream.empty()) {
    ^~~~~
    VITIS_LOOP_131_1: 
/home/robin/Desktop/ocnn-project/ocnn6_net/solution1/.autopilot/db/ocnn6_net.pp.0.cpp:6937:5: note: FIX-IT applied suggested code changes
/home/robin/Desktop/ocnn-project/ocnn6_net/solution1/.autopilot/db/ocnn6_net.pp.0.cpp:6943:9: warning: Added loop label VITIS_LOOP_137_2:   [xilinx-label-all-loops]
        for (int c = 0; c < 3; c++) {
        ^~~
        VITIS_LOOP_137_2: 
/home/robin/Desktop/ocnn-project/ocnn6_net/solution1/.autopilot/db/ocnn6_net.pp.0.cpp:6943:9: note: FIX-IT applied suggested code changes
/home/robin/Desktop/ocnn-project/ocnn6_net/solution1/.autopilot/db/ocnn6_net.pp.0.cpp:6973:9: warning: Added loop label VITIS_LOOP_179_3:   [xilinx-label-all-loops]
        for (int c = 0; c < 3; c++) {
        ^~~
        VITIS_LOOP_179_3: 
/home/robin/Desktop/ocnn-project/ocnn6_net/solution1/.autopilot/db/ocnn6_net.pp.0.cpp:6973:9: note: FIX-IT applied suggested code changes
/home/robin/Desktop/ocnn-project/ocnn6_net/solution1/.autopilot/db/ocnn6_net.pp.0.cpp:6980:9: warning: Added loop label VITIS_LOOP_186_4:   [xilinx-label-all-loops]
        for (int c = 3; c < 32; c++) {
        ^~~
        VITIS_LOOP_186_4: 
/home/robin/Desktop/ocnn-project/ocnn6_net/solution1/.autopilot/db/ocnn6_net.pp.0.cpp:6980:9: note: FIX-IT applied suggested code changes
/home/robin/Desktop/ocnn-project/ocnn6_net/solution1/.autopilot/db/ocnn6_net.pp.0.cpp:7003:5: warning: Added loop label VITIS_LOOP_209_5:   [xilinx-label-all-loops]
    for (ap_uint<32> v = 0; v < current_pruned_voxels && v < (8 * 8 * 8); v++) {
    ^~~
    VITIS_LOOP_209_5: 
/home/robin/Desktop/ocnn-project/ocnn6_net/solution1/.autopilot/db/ocnn6_net.pp.0.cpp:7003:5: note: FIX-IT applied suggested code changes
/home/robin/Desktop/ocnn-project/ocnn6_net/solution1/.autopilot/db/ocnn6_net.pp.0.cpp:7026:9: warning: Added loop label VITIS_LOOP_232_6:   [xilinx-label-all-loops]
        for (int c = 0; c < 3; c++) {
        ^~~
        VITIS_LOOP_232_6: 
/home/robin/Desktop/ocnn-project/ocnn6_net/solution1/.autopilot/db/ocnn6_net.pp.0.cpp:7026:9: note: FIX-IT applied suggested code changes
/home/robin/Desktop/ocnn-project/ocnn6_net/solution1/.autopilot/db/ocnn6_net.pp.0.cpp:7031:9: warning: Added loop label VITIS_LOOP_237_7:   [xilinx-label-all-loops]
        for (int c = 3; c < 32; c++) {
        ^~~
        VITIS_LOOP_237_7: 
/home/robin/Desktop/ocnn-project/ocnn6_net/solution1/.autopilot/db/ocnn6_net.pp.0.cpp:7031:9: note: FIX-IT applied suggested code changes
/home/robin/Desktop/ocnn-project/ocnn6_net/solution1/.autopilot/db/ocnn6_net.pp.0.cpp:7254:2: warning: Added loop label VITIS_LOOP_460_1:   [xilinx-label-all-loops]
 for (int c = 0; c < 32; c++) {
 ^~~
 VITIS_LOOP_460_1: 
/home/robin/Desktop/ocnn-project/ocnn6_net/solution1/.autopilot/db/ocnn6_net.pp.0.cpp:7254:2: note: FIX-IT applied suggested code changes
/home/robin/Desktop/ocnn-project/ocnn6_net/solution1/.autopilot/db/ocnn6_net.pp.0.cpp:7262:2: warning: Added loop label VITIS_LOOP_468_2:   [xilinx-label-all-loops]
 for (int c = 0; c < 32; c++) {
 ^~~
 VITIS_LOOP_468_2: 
/home/robin/Desktop/ocnn-project/ocnn6_net/solution1/.autopilot/db/ocnn6_net.pp.0.cpp:7262:2: note: FIX-IT applied suggested code changes
/home/robin/Desktop/ocnn-project/ocnn6_net/solution1/.autopilot/db/ocnn6_net.pp.0.cpp:7290:17: warning: Added loop label VITIS_LOOP_496_3:   [xilinx-label-all-loops]
                for (int f = 0; f < 32; f++) {
                ^~~
                VITIS_LOOP_496_3: 
/home/robin/Desktop/ocnn-project/ocnn6_net/solution1/.autopilot/db/ocnn6_net.pp.0.cpp:7290:17: note: FIX-IT applied suggested code changes
/home/robin/Desktop/ocnn-project/ocnn6_net/solution1/.autopilot/db/ocnn6_net.pp.0.cpp:7298:17: warning: Added loop label VITIS_LOOP_504_4:   [xilinx-label-all-loops]
                for (int f = 0; f < 32; f++) {
                ^~~
                VITIS_LOOP_504_4: 
/home/robin/Desktop/ocnn-project/ocnn6_net/solution1/.autopilot/db/ocnn6_net.pp.0.cpp:7298:17: note: FIX-IT applied suggested code changes
/home/robin/Desktop/ocnn-project/ocnn6_net/solution1/.autopilot/db/ocnn6_net.pp.0.cpp:7318:13: warning: Added loop label VITIS_LOOP_524_5:   [xilinx-label-all-loops]
            for (int f = 0; f < 32; f++) {
            ^~~
            VITIS_LOOP_524_5: 
/home/robin/Desktop/ocnn-project/ocnn6_net/solution1/.autopilot/db/ocnn6_net.pp.0.cpp:7318:13: note: FIX-IT applied suggested code changes
/home/robin/Desktop/ocnn-project/ocnn6_net/solution1/.autopilot/db/ocnn6_net.pp.0.cpp:7325:9: warning: Added loop label VITIS_LOOP_531_6:   [xilinx-label-all-loops]
        for (int c = 0; c < 32; c++) {
        ^~~
        VITIS_LOOP_531_6: 
/home/robin/Desktop/ocnn-project/ocnn6_net/solution1/.autopilot/db/ocnn6_net.pp.0.cpp:7325:9: note: FIX-IT applied suggested code changes
