

================================================================
== Vitis HLS Report for 'pipeline_bitmap_stage'
================================================================
* Date:           Sat Sep  6 21:19:59 2025

* Version:        2024.2 (Build 5238294 on Nov  8 2024)
* Project:        ocnn6_net
* Solution:       solution1 (Vivado IP Flow Target)
* Product family: virtexuplus
* Target device:  xcu250-figd2104-2L-e


================================================================
== Performance Estimates
================================================================
+ Timing: 
    * Summary: 
    +--------+---------+----------+------------+
    |  Clock |  Target | Estimated| Uncertainty|
    +--------+---------+----------+------------+
    |ap_clk  |  3.33 ns|  7.995 ns|     0.90 ns|
    +--------+---------+----------+------------+

+ Latency: 
    * Summary: 
    +---------+---------+----------+----------+-----+-----+---------+
    |  Latency (cycles) |  Latency (absolute) |  Interval | Pipeline|
    |   min   |   max   |    min   |    max   | min | max |   Type  |
    +---------+---------+----------+----------+-----+-----+---------+
    |        ?|        ?|         ?|         ?|    ?|    ?|       no|
    +---------+---------+----------+----------+-----+-----+---------+

    + Detail: 
        * Instance: 
        +-----------------------------------------+------------------------------+---------+---------+----------+----------+-----+-----+---------+
        |                                         |                              |  Latency (cycles) |  Latency (absolute) |  Interval | Pipeline|
        |                 Instance                |            Module            |   min   |   max   |    min   |    max   | min | max |   Type  |
        +-----------------------------------------+------------------------------+---------+---------+----------+----------+-----+-----+---------+
        |grp_streaming_bitmap_constructor_fu_106  |streaming_bitmap_constructor  |        ?|        ?|         ?|         ?|    ?|    ?|       no|
        +-----------------------------------------+------------------------------+---------+---------+----------+----------+-----+-----+---------+

        * Loop: 
        N/A



================================================================
== Utilization Estimates
================================================================
* Summary: 
+---------------------+---------+-------+---------+---------+------+
|         Name        | BRAM_18K|  DSP  |    FF   |   LUT   | URAM |
+---------------------+---------+-------+---------+---------+------+
|DSP                  |        -|      -|        -|        -|     -|
|Expression           |        -|      -|        0|        2|     -|
|FIFO                 |        -|      -|        -|        -|     -|
|Instance             |        3|      -|    14422|    27884|     0|
|Memory               |        -|      -|        -|        -|     -|
|Multiplexer          |        -|      -|        0|       83|     -|
|Register             |        -|      -|     4261|        -|     -|
+---------------------+---------+-------+---------+---------+------+
|Total                |        3|      0|    18683|    27969|     0|
+---------------------+---------+-------+---------+---------+------+
|Available SLR        |     1344|   3072|   864000|   432000|   320|
+---------------------+---------+-------+---------+---------+------+
|Utilization SLR (%)  |       ~0|      0|        2|        6|     0|
+---------------------+---------+-------+---------+---------+------+
|Available            |     5376|  12288|  3456000|  1728000|  1280|
+---------------------+---------+-------+---------+---------+------+
|Utilization (%)      |       ~0|      0|       ~0|        1|     0|
+---------------------+---------+-------+---------+---------+------+

+ Detail: 
    * Instance: 
    +-----------------------------------------+------------------------------+---------+----+-------+-------+-----+
    |                 Instance                |            Module            | BRAM_18K| DSP|   FF  |  LUT  | URAM|
    +-----------------------------------------+------------------------------+---------+----+-------+-------+-----+
    |grp_streaming_bitmap_constructor_fu_106  |streaming_bitmap_constructor  |        3|   0|  14422|  27884|    0|
    +-----------------------------------------+------------------------------+---------+----+-------+-------+-----+
    |Total                                    |                              |        3|   0|  14422|  27884|    0|
    +-----------------------------------------+------------------------------+---------+----+-------+-------+-----+

    * DSP: 
    N/A

    * Memory: 
    N/A

    * FIFO: 
    N/A

    * Expression: 
    +-----------------+----------+----+---+----+------------+------------+
    |  Variable Name  | Operation| DSP| FF| LUT| Bitwidth P0| Bitwidth P1|
    +-----------------+----------+----+---+----+------------+------------+
    |ap_block_state1  |        or|   0|  0|   2|           1|           1|
    +-----------------+----------+----+---+----+------------+------------+
    |Total            |          |   0|  0|   2|           1|           1|
    +-----------------+----------+----+---+----+------------+------------+

    * Multiplexer: 
    +--------------------+----+-----------+-----+-----------+
    |        Name        | LUT| Input Size| Bits| Total Bits|
    +--------------------+----+-----------+-----+-----------+
    |L0_bitmap_o         |   9|          2|  512|       1024|
    |L1_bitmap_o         |   9|          2|  512|       1024|
    |L2_bitmap_o         |   9|          2|  512|       1024|
    |L2_bitmap_o_ap_vld  |   9|          2|    1|          2|
    |L3_bitmap_o         |   9|          2|  512|       1024|
    |ap_NS_fsm           |  20|          4|    1|          4|
    |ap_done             |   9|          2|    1|          2|
    |bitmap_info         |   9|          2|  160|        320|
    +--------------------+----+-----------+-----+-----------+
    |Total               |  83|         18| 2211|       4424|
    +--------------------+----+-----------+-----+-----------+

    * Register: 
    +------------------------------------------------------+-----+----+-----+-----------+
    |                         Name                         |  FF | LUT| Bits| Const Bits|
    +------------------------------------------------------+-----+----+-----+-----------+
    |L0_bitmap_o_preg                                      |  512|   0|  512|          0|
    |L0_bitmap_read_reg_180                                |  512|   0|  512|          0|
    |L1_bitmap_o_preg                                      |  512|   0|  512|          0|
    |L1_bitmap_read_reg_175                                |  512|   0|  512|          0|
    |L2_bitmap_o_reg                                       |  512|   0|  512|          0|
    |L2_bitmap_read_reg_165                                |  512|   0|  512|          0|
    |L3_bitmap_o_preg                                      |  512|   0|  512|          0|
    |L3_bitmap_read_reg_170                                |  512|   0|  512|          0|
    |ap_CS_fsm                                             |    3|   0|    3|          0|
    |ap_done_reg                                           |    1|   0|    1|          0|
    |bitmap_info_preg                                      |  160|   0|  160|          0|
    |grp_streaming_bitmap_constructor_fu_106_ap_start_reg  |    1|   0|    1|          0|
    +------------------------------------------------------+-----+----+-----+-----------+
    |Total                                                 | 4261|   0| 4261|          0|
    +------------------------------------------------------+-----+----+-----+-----------+



================================================================
== Interface
================================================================
* Summary: 
+------------------------------------+-----+------+------------+-----------------------+--------------+
|              RTL Ports             | Dir | Bits |  Protocol  |     Source Object     |    C Type    |
+------------------------------------+-----+------+------------+-----------------------+--------------+
|ap_clk                              |   in|     1|  ap_ctrl_hs|  pipeline_bitmap_stage|  return value|
|ap_rst                              |   in|     1|  ap_ctrl_hs|  pipeline_bitmap_stage|  return value|
|ap_start                            |   in|     1|  ap_ctrl_hs|  pipeline_bitmap_stage|  return value|
|ap_done                             |  out|     1|  ap_ctrl_hs|  pipeline_bitmap_stage|  return value|
|ap_continue                         |   in|     1|  ap_ctrl_hs|  pipeline_bitmap_stage|  return value|
|ap_idle                             |  out|     1|  ap_ctrl_hs|  pipeline_bitmap_stage|  return value|
|ap_ready                            |  out|     1|  ap_ctrl_hs|  pipeline_bitmap_stage|  return value|
|input_voxel_stream_dout             |   in|  1085|     ap_fifo|     input_voxel_stream|       pointer|
|input_voxel_stream_empty_n          |   in|     1|     ap_fifo|     input_voxel_stream|       pointer|
|input_voxel_stream_read             |  out|     1|     ap_fifo|     input_voxel_stream|       pointer|
|feature_data_stream_din             |  out|  1085|     ap_fifo|    feature_data_stream|       pointer|
|feature_data_stream_full_n          |   in|     1|     ap_fifo|    feature_data_stream|       pointer|
|feature_data_stream_write           |  out|     1|     ap_fifo|    feature_data_stream|       pointer|
|feature_data_stream_num_data_valid  |   in|    11|     ap_fifo|    feature_data_stream|       pointer|
|feature_data_stream_fifo_cap        |   in|    11|     ap_fifo|    feature_data_stream|       pointer|
|write_addr_stream_din               |  out|    60|     ap_fifo|      write_addr_stream|       pointer|
|write_addr_stream_full_n            |   in|     1|     ap_fifo|      write_addr_stream|       pointer|
|write_addr_stream_write             |  out|     1|     ap_fifo|      write_addr_stream|       pointer|
|write_addr_stream_num_data_valid    |   in|    11|     ap_fifo|      write_addr_stream|       pointer|
|write_addr_stream_fifo_cap          |   in|    11|     ap_fifo|      write_addr_stream|       pointer|
|L3_bitmap_i                         |   in|   512|     ap_ovld|              L3_bitmap|       pointer|
|L3_bitmap_o                         |  out|   512|     ap_ovld|              L3_bitmap|       pointer|
|L3_bitmap_o_ap_vld                  |  out|     1|     ap_ovld|              L3_bitmap|       pointer|
|L2_bitmap_i                         |   in|   512|     ap_ovld|              L2_bitmap|       pointer|
|L2_bitmap_o                         |  out|   512|     ap_ovld|              L2_bitmap|       pointer|
|L2_bitmap_o_ap_vld                  |  out|     1|     ap_ovld|              L2_bitmap|       pointer|
|L1_bitmap_i                         |   in|   512|     ap_ovld|              L1_bitmap|       pointer|
|L1_bitmap_o                         |  out|   512|     ap_ovld|              L1_bitmap|       pointer|
|L1_bitmap_o_ap_vld                  |  out|     1|     ap_ovld|              L1_bitmap|       pointer|
|L0_bitmap_i                         |   in|   512|     ap_ovld|              L0_bitmap|       pointer|
|L0_bitmap_o                         |  out|   512|     ap_ovld|              L0_bitmap|       pointer|
|L0_bitmap_o_ap_vld                  |  out|     1|     ap_ovld|              L0_bitmap|       pointer|
|bitmap_info                         |  out|   160|      ap_vld|            bitmap_info|       pointer|
|bitmap_info_ap_vld                  |  out|     1|      ap_vld|            bitmap_info|       pointer|
+------------------------------------+-----+------+------------+-----------------------+--------------+

============================================================
+ Verbose Summary: Synthesis Manager
============================================================
InlineROM: 1
ExposeGlobal: 0
============================================================
+ Verbose Summary: CDFG Model
============================================================
IsTopModel: 0
ResetActiveHigh: 1
IsCombinational: 2
IsDatapathOnly: 0
HasWiredReturn: 1
HasMFsm: 0
HasVarLatency: 1
IsPipeline: 0
IsRtlPipelined: 0
IsInstanceOverlapped: 0
IsDontTouch: 0
HasImplIP: 0
IsGatedGlobalClock: 0


============================================================
+ Verbose Summary: Schedule
============================================================
* Number of FSM states : 3
* Pipeline : 0
* Dataflow Pipeline: 0

* FSM state transitions: 
1 --> 2 
2 --> 3 
3 --> 

* FSM state operations: 

State 1 <SV = 0> <Delay = 0.00>
ST_1 : Operation 4 [1/1] (0.00ns)   --->   "%L2_bitmap_read = read i512 @_ssdm_op_Read.ap_auto.i512P0A, i512 %L2_bitmap" [ocnn6_net.cpp:109]   --->   Operation 4 'read' 'L2_bitmap_read' <Predicate = true> <Delay = 0.00>

State 2 <SV = 1> <Delay = 0.00>
ST_2 : Operation 5 [1/1] (0.00ns)   --->   "%L3_bitmap_read = read i512 @_ssdm_op_Read.ap_auto.i512P0A, i512 %L3_bitmap" [ocnn6_net.cpp:109]   --->   Operation 5 'read' 'L3_bitmap_read' <Predicate = true> <Delay = 0.00>
ST_2 : Operation 6 [1/1] (0.00ns)   --->   "%L1_bitmap_read = read i512 @_ssdm_op_Read.ap_auto.i512P0A, i512 %L1_bitmap" [ocnn6_net.cpp:109]   --->   Operation 6 'read' 'L1_bitmap_read' <Predicate = true> <Delay = 0.00>
ST_2 : Operation 7 [1/1] (0.00ns)   --->   "%L0_bitmap_read = read i512 @_ssdm_op_Read.ap_auto.i512P0A, i512 %L0_bitmap" [ocnn6_net.cpp:109]   --->   Operation 7 'read' 'L0_bitmap_read' <Predicate = true> <Delay = 0.00>
ST_2 : Operation 8 [2/2] (0.00ns)   --->   "%call_ret = call i1696 @streaming_bitmap_constructor, i1085 %input_voxel_stream, i1085 %feature_data_stream, i60 %write_addr_stream, i512 %L3_bitmap_read, i512 %L2_bitmap, i512 %L2_bitmap_read, i512 %L1_bitmap_read, i512 %L0_bitmap_read, i1 %initialized, i32 %l2_write_pos, i10 %voxel_count, i32 %retained_block_count, i32 %l0_write_pos, i32 %l1_write_pos, i1 %streaming_bitmap_constructor_stream_stream_stream_stream_stream_ap_uint_ap_2, i1 %streaming_bitmap_constructor_stream_stream_stream_stream_stream_ap_uint_ap_1, i1 %streaming_bitmap_constructor_stream_stream_stream_stream_stream_ap_uint_ap, i1 %l2_temp_buffer" [ocnn6_net.cpp:109]   --->   Operation 8 'call' 'call_ret' <Predicate = true> <Delay = 0.00> <CoreType = "Generic">   --->   Generic Core

State 3 <SV = 2> <Delay = 1.61>
ST_3 : Operation 9 [1/1] (0.00ns)   --->   "%specinterface_ln0 = specinterface void @_ssdm_op_SpecInterface, i60 %write_addr_stream, void @empty_29, i32 0, i32 0, void @empty_57, i32 0, i32 0, void @empty_57, void @empty_57, void @empty_57, i32 0, i32 0, i32 0, i32 0, void @empty_57, void @empty_57, i32 4294967295, i32 0, i32 0"   --->   Operation 9 'specinterface' 'specinterface_ln0' <Predicate = true> <Delay = 0.00>
ST_3 : Operation 10 [1/1] (0.00ns)   --->   "%specinterface_ln0 = specinterface void @_ssdm_op_SpecInterface, i1085 %feature_data_stream, void @empty_29, i32 0, i32 0, void @empty_57, i32 0, i32 0, void @empty_57, void @empty_57, void @empty_57, i32 0, i32 0, i32 0, i32 0, void @empty_57, void @empty_57, i32 4294967295, i32 0, i32 0"   --->   Operation 10 'specinterface' 'specinterface_ln0' <Predicate = true> <Delay = 0.00>
ST_3 : Operation 11 [1/1] (0.00ns)   --->   "%specinterface_ln0 = specinterface void @_ssdm_op_SpecInterface, i1085 %input_voxel_stream, void @empty_29, i32 0, i32 0, void @empty_57, i32 0, i32 0, void @empty_57, void @empty_57, void @empty_57, i32 0, i32 0, i32 0, i32 0, void @empty_57, void @empty_57, i32 4294967295, i32 0, i32 0"   --->   Operation 11 'specinterface' 'specinterface_ln0' <Predicate = true> <Delay = 0.00>
ST_3 : Operation 12 [1/2] (1.61ns)   --->   "%call_ret = call i1696 @streaming_bitmap_constructor, i1085 %input_voxel_stream, i1085 %feature_data_stream, i60 %write_addr_stream, i512 %L3_bitmap_read, i512 %L2_bitmap, i512 %L2_bitmap_read, i512 %L1_bitmap_read, i512 %L0_bitmap_read, i1 %initialized, i32 %l2_write_pos, i10 %voxel_count, i32 %retained_block_count, i32 %l0_write_pos, i32 %l1_write_pos, i1 %streaming_bitmap_constructor_stream_stream_stream_stream_stream_ap_uint_ap_2, i1 %streaming_bitmap_constructor_stream_stream_stream_stream_stream_ap_uint_ap_1, i1 %streaming_bitmap_constructor_stream_stream_stream_stream_stream_ap_uint_ap, i1 %l2_temp_buffer" [ocnn6_net.cpp:109]   --->   Operation 12 'call' 'call_ret' <Predicate = true> <Delay = 1.61> <CoreType = "Generic">   --->   Generic Core
ST_3 : Operation 13 [1/1] (0.00ns)   --->   "%newret = extractvalue i1696 %call_ret" [ocnn6_net.cpp:109]   --->   Operation 13 'extractvalue' 'newret' <Predicate = true> <Delay = 0.00>
ST_3 : Operation 14 [1/1] (0.00ns)   --->   "%newret1 = extractvalue i1696 %call_ret" [ocnn6_net.cpp:109]   --->   Operation 14 'extractvalue' 'newret1' <Predicate = true> <Delay = 0.00>
ST_3 : Operation 15 [1/1] (0.00ns)   --->   "%newret3 = extractvalue i1696 %call_ret" [ocnn6_net.cpp:109]   --->   Operation 15 'extractvalue' 'newret3' <Predicate = true> <Delay = 0.00>
ST_3 : Operation 16 [1/1] (0.00ns)   --->   "%newret5 = extractvalue i1696 %call_ret" [ocnn6_net.cpp:109]   --->   Operation 16 'extractvalue' 'newret5' <Predicate = true> <Delay = 0.00>
ST_3 : Operation 17 [1/1] (0.00ns)   --->   "%write_ln109 = write void @_ssdm_op_Write.ap_auto.i512P0A, i512 %L3_bitmap, i512 %newret" [ocnn6_net.cpp:109]   --->   Operation 17 'write' 'write_ln109' <Predicate = true> <Delay = 0.00>
ST_3 : Operation 18 [1/1] (0.00ns)   --->   "%write_ln109 = write void @_ssdm_op_Write.ap_auto.i512P0A, i512 %L1_bitmap, i512 %newret1" [ocnn6_net.cpp:109]   --->   Operation 18 'write' 'write_ln109' <Predicate = true> <Delay = 0.00>
ST_3 : Operation 19 [1/1] (0.00ns)   --->   "%write_ln109 = write void @_ssdm_op_Write.ap_auto.i512P0A, i512 %L0_bitmap, i512 %newret3" [ocnn6_net.cpp:109]   --->   Operation 19 'write' 'write_ln109' <Predicate = true> <Delay = 0.00>
ST_3 : Operation 20 [1/1] (0.00ns)   --->   "%write_ln109 = write void @_ssdm_op_Write.ap_auto.i160P0A, i160 %bitmap_info, i160 %newret5" [ocnn6_net.cpp:109]   --->   Operation 20 'write' 'write_ln109' <Predicate = true> <Delay = 0.00>
ST_3 : Operation 21 [1/1] (0.00ns)   --->   "%ret_ln0 = ret"   --->   Operation 21 'ret' 'ret_ln0' <Predicate = true> <Delay = 0.00>


============================================================
+ Verbose Summary: Binding
============================================================
STG Binding: 
---------------- STG Properties BEGIN ----------------
- Is combinational: 0
- Is one-state seq: 0
- Is datapath-only: 0
- Is pipelined: 0
- Is top level: 0
Port [ Return ] is wired: 1; IO mode=ap_ctrl_hs:ce=0
Port [ input_voxel_stream]:  wired=1; compound=1; hidden=0; nouse=0; global=0; static=0; extern=0; dir=0; type=3; pingpong=0; private_global=0; IO mode=ap_fifo:ce=0
Port [ feature_data_stream]:  wired=1; compound=1; hidden=0; nouse=0; global=0; static=0; extern=0; dir=1; type=3; pingpong=0; private_global=0; IO mode=ap_fifo:ce=0
Port [ write_addr_stream]:  wired=1; compound=1; hidden=0; nouse=0; global=0; static=0; extern=0; dir=1; type=3; pingpong=0; private_global=0; IO mode=ap_fifo:ce=0
Port [ L3_bitmap]:  wired=1; compound=0; hidden=0; nouse=0; global=0; static=0; extern=0; dir=2; type=0; pingpong=0; private_global=0; IO mode=ap_ovld:ce=0
Port [ L2_bitmap]:  wired=1; compound=0; hidden=0; nouse=0; global=0; static=0; extern=0; dir=2; type=0; pingpong=0; private_global=0; IO mode=ap_ovld:ce=0
Port [ L1_bitmap]:  wired=1; compound=0; hidden=0; nouse=0; global=0; static=0; extern=0; dir=2; type=0; pingpong=0; private_global=0; IO mode=ap_ovld:ce=0
Port [ L0_bitmap]:  wired=1; compound=0; hidden=0; nouse=0; global=0; static=0; extern=0; dir=2; type=0; pingpong=0; private_global=0; IO mode=ap_ovld:ce=0
Port [ bitmap_info]:  wired=1; compound=0; hidden=0; nouse=0; global=0; static=0; extern=0; dir=1; type=0; pingpong=0; private_global=0; IO mode=ap_vld:ce=0
Port [ initialized]:  wired=0; compound=0; hidden=1; nouse=1; global=1; static=1; extern=0; dir=2; type=0; pingpong=0; private_global=0; IO mode=ap_ovld:ce=0
Port [ l2_write_pos]:  wired=0; compound=0; hidden=1; nouse=1; global=1; static=1; extern=0; dir=2; type=0; pingpong=0; private_global=0; IO mode=ap_ovld:ce=0
Port [ voxel_count]:  wired=0; compound=0; hidden=1; nouse=1; global=1; static=1; extern=0; dir=2; type=0; pingpong=0; private_global=0; IO mode=ap_ovld:ce=0
Port [ retained_block_count]:  wired=0; compound=0; hidden=1; nouse=1; global=1; static=1; extern=0; dir=2; type=0; pingpong=0; private_global=0; IO mode=ap_ovld:ce=0
Port [ l0_write_pos]:  wired=0; compound=0; hidden=1; nouse=1; global=1; static=1; extern=0; dir=2; type=0; pingpong=0; private_global=0; IO mode=ap_ovld:ce=0
Port [ l1_write_pos]:  wired=0; compound=0; hidden=1; nouse=1; global=1; static=1; extern=0; dir=2; type=0; pingpong=0; private_global=0; IO mode=ap_ovld:ce=0
Port [ streaming_bitmap_constructor_stream_stream_stream_stream_stream_ap_uint_ap_2]:  wired=0; compound=1; hidden=1; nouse=1; global=1; static=1; extern=0; dir=2; type=1; pingpong=0; private_global=0; MemPort=[2]; IO mode=ap_memory:ce=0
Port [ streaming_bitmap_constructor_stream_stream_stream_stream_stream_ap_uint_ap_1]:  wired=0; compound=1; hidden=1; nouse=1; global=1; static=1; extern=0; dir=2; type=1; pingpong=0; private_global=0; MemPort=[2]; IO mode=ap_memory:ce=0
Port [ streaming_bitmap_constructor_stream_stream_stream_stream_stream_ap_uint_ap]:  wired=0; compound=1; hidden=1; nouse=1; global=1; static=1; extern=0; dir=2; type=1; pingpong=0; private_global=0; MemPort=[2]; IO mode=ap_memory:ce=0
Port [ l2_temp_buffer]:  wired=0; compound=1; hidden=1; nouse=1; global=1; static=1; extern=0; dir=2; type=1; pingpong=0; private_global=0; MemPort=[23]; IO mode=ap_memory:ce=0
---------------- STG Properties END ------------------

---------------- Datapath Model BEGIN ----------------

<LifeTime>
<method=bitvector/>
L2_bitmap_read    (read         ) [ 0011]
L3_bitmap_read    (read         ) [ 0001]
L1_bitmap_read    (read         ) [ 0001]
L0_bitmap_read    (read         ) [ 0001]
specinterface_ln0 (specinterface) [ 0000]
specinterface_ln0 (specinterface) [ 0000]
specinterface_ln0 (specinterface) [ 0000]
call_ret          (call         ) [ 0000]
newret            (extractvalue ) [ 0000]
newret1           (extractvalue ) [ 0000]
newret3           (extractvalue ) [ 0000]
newret5           (extractvalue ) [ 0000]
write_ln109       (write        ) [ 0000]
write_ln109       (write        ) [ 0000]
write_ln109       (write        ) [ 0000]
write_ln109       (write        ) [ 0000]
ret_ln0           (ret          ) [ 0000]
</LifeTime>

<model>

<comp_list>
<comp id="0" class="1000" name="input_voxel_stream">
<pin_list>
<pin id="1" dir="1" index="0" bw="1" slack="0"/>
</pin_list>
<bind>
<StgValue><ssdm name="input_voxel_stream"/></StgValue>
</bind>
</comp>

<comp id="2" class="1000" name="feature_data_stream">
<pin_list>
<pin id="3" dir="1" index="0" bw="1" slack="0"/>
</pin_list>
<bind>
<StgValue><ssdm name="feature_data_stream"/></StgValue>
</bind>
</comp>

<comp id="4" class="1000" name="write_addr_stream">
<pin_list>
<pin id="5" dir="1" index="0" bw="1" slack="0"/>
</pin_list>
<bind>
<StgValue><ssdm name="write_addr_stream"/></StgValue>
</bind>
</comp>

<comp id="6" class="1000" name="L3_bitmap">
<pin_list>
<pin id="7" dir="1" index="0" bw="1" slack="0"/>
</pin_list>
<bind>
<StgValue><ssdm name="L3_bitmap"/></StgValue>
</bind>
</comp>

<comp id="8" class="1000" name="L2_bitmap">
<pin_list>
<pin id="9" dir="1" index="0" bw="1" slack="0"/>
</pin_list>
<bind>
<StgValue><ssdm name="L2_bitmap"/></StgValue>
</bind>
</comp>

<comp id="10" class="1000" name="L1_bitmap">
<pin_list>
<pin id="11" dir="1" index="0" bw="1" slack="0"/>
</pin_list>
<bind>
<StgValue><ssdm name="L1_bitmap"/></StgValue>
</bind>
</comp>

<comp id="12" class="1000" name="L0_bitmap">
<pin_list>
<pin id="13" dir="1" index="0" bw="1" slack="0"/>
</pin_list>
<bind>
<StgValue><ssdm name="L0_bitmap"/></StgValue>
</bind>
</comp>

<comp id="14" class="1000" name="bitmap_info">
<pin_list>
<pin id="15" dir="1" index="0" bw="1" slack="0"/>
</pin_list>
<bind>
<StgValue><ssdm name="bitmap_info"/></StgValue>
</bind>
</comp>

<comp id="16" class="1000" name="initialized">
<pin_list>
<pin id="17" dir="1" index="0" bw="1" slack="0"/>
</pin_list>
<bind>
<StgValue><ssdm name="initialized"/></StgValue>
</bind>
</comp>

<comp id="18" class="1000" name="l2_write_pos">
<pin_list>
<pin id="19" dir="1" index="0" bw="1" slack="0"/>
</pin_list>
<bind>
<StgValue><ssdm name="l2_write_pos"/></StgValue>
</bind>
</comp>

<comp id="20" class="1000" name="voxel_count">
<pin_list>
<pin id="21" dir="1" index="0" bw="1" slack="0"/>
</pin_list>
<bind>
<StgValue><ssdm name="voxel_count"/></StgValue>
</bind>
</comp>

<comp id="22" class="1000" name="retained_block_count">
<pin_list>
<pin id="23" dir="1" index="0" bw="1" slack="0"/>
</pin_list>
<bind>
<StgValue><ssdm name="retained_block_count"/></StgValue>
</bind>
</comp>

<comp id="24" class="1000" name="l0_write_pos">
<pin_list>
<pin id="25" dir="1" index="0" bw="1" slack="0"/>
</pin_list>
<bind>
<StgValue><ssdm name="l0_write_pos"/></StgValue>
</bind>
</comp>

<comp id="26" class="1000" name="l1_write_pos">
<pin_list>
<pin id="27" dir="1" index="0" bw="1" slack="0"/>
</pin_list>
<bind>
<StgValue><ssdm name="l1_write_pos"/></StgValue>
</bind>
</comp>

<comp id="28" class="1000" name="streaming_bitmap_constructor_stream_stream_stream_stream_stream_ap_uint_ap_2">
<pin_list>
<pin id="29" dir="1" index="0" bw="1" slack="0"/>
</pin_list>
<bind>
<StgValue><ssdm name="streaming_bitmap_constructor_stream_stream_stream_stream_stream_ap_uint_ap_2"/><MemPortTyVec>2 </MemPortTyVec>
</StgValue>
</bind>
</comp>

<comp id="30" class="1000" name="streaming_bitmap_constructor_stream_stream_stream_stream_stream_ap_uint_ap_1">
<pin_list>
<pin id="31" dir="1" index="0" bw="1" slack="0"/>
</pin_list>
<bind>
<StgValue><ssdm name="streaming_bitmap_constructor_stream_stream_stream_stream_stream_ap_uint_ap_1"/><MemPortTyVec>2 </MemPortTyVec>
</StgValue>
</bind>
</comp>

<comp id="32" class="1000" name="streaming_bitmap_constructor_stream_stream_stream_stream_stream_ap_uint_ap">
<pin_list>
<pin id="33" dir="1" index="0" bw="1" slack="0"/>
</pin_list>
<bind>
<StgValue><ssdm name="streaming_bitmap_constructor_stream_stream_stream_stream_stream_ap_uint_ap"/><MemPortTyVec>2 </MemPortTyVec>
</StgValue>
</bind>
</comp>

<comp id="34" class="1000" name="l2_temp_buffer">
<pin_list>
<pin id="35" dir="1" index="0" bw="1" slack="0"/>
</pin_list>
<bind>
<StgValue><ssdm name="l2_temp_buffer"/><MemPortTyVec>2 3 </MemPortTyVec>
</StgValue>
</bind>
</comp>

<comp id="36" class="1001" name="const_36">
<pin_list>
<pin id="37" dir="1" index="0" bw="1" slack="0"/>
</pin_list>
<bind>
<StgValue><ssdm name="_ssdm_op_Read.ap_auto.i512P0A"/></StgValue>
</bind>
</comp>

<comp id="38" class="1001" name="const_38">
<pin_list>
<pin id="39" dir="1" index="0" bw="1" slack="0"/>
</pin_list>
<bind>
<StgValue><ssdm name="streaming_bitmap_constructor"/></StgValue>
</bind>
</comp>

<comp id="40" class="1001" name="const_40">
<pin_list>
<pin id="41" dir="1" index="0" bw="1" slack="2147483647"/>
</pin_list>
<bind>
<StgValue><ssdm name="_ssdm_op_SpecInterface"/></StgValue>
</bind>
</comp>

<comp id="42" class="1001" name="const_42">
<pin_list>
<pin id="43" dir="1" index="0" bw="1" slack="2147483647"/>
</pin_list>
<bind>
<StgValue><ssdm name="empty_29"/></StgValue>
</bind>
</comp>

<comp id="44" class="1001" name="const_44">
<pin_list>
<pin id="45" dir="1" index="0" bw="1" slack="2147483647"/>
</pin_list>
<bind>
<StgValue><ssdm name=""/></StgValue>
</bind>
</comp>

<comp id="46" class="1001" name="const_46">
<pin_list>
<pin id="47" dir="1" index="0" bw="1" slack="2147483647"/>
</pin_list>
<bind>
<StgValue><ssdm name="empty_57"/></StgValue>
</bind>
</comp>

<comp id="48" class="1001" name="const_48">
<pin_list>
<pin id="49" dir="1" index="0" bw="1" slack="2147483647"/>
</pin_list>
<bind>
<StgValue><ssdm name=""/></StgValue>
</bind>
</comp>

<comp id="50" class="1001" name="const_50">
<pin_list>
<pin id="51" dir="1" index="0" bw="1" slack="0"/>
</pin_list>
<bind>
<StgValue><ssdm name="_ssdm_op_Write.ap_auto.i512P0A"/></StgValue>
</bind>
</comp>

<comp id="52" class="1001" name="const_52">
<pin_list>
<pin id="53" dir="1" index="0" bw="1" slack="0"/>
</pin_list>
<bind>
<StgValue><ssdm name="_ssdm_op_Write.ap_auto.i160P0A"/></StgValue>
</bind>
</comp>

<comp id="54" class="1004" name="L2_bitmap_read_read_fu_54">
<pin_list>
<pin id="55" dir="0" index="0" bw="512" slack="0"/>
<pin id="56" dir="0" index="1" bw="512" slack="0"/>
<pin id="57" dir="1" index="2" bw="512" slack="1"/>
</pin_list>
<bind>
<opcode="read(1150) " fcode="read"/>
<opset="L2_bitmap_read/1 "/>
</bind>
</comp>

<comp id="60" class="1004" name="L3_bitmap_read_read_fu_60">
<pin_list>
<pin id="61" dir="0" index="0" bw="512" slack="0"/>
<pin id="62" dir="0" index="1" bw="512" slack="0"/>
<pin id="63" dir="1" index="2" bw="512" slack="0"/>
</pin_list>
<bind>
<opcode="read(1150) " fcode="read"/>
<opset="L3_bitmap_read/2 "/>
</bind>
</comp>

<comp id="66" class="1004" name="L1_bitmap_read_read_fu_66">
<pin_list>
<pin id="67" dir="0" index="0" bw="512" slack="0"/>
<pin id="68" dir="0" index="1" bw="512" slack="0"/>
<pin id="69" dir="1" index="2" bw="512" slack="0"/>
</pin_list>
<bind>
<opcode="read(1150) " fcode="read"/>
<opset="L1_bitmap_read/2 "/>
</bind>
</comp>

<comp id="72" class="1004" name="L0_bitmap_read_read_fu_72">
<pin_list>
<pin id="73" dir="0" index="0" bw="512" slack="0"/>
<pin id="74" dir="0" index="1" bw="512" slack="0"/>
<pin id="75" dir="1" index="2" bw="512" slack="0"/>
</pin_list>
<bind>
<opcode="read(1150) " fcode="read"/>
<opset="L0_bitmap_read/2 "/>
</bind>
</comp>

<comp id="78" class="1004" name="write_ln109_write_fu_78">
<pin_list>
<pin id="79" dir="0" index="0" bw="0" slack="0"/>
<pin id="80" dir="0" index="1" bw="512" slack="0"/>
<pin id="81" dir="0" index="2" bw="512" slack="0"/>
<pin id="82" dir="1" index="3" bw="0" slack="2147483647"/>
</pin_list>
<bind>
<opcode="write(1151) " fcode="write"/>
<opset="write_ln109/3 "/>
</bind>
</comp>

<comp id="85" class="1004" name="write_ln109_write_fu_85">
<pin_list>
<pin id="86" dir="0" index="0" bw="0" slack="0"/>
<pin id="87" dir="0" index="1" bw="512" slack="0"/>
<pin id="88" dir="0" index="2" bw="512" slack="0"/>
<pin id="89" dir="1" index="3" bw="0" slack="2147483647"/>
</pin_list>
<bind>
<opcode="write(1151) " fcode="write"/>
<opset="write_ln109/3 "/>
</bind>
</comp>

<comp id="92" class="1004" name="write_ln109_write_fu_92">
<pin_list>
<pin id="93" dir="0" index="0" bw="0" slack="0"/>
<pin id="94" dir="0" index="1" bw="512" slack="0"/>
<pin id="95" dir="0" index="2" bw="512" slack="0"/>
<pin id="96" dir="1" index="3" bw="0" slack="2147483647"/>
</pin_list>
<bind>
<opcode="write(1151) " fcode="write"/>
<opset="write_ln109/3 "/>
</bind>
</comp>

<comp id="99" class="1004" name="write_ln109_write_fu_99">
<pin_list>
<pin id="100" dir="0" index="0" bw="0" slack="0"/>
<pin id="101" dir="0" index="1" bw="160" slack="0"/>
<pin id="102" dir="0" index="2" bw="160" slack="0"/>
<pin id="103" dir="1" index="3" bw="0" slack="2147483647"/>
</pin_list>
<bind>
<opcode="write(1151) " fcode="write"/>
<opset="write_ln109/3 "/>
</bind>
</comp>

<comp id="106" class="1004" name="grp_streaming_bitmap_constructor_fu_106">
<pin_list>
<pin id="107" dir="0" index="0" bw="1696" slack="0"/>
<pin id="108" dir="0" index="1" bw="1085" slack="0"/>
<pin id="109" dir="0" index="2" bw="1085" slack="0"/>
<pin id="110" dir="0" index="3" bw="60" slack="0"/>
<pin id="111" dir="0" index="4" bw="512" slack="0"/>
<pin id="112" dir="0" index="5" bw="512" slack="0"/>
<pin id="113" dir="0" index="6" bw="512" slack="1"/>
<pin id="114" dir="0" index="7" bw="512" slack="0"/>
<pin id="115" dir="0" index="8" bw="512" slack="0"/>
<pin id="116" dir="0" index="9" bw="1" slack="0"/>
<pin id="117" dir="0" index="10" bw="32" slack="0"/>
<pin id="118" dir="0" index="11" bw="10" slack="0"/>
<pin id="119" dir="0" index="12" bw="32" slack="0"/>
<pin id="120" dir="0" index="13" bw="32" slack="0"/>
<pin id="121" dir="0" index="14" bw="32" slack="0"/>
<pin id="122" dir="0" index="15" bw="1" slack="0"/>
<pin id="123" dir="0" index="16" bw="1" slack="0"/>
<pin id="124" dir="0" index="17" bw="1" slack="0"/>
<pin id="125" dir="0" index="18" bw="1" slack="0"/>
<pin id="126" dir="1" index="19" bw="1696" slack="0"/>
</pin_list>
<bind>
<opcode="call(48) " fcode="call"/>
<opset="call_ret/2 "/>
</bind>
</comp>

<comp id="145" class="1004" name="newret_fu_145">
<pin_list>
<pin id="146" dir="0" index="0" bw="1696" slack="0"/>
<pin id="147" dir="1" index="1" bw="512" slack="0"/>
</pin_list>
<bind>
<opcode="extractvalue(56) " fcode="extractvalue"/>
<opset="newret/3 "/>
</bind>
</comp>

<comp id="150" class="1004" name="newret1_fu_150">
<pin_list>
<pin id="151" dir="0" index="0" bw="1696" slack="0"/>
<pin id="152" dir="1" index="1" bw="512" slack="0"/>
</pin_list>
<bind>
<opcode="extractvalue(56) " fcode="extractvalue"/>
<opset="newret1/3 "/>
</bind>
</comp>

<comp id="155" class="1004" name="newret3_fu_155">
<pin_list>
<pin id="156" dir="0" index="0" bw="1696" slack="0"/>
<pin id="157" dir="1" index="1" bw="512" slack="0"/>
</pin_list>
<bind>
<opcode="extractvalue(56) " fcode="extractvalue"/>
<opset="newret3/3 "/>
</bind>
</comp>

<comp id="160" class="1004" name="newret5_fu_160">
<pin_list>
<pin id="161" dir="0" index="0" bw="1696" slack="0"/>
<pin id="162" dir="1" index="1" bw="160" slack="0"/>
</pin_list>
<bind>
<opcode="extractvalue(56) " fcode="extractvalue"/>
<opset="newret5/3 "/>
</bind>
</comp>

<comp id="165" class="1005" name="L2_bitmap_read_reg_165">
<pin_list>
<pin id="166" dir="0" index="0" bw="512" slack="1"/>
<pin id="167" dir="1" index="1" bw="512" slack="1"/>
</pin_list>
<bind>
<opset="L2_bitmap_read "/>
</bind>
</comp>

<comp id="170" class="1005" name="L3_bitmap_read_reg_170">
<pin_list>
<pin id="171" dir="0" index="0" bw="512" slack="1"/>
<pin id="172" dir="1" index="1" bw="512" slack="1"/>
</pin_list>
<bind>
<opset="L3_bitmap_read "/>
</bind>
</comp>

<comp id="175" class="1005" name="L1_bitmap_read_reg_175">
<pin_list>
<pin id="176" dir="0" index="0" bw="512" slack="1"/>
<pin id="177" dir="1" index="1" bw="512" slack="1"/>
</pin_list>
<bind>
<opset="L1_bitmap_read "/>
</bind>
</comp>

<comp id="180" class="1005" name="L0_bitmap_read_reg_180">
<pin_list>
<pin id="181" dir="0" index="0" bw="512" slack="1"/>
<pin id="182" dir="1" index="1" bw="512" slack="1"/>
</pin_list>
<bind>
<opset="L0_bitmap_read "/>
</bind>
</comp>

</comp_list>

<net_list>
<net id="58"><net_src comp="36" pin="0"/><net_sink comp="54" pin=0"/></net>

<net id="59"><net_src comp="8" pin="0"/><net_sink comp="54" pin=1"/></net>

<net id="64"><net_src comp="36" pin="0"/><net_sink comp="60" pin=0"/></net>

<net id="65"><net_src comp="6" pin="0"/><net_sink comp="60" pin=1"/></net>

<net id="70"><net_src comp="36" pin="0"/><net_sink comp="66" pin=0"/></net>

<net id="71"><net_src comp="10" pin="0"/><net_sink comp="66" pin=1"/></net>

<net id="76"><net_src comp="36" pin="0"/><net_sink comp="72" pin=0"/></net>

<net id="77"><net_src comp="12" pin="0"/><net_sink comp="72" pin=1"/></net>

<net id="83"><net_src comp="50" pin="0"/><net_sink comp="78" pin=0"/></net>

<net id="84"><net_src comp="6" pin="0"/><net_sink comp="78" pin=1"/></net>

<net id="90"><net_src comp="50" pin="0"/><net_sink comp="85" pin=0"/></net>

<net id="91"><net_src comp="10" pin="0"/><net_sink comp="85" pin=1"/></net>

<net id="97"><net_src comp="50" pin="0"/><net_sink comp="92" pin=0"/></net>

<net id="98"><net_src comp="12" pin="0"/><net_sink comp="92" pin=1"/></net>

<net id="104"><net_src comp="52" pin="0"/><net_sink comp="99" pin=0"/></net>

<net id="105"><net_src comp="14" pin="0"/><net_sink comp="99" pin=1"/></net>

<net id="127"><net_src comp="38" pin="0"/><net_sink comp="106" pin=0"/></net>

<net id="128"><net_src comp="0" pin="0"/><net_sink comp="106" pin=1"/></net>

<net id="129"><net_src comp="2" pin="0"/><net_sink comp="106" pin=2"/></net>

<net id="130"><net_src comp="4" pin="0"/><net_sink comp="106" pin=3"/></net>

<net id="131"><net_src comp="60" pin="2"/><net_sink comp="106" pin=4"/></net>

<net id="132"><net_src comp="8" pin="0"/><net_sink comp="106" pin=5"/></net>

<net id="133"><net_src comp="66" pin="2"/><net_sink comp="106" pin=7"/></net>

<net id="134"><net_src comp="72" pin="2"/><net_sink comp="106" pin=8"/></net>

<net id="135"><net_src comp="16" pin="0"/><net_sink comp="106" pin=9"/></net>

<net id="136"><net_src comp="18" pin="0"/><net_sink comp="106" pin=10"/></net>

<net id="137"><net_src comp="20" pin="0"/><net_sink comp="106" pin=11"/></net>

<net id="138"><net_src comp="22" pin="0"/><net_sink comp="106" pin=12"/></net>

<net id="139"><net_src comp="24" pin="0"/><net_sink comp="106" pin=13"/></net>

<net id="140"><net_src comp="26" pin="0"/><net_sink comp="106" pin=14"/></net>

<net id="141"><net_src comp="28" pin="0"/><net_sink comp="106" pin=15"/></net>

<net id="142"><net_src comp="30" pin="0"/><net_sink comp="106" pin=16"/></net>

<net id="143"><net_src comp="32" pin="0"/><net_sink comp="106" pin=17"/></net>

<net id="144"><net_src comp="34" pin="0"/><net_sink comp="106" pin=18"/></net>

<net id="148"><net_src comp="106" pin="19"/><net_sink comp="145" pin=0"/></net>

<net id="149"><net_src comp="145" pin="1"/><net_sink comp="78" pin=2"/></net>

<net id="153"><net_src comp="106" pin="19"/><net_sink comp="150" pin=0"/></net>

<net id="154"><net_src comp="150" pin="1"/><net_sink comp="85" pin=2"/></net>

<net id="158"><net_src comp="106" pin="19"/><net_sink comp="155" pin=0"/></net>

<net id="159"><net_src comp="155" pin="1"/><net_sink comp="92" pin=2"/></net>

<net id="163"><net_src comp="106" pin="19"/><net_sink comp="160" pin=0"/></net>

<net id="164"><net_src comp="160" pin="1"/><net_sink comp="99" pin=2"/></net>

<net id="168"><net_src comp="54" pin="2"/><net_sink comp="165" pin=0"/></net>

<net id="169"><net_src comp="165" pin="1"/><net_sink comp="106" pin=6"/></net>

<net id="173"><net_src comp="60" pin="2"/><net_sink comp="170" pin=0"/></net>

<net id="174"><net_src comp="170" pin="1"/><net_sink comp="106" pin=4"/></net>

<net id="178"><net_src comp="66" pin="2"/><net_sink comp="175" pin=0"/></net>

<net id="179"><net_src comp="175" pin="1"/><net_sink comp="106" pin=7"/></net>

<net id="183"><net_src comp="72" pin="2"/><net_sink comp="180" pin=0"/></net>

<net id="184"><net_src comp="180" pin="1"/><net_sink comp="106" pin=8"/></net>

</net_list>

</model> 
---------------- Datapath Model END ------------------

* FSMD analyzer results:
  - Output states:
	Port: input_voxel_stream | {}
	Port: feature_data_stream | {2 3 }
	Port: write_addr_stream | {2 3 }
	Port: L3_bitmap | {3 }
	Port: L2_bitmap | {2 3 }
	Port: L1_bitmap | {3 }
	Port: L0_bitmap | {3 }
	Port: bitmap_info | {3 }
	Port: initialized | {2 3 }
	Port: l2_write_pos | {2 3 }
	Port: voxel_count | {2 3 }
	Port: retained_block_count | {2 3 }
	Port: l0_write_pos | {2 3 }
	Port: l1_write_pos | {2 3 }
	Port: streaming_bitmap_constructor_stream_stream_stream_stream_stream_ap_uint_ap_2 | {2 3 }
	Port: streaming_bitmap_constructor_stream_stream_stream_stream_stream_ap_uint_ap_1 | {2 3 }
	Port: streaming_bitmap_constructor_stream_stream_stream_stream_stream_ap_uint_ap | {2 3 }
	Port: l2_temp_buffer | {2 3 }
 - Input state : 
	Port: pipeline_bitmap_stage : input_voxel_stream | {2 3 }
	Port: pipeline_bitmap_stage : L3_bitmap | {2 }
	Port: pipeline_bitmap_stage : L2_bitmap | {1 }
	Port: pipeline_bitmap_stage : L1_bitmap | {2 }
	Port: pipeline_bitmap_stage : L0_bitmap | {2 }
	Port: pipeline_bitmap_stage : bitmap_info | {}
	Port: pipeline_bitmap_stage : initialized | {2 3 }
	Port: pipeline_bitmap_stage : l2_write_pos | {2 3 }
	Port: pipeline_bitmap_stage : voxel_count | {2 3 }
	Port: pipeline_bitmap_stage : retained_block_count | {2 3 }
	Port: pipeline_bitmap_stage : l0_write_pos | {2 3 }
	Port: pipeline_bitmap_stage : l1_write_pos | {2 3 }
	Port: pipeline_bitmap_stage : streaming_bitmap_constructor_stream_stream_stream_stream_stream_ap_uint_ap_2 | {2 3 }
	Port: pipeline_bitmap_stage : streaming_bitmap_constructor_stream_stream_stream_stream_stream_ap_uint_ap_1 | {2 3 }
	Port: pipeline_bitmap_stage : streaming_bitmap_constructor_stream_stream_stream_stream_stream_ap_uint_ap | {2 3 }
	Port: pipeline_bitmap_stage : l2_temp_buffer | {2 3 }
  - Chain level:
	State 1
	State 2
	State 3
		newret : 1
		newret1 : 1
		newret3 : 1
		newret5 : 1
		write_ln109 : 2
		write_ln109 : 2
		write_ln109 : 2
		write_ln109 : 2


============================================================
+ Verbose Summary: Datapath Resource usage 
============================================================

* Functional unit list:
|----------|-----------------------------------------|---------|---------|---------|
| Operation|             Functional Unit             |  Delay  |    FF   |   LUT   |
|----------|-----------------------------------------|---------|---------|---------|
|   call   | grp_streaming_bitmap_constructor_fu_106 | 5.36933 |  16653  |  27220  |
|----------|-----------------------------------------|---------|---------|---------|
|          |        L2_bitmap_read_read_fu_54        |    0    |    0    |    0    |
|   read   |        L3_bitmap_read_read_fu_60        |    0    |    0    |    0    |
|          |        L1_bitmap_read_read_fu_66        |    0    |    0    |    0    |
|          |        L0_bitmap_read_read_fu_72        |    0    |    0    |    0    |
|----------|-----------------------------------------|---------|---------|---------|
|          |         write_ln109_write_fu_78         |    0    |    0    |    0    |
|   write  |         write_ln109_write_fu_85         |    0    |    0    |    0    |
|          |         write_ln109_write_fu_92         |    0    |    0    |    0    |
|          |         write_ln109_write_fu_99         |    0    |    0    |    0    |
|----------|-----------------------------------------|---------|---------|---------|
|          |              newret_fu_145              |    0    |    0    |    0    |
|extractvalue|              newret1_fu_150             |    0    |    0    |    0    |
|          |              newret3_fu_155             |    0    |    0    |    0    |
|          |              newret5_fu_160             |    0    |    0    |    0    |
|----------|-----------------------------------------|---------|---------|---------|
|   Total  |                                         | 5.36933 |  16653  |  27220  |
|----------|-----------------------------------------|---------|---------|---------|

Memories:
N/A

* Register list:
+----------------------+--------+
|                      |   FF   |
+----------------------+--------+
|L0_bitmap_read_reg_180|   512  |
|L1_bitmap_read_reg_175|   512  |
|L2_bitmap_read_reg_165|   512  |
|L3_bitmap_read_reg_170|   512  |
+----------------------+--------+
|         Total        |  2048  |
+----------------------+--------+

* Multiplexer (MUX) list: 
|-----------------------------------------|------|------|------|--------||---------||---------||---------|
|                   Comp                  |  Pin | Size |  BW  | S x BW ||  Delay  ||    FF   ||   LUT   |
|-----------------------------------------|------|------|------|--------||---------||---------||---------|
| grp_streaming_bitmap_constructor_fu_106 |  p4  |   2  |  512 |  1024  ||    0    ||    9    |
| grp_streaming_bitmap_constructor_fu_106 |  p7  |   2  |  512 |  1024  ||    0    ||    9    |
| grp_streaming_bitmap_constructor_fu_106 |  p8  |   2  |  512 |  1024  ||    0    ||    9    |
|-----------------------------------------|------|------|------|--------||---------||---------||---------|
|                  Total                  |      |      |      |  3072  ||  1.161  ||    0    ||    27   |
|-----------------------------------------|------|------|------|--------||---------||---------||---------|



* Summary:
+-----------+--------+--------+--------+
|           |  Delay |   FF   |   LUT  |
+-----------+--------+--------+--------+
|  Function |    5   |  16653 |  27220 |
|   Memory  |    -   |    -   |    -   |
|Multiplexer|    1   |    0   |   27   |
|  Register |    -   |  2048  |    -   |
+-----------+--------+--------+--------+
|   Total   |    6   |  18701 |  27247 |
+-----------+--------+--------+--------+
