INFO: [SIM 2] *************** CSIM start ***************
INFO: [SIM 4] CSIM will launch CLANG as the compiler.
   Compiling ../../../../minkowski_testbench.cpp in debug mode
   Compiling ../../../../streaming_bitmap_constructor.cpp in debug mode
   Compiling ../../../../morton_reorder_buffer.cpp in debug mode
   Compiling ../../../../dynamic_access.cpp in debug mode
   Compiling ../../../../systolic_array.cpp in debug mode
   Compiling ../../../../complete_pipeline.cpp in debug mode
   Compiling ../../../../minkowski_net.cpp in debug mode
   Generating csim.exe
=== 14-LAYER MINKOWSKINET TESTBENCH (CORRECTED) ===
Generating 64³ sparse input voxels with 3 channels...
Generated 262144 total voxels (13105 occupied, 4.99916% sparse)
Initializing 14 layers of weights and biases...
  Layer 1: 3 -> 16 channels, 64³ -> 64³ (Conv)
  Layer 2: 16 -> 32 channels, 64³ -> 32³ (Conv)
  Layer 3: 32 -> 64 channels, 32³ -> 16³ (Conv)
  Layer 4: 64 -> 128 channels, 16³ -> 8³ (Conv)
  Layer 5: 128 -> 256 channels, 8³ -> 4³ (Conv)
  Layer 6: 256 -> 512 channels, 4³ -> 2³ (Conv)
  Layer 7: 512 -> 1024 channels, 2³ -> 1³ (Conv)
  Layer 8: 1024 -> 512 channels, 1³ -> 2³ (ConvTranspose)
  Layer 9: 512 -> 256 channels, 2³ -> 4³ (ConvTranspose)
  Layer 10: 256 -> 128 channels, 4³ -> 8³ (ConvTranspose)
  Layer 11: 128 -> 64 channels, 8³ -> 16³ (ConvTranspose)
  Layer 12: 64 -> 32 channels, 16³ -> 32³ (ConvTranspose)
  Layer 13: 32 -> 16 channels, 32³ -> 64³ (ConvTranspose)
  Layer 14: 16 -> 20 channels, 64³ -> 64³ (Conv)
Allocating pruned DRAM buffers...
Allocating persistent BRAM octree...

=== RUNNING 14-LAYER MINKOWSKINET WITH PERSISTENT ACCELERATOR ===
=== 14-LAYER MINKOWSKINET WITH PERSISTENT ACCELERATOR ===
Phase 1: ONE-TIME bitmap construction...
Pipeline bitmap stage: Starting sophisticated bitmap constructor
Bitmap constructor: processing voxels, current count=0
WARNING: Bitsize mismatch for ap_[u]int|=ap_[u]int.
WARNING: Bitsize mismatch for ap_[u]int|=ap_[u]int.
WARNING: Bitsize mismatch for ap_[u]int|=ap_[u]int.
WARNING: Bitsize mismatch for ap_[u]int|=ap_[u]int.
WARNING: Bitsize mismatch for ap_[u]int|=ap_[u]int.
WARNING: Bitsize mismatch for ap_[u]int|=ap_[u]int.
WARNING: Bitsize mismatch for ap_[u]int|=ap_[u]int.
WARNING: Bitsize mismatch for ap_[u]int|=ap_[u]int.
WARNING: Bitsize mismatch for ap_[u]int|=ap_[u]int.
WARNING: Bitsize mismatch for ap_[u]int|=ap_[u]int.
WARNING: Bitsize mismatch for ap_[u]int|=ap_[u]int.
WARNING: Bitsize mismatch for ap_[u]int|=ap_[u]int.
WARNING: Bitsize mismatch for ap_[u]int|=ap_[u]int.
WARNING: Bitsize mismatch for ap_[u]int|=ap_[u]int.
WARNING: Bitsize mismatch for ap_[u]int|=ap_[u]int.
WARNING: Bitsize mismatch for ap_[u]int|=ap_[u]int.
WARNING: Bitsize mismatch for ap_[u]int|=ap_[u]int.
WARNING: Bitsize mismatch for ap_[u]int|=ap_[u]int.
WARNING: Bitsize mismatch for ap_[u]int|=ap_[u]int.
WARNING: Bitsize mismatch for ap_[u]int|=ap_[u]int.
WARNING: Bitsize mismatch for ap_[u]int|=ap_[u]int.
WARNING: Bitsize mismatch for ap_[u]int|=ap_[u]int.
WARNING: Bitsize mismatch for ap_[u]int|=ap_[u]int.
WARNING: Bitsize mismatch for ap_[u]int|=ap_[u]int.
WARNING: Bitsize mismatch for ap_[u]int|=ap_[u]int.
WARNING: Bitsize mismatch for ap_[u]int|=ap_[u]int.
WARNING: Bitsize mismatch for ap_[u]int|=ap_[u]int.
WARNING: Bitsize mismatch for ap_[u]int|=ap_[u]int.
WARNING: Bitsize mismatch for ap_[u]int|=ap_[u]int.
WARNING: Bitsize mismatch for ap_[u]int|=ap_[u]int.
WARNING: Bitsize mismatch for ap_[u]int|=ap_[u]int.
WARNING: Bitsize mismatch for ap_[u]int|=ap_[u]int.
WARNING: Bitsize mismatch for ap_[u]int|=ap_[u]int.
WARNING: Bitsize mismatch for ap_[u]int|=ap_[u]int.
WARNING: Bitsize mismatch for ap_[u]int|=ap_[u]int.
WARNING: Bitsize mismatch for ap_[u]int|=ap_[u]int.
WARNING: Bitsize mismatch for ap_[u]int|=ap_[u]int.
WARNING: Bitsize mismatch for ap_[u]int|=ap_[u]int.
WARNING: Bitsize mismatch for ap_[u]int|=ap_[u]int.
WARNING: Bitsize mismatch for ap_[u]int|=ap_[u]int.
WARNING: Bitsize mismatch for ap_[u]int|=ap_[u]int.
WARNING: Bitsize mismatch for ap_[u]int|=ap_[u]int.
WARNING: Bitsize mismatch for ap_[u]int|=ap_[u]int.
WARNING: Bitsize mismatch for ap_[u]int|=ap_[u]int.
WARNING: Bitsize mismatch for ap_[u]int|=ap_[u]int.
WARNING: Bitsize mismatch for ap_[u]int|=ap_[u]int.
WARNING: Bitsize mismatch for ap_[u]int|=ap_[u]int.
WARNING: Bitsize mismatch for ap_[u]int|=ap_[u]int.
WARNING: Bitsize mismatch for ap_[u]int|=ap_[u]int.
WARNING: Bitsize mismatch for ap_[u]int|=ap_[u]int.
WARNING: Bitsize mismatch for ap_[u]int|=ap_[u]int.
WARNING: Bitsize mismatch for ap_[u]int|=ap_[u]int.
WARNING: Bitsize mismatch for ap_[u]int|=ap_[u]int.
WARNING: Bitsize mismatch for ap_[u]int|=ap_[u]int.
WARNING: Bitsize mismatch for ap_[u]int|=ap_[u]int.
WARNING: Bitsize mismatch for ap_[u]int|=ap_[u]int.
WARNING: Bitsize mismatch for ap_[u]int|=ap_[u]int.
WARNING: Bitsize mismatch for ap_[u]int|=ap_[u]int.
WARNING: Bitsize mismatch for ap_[u]int|=ap_[u]int.
WARNING: Bitsize mismatch for ap_[u]int|=ap_[u]int.
WARNING: Bitsize mismatch for ap_[u]int|=ap_[u]int.
WARNING: Bitsize mismatch for ap_[u]int|=ap_[u]int.
WARNING: Bitsize mismatch for ap_[u]int|=ap_[u]int.
WARNING: Bitsize mismatch for ap_[u]int|=ap_[u]int.
WARNING: Bitsize mismatch for ap_[u]int|=ap_[u]int.
WARNING: Bitsize mismatch for ap_[u]int|=ap_[u]int.
WARNING: Bitsize mismatch for ap_[u]int|=ap_[u]int.
WARNING: Bitsize mismatch for ap_[u]int|=ap_[u]int.
WARNING: Bitsize mismatch for ap_[u]int|=ap_[u]int.
WARNING: Bitsize mismatch for ap_[u]int|=ap_[u]int.
WARNING: Bitsize mismatch for ap_[u]int|=ap_[u]int.
WARNING: Bitsize mismatch for ap_[u]int|=ap_[u]int.
WARNING: Bitsize mismatch for ap_[u]int|=ap_[u]int.
WARNING: Bitsize mismatch for ap_[u]int|=ap_[u]int.
WARNING: Bitsize mismatch for ap_[u]int|=ap_[u]int.
WARNING: Bitsize mismatch for ap_[u]int|=ap_[u]int.
WARNING: Bitsize mismatch for ap_[u]int|=ap_[u]int.
WARNING: Bitsize mismatch for ap_[u]int|=ap_[u]int.
WARNING: Bitsize mismatch for ap_[u]int|=ap_[u]int.
WARNING: Bitsize mismatch for ap_[u]int|=ap_[u]int.
WARNING: Bitsize mismatch for ap_[u]int|=ap_[u]int.
WARNING: Bitsize mismatch for ap_[u]int|=ap_[u]int.
WARNING: Bitsize mismatch for ap_[u]int|=ap_[u]int.
WARNING: Bitsize mismatch for ap_[u]int|=ap_[u]int.
WARNING: Bitsize mismatch for ap_[u]int|=ap_[u]int.
WARNING: Bitsize mismatch for ap_[u]int|=ap_[u]int.
WARNING: Bitsize mismatch for ap_[u]int|=ap_[u]int.
WARNING: Bitsize mismatch for ap_[u]int|=ap_[u]int.
WARNING: Bitsize mismatch for ap_[u]int|=ap_[u]int.
WARNING: Bitsize mismatch for ap_[u]int|=ap_[u]int.
WARNING: Bitsize mismatch for ap_[u]int|=ap_[u]int.
WARNING: Bitsize mismatch for ap_[u]int|=ap_[u]int.
WARNING: Bitsize mismatch for ap_[u]int|=ap_[u]int.
WARNING: Bitsize mismatch for ap_[u]int|=ap_[u]int.
WARNING: Bitsize mismatch for ap_[u]int|=ap_[u]int.
WARNING: Bitsize mismatch for ap_[u]int|=ap_[u]int.
WARNING: Bitsize mismatch for ap_[u]int|=ap_[u]int.
WARNING: Bitsize mismatch for ap_[u]int|=ap_[u]int.
WARNING: Bitsize mismatch for ap_[u]int|=ap_[u]int.
WARNING: Bitsize mismatch for ap_[u]int|=ap_[u]int.
WARNING: Bitsize mismatch for ap_[u]int|=ap_[u]int.
WARNING: Bitsize mismatch for ap_[u]int|=ap_[u]int.
WARNING: Bitsize mismatch for ap_[u]int|=ap_[u]int.
WARNING: Bitsize mismatch for ap_[u]int|=ap_[u]int.
WARNING: Bitsize mismatch for ap_[u]int|=ap_[u]int.
WARNING: Bitsize mismatch for ap_[u]int|=ap_[u]int.
WARNING: Bitsize mismatch for ap_[u]int|=ap_[u]int.
WARNING: Bitsize mismatch for ap_[u]int|=ap_[u]int.
WARNING: Bitsize mismatch for ap_[u]int|=ap_[u]int.
WARNING: Bitsize mismatch for ap_[u]int|=ap_[u]int.
WARNING: Bitsize mismatch for ap_[u]int|=ap_[u]int.
WARNING: Bitsize mismatch for ap_[u]int|=ap_[u]int.
WARNING: Bitsize mismatch for ap_[u]int|=ap_[u]int.
WARNING: Bitsize mismatch for ap_[u]int|=ap_[u]int.
WARNING: Bitsize mismatch for ap_[u]int|=ap_[u]int.
WARNING: Bitsize mismatch for ap_[u]int|=ap_[u]int.
WARNING: Bitsize mismatch for ap_[u]int|=ap_[u]int.
WARNING: Bitsize mismatch for ap_[u]int|=ap_[u]int.
WARNING: Bitsize mismatch for ap_[u]int|=ap_[u]int.
WARNING: Bitsize mismatch for ap_[u]int|=ap_[u]int.
WARNING: Bitsize mismatch for ap_[u]int|=ap_[u]int.
WARNING: Bitsize mismatch for ap_[u]int|=ap_[u]int.
WARNING: Bitsize mismatch for ap_[u]int|=ap_[u]int.
WARNING: Bitsize mismatch for ap_[u]int|=ap_[u]int.
WARNING: Bitsize mismatch for ap_[u]int|=ap_[u]int.
WARNING: Bitsize mismatch for ap_[u]int|=ap_[u]int.
WARNING: Bitsize mismatch for ap_[u]int|=ap_[u]int.
WARNING: Bitsize mismatch for ap_[u]int|=ap_[u]int.
WARNING: Bitsize mismatch for ap_[u]int|=ap_[u]int.
WARNING: Bitsize mismatch for ap_[u]int|=ap_[u]int.
WARNING: Bitsize mismatch for ap_[u]int|=ap_[u]int.
WARNING: Bitsize mismatch for ap_[u]int|=ap_[u]int.
WARNING: Bitsize mismatch for ap_[u]int|=ap_[u]int.
WARNING: Bitsize mismatch for ap_[u]int|=ap_[u]int.
WARNING: Bitsize mismatch for ap_[u]int|=ap_[u]int.
WARNING: Bitsize mismatch for ap_[u]int|=ap_[u]int.
WARNING: Bitsize mismatch for ap_[u]int|=ap_[u]int.
WARNING: Bitsize mismatch for ap_[u]int|=ap_[u]int.
WARNING: Bitsize mismatch for ap_[u]int|=ap_[u]int.
WARNING: Bitsize mismatch for ap_[u]int|=ap_[u]int.
WARNING: Bitsize mismatch for ap_[u]int|=ap_[u]int.
WARNING: Bitsize mismatch for ap_[u]int|=ap_[u]int.
WARNING: Bitsize mismatch for ap_[u]int|=ap_[u]int.
WARNING: Bitsize mismatch for ap_[u]int|=ap_[u]int.
WARNING: Bitsize mismatch for ap_[u]int|=ap_[u]int.
WARNING: Bitsize mismatch for ap_[u]int|=ap_[u]int.
WARNING: Bitsize mismatch for ap_[u]int|=ap_[u]int.
WARNING: Bitsize mismatch for ap_[u]int|=ap_[u]int.
WARNING: Bitsize mismatch for ap_[u]int|=ap_[u]int.
WARNING: Bitsize mismatch for ap_[u]int|=ap_[u]int.
WARNING: Bitsize mismatch for ap_[u]int|=ap_[u]int.
WARNING: Bitsize mismatch for ap_[u]int|=ap_[u]int.
WARNING: Bitsize mismatch for ap_[u]int|=ap_[u]int.
WARNING: Bitsize mismatch for ap_[u]int|=ap_[u]int.
WARNING: Bitsize mismatch for ap_[u]int|=ap_[u]int.
WARNING: Bitsize mismatch for ap_[u]int|=ap_[u]int.
WARNING: Bitsize mismatch for ap_[u]int|=ap_[u]int.
WARNING: Bitsize mismatch for ap_[u]int|=ap_[u]int.
WARNING: Bitsize mismatch for ap_[u]int|=ap_[u]int.
WARNING: Bitsize mismatch for ap_[u]int|=ap_[u]int.
WARNING: Bitsize mismatch for ap_[u]int|=ap_[u]int.
WARNING: Bitsize mismatch for ap_[u]int|=ap_[u]int.
WARNING: Bitsize mismatch for ap_[u]int|=ap_[u]int.
WARNING: Bitsize mismatch for ap_[u]int|=ap_[u]int.
WARNING: Bitsize mismatch for ap_[u]int|=ap_[u]int.
WARNING: Bitsize mismatch for ap_[u]int|=ap_[u]int.
WARNING: Bitsize mismatch for ap_[u]int|=ap_[u]int.
WARNING: Bitsize mismatch for ap_[u]int|=ap_[u]int.
WARNING: Bitsize mismatch for ap_[u]int|=ap_[u]int.
WARNING: Bitsize mismatch for ap_[u]int|=ap_[u]int.
WARNING: Bitsize mismatch for ap_[u]int|=ap_[u]int.
WARNING: Bitsize mismatch for ap_[u]int|=ap_[u]int.
WARNING: Bitsize mismatch for ap_[u]int|=ap_[u]int.
WARNING: Bitsize mismatch for ap_[u]int|=ap_[u]int.
WARNING: Bitsize mismatch for ap_[u]int|=ap_[u]int.
WARNING: Bitsize mismatch for ap_[u]int|=ap_[u]int.
WARNING: Bitsize mismatch for ap_[u]int|=ap_[u]int.
WARNING: Bitsize mismatch for ap_[u]int|=ap_[u]int.
WARNING: Bitsize mismatch for ap_[u]int|=ap_[u]int.
WARNING: Bitsize mismatch for ap_[u]int|=ap_[u]int.
WARNING: Bitsize mismatch for ap_[u]int|=ap_[u]int.
WARNING: Bitsize mismatch for ap_[u]int|=ap_[u]int.
WARNING: Bitsize mismatch for ap_[u]int|=ap_[u]int.
WARNING: Bitsize mismatch for ap_[u]int|=ap_[u]int.
WARNING: Bitsize mismatch for ap_[u]int|=ap_[u]int.
WARNING: Bitsize mismatch for ap_[u]int|=ap_[u]int.
WARNING: Bitsize mismatch for ap_[u]int|=ap_[u]int.
WARNING: Bitsize mismatch for ap_[u]int|=ap_[u]int.
WARNING: Bitsize mismatch for ap_[u]int|=ap_[u]int.
WARNING: Bitsize mismatch for ap_[u]int|=ap_[u]int.
WARNING: Bitsize mismatch for ap_[u]int|=ap_[u]int.
WARNING: Bitsize mismatch for ap_[u]int|=ap_[u]int.
WARNING: Bitsize mismatch for ap_[u]int|=ap_[u]int.
WARNING: Bitsize mismatch for ap_[u]int|=ap_[u]int.
WARNING: Bitsize mismatch for ap_[u]int|=ap_[u]int.
WARNING: Bitsize mismatch for ap_[u]int|=ap_[u]int.
WARNING: Bitsize mismatch for ap_[u]int|=ap_[u]int.
WARNING: Bitsize mismatch for ap_[u]int|=ap_[u]int.
WARNING: Bitsize mismatch for ap_[u]int|=ap_[u]int.
WARNING: Bitsize mismatch for ap_[u]int|=ap_[u]int.
WARNING: Bitsize mismatch for ap_[u]int|=ap_[u]int.
WARNING: Bitsize mismatch for ap_[u]int|=ap_[u]int.
WARNING: Bitsize mismatch for ap_[u]int|=ap_[u]int.
WARNING: Bitsize mismatch for ap_[u]int|=ap_[u]int.
WARNING: Bitsize mismatch for ap_[u]int|=ap_[u]int.
WARNING: Bitsize mismatch for ap_[u]int|=ap_[u]int.
WARNING: Bitsize mismatch for ap_[u]int|=ap_[u]int.
WARNING: Bitsize mismatch for ap_[u]int|=ap_[u]int.
WARNING: Bitsize mismatch for ap_[u]int|=ap_[u]int.
WARNING: Bitsize mismatch for ap_[u]int|=ap_[u]int.
WARNING: Bitsize mismatch for ap_[u]int|=ap_[u]int.
WARNING: Bitsize mismatch for ap_[u]int|=ap_[u]int.
WARNING: Bitsize mismatch for ap_[u]int|=ap_[u]int.
WARNING: Bitsize mismatch for ap_[u]int|=ap_[u]int.
WARNING: Bitsize mismatch for ap_[u]int|=ap_[u]int.
WARNING: Bitsize mismatch for ap_[u]int|=ap_[u]int.
WARNING: Bitsize mismatch for ap_[u]int|=ap_[u]int.
WARNING: Bitsize mismatch for ap_[u]int|=ap_[u]int.
WARNING: Bitsize mismatch for ap_[u]int|=ap_[u]int.
WARNING: Bitsize mismatch for ap_[u]int|=ap_[u]int.
WARNING: Bitsize mismatch for ap_[u]int|=ap_[u]int.
WARNING: Bitsize mismatch for ap_[u]int|=ap_[u]int.
WARNING: Bitsize mismatch for ap_[u]int|=ap_[u]int.
WARNING: Bitsize mismatch for ap_[u]int|=ap_[u]int.
WARNING: Bitsize mismatch for ap_[u]int|=ap_[u]int.
WARNING: Bitsize mismatch for ap_[u]int|=ap_[u]int.
WARNING: Bitsize mismatch for ap_[u]int|=ap_[u]int.
WARNING: Bitsize mismatch for ap_[u]int|=ap_[u]int.
WARNING: Bitsize mismatch for ap_[u]int|=ap_[u]int.
WARNING: Bitsize mismatch for ap_[u]int|=ap_[u]int.
WARNING: Bitsize mismatch for ap_[u]int|=ap_[u]int.
WARNING: Bitsize mismatch for ap_[u]int|=ap_[u]int.
WARNING: Bitsize mismatch for ap_[u]int|=ap_[u]int.
WARNING: Bitsize mismatch for ap_[u]int|=ap_[u]int.
WARNING: Bitsize mismatch for ap_[u]int|=ap_[u]int.
WARNING: Bitsize mismatch for ap_[u]int|=ap_[u]int.
WARNING: Bitsize mismatch for ap_[u]int|=ap_[u]int.
WARNING: Bitsize mismatch for ap_[u]int|=ap_[u]int.
WARNING: Bitsize mismatch for ap_[u]int|=ap_[u]int.
WARNING: Bitsize mismatch for ap_[u]int|=ap_[u]int.
WARNING: Bitsize mismatch for ap_[u]int|=ap_[u]int.
WARNING: Bitsize mismatch for ap_[u]int|=ap_[u]int.
WARNING: Bitsize mismatch for ap_[u]int|=ap_[u]int.
WARNING: Bitsize mismatch for ap_[u]int|=ap_[u]int.
WARNING: Bitsize mismatch for ap_[u]int|=ap_[u]int.
WARNING: Bitsize mismatch for ap_[u]int|=ap_[u]int.
WARNING: Bitsize mismatch for ap_[u]int|=ap_[u]int.
WARNING: Bitsize mismatch for ap_[u]int|=ap_[u]int.
WARNING: Bitsize mismatch for ap_[u]int|=ap_[u]int.
WARNING: Bitsize mismatch for ap_[u]int|=ap_[u]int.
WARNING: Bitsize mismatch for ap_[u]int|=ap_[u]int.
WARNING: Bitsize mismatch for ap_[u]int|=ap_[u]int.
WARNING: Bitsize mismatch for ap_[u]int|=ap_[u]int.
WARNING: Bitsize mismatch for ap_[u]int|=ap_[u]int.
WARNING: Bitsize mismatch for ap_[u]int|=ap_[u]int.
WARNING: Bitsize mismatch for ap_[u]int|=ap_[u]int.
WARNING: Bitsize mismatch for ap_[u]int|=ap_[u]int.
WARNING: Bitsize mismatch for ap_[u]int|=ap_[u]int.
WARNING: Bitsize mismatch for ap_[u]int|=ap_[u]int.
WARNING: Bitsize mismatch for ap_[u]int|=ap_[u]int.
WARNING: Bitsize mismatch for ap_[u]int|=ap_[u]int.
WARNING: Bitsize mismatch for ap_[u]int|=ap_[u]int.
WARNING: Bitsize mismatch for ap_[u]int|=ap_[u]int.
WARNING: Bitsize mismatch for ap_[u]int|=ap_[u]int.
WARNING: Bitsize mismatch for ap_[u]int|=ap_[u]int.
WARNING: Bitsize mismatch for ap_[u]int|=ap_[u]int.
WARNING: Bitsize mismatch for ap_[u]int|=ap_[u]int.
WARNING: Bitsize mismatch for ap_[u]int|=ap_[u]int.
WARNING: Bitsize mismatch for ap_[u]int|=ap_[u]int.
WARNING: Bitsize mismatch for ap_[u]int|=ap_[u]int.
WARNING: Bitsize mismatch for ap_[u]int|=ap_[u]int.
WARNING: Bitsize mismatch for ap_[u]int|=ap_[u]int.
WARNING: Bitsize mismatch for ap_[u]int|=ap_[u]int.
WARNING: Bitsize mismatch for ap_[u]int|=ap_[u]int.
WARNING: Bitsize mismatch for ap_[u]int|=ap_[u]int.
WARNING: Bitsize mismatch for ap_[u]int|=ap_[u]int.
WARNING: Bitsize mismatch for ap_[u]int|=ap_[u]int.
WARNING: Bitsize mismatch for ap_[u]int|=ap_[u]int.
WARNING: Bitsize mismatch for ap_[u]int|=ap_[u]int.
WARNING: Bitsize mismatch for ap_[u]int|=ap_[u]int.
WARNING: Bitsize mismatch for ap_[u]int|=ap_[u]int.
WARNING: Bitsize mismatch for ap_[u]int|=ap_[u]int.
WARNING: Bitsize mismatch for ap_[u]int|=ap_[u]int.
WARNING: Bitsize mismatch for ap_[u]int|=ap_[u]int.
WARNING: Bitsize mismatch for ap_[u]int|=ap_[u]int.
WARNING: Bitsize mismatch for ap_[u]int|=ap_[u]int.
WARNING: Bitsize mismatch for ap_[u]int|=ap_[u]int.
WARNING: Bitsize mismatch for ap_[u]int|=ap_[u]int.
WARNING: Bitsize mismatch for ap_[u]int|=ap_[u]int.
WARNING: Bitsize mismatch for ap_[u]int|=ap_[u]int.
WARNING: Bitsize mismatch for ap_[u]int|=ap_[u]int.
WARNING: Bitsize mismatch for ap_[u]int|=ap_[u]int.
WARNING: Bitsize mismatch for ap_[u]int|=ap_[u]int.
WARNING: Bitsize mismatch for ap_[u]int|=ap_[u]int.
WARNING: Bitsize mismatch for ap_[u]int|=ap_[u]int.
WARNING: Bitsize mismatch for ap_[u]int|=ap_[u]int.
WARNING: Bitsize mismatch for ap_[u]int|=ap_[u]int.
WARNING: Bitsize mismatch for ap_[u]int|=ap_[u]int.
WARNING: Bitsize mismatch for ap_[u]int|=ap_[u]int.
WARNING: Bitsize mismatch for ap_[u]int|=ap_[u]int.
WARNING: Bitsize mismatch for ap_[u]int|=ap_[u]int.
WARNING: Bitsize mismatch for ap_[u]int|=ap_[u]int.
WARNING: Bitsize mismatch for ap_[u]int|=ap_[u]int.
WARNING: Bitsize mismatch for ap_[u]int|=ap_[u]int.
WARNING: Bitsize mismatch for ap_[u]int|=ap_[u]int.
WARNING: Bitsize mismatch for ap_[u]int|=ap_[u]int.
WARNING: Bitsize mismatch for ap_[u]int|=ap_[u]int.
WARNING: Bitsize mismatch for ap_[u]int|=ap_[u]int.
WARNING: Bitsize mismatch for ap_[u]int|=ap_[u]int.
WARNING: Bitsize mismatch for ap_[u]int|=ap_[u]int.
WARNING: Bitsize mismatch for ap_[u]int|=ap_[u]int.
WARNING: Bitsize mismatch for ap_[u]int|=ap_[u]int.
WARNING: Bitsize mismatch for ap_[u]int|=ap_[u]int.
WARNING: Bitsize mismatch for ap_[u]int|=ap_[u]int.
WARNING: Bitsize mismatch for ap_[u]int|=ap_[u]int.
WARNING: Bitsize mismatch for ap_[u]int|=ap_[u]int.
WARNING: Bitsize mismatch for ap_[u]int|=ap_[u]int.
WARNING: Bitsize mismatch for ap_[u]int|=ap_[u]int.
WARNING: Bitsize mismatch for ap_[u]int|=ap_[u]int.
WARNING: Bitsize mismatch for ap_[u]int|=ap_[u]int.
WARNING: Bitsize mismatch for ap_[u]int|=ap_[u]int.
WARNING: Bitsize mismatch for ap_[u]int|=ap_[u]int.
WARNING: Bitsize mismatch for ap_[u]int|=ap_[u]int.
WARNING: Bitsize mismatch for ap_[u]int|=ap_[u]int.
WARNING: Bitsize mismatch for ap_[u]int|=ap_[u]int.
WARNING: Bitsize mismatch for ap_[u]int|=ap_[u]int.
WARNING: Bitsize mismatch for ap_[u]int|=ap_[u]int.
WARNING: Bitsize mismatch for ap_[u]int|=ap_[u]int.
WARNING: Bitsize mismatch for ap_[u]int|=ap_[u]int.
WARNING: Bitsize mismatch for ap_[u]int|=ap_[u]int.
WARNING: Bitsize mismatch for ap_[u]int|=ap_[u]int.
WARNING: Bitsize mismatch for ap_[u]int|=ap_[u]int.
WARNING: Bitsize mismatch for ap_[u]int|=ap_[u]int.
WARNING: Bitsize mismatch for ap_[u]int|=ap_[u]int.
WARNING: Bitsize mismatch for ap_[u]int|=ap_[u]int.
WARNING: Bitsize mismatch for ap_[u]int|=ap_[u]int.
WARNING: Bitsize mismatch for ap_[u]int|=ap_[u]int.
WARNING: Bitsize mismatch for ap_[u]int|=ap_[u]int.
WARNING: Bitsize mismatch for ap_[u]int|=ap_[u]int.
WARNING: Bitsize mismatch for ap_[u]int|=ap_[u]int.
WARNING: Bitsize mismatch for ap_[u]int|=ap_[u]int.
WARNING: Bitsize mismatch for ap_[u]int|=ap_[u]int.
WARNING: Bitsize mismatch for ap_[u]int|=ap_[u]int.
WARNING: Bitsize mismatch for ap_[u]int|=ap_[u]int.
WARNING: Bitsize mismatch for ap_[u]int|=ap_[u]int.
WARNING: Bitsize mismatch for ap_[u]int|=ap_[u]int.
WARNING: Bitsize mismatch for ap_[u]int|=ap_[u]int.
WARNING: Bitsize mismatch for ap_[u]int|=ap_[u]int.
WARNING: Bitsize mismatch for ap_[u]int|=ap_[u]int.
WARNING: Bitsize mismatch for ap_[u]int|=ap_[u]int.
WARNING: Bitsize mismatch for ap_[u]int|=ap_[u]int.
WARNING: Bitsize mismatch for ap_[u]int|=ap_[u]int.
WARNING: Bitsize mismatch for ap_[u]int|=ap_[u]int.
WARNING: Bitsize mismatch for ap_[u]int|=ap_[u]int.
WARNING: Bitsize mismatch for ap_[u]int|=ap_[u]int.
WARNING: Bitsize mismatch for ap_[u]int|=ap_[u]int.
WARNING: Bitsize mismatch for ap_[u]int|=ap_[u]int.
WARNING: Bitsize mismatch for ap_[u]int|=ap_[u]int.
WARNING: Bitsize mismatch for ap_[u]int|=ap_[u]int.
WARNING: Bitsize mismatch for ap_[u]int|=ap_[u]int.
WARNING: Bitsize mismatch for ap_[u]int|=ap_[u]int.
WARNING: Bitsize mismatch for ap_[u]int|=ap_[u]int.
WARNING: Bitsize mismatch for ap_[u]int|=ap_[u]int.
WARNING: Bitsize mismatch for ap_[u]int|=ap_[u]int.
WARNING: Bitsize mismatch for ap_[u]int|=ap_[u]int.
WARNING: Bitsize mismatch for ap_[u]int|=ap_[u]int.
WARNING: Bitsize mismatch for ap_[u]int|=ap_[u]int.
WARNING: Bitsize mismatch for ap_[u]int|=ap_[u]int.
WARNING: Bitsize mismatch for ap_[u]int|=ap_[u]int.
WARNING: Bitsize mismatch for ap_[u]int|=ap_[u]int.
WARNING: Bitsize mismatch for ap_[u]int|=ap_[u]int.
WARNING: Bitsize mismatch for ap_[u]int|=ap_[u]int.
WARNING: Bitsize mismatch for ap_[u]int|=ap_[u]int.
WARNING: Bitsize mismatch for ap_[u]int|=ap_[u]int.
WARNING: Bitsize mismatch for ap_[u]int|=ap_[u]int.
WARNING: Bitsize mismatch for ap_[u]int|=ap_[u]int.
WARNING: Bitsize mismatch for ap_[u]int|=ap_[u]int.
WARNING: Bitsize mismatch for ap_[u]int|=ap_[u]int.
WARNING: Bitsize mismatch for ap_[u]int|=ap_[u]int.
WARNING: Bitsize mismatch for ap_[u]int|=ap_[u]int.
WARNING: Bitsize mismatch for ap_[u]int|=ap_[u]int.
WARNING: Bitsize mismatch for ap_[u]int|=ap_[u]int.
WARNING: Bitsize mismatch for ap_[u]int|=ap_[u]int.
WARNING: Bitsize mismatch for ap_[u]int|=ap_[u]int.
WARNING: Bitsize mismatch for ap_[u]int|=ap_[u]int.
WARNING: Bitsize mismatch for ap_[u]int|=ap_[u]int.
WARNING: Bitsize mismatch for ap_[u]int|=ap_[u]int.
WARNING: Bitsize mismatch for ap_[u]int|=ap_[u]int.
WARNING: Bitsize mismatch for ap_[u]int|=ap_[u]int.
WARNING: Bitsize mismatch for ap_[u]int|=ap_[u]int.
WARNING: Bitsize mismatch for ap_[u]int|=ap_[u]int.
WARNING: Bitsize mismatch for ap_[u]int|=ap_[u]int.
WARNING: Bitsize mismatch for ap_[u]int|=ap_[u]int.
WARNING: Bitsize mismatch for ap_[u]int|=ap_[u]int.
WARNING: Bitsize mismatch for ap_[u]int|=ap_[u]int.
WARNING: Bitsize mismatch for ap_[u]int|=ap_[u]int.
WARNING: Bitsize mismatch for ap_[u]int|=ap_[u]int.
WARNING: Bitsize mismatch for ap_[u]int|=ap_[u]int.
WARNING: Bitsize mismatch for ap_[u]int|=ap_[u]int.
WARNING: Bitsize mismatch for ap_[u]int|=ap_[u]int.
WARNING: Bitsize mismatch for ap_[u]int|=ap_[u]int.
WARNING: Bitsize mismatch for ap_[u]int|=ap_[u]int.
WARNING: Bitsize mismatch for ap_[u]int|=ap_[u]int.
WARNING: Bitsize mismatch for ap_[u]int|=ap_[u]int.
WARNING: Bitsize mismatch for ap_[u]int|=ap_[u]int.
WARNING: Bitsize mismatch for ap_[u]int|=ap_[u]int.
WARNING: Bitsize mismatch for ap_[u]int|=ap_[u]int.
WARNING: Bitsize mismatch for ap_[u]int|=ap_[u]int.
WARNING: Bitsize mismatch for ap_[u]int|=ap_[u]int.
WARNING: Bitsize mismatch for ap_[u]int|=ap_[u]int.
WARNING: Bitsize mismatch for ap_[u]int|=ap_[u]int.
WARNING: Bitsize mismatch for ap_[u]int|=ap_[u]int.
WARNING: Bitsize mismatch for ap_[u]int|=ap_[u]int.
WARNING: Bitsize mismatch for ap_[u]int|=ap_[u]int.
WARNING: Bitsize mismatch for ap_[u]int|=ap_[u]int.
WARNING: Bitsize mismatch for ap_[u]int|=ap_[u]int.
WARNING: Bitsize mismatch for ap_[u]int|=ap_[u]int.
WARNING: Bitsize mismatch for ap_[u]int|=ap_[u]int.
WARNING: Bitsize mismatch for ap_[u]int|=ap_[u]int.
WARNING: Bitsize mismatch for ap_[u]int|=ap_[u]int.
WARNING: Bitsize mismatch for ap_[u]int|=ap_[u]int.
WARNING: Bitsize mismatch for ap_[u]int|=ap_[u]int.
WARNING: Bitsize mismatch for ap_[u]int|=ap_[u]int.
WARNING: Bitsize mismatch for ap_[u]int|=ap_[u]int.
WARNING: Bitsize mismatch for ap_[u]int|=ap_[u]int.
WARNING: Bitsize mismatch for ap_[u]int|=ap_[u]int.
WARNING: Bitsize mismatch for ap_[u]int|=ap_[u]int.
WARNING: Bitsize mismatch for ap_[u]int|=ap_[u]int.
WARNING: Bitsize mismatch for ap_[u]int|=ap_[u]int.
WARNING: Bitsize mismatch for ap_[u]int|=ap_[u]int.
WARNING: Bitsize mismatch for ap_[u]int|=ap_[u]int.
WARNING: Bitsize mismatch for ap_[u]int|=ap_[u]int.
WARNING: Bitsize mismatch for ap_[u]int|=ap_[u]int.
WARNING: Bitsize mismatch for ap_[u]int|=ap_[u]int.
WARNING: Bitsize mismatch for ap_[u]int|=ap_[u]int.
WARNING: Bitsize mismatch for ap_[u]int|=ap_[u]int.
WARNING: Bitsize mismatch for ap_[u]int|=ap_[u]int.
WARNING: Bitsize mismatch for ap_[u]int|=ap_[u]int.
WARNING: Bitsize mismatch for ap_[u]int|=ap_[u]int.
WARNING: Bitsize mismatch for ap_[u]int|=ap_[u]int.
WARNING: Bitsize mismatch for ap_[u]int|=ap_[u]int.
WARNING: Bitsize mismatch for ap_[u]int|=ap_[u]int.
WARNING: Bitsize mismatch for ap_[u]int|=ap_[u]int.
WARNING: Bitsize mismatch for ap_[u]int|=ap_[u]int.
WARNING: Bitsize mismatch for ap_[u]int|=ap_[u]int.
WARNING: Bitsize mismatch for ap_[u]int|=ap_[u]int.
WARNING: Bitsize mismatch for ap_[u]int|=ap_[u]int.
WARNING: Bitsize mismatch for ap_[u]int|=ap_[u]int.
WARNING: Bitsize mismatch for ap_[u]int|=ap_[u]int.
WARNING: Bitsize mismatch for ap_[u]int|=ap_[u]int.
WARNING: Bitsize mismatch for ap_[u]int|=ap_[u]int.
WARNING: Bitsize mismatch for ap_[u]int|=ap_[u]int.
WARNING: Bitsize mismatch for ap_[u]int|=ap_[u]int.
WARNING: Bitsize mismatch for ap_[u]int|=ap_[u]int.
WARNING: Bitsize mismatch for ap_[u]int|=ap_[u]int.
WARNING: Bitsize mismatch for ap_[u]int|=ap_[u]int.
WARNING: Bitsize mismatch for ap_[u]int|=ap_[u]int.
WARNING: Bitsize mismatch for ap_[u]int|=ap_[u]int.
WARNING: Bitsize mismatch for ap_[u]int|=ap_[u]int.
WARNING: Bitsize mismatch for ap_[u]int|=ap_[u]int.
WARNING: Bitsize mismatch for ap_[u]int|=ap_[u]int.
WARNING: Bitsize mismatch for ap_[u]int|=ap_[u]int.
WARNING: Bitsize mismatch for ap_[u]int|=ap_[u]int.
WARNING: Bitsize mismatch for ap_[u]int|=ap_[u]int.
WARNING: Bitsize mismatch for ap_[u]int|=ap_[u]int.
WARNING: Bitsize mismatch for ap_[u]int|=ap_[u]int.
WARNING: Bitsize mismatch for ap_[u]int|=ap_[u]int.
WARNING: Bitsize mismatch for ap_[u]int|=ap_[u]int.
WARNING: Bitsize mismatch for ap_[u]int|=ap_[u]int.
WARNING: Bitsize mismatch for ap_[u]int|=ap_[u]int.
WARNING: Bitsize mismatch for ap_[u]int|=ap_[u]int.
WARNING: Bitsize mismatch for ap_[u]int|=ap_[u]int.
WARNING: Bitsize mismatch for ap_[u]int|=ap_[u]int.
WARNING: Bitsize mismatch for ap_[u]int|=ap_[u]int.
WARNING: Bitsize mismatch for ap_[u]int|=ap_[u]int.
WARNING: Bitsize mismatch for ap_[u]int|=ap_[u]int.
WARNING: Bitsize mismatch for ap_[u]int|=ap_[u]int.
WARNING: Bitsize mismatch for ap_[u]int|=ap_[u]int.
WARNING: Bitsize mismatch for ap_[u]int|=ap_[u]int.
WARNING: Bitsize mismatch for ap_[u]int|=ap_[u]int.
WARNING: Bitsize mismatch for ap_[u]int|=ap_[u]int.
WARNING: Bitsize mismatch for ap_[u]int|=ap_[u]int.
WARNING: Bitsize mismatch for ap_[u]int|=ap_[u]int.
WARNING: Bitsize mismatch for ap_[u]int|=ap_[u]int.
WARNING: Bitsize mismatch for ap_[u]int|=ap_[u]int.
WARNING: Bitsize mismatch for ap_[u]int|=ap_[u]int.
WARNING: Bitsize mismatch for ap_[u]int|=ap_[u]int.
WARNING: Bitsize mismatch for ap_[u]int|=ap_[u]int.
WARNING: Bitsize mismatch for ap_[u]int|=ap_[u]int.
WARNING: Bitsize mismatch for ap_[u]int|=ap_[u]int.
WARNING: Bitsize mismatch for ap_[u]int|=ap_[u]int.
WARNING: Bitsize mismatch for ap_[u]int|=ap_[u]int.
WARNING: Bitsize mismatch for ap_[u]int|=ap_[u]int.
WARNING: Bitsize mismatch for ap_[u]int|=ap_[u]int.
WARNING: Bitsize mismatch for ap_[u]int|=ap_[u]int.
WARNING: Bitsize mismatch for ap_[u]int|=ap_[u]int.
WARNING: Bitsize mismatch for ap_[u]int|=ap_[u]int.
WARNING: Bitsize mismatch for ap_[u]int|=ap_[u]int.
WARNING: Bitsize mismatch for ap_[u]int|=ap_[u]int.
WARNING: Bitsize mismatch for ap_[u]int|=ap_[u]int.
WARNING: Bitsize mismatch for ap_[u]int|=ap_[u]int.
WARNING: Bitsize mismatch for ap_[u]int|=ap_[u]int.
WARNING: Bitsize mismatch for ap_[u]int|=ap_[u]int.
WARNING: Bitsize mismatch for ap_[u]int|=ap_[u]int.
WARNING: Bitsize mismatch for ap_[u]int|=ap_[u]int.
WARNING: Bitsize mismatch for ap_[u]int|=ap_[u]int.
WARNING: Bitsize mismatch for ap_[u]int|=ap_[u]int.
WARNING: Bitsize mismatch for ap_[u]int|=ap_[u]int.
WARNING: Bitsize mismatch for ap_[u]int|=ap_[u]int.
WARNING: Bitsize mismatch for ap_[u]int|=ap_[u]int.
WARNING: Bitsize mismatch for ap_[u]int|=ap_[u]int.
WARNING: Bitsize mismatch for ap_[u]int|=ap_[u]int.
WARNING: Bitsize mismatch for ap_[u]int|=ap_[u]int.
WARNING: Bitsize mismatch for ap_[u]int|=ap_[u]int.
WARNING: Bitsize mismatch for ap_[u]int|=ap_[u]int.
WARNING: Bitsize mismatch for ap_[u]int|=ap_[u]int.
WARNING: Bitsize mismatch for ap_[u]int|=ap_[u]int.
WARNING: Bitsize mismatch for ap_[u]int|=ap_[u]int.
WARNING: Bitsize mismatch for ap_[u]int|=ap_[u]int.
WARNING: Bitsize mismatch for ap_[u]int|=ap_[u]int.
WARNING: Bitsize mismatch for ap_[u]int|=ap_[u]int.
WARNING: Bitsize mismatch for ap_[u]int|=ap_[u]int.
WARNING: Bitsize mismatch for ap_[u]int|=ap_[u]int.
WARNING: Bitsize mismatch for ap_[u]int|=ap_[u]int.
WARNING: Bitsize mismatch for ap_[u]int|=ap_[u]int.
WARNING: Bitsize mismatch for ap_[u]int|=ap_[u]int.
WARNING: Bitsize mismatch for ap_[u]int|=ap_[u]int.
WARNING: Bitsize mismatch for ap_[u]int|=ap_[u]int.
WARNING: Bitsize mismatch for ap_[u]int|=ap_[u]int.
WARNING: Bitsize mismatch for ap_[u]int|=ap_[u]int.
WARNING: Bitsize mismatch for ap_[u]int|=ap_[u]int.
WARNING: Bitsize mismatch for ap_[u]int|=ap_[u]int.
WARNING: Bitsize mismatch for ap_[u]int|=ap_[u]int.
WARNING: Bitsize mismatch for ap_[u]int|=ap_[u]int.
WARNING: Bitsize mismatch for ap_[u]int|=ap_[u]int.
WARNING: Bitsize mismatch for ap_[u]int|=ap_[u]int.
WARNING: Bitsize mismatch for ap_[u]int|=ap_[u]int.
WARNING: Bitsize mismatch for ap_[u]int|=ap_[u]int.
WARNING: Bitsize mismatch for ap_[u]int|=ap_[u]int.
WARNING: Bitsize mismatch for ap_[u]int|=ap_[u]int.
WARNING: Bitsize mismatch for ap_[u]int|=ap_[u]int.
WARNING: Bitsize mismatch for ap_[u]int|=ap_[u]int.
WARNING: Bitsize mismatch for ap_[u]int|=ap_[u]int.
WARNING: Bitsize mismatch for ap_[u]int|=ap_[u]int.
WARNING: Bitsize mismatch for ap_[u]int|=ap_[u]int.
WARNING: Bitsize mismatch for ap_[u]int|=ap_[u]int.
WARNING: Bitsize mismatch for ap_[u]int|=ap_[u]int.
WARNING: Bitsize mismatch for ap_[u]int|=ap_[u]int.
WARNING: Bitsize mismatch for ap_[u]int|=ap_[u]int.
WARNING: Bitsize mismatch for ap_[u]int|=ap_[u]int.
WARNING: Bitsize mismatch for ap_[u]int|=ap_[u]int.
WARNING: Bitsize mismatch for ap_[u]int|=ap_[u]int.
WARNING: Bitsize mismatch for ap_[u]int|=ap_[u]int.
WARNING: Bitsize mismatch for ap_[u]int|=ap_[u]int.
WARNING: Bitsize mismatch for ap_[u]int|=ap_[u]int.
WARNING: Bitsize mismatch for ap_[u]int|=ap_[u]int.
WARNING: Bitsize mismatch for ap_[u]int|=ap_[u]int.
WARNING: Bitsize mismatch for ap_[u]int|=ap_[u]int.
WARNING: Bitsize mismatch for ap_[u]int|=ap_[u]int.
WARNING: Bitsize mismatch for ap_[u]int|=ap_[u]int.
WARNING: Bitsize mismatch for ap_[u]int|=ap_[u]int.
WARNING: Bitsize mismatch for ap_[u]int|=ap_[u]int.
WARNING: Bitsize mismatch for ap_[u]int|=ap_[u]int.
WARNING: Bitsize mismatch for ap_[u]int|=ap_[u]int.
WARNING: Bitsize mismatch for ap_[u]int|=ap_[u]int.
WARNING: Bitsize mismatch for ap_[u]int|=ap_[u]int.
WARNING: Bitsize mismatch for ap_[u]int|=ap_[u]int.
WARNING: Bitsize mismatch for ap_[u]int|=ap_[u]int.
WARNING: Bitsize mismatch for ap_[u]int|=ap_[u]int.
WARNING: Bitsize mismatch for ap_[u]int|=ap_[u]int.
WARNING: Bitsize mismatch for ap_[u]int|=ap_[u]int.
WARNING: Bitsize mismatch for ap_[u]int|=ap_[u]int.
WARNING: Bitsize mismatch for ap_[u]int|=ap_[u]int.
WARNING: Bitsize mismatch for ap_[u]int|=ap_[u]int.
WARNING: Bitsize mismatch for ap_[u]int|=ap_[u]int.
WARNING: Bitsize mismatch for ap_[u]int|=ap_[u]int.
WARNING: Bitsize mismatch for ap_[u]int|=ap_[u]int.
WARNING: Bitsize mismatch for ap_[u]int|=ap_[u]int.
WARNING: Bitsize mismatch for ap_[u]int|=ap_[u]int.
WARNING: Bitsize mismatch for ap_[u]int|=ap_[u]int.
WARNING: Bitsize mismatch for ap_[u]int|=ap_[u]int.
WARNING: Bitsize mismatch for ap_[u]int|=ap_[u]int.
WARNING: Bitsize mismatch for ap_[u]int|=ap_[u]int.
WARNING: Bitsize mismatch for ap_[u]int|=ap_[u]int.
WARNING: Bitsize mismatch for ap_[u]int|=ap_[u]int.
WARNING: Bitsize mismatch for ap_[u]int|=ap_[u]int.
WARNING: Bitsize mismatch for ap_[u]int|=ap_[u]int.
WARNING: Bitsize mismatch for ap_[u]int|=ap_[u]int.
WARNING: Bitsize mismatch for ap_[u]int|=ap_[u]int.
WARNING: Bitsize mismatch for ap_[u]int|=ap_[u]int.
WARNING: Bitsize mismatch for ap_[u]int|=ap_[u]int.
WARNING: Bitsize mismatch for ap_[u]int|=ap_[u]int.
WARNING: Bitsize mismatch for ap_[u]int|=ap_[u]int.
WARNING: Bitsize mismatch for ap_[u]int|=ap_[u]int.
WARNING: Bitsize mismatch for ap_[u]int|=ap_[u]int.
WARNING: Bitsize mismatch for ap_[u]int|=ap_[u]int.
WARNING: Bitsize mismatch for ap_[u]int|=ap_[u]int.
WARNING: Bitsize mismatch for ap_[u]int|=ap_[u]int.
WARNING: Bitsize mismatch for ap_[u]int|=ap_[u]int.
WARNING: Bitsize mismatch for ap_[u]int|=ap_[u]int.
WARNING: Bitsize mismatch for ap_[u]int|=ap_[u]int.
WARNING: Bitsize mismatch for ap_[u]int|=ap_[u]int.
WARNING: Bitsize mismatch for ap_[u]int|=ap_[u]int.
WARNING: Bitsize mismatch for ap_[u]int|=ap_[u]int.
WARNING: Bitsize mismatch for ap_[u]int|=ap_[u]int.
WARNING: Bitsize mismatch for ap_[u]int|=ap_[u]int.
WARNING: Bitsize mismatch for ap_[u]int|=ap_[u]int.
WARNING: Bitsize mismatch for ap_[u]int|=ap_[u]int.
WARNING: Bitsize mismatch for ap_[u]int|=ap_[u]int.
WARNING: Bitsize mismatch for ap_[u]int|=ap_[u]int.
WARNING: Bitsize mismatch for ap_[u]int|=ap_[u]int.
WARNING: Bitsize mismatch for ap_[u]int|=ap_[u]int.
WARNING: Bitsize mismatch for ap_[u]int|=ap_[u]int.
WARNING: Bitsize mismatch for ap_[u]int|=ap_[u]int.
WARNING: Bitsize mismatch for ap_[u]int|=ap_[u]int.
WARNING: Bitsize mismatch for ap_[u]int|=ap_[u]int.
WARNING: Bitsize mismatch for ap_[u]int|=ap_[u]int.
WARNING: Bitsize mismatch for ap_[u]int|=ap_[u]int.
WARNING: Bitsize mismatch for ap_[u]int|=ap_[u]int.
WARNING: Bitsize mismatch for ap_[u]int|=ap_[u]int.
WARNING: Bitsize mismatch for ap_[u]int|=ap_[u]int.
WARNING: Bitsize mismatch for ap_[u]int|=ap_[u]int.
WARNING: Bitsize mismatch for ap_[u]int|=ap_[u]int.
WARNING: Bitsize mismatch for ap_[u]int|=ap_[u]int.
WARNING: Bitsize mismatch for ap_[u]int|=ap_[u]int.
WARNING: Bitsize mismatch for ap_[u]int|=ap_[u]int.
WARNING: Bitsize mismatch for ap_[u]int|=ap_[u]int.
WARNING: Bitsize mismatch for ap_[u]int|=ap_[u]int.
WARNING: Bitsize mismatch for ap_[u]int|=ap_[u]int.
WARNING: Bitsize mismatch for ap_[u]int|=ap_[u]int.
WARNING: Bitsize mismatch for ap_[u]int|=ap_[u]int.
WARNING: Bitsize mismatch for ap_[u]int|=ap_[u]int.
WARNING: Bitsize mismatch for ap_[u]int|=ap_[u]int.
WARNING: Bitsize mismatch for ap_[u]int|=ap_[u]int.
WARNING: Bitsize mismatch for ap_[u]int|=ap_[u]int.
WARNING: Bitsize mismatch for ap_[u]int|=ap_[u]int.
WARNING: Bitsize mismatch for ap_[u]int|=ap_[u]int.
WARNING: Bitsize mismatch for ap_[u]int|=ap_[u]int.
WARNING: Bitsize mismatch for ap_[u]int|=ap_[u]int.
WARNING: Bitsize mismatch for ap_[u]int|=ap_[u]int.
WARNING: Bitsize mismatch for ap_[u]int|=ap_[u]int.
WARNING: Bitsize mismatch for ap_[u]int|=ap_[u]int.
WARNING: Bitsize mismatch for ap_[u]int|=ap_[u]int.
WARNING: Bitsize mismatch for ap_[u]int|=ap_[u]int.
WARNING: Bitsize mismatch for ap_[u]int|=ap_[u]int.
WARNING: Bitsize mismatch for ap_[u]int|=ap_[u]int.
WARNING: Bitsize mismatch for ap_[u]int|=ap_[u]int.
WARNING: Bitsize mismatch for ap_[u]int|=ap_[u]int.
WARNING: Bitsize mismatch for ap_[u]int|=ap_[u]int.
WARNING: Bitsize mismatch for ap_[u]int|=ap_[u]int.
WARNING: Bitsize mismatch for ap_[u]int|=ap_[u]int.
WARNING: Bitsize mismatch for ap_[u]int|=ap_[u]int.
WARNING: Bitsize mismatch for ap_[u]int|=ap_[u]int.
WARNING: Bitsize mismatch for ap_[u]int|=ap_[u]int.
WARNING: Bitsize mismatch for ap_[u]int|=ap_[u]int.
WARNING: Bitsize mismatch for ap_[u]int|=ap_[u]int.
WARNING: Bitsize mismatch for ap_[u]int|=ap_[u]int.
WARNING: Bitsize mismatch for ap_[u]int|=ap_[u]int.
WARNING: Bitsize mismatch for ap_[u]int|=ap_[u]int.
WARNING: Bitsize mismatch for ap_[u]int|=ap_[u]int.
WARNING: Bitsize mismatch for ap_[u]int|=ap_[u]int.
WARNING: Bitsize mismatch for ap_[u]int|=ap_[u]int.
WARNING: Bitsize mismatch for ap_[u]int|=ap_[u]int.
WARNING: Bitsize mismatch for ap_[u]int|=ap_[u]int.
WARNING: Bitsize mismatch for ap_[u]int|=ap_[u]int.
WARNING: Bitsize mismatch for ap_[u]int|=ap_[u]int.
WARNING: Bitsize mismatch for ap_[u]int|=ap_[u]int.
WARNING: Bitsize mismatch for ap_[u]int|=ap_[u]int.
WARNING: Bitsize mismatch for ap_[u]int|=ap_[u]int.
WARNING: Bitsize mismatch for ap_[u]int|=ap_[u]int.
WARNING: Bitsize mismatch for ap_[u]int|=ap_[u]int.
WARNING: Bitsize mismatch for ap_[u]int|=ap_[u]int.
WARNING: Bitsize mismatch for ap_[u]int|=ap_[u]int.
WARNING: Bitsize mismatch for ap_[u]int|=ap_[u]int.
WARNING: Bitsize mismatch for ap_[u]int|=ap_[u]int.
WARNING: Bitsize mismatch for ap_[u]int|=ap_[u]int.
WARNING: Bitsize mismatch for ap_[u]int|=ap_[u]int.
WARNING: Bitsize mismatch for ap_[u]int|=ap_[u]int.
WARNING: Bitsize mismatch for ap_[u]int|=ap_[u]int.
WARNING: Bitsize mismatch for ap_[u]int|=ap_[u]int.
WARNING: Bitsize mismatch for ap_[u]int|=ap_[u]int.
WARNING: Bitsize mismatch for ap_[u]int|=ap_[u]int.
WARNING: Bitsize mismatch for ap_[u]int|=ap_[u]int.
WARNING: Bitsize mismatch for ap_[u]int|=ap_[u]int.
WARNING: Bitsize mismatch for ap_[u]int|=ap_[u]int.
WARNING: Bitsize mismatch for ap_[u]int|=ap_[u]int.
WARNING: Bitsize mismatch for ap_[u]int|=ap_[u]int.
WARNING: Bitsize mismatch for ap_[u]int|=ap_[u]int.
WARNING: Bitsize mismatch for ap_[u]int|=ap_[u]int.
WARNING: Bitsize mismatch for ap_[u]int|=ap_[u]int.
WARNING: Bitsize mismatch for ap_[u]int|=ap_[u]int.
WARNING: Bitsize mismatch for ap_[u]int|=ap_[u]int.
WARNING: Bitsize mismatch for ap_[u]int|=ap_[u]int.
WARNING: Bitsize mismatch for ap_[u]int|=ap_[u]int.
WARNING: Bitsize mismatch for ap_[u]int|=ap_[u]int.
WARNING: Bitsize mismatch for ap_[u]int|=ap_[u]int.
WARNING: Bitsize mismatch for ap_[u]int|=ap_[u]int.
WARNING: Bitsize mismatch for ap_[u]int|=ap_[u]int.
WARNING: Bitsize mismatch for ap_[u]int|=ap_[u]int.
WARNING: Bitsize mismatch for ap_[u]int|=ap_[u]int.
WARNING: Bitsize mismatch for ap_[u]int|=ap_[u]int.
WARNING: Bitsize mismatch for ap_[u]int|=ap_[u]int.
WARNING: Bitsize mismatch for ap_[u]int|=ap_[u]int.
WARNING: Bitsize mismatch for ap_[u]int|=ap_[u]int.
WARNING: Bitsize mismatch for ap_[u]int|=ap_[u]int.
WARNING: Bitsize mismatch for ap_[u]int|=ap_[u]int.
WARNING: Bitsize mismatch for ap_[u]int|=ap_[u]int.
WARNING: Bitsize mismatch for ap_[u]int|=ap_[u]int.
WARNING: Bitsize mismatch for ap_[u]int|=ap_[u]int.
WARNING: Bitsize mismatch for ap_[u]int|=ap_[u]int.
WARNING: Bitsize mismatch for ap_[u]int|=ap_[u]int.
WARNING: Bitsize mismatch for ap_[u]int|=ap_[u]int.
WARNING: Bitsize mismatch for ap_[u]int|=ap_[u]int.
WARNING: Bitsize mismatch for ap_[u]int|=ap_[u]int.
WARNING: Bitsize mismatch for ap_[u]int|=ap_[u]int.
WARNING: Bitsize mismatch for ap_[u]int|=ap_[u]int.
WARNING: Bitsize mismatch for ap_[u]int|=ap_[u]int.
WARNING: Bitsize mismatch for ap_[u]int|=ap_[u]int.
WARNING: Bitsize mismatch for ap_[u]int|=ap_[u]int.
WARNING: Bitsize mismatch for ap_[u]int|=ap_[u]int.
WARNING: Bitsize mismatch for ap_[u]int|=ap_[u]int.
WARNING: Bitsize mismatch for ap_[u]int|=ap_[u]int.
WARNING: Bitsize mismatch for ap_[u]int|=ap_[u]int.
WARNING: Bitsize mismatch for ap_[u]int|=ap_[u]int.
WARNING: Bitsize mismatch for ap_[u]int|=ap_[u]int.
WARNING: Bitsize mismatch for ap_[u]int|=ap_[u]int.
WARNING: Bitsize mismatch for ap_[u]int|=ap_[u]int.
WARNING: Bitsize mismatch for ap_[u]int|=ap_[u]int.
WARNING: Bitsize mismatch for ap_[u]int|=ap_[u]int.
WARNING: Bitsize mismatch for ap_[u]int|=ap_[u]int.
WARNING: Bitsize mismatch for ap_[u]int|=ap_[u]int.
WARNING: Bitsize mismatch for ap_[u]int|=ap_[u]int.
WARNING: Bitsize mismatch for ap_[u]int|=ap_[u]int.
WARNING: Bitsize mismatch for ap_[u]int|=ap_[u]int.
WARNING: Bitsize mismatch for ap_[u]int|=ap_[u]int.
WARNING: Bitsize mismatch for ap_[u]int|=ap_[u]int.
WARNING: Bitsize mismatch for ap_[u]int|=ap_[u]int.
WARNING: Bitsize mismatch for ap_[u]int|=ap_[u]int.
WARNING: Bitsize mismatch for ap_[u]int|=ap_[u]int.
WARNING: Bitsize mismatch for ap_[u]int|=ap_[u]int.
WARNING: Bitsize mismatch for ap_[u]int|=ap_[u]int.
WARNING: Bitsize mismatch for ap_[u]int|=ap_[u]int.
WARNING: Bitsize mismatch for ap_[u]int|=ap_[u]int.
WARNING: Bitsize mismatch for ap_[u]int|=ap_[u]int.
WARNING: Bitsize mismatch for ap_[u]int|=ap_[u]int.
WARNING: Bitsize mismatch for ap_[u]int|=ap_[u]int.
WARNING: Bitsize mismatch for ap_[u]int|=ap_[u]int.
WARNING: Bitsize mismatch for ap_[u]int|=ap_[u]int.
WARNING: Bitsize mismatch for ap_[u]int|=ap_[u]int.
WARNING: Bitsize mismatch for ap_[u]int|=ap_[u]int.
WARNING: Bitsize mismatch for ap_[u]int|=ap_[u]int.
WARNING: Bitsize mismatch for ap_[u]int|=ap_[u]int.
WARNING: Bitsize mismatch for ap_[u]int|=ap_[u]int.
WARNING: Bitsize mismatch for ap_[u]int|=ap_[u]int.
WARNING: Bitsize mismatch for ap_[u]int|=ap_[u]int.
WARNING: Bitsize mismatch for ap_[u]int|=ap_[u]int.
WARNING: Bitsize mismatch for ap_[u]int|=ap_[u]int.
WARNING: Bitsize mismatch for ap_[u]int|=ap_[u]int.
WARNING: Bitsize mismatch for ap_[u]int|=ap_[u]int.
WARNING: Bitsize mismatch for ap_[u]int|=ap_[u]int.
WARNING: Bitsize mismatch for ap_[u]int|=ap_[u]int.
WARNING: Bitsize mismatch for ap_[u]int|=ap_[u]int.
WARNING: Bitsize mismatch for ap_[u]int|=ap_[u]int.
WARNING: Bitsize mismatch for ap_[u]int|=ap_[u]int.
WARNING: Bitsize mismatch for ap_[u]int|=ap_[u]int.
WARNING: Bitsize mismatch for ap_[u]int|=ap_[u]int.
WARNING: Bitsize mismatch for ap_[u]int|=ap_[u]int.
WARNING: Bitsize mismatch for ap_[u]int|=ap_[u]int.
WARNING: Bitsize mismatch for ap_[u]int|=ap_[u]int.
WARNING: Bitsize mismatch for ap_[u]int|=ap_[u]int.
WARNING: Bitsize mismatch for ap_[u]int|=ap_[u]int.
WARNING: Bitsize mismatch for ap_[u]int|=ap_[u]int.
WARNING: Bitsize mismatch for ap_[u]int|=ap_[u]int.
WARNING: Bitsize mismatch for ap_[u]int|=ap_[u]int.
WARNING: Bitsize mismatch for ap_[u]int|=ap_[u]int.
WARNING: Bitsize mismatch for ap_[u]int|=ap_[u]int.
WARNING: Bitsize mismatch for ap_[u]int|=ap_[u]int.
WARNING: Bitsize mismatch for ap_[u]int|=ap_[u]int.
WARNING: Bitsize mismatch for ap_[u]int|=ap_[u]int.
WARNING: Bitsize mismatch for ap_[u]int|=ap_[u]int.
WARNING: Bitsize mismatch for ap_[u]int|=ap_[u]int.
WARNING: Bitsize mismatch for ap_[u]int|=ap_[u]int.
WARNING: Bitsize mismatch for ap_[u]int|=ap_[u]int.
WARNING: Bitsize mismatch for ap_[u]int|=ap_[u]int.
WARNING: Bitsize mismatch for ap_[u]int|=ap_[u]int.
WARNING: Bitsize mismatch for ap_[u]int|=ap_[u]int.
WARNING: Bitsize mismatch for ap_[u]int|=ap_[u]int.
WARNING: Bitsize mismatch for ap_[u]int|=ap_[u]int.
WARNING: Bitsize mismatch for ap_[u]int|=ap_[u]int.
WARNING: Bitsize mismatch for ap_[u]int|=ap_[u]int.
WARNING: Bitsize mismatch for ap_[u]int|=ap_[u]int.
WARNING: Bitsize mismatch for ap_[u]int|=ap_[u]int.
WARNING: Bitsize mismatch for ap_[u]int|=ap_[u]int.
WARNING: Bitsize mismatch for ap_[u]int|=ap_[u]int.
WARNING: Bitsize mismatch for ap_[u]int|=ap_[u]int.
WARNING: Bitsize mismatch for ap_[u]int|=ap_[u]int.
WARNING: Bitsize mismatch for ap_[u]int|=ap_[u]int.
WARNING: Bitsize mismatch for ap_[u]int|=ap_[u]int.
WARNING: Bitsize mismatch for ap_[u]int|=ap_[u]int.
WARNING: Bitsize mismatch for ap_[u]int|=ap_[u]int.
WARNING: Bitsize mismatch for ap_[u]int|=ap_[u]int.
WARNING: Bitsize mismatch for ap_[u]int|=ap_[u]int.
WARNING: Bitsize mismatch for ap_[u]int|=ap_[u]int.
WARNING: Bitsize mismatch for ap_[u]int|=ap_[u]int.
WARNING: Bitsize mismatch for ap_[u]int|=ap_[u]int.
WARNING: Bitsize mismatch for ap_[u]int|=ap_[u]int.
WARNING: Bitsize mismatch for ap_[u]int|=ap_[u]int.
WARNING: Bitsize mismatch for ap_[u]int|=ap_[u]int.
WARNING: Bitsize mismatch for ap_[u]int|=ap_[u]int.
WARNING: Bitsize mismatch for ap_[u]int|=ap_[u]int.
WARNING: Bitsize mismatch for ap_[u]int|=ap_[u]int.
WARNING: Bitsize mismatch for ap_[u]int|=ap_[u]int.
WARNING: Bitsize mismatch for ap_[u]int|=ap_[u]int.
WARNING: Bitsize mismatch for ap_[u]int|=ap_[u]int.
WARNING: Bitsize mismatch for ap_[u]int|=ap_[u]int.
WARNING: Bitsize mismatch for ap_[u]int|=ap_[u]int.
WARNING: Bitsize mismatch for ap_[u]int|=ap_[u]int.
WARNING: Bitsize mismatch for ap_[u]int|=ap_[u]int.
WARNING: Bitsize mismatch for ap_[u]int|=ap_[u]int.
WARNING: Bitsize mismatch for ap_[u]int|=ap_[u]int.
WARNING: Bitsize mismatch for ap_[u]int|=ap_[u]int.
WARNING: Bitsize mismatch for ap_[u]int|=ap_[u]int.
WARNING: Bitsize mismatch for ap_[u]int|=ap_[u]int.
WARNING: Bitsize mismatch for ap_[u]int|=ap_[u]int.
WARNING: Bitsize mismatch for ap_[u]int|=ap_[u]int.
WARNING: Bitsize mismatch for ap_[u]int|=ap_[u]int.
WARNING: Bitsize mismatch for ap_[u]int|=ap_[u]int.
WARNING: Bitsize mismatch for ap_[u]int|=ap_[u]int.
WARNING: Bitsize mismatch for ap_[u]int|=ap_[u]int.
WARNING: Bitsize mismatch for ap_[u]int|=ap_[u]int.
WARNING: Bitsize mismatch for ap_[u]int|=ap_[u]int.
WARNING: Bitsize mismatch for ap_[u]int|=ap_[u]int.
WARNING: Bitsize mismatch for ap_[u]int|=ap_[u]int.
WARNING: Bitsize mismatch for ap_[u]int|=ap_[u]int.
WARNING: Bitsize mismatch for ap_[u]int|=ap_[u]int.
WARNING: Bitsize mismatch for ap_[u]int|=ap_[u]int.
WARNING: Bitsize mismatch for ap_[u]int|=ap_[u]int.
WARNING: Bitsize mismatch for ap_[u]int|=ap_[u]int.
WARNING: Bitsize mismatch for ap_[u]int|=ap_[u]int.
WARNING: Bitsize mismatch for ap_[u]int|=ap_[u]int.
WARNING: Bitsize mismatch for ap_[u]int|=ap_[u]int.
WARNING: Bitsize mismatch for ap_[u]int|=ap_[u]int.
WARNING: Bitsize mismatch for ap_[u]int|=ap_[u]int.
WARNING: Bitsize mismatch for ap_[u]int|=ap_[u]int.
WARNING: Bitsize mismatch for ap_[u]int|=ap_[u]int.
WARNING: Bitsize mismatch for ap_[u]int|=ap_[u]int.
WARNING: Bitsize mismatch for ap_[u]int|=ap_[u]int.
WARNING: Bitsize mismatch for ap_[u]int|=ap_[u]int.
WARNING: Bitsize mismatch for ap_[u]int|=ap_[u]int.
WARNING: Bitsize mismatch for ap_[u]int|=ap_[u]int.
WARNING: Bitsize mismatch for ap_[u]int|=ap_[u]int.
WARNING: Bitsize mismatch for ap_[u]int|=ap_[u]int.
WARNING: Bitsize mismatch for ap_[u]int|=ap_[u]int.
WARNING: Bitsize mismatch for ap_[u]int|=ap_[u]int.
WARNING: Bitsize mismatch for ap_[u]int|=ap_[u]int.
WARNING: Bitsize mismatch for ap_[u]int|=ap_[u]int.
WARNING: Bitsize mismatch for ap_[u]int|=ap_[u]int.
WARNING: Bitsize mismatch for ap_[u]int|=ap_[u]int.
WARNING: Bitsize mismatch for ap_[u]int|=ap_[u]int.
WARNING: Bitsize mismatch for ap_[u]int|=ap_[u]int.
WARNING: Bitsize mismatch for ap_[u]int|=ap_[u]int.
WARNING: Bitsize mismatch for ap_[u]int|=ap_[u]int.
WARNING: Bitsize mismatch for ap_[u]int|=ap_[u]int.
WARNING: Bitsize mismatch for ap_[u]int|=ap_[u]int.
WARNING: Bitsize mismatch for ap_[u]int|=ap_[u]int.
WARNING: Bitsize mismatch for ap_[u]int|=ap_[u]int.
WARNING: Bitsize mismatch for ap_[u]int|=ap_[u]int.
WARNING: Bitsize mismatch for ap_[u]int|=ap_[u]int.
WARNING: Bitsize mismatch for ap_[u]int|=ap_[u]int.
WARNING: Bitsize mismatch for ap_[u]int|=ap_[u]int.
WARNING: Bitsize mismatch for ap_[u]int|=ap_[u]int.
WARNING: Bitsize mismatch for ap_[u]int|=ap_[u]int.
WARNING: Bitsize mismatch for ap_[u]int|=ap_[u]int.
WARNING: Bitsize mismatch for ap_[u]int|=ap_[u]int.
WARNING: Bitsize mismatch for ap_[u]int|=ap_[u]int.
WARNING: Bitsize mismatch for ap_[u]int|=ap_[u]int.
WARNING: Bitsize mismatch for ap_[u]int|=ap_[u]int.
WARNING: Bitsize mismatch for ap_[u]int|=ap_[u]int.
WARNING: Bitsize mismatch for ap_[u]int|=ap_[u]int.
WARNING: Bitsize mismatch for ap_[u]int|=ap_[u]int.
WARNING: Bitsize mismatch for ap_[u]int|=ap_[u]int.
WARNING: Bitsize mismatch for ap_[u]int|=ap_[u]int.
WARNING: Bitsize mismatch for ap_[u]int|=ap_[u]int.
WARNING: Bitsize mismatch for ap_[u]int|=ap_[u]int.
WARNING: Bitsize mismatch for ap_[u]int|=ap_[u]int.
WARNING: Bitsize mismatch for ap_[u]int|=ap_[u]int.
WARNING: Bitsize mismatch for ap_[u]int|=ap_[u]int.
WARNING: Bitsize mismatch for ap_[u]int|=ap_[u]int.
WARNING: Bitsize mismatch for ap_[u]int|=ap_[u]int.
WARNING: Bitsize mismatch for ap_[u]int|=ap_[u]int.
WARNING: Bitsize mismatch for ap_[u]int|=ap_[u]int.
WARNING: Bitsize mismatch for ap_[u]int|=ap_[u]int.
WARNING: Bitsize mismatch for ap_[u]int|=ap_[u]int.
WARNING: Bitsize mismatch for ap_[u]int|=ap_[u]int.
WARNING: Bitsize mismatch for ap_[u]int|=ap_[u]int.
WARNING: Bitsize mismatch for ap_[u]int|=ap_[u]int.
WARNING: Bitsize mismatch for ap_[u]int|=ap_[u]int.
WARNING: Bitsize mismatch for ap_[u]int|=ap_[u]int.
WARNING: Bitsize mismatch for ap_[u]int|=ap_[u]int.
WARNING: Bitsize mismatch for ap_[u]int|=ap_[u]int.
WARNING: Bitsize mismatch for ap_[u]int|=ap_[u]int.
WARNING: Bitsize mismatch for ap_[u]int|=ap_[u]int.
WARNING: Bitsize mismatch for ap_[u]int|=ap_[u]int.
WARNING: Bitsize mismatch for ap_[u]int|=ap_[u]int.
WARNING: Bitsize mismatch for ap_[u]int|=ap_[u]int.
WARNING: Bitsize mismatch for ap_[u]int|=ap_[u]int.
WARNING: Bitsize mismatch for ap_[u]int|=ap_[u]int.
WARNING: Bitsize mismatch for ap_[u]int|=ap_[u]int.
WARNING: Bitsize mismatch for ap_[u]int|=ap_[u]int.
WARNING: Bitsize mismatch for ap_[u]int|=ap_[u]int.
WARNING: Bitsize mismatch for ap_[u]int|=ap_[u]int.
WARNING: Bitsize mismatch for ap_[u]int|=ap_[u]int.
WARNING: Bitsize mismatch for ap_[u]int|=ap_[u]int.
WARNING: Bitsize mismatch for ap_[u]int|=ap_[u]int.
WARNING: Bitsize mismatch for ap_[u]int|=ap_[u]int.
WARNING: Bitsize mismatch for ap_[u]int|=ap_[u]int.
WARNING: Bitsize mismatch for ap_[u]int|=ap_[u]int.
WARNING: Bitsize mismatch for ap_[u]int|=ap_[u]int.
WARNING: Bitsize mismatch for ap_[u]int|=ap_[u]int.
WARNING: Bitsize mismatch for ap_[u]int|=ap_[u]int.
WARNING: Bitsize mismatch for ap_[u]int|=ap_[u]int.
WARNING: Bitsize mismatch for ap_[u]int|=ap_[u]int.
WARNING: Bitsize mismatch for ap_[u]int|=ap_[u]int.
WARNING: Bitsize mismatch for ap_[u]int|=ap_[u]int.
WARNING: Bitsize mismatch for ap_[u]int|=ap_[u]int.
WARNING: Bitsize mismatch for ap_[u]int|=ap_[u]int.
WARNING: Bitsize mismatch for ap_[u]int|=ap_[u]int.
WARNING: Bitsize mismatch for ap_[u]int|=ap_[u]int.
WARNING: Bitsize mismatch for ap_[u]int|=ap_[u]int.
WARNING: Bitsize mismatch for ap_[u]int|=ap_[u]int.
WARNING: Bitsize mismatch for ap_[u]int|=ap_[u]int.
WARNING: Bitsize mismatch for ap_[u]int|=ap_[u]int.
WARNING: Bitsize mismatch for ap_[u]int|=ap_[u]int.
WARNING: Bitsize mismatch for ap_[u]int|=ap_[u]int.
WARNING: Bitsize mismatch for ap_[u]int|=ap_[u]int.
WARNING: Bitsize mismatch for ap_[u]int|=ap_[u]int.
WARNING: Bitsize mismatch for ap_[u]int|=ap_[u]int.
WARNING: Bitsize mismatch for ap_[u]int|=ap_[u]int.
WARNING: Bitsize mismatch for ap_[u]int|=ap_[u]int.
WARNING: Bitsize mismatch for ap_[u]int|=ap_[u]int.
WARNING: Bitsize mismatch for ap_[u]int|=ap_[u]int.
WARNING: Bitsize mismatch for ap_[u]int|=ap_[u]int.
WARNING: Bitsize mismatch for ap_[u]int|=ap_[u]int.
WARNING: Bitsize mismatch for ap_[u]int|=ap_[u]int.
WARNING: Bitsize mismatch for ap_[u]int|=ap_[u]int.
WARNING: Bitsize mismatch for ap_[u]int|=ap_[u]int.
WARNING: Bitsize mismatch for ap_[u]int|=ap_[u]int.
WARNING: Bitsize mismatch for ap_[u]int|=ap_[u]int.
WARNING: Bitsize mismatch for ap_[u]int|=ap_[u]int.
WARNING: Bitsize mismatch for ap_[u]int|=ap_[u]int.
WARNING: Bitsize mismatch for ap_[u]int|=ap_[u]int.
WARNING: Bitsize mismatch for ap_[u]int|=ap_[u]int.
WARNING: Bitsize mismatch for ap_[u]int|=ap_[u]int.
WARNING: Bitsize mismatch for ap_[u]int|=ap_[u]int.
WARNING: Bitsize mismatch for ap_[u]int|=ap_[u]int.
WARNING: Bitsize mismatch for ap_[u]int|=ap_[u]int.
WARNING: Bitsize mismatch for ap_[u]int|=ap_[u]int.
WARNING: Bitsize mismatch for ap_[u]int|=ap_[u]int.
WARNING: Bitsize mismatch for ap_[u]int|=ap_[u]int.
WARNING: Bitsize mismatch for ap_[u]int|=ap_[u]int.
WARNING: Bitsize mismatch for ap_[u]int|=ap_[u]int.
WARNING: Bitsize mismatch for ap_[u]int|=ap_[u]int.
WARNING: Bitsize mismatch for ap_[u]int|=ap_[u]int.
WARNING: Bitsize mismatch for ap_[u]int|=ap_[u]int.
WARNING: Bitsize mismatch for ap_[u]int|=ap_[u]int.
WARNING: Bitsize mismatch for ap_[u]int|=ap_[u]int.
WARNING: Bitsize mismatch for ap_[u]int|=ap_[u]int.
WARNING: Bitsize mismatch for ap_[u]int|=ap_[u]int.
WARNING: Bitsize mismatch for ap_[u]int|=ap_[u]int.
WARNING: Bitsize mismatch for ap_[u]int|=ap_[u]int.
WARNING: Bitsize mismatch for ap_[u]int|=ap_[u]int.
WARNING: Bitsize mismatch for ap_[u]int|=ap_[u]int.
WARNING: Bitsize mismatch for ap_[u]int|=ap_[u]int.
WARNING: Bitsize mismatch for ap_[u]int|=ap_[u]int.
WARNING: Bitsize mismatch for ap_[u]int|=ap_[u]int.
WARNING: Bitsize mismatch for ap_[u]int|=ap_[u]int.
WARNING: Bitsize mismatch for ap_[u]int|=ap_[u]int.
WARNING: Bitsize mismatch for ap_[u]int|=ap_[u]int.
WARNING: Bitsize mismatch for ap_[u]int|=ap_[u]int.
WARNING: Bitsize mismatch for ap_[u]int|=ap_[u]int.
WARNING: Bitsize mismatch for ap_[u]int|=ap_[u]int.
WARNING: Bitsize mismatch for ap_[u]int|=ap_[u]int.
WARNING: Bitsize mismatch for ap_[u]int|=ap_[u]int.
WARNING: Bitsize mismatch for ap_[u]int|=ap_[u]int.
WARNING: Bitsize mismatch for ap_[u]int|=ap_[u]int.
WARNING: Bitsize mismatch for ap_[u]int|=ap_[u]int.
WARNING: Bitsize mismatch for ap_[u]int|=ap_[u]int.
WARNING: Bitsize mismatch for ap_[u]int|=ap_[u]int.
WARNING: Bitsize mismatch for ap_[u]int|=ap_[u]int.
WARNING: Bitsize mismatch for ap_[u]int|=ap_[u]int.
WARNING: Bitsize mismatch for ap_[u]int|=ap_[u]int.
WARNING: Bitsize mismatch for ap_[u]int|=ap_[u]int.
WARNING: Bitsize mismatch for ap_[u]int|=ap_[u]int.
WARNING: Bitsize mismatch for ap_[u]int|=ap_[u]int.
WARNING: Bitsize mismatch for ap_[u]int|=ap_[u]int.
WARNING: Bitsize mismatch for ap_[u]int|=ap_[u]int.
WARNING: Bitsize mismatch for ap_[u]int|=ap_[u]int.
WARNING: Bitsize mismatch for ap_[u]int|=ap_[u]int.
WARNING: Bitsize mismatch for ap_[u]int|=ap_[u]int.
WARNING: Bitsize mismatch for ap_[u]int|=ap_[u]int.
WARNING: Bitsize mismatch for ap_[u]int|=ap_[u]int.
WARNING: Bitsize mismatch for ap_[u]int|=ap_[u]int.
WARNING: Bitsize mismatch for ap_[u]int|=ap_[u]int.
WARNING: Bitsize mismatch for ap_[u]int|=ap_[u]int.
WARNING: Bitsize mismatch for ap_[u]int|=ap_[u]int.
WARNING: Bitsize mismatch for ap_[u]int|=ap_[u]int.
WARNING: Bitsize mismatch for ap_[u]int|=ap_[u]int.
WARNING: Bitsize mismatch for ap_[u]int|=ap_[u]int.
WARNING: Bitsize mismatch for ap_[u]int|=ap_[u]int.
WARNING: Bitsize mismatch for ap_[u]int|=ap_[u]int.
WARNING: Bitsize mismatch for ap_[u]int|=ap_[u]int.
WARNING: Bitsize mismatch for ap_[u]int|=ap_[u]int.
WARNING: Bitsize mismatch for ap_[u]int|=ap_[u]int.
WARNING: Bitsize mismatch for ap_[u]int|=ap_[u]int.
WARNING: Bitsize mismatch for ap_[u]int|=ap_[u]int.
WARNING: Bitsize mismatch for ap_[u]int|=ap_[u]int.
WARNING: Bitsize mismatch for ap_[u]int|=ap_[u]int.
WARNING: Bitsize mismatch for ap_[u]int|=ap_[u]int.
WARNING: Bitsize mismatch for ap_[u]int|=ap_[u]int.
WARNING: Bitsize mismatch for ap_[u]int|=ap_[u]int.
WARNING: Bitsize mismatch for ap_[u]int|=ap_[u]int.
WARNING: Bitsize mismatch for ap_[u]int|=ap_[u]int.
WARNING: Bitsize mismatch for ap_[u]int|=ap_[u]int.
WARNING: Bitsize mismatch for ap_[u]int|=ap_[u]int.
WARNING: Bitsize mismatch for ap_[u]int|=ap_[u]int.
WARNING: Bitsize mismatch for ap_[u]int|=ap_[u]int.
WARNING: Bitsize mismatch for ap_[u]int|=ap_[u]int.
WARNING: Bitsize mismatch for ap_[u]int|=ap_[u]int.
WARNING: Bitsize mismatch for ap_[u]int|=ap_[u]int.
WARNING: Bitsize mismatch for ap_[u]int|=ap_[u]int.
WARNING: Bitsize mismatch for ap_[u]int|=ap_[u]int.
WARNING: Bitsize mismatch for ap_[u]int|=ap_[u]int.
WARNING: Bitsize mismatch for ap_[u]int|=ap_[u]int.
WARNING: Bitsize mismatch for ap_[u]int|=ap_[u]int.
WARNING: Bitsize mismatch for ap_[u]int|=ap_[u]int.
WARNING: Bitsize mismatch for ap_[u]int|=ap_[u]int.
WARNING: Bitsize mismatch for ap_[u]int|=ap_[u]int.
WARNING: Bitsize mismatch for ap_[u]int|=ap_[u]int.
WARNING: Bitsize mismatch for ap_[u]int|=ap_[u]int.
WARNING: Bitsize mismatch for ap_[u]int|=ap_[u]int.
WARNING: Bitsize mismatch for ap_[u]int|=ap_[u]int.
WARNING: Bitsize mismatch for ap_[u]int|=ap_[u]int.
WARNING: Bitsize mismatch for ap_[u]int|=ap_[u]int.
WARNING: Bitsize mismatch for ap_[u]int|=ap_[u]int.
WARNING: Bitsize mismatch for ap_[u]int|=ap_[u]int.
WARNING: Bitsize mismatch for ap_[u]int|=ap_[u]int.
WARNING: Bitsize mismatch for ap_[u]int|=ap_[u]int.
WARNING: Bitsize mismatch for ap_[u]int|=ap_[u]int.
WARNING: Bitsize mismatch for ap_[u]int|=ap_[u]int.
WARNING: Bitsize mismatch for ap_[u]int|=ap_[u]int.
WARNING: Bitsize mismatch for ap_[u]int|=ap_[u]int.
WARNING: Bitsize mismatch for ap_[u]int|=ap_[u]int.
WARNING: Bitsize mismatch for ap_[u]int|=ap_[u]int.
WARNING: Bitsize mismatch for ap_[u]int|=ap_[u]int.
WARNING: Bitsize mismatch for ap_[u]int|=ap_[u]int.
WARNING: Bitsize mismatch for ap_[u]int|=ap_[u]int.
WARNING: Bitsize mismatch for ap_[u]int|=ap_[u]int.
WARNING: Bitsize mismatch for ap_[u]int|=ap_[u]int.
WARNING: Bitsize mismatch for ap_[u]int|=ap_[u]int.
WARNING: Bitsize mismatch for ap_[u]int|=ap_[u]int.
WARNING: Bitsize mismatch for ap_[u]int|=ap_[u]int.
WARNING: Bitsize mismatch for ap_[u]int|=ap_[u]int.
WARNING: Bitsize mismatch for ap_[u]int|=ap_[u]int.
WARNING: Bitsize mismatch for ap_[u]int|=ap_[u]int.
WARNING: Bitsize mismatch for ap_[u]int|=ap_[u]int.
WARNING: Bitsize mismatch for ap_[u]int|=ap_[u]int.
WARNING: Bitsize mismatch for ap_[u]int|=ap_[u]int.
WARNING: Bitsize mismatch for ap_[u]int|=ap_[u]int.
WARNING: Bitsize mismatch for ap_[u]int|=ap_[u]int.
WARNING: Bitsize mismatch for ap_[u]int|=ap_[u]int.
WARNING: Bitsize mismatch for ap_[u]int|=ap_[u]int.
WARNING: Bitsize mismatch for ap_[u]int|=ap_[u]int.
WARNING: Bitsize mismatch for ap_[u]int|=ap_[u]int.
WARNING: Bitsize mismatch for ap_[u]int|=ap_[u]int.
WARNING: Bitsize mismatch for ap_[u]int|=ap_[u]int.
WARNING: Bitsize mismatch for ap_[u]int|=ap_[u]int.
WARNING: Bitsize mismatch for ap_[u]int|=ap_[u]int.
WARNING: Bitsize mismatch for ap_[u]int|=ap_[u]int.
WARNING: Bitsize mismatch for ap_[u]int|=ap_[u]int.
WARNING: Bitsize mismatch for ap_[u]int|=ap_[u]int.
WARNING: Bitsize mismatch for ap_[u]int|=ap_[u]int.
WARNING: Bitsize mismatch for ap_[u]int|=ap_[u]int.
WARNING: Bitsize mismatch for ap_[u]int|=ap_[u]int.
WARNING: Bitsize mismatch for ap_[u]int|=ap_[u]int.
WARNING: Bitsize mismatch for ap_[u]int|=ap_[u]int.
WARNING: Bitsize mismatch for ap_[u]int|=ap_[u]int.
WARNING: Bitsize mismatch for ap_[u]int|=ap_[u]int.
WARNING: Bitsize mismatch for ap_[u]int|=ap_[u]int.
WARNING: Bitsize mismatch for ap_[u]int|=ap_[u]int.
WARNING: Bitsize mismatch for ap_[u]int|=ap_[u]int.
WARNING: Bitsize mismatch for ap_[u]int|=ap_[u]int.
WARNING: Bitsize mismatch for ap_[u]int|=ap_[u]int.
WARNING: Bitsize mismatch for ap_[u]int|=ap_[u]int.
WARNING: Bitsize mismatch for ap_[u]int|=ap_[u]int.
WARNING: Bitsize mismatch for ap_[u]int|=ap_[u]int.
WARNING: Bitsize mismatch for ap_[u]int|=ap_[u]int.
WARNING: Bitsize mismatch for ap_[u]int|=ap_[u]int.
WARNING: Bitsize mismatch for ap_[u]int|=ap_[u]int.
WARNING: Bitsize mismatch for ap_[u]int|=ap_[u]int.
WARNING: Bitsize mismatch for ap_[u]int|=ap_[u]int.
WARNING: Bitsize mismatch for ap_[u]int|=ap_[u]int.
WARNING: Bitsize mismatch for ap_[u]int|=ap_[u]int.
WARNING: Bitsize mismatch for ap_[u]int|=ap_[u]int.
WARNING: Bitsize mismatch for ap_[u]int|=ap_[u]int.
WARNING: Bitsize mismatch for ap_[u]int|=ap_[u]int.
WARNING: Bitsize mismatch for ap_[u]int|=ap_[u]int.
WARNING: Bitsize mismatch for ap_[u]int|=ap_[u]int.
WARNING: Bitsize mismatch for ap_[u]int|=ap_[u]int.
WARNING: Bitsize mismatch for ap_[u]int|=ap_[u]int.
WARNING: Bitsize mismatch for ap_[u]int|=ap_[u]int.
WARNING: Bitsize mismatch for ap_[u]int|=ap_[u]int.
WARNING: Bitsize mismatch for ap_[u]int|=ap_[u]int.
WARNING: Bitsize mismatch for ap_[u]int|=ap_[u]int.
WARNING: Bitsize mismatch for ap_[u]int|=ap_[u]int.
WARNING: Bitsize mismatch for ap_[u]int|=ap_[u]int.
WARNING: Bitsize mismatch for ap_[u]int|=ap_[u]int.
WARNING: Bitsize mismatch for ap_[u]int|=ap_[u]int.
WARNING: Bitsize mismatch for ap_[u]int|=ap_[u]int.
WARNING: Bitsize mismatch for ap_[u]int|=ap_[u]int.
WARNING: Bitsize mismatch for ap_[u]int|=ap_[u]int.
WARNING: Bitsize mismatch for ap_[u]int|=ap_[u]int.
WARNING: Bitsize mismatch for ap_[u]int|=ap_[u]int.
WARNING: Bitsize mismatch for ap_[u]int|=ap_[u]int.
WARNING: Bitsize mismatch for ap_[u]int|=ap_[u]int.
WARNING: Bitsize mismatch for ap_[u]int|=ap_[u]int.
WARNING: Bitsize mismatch for ap_[u]int|=ap_[u]int.
WARNING: Bitsize mismatch for ap_[u]int|=ap_[u]int.
WARNING: Bitsize mismatch for ap_[u]int|=ap_[u]int.
WARNING: Bitsize mismatch for ap_[u]int|=ap_[u]int.
WARNING: Bitsize mismatch for ap_[u]int|=ap_[u]int.
WARNING: Bitsize mismatch for ap_[u]int|=ap_[u]int.
WARNING: Bitsize mismatch for ap_[u]int|=ap_[u]int.
WARNING: Bitsize mismatch for ap_[u]int|=ap_[u]int.
WARNING: Bitsize mismatch for ap_[u]int|=ap_[u]int.
WARNING: Bitsize mismatch for ap_[u]int|=ap_[u]int.
WARNING: Bitsize mismatch for ap_[u]int|=ap_[u]int.
WARNING: Bitsize mismatch for ap_[u]int|=ap_[u]int.
WARNING: Bitsize mismatch for ap_[u]int|=ap_[u]int.
WARNING: Bitsize mismatch for ap_[u]int|=ap_[u]int.
WARNING: Bitsize mismatch for ap_[u]int|=ap_[u]int.
WARNING: Bitsize mismatch for ap_[u]int|=ap_[u]int.
WARNING: Bitsize mismatch for ap_[u]int|=ap_[u]int.
WARNING: Bitsize mismatch for ap_[u]int|=ap_[u]int.
WARNING: Bitsize mismatch for ap_[u]int|=ap_[u]int.
WARNING: Bitsize mismatch for ap_[u]int|=ap_[u]int.
WARNING: Bitsize mismatch for ap_[u]int|=ap_[u]int.
WARNING: Bitsize mismatch for ap_[u]int|=ap_[u]int.
WARNING: Bitsize mismatch for ap_[u]int|=ap_[u]int.
WARNING: Bitsize mismatch for ap_[u]int|=ap_[u]int.
WARNING: Bitsize mismatch for ap_[u]int|=ap_[u]int.
WARNING: Bitsize mismatch for ap_[u]int|=ap_[u]int.
WARNING: Bitsize mismatch for ap_[u]int|=ap_[u]int.
WARNING: Bitsize mismatch for ap_[u]int|=ap_[u]int.
WARNING: Bitsize mismatch for ap_[u]int|=ap_[u]int.
WARNING: Bitsize mismatch for ap_[u]int|=ap_[u]int.
WARNING: Bitsize mismatch for ap_[u]int|=ap_[u]int.
WARNING: Bitsize mismatch for ap_[u]int|=ap_[u]int.
WARNING: Bitsize mismatch for ap_[u]int|=ap_[u]int.
WARNING: Bitsize mismatch for ap_[u]int|=ap_[u]int.
WARNING: Bitsize mismatch for ap_[u]int|=ap_[u]int.
WARNING: Bitsize mismatch for ap_[u]int|=ap_[u]int.
WARNING: Bitsize mismatch for ap_[u]int|=ap_[u]int.
WARNING: Bitsize mismatch for ap_[u]int|=ap_[u]int.
WARNING: Bitsize mismatch for ap_[u]int|=ap_[u]int.
WARNING: Bitsize mismatch for ap_[u]int|=ap_[u]int.
WARNING: Bitsize mismatch for ap_[u]int|=ap_[u]int.
WARNING: Bitsize mismatch for ap_[u]int|=ap_[u]int.
WARNING: Bitsize mismatch for ap_[u]int|=ap_[u]int.
WARNING: Bitsize mismatch for ap_[u]int|=ap_[u]int.
WARNING: Bitsize mismatch for ap_[u]int|=ap_[u]int.
WARNING: Bitsize mismatch for ap_[u]int|=ap_[u]int.
WARNING: Bitsize mismatch for ap_[u]int|=ap_[u]int.
WARNING: Bitsize mismatch for ap_[u]int|=ap_[u]int.
WARNING: Bitsize mismatch for ap_[u]int|=ap_[u]int.
WARNING: Bitsize mismatch for ap_[u]int|=ap_[u]int.
WARNING: Bitsize mismatch for ap_[u]int|=ap_[u]int.
WARNING: Bitsize mismatch for ap_[u]int|=ap_[u]int.
WARNING: Bitsize mismatch for ap_[u]int|=ap_[u]int.
WARNING: Bitsize mismatch for ap_[u]int|=ap_[u]int.
WARNING: Bitsize mismatch for ap_[u]int|=ap_[u]int.
WARNING: Bitsize mismatch for ap_[u]int|=ap_[u]int.
WARNING: Bitsize mismatch for ap_[u]int|=ap_[u]int.
WARNING: Bitsize mismatch for ap_[u]int|=ap_[u]int.
WARNING: Bitsize mismatch for ap_[u]int|=ap_[u]int.
WARNING: Bitsize mismatch for ap_[u]int|=ap_[u]int.
WARNING: Bitsize mismatch for ap_[u]int|=ap_[u]int.
WARNING: Bitsize mismatch for ap_[u]int|=ap_[u]int.
WARNING: Bitsize mismatch for ap_[u]int|=ap_[u]int.
WARNING: Bitsize mismatch for ap_[u]int|=ap_[u]int.
WARNING: Bitsize mismatch for ap_[u]int|=ap_[u]int.
WARNING: Bitsize mismatch for ap_[u]int|=ap_[u]int.
WARNING: Bitsize mismatch for ap_[u]int|=ap_[u]int.
WARNING: Bitsize mismatch for ap_[u]int|=ap_[u]int.
WARNING: Bitsize mismatch for ap_[u]int|=ap_[u]int.
WARNING: Bitsize mismatch for ap_[u]int|=ap_[u]int.
WARNING: Bitsize mismatch for ap_[u]int|=ap_[u]int.
WARNING: Bitsize mismatch for ap_[u]int|=ap_[u]int.
WARNING: Bitsize mismatch for ap_[u]int|=ap_[u]int.
WARNING: Bitsize mismatch for ap_[u]int|=ap_[u]int.
WARNING: Bitsize mismatch for ap_[u]int|=ap_[u]int.
WARNING: Bitsize mismatch for ap_[u]int|=ap_[u]int.
WARNING: Bitsize mismatch for ap_[u]int|=ap_[u]int.
WARNING: Bitsize mismatch for ap_[u]int|=ap_[u]int.
WARNING: Bitsize mismatch for ap_[u]int|=ap_[u]int.
WARNING: Bitsize mismatch for ap_[u]int|=ap_[u]int.
WARNING: Bitsize mismatch for ap_[u]int|=ap_[u]int.
WARNING: Bitsize mismatch for ap_[u]int|=ap_[u]int.
WARNING: Bitsize mismatch for ap_[u]int|=ap_[u]int.
WARNING: Bitsize mismatch for ap_[u]int|=ap_[u]int.
WARNING: Bitsize mismatch for ap_[u]int|=ap_[u]int.
WARNING: Bitsize mismatch for ap_[u]int|=ap_[u]int.
WARNING: Bitsize mismatch for ap_[u]int|=ap_[u]int.
WARNING: Bitsize mismatch for ap_[u]int|=ap_[u]int.
WARNING: Bitsize mismatch for ap_[u]int|=ap_[u]int.
WARNING: Bitsize mismatch for ap_[u]int|=ap_[u]int.
WARNING: Bitsize mismatch for ap_[u]int|=ap_[u]int.
WARNING: Bitsize mismatch for ap_[u]int|=ap_[u]int.
WARNING: Bitsize mismatch for ap_[u]int|=ap_[u]int.
WARNING: Bitsize mismatch for ap_[u]int|=ap_[u]int.
WARNING: Bitsize mismatch for ap_[u]int|=ap_[u]int.
WARNING: Bitsize mismatch for ap_[u]int|=ap_[u]int.
WARNING: Bitsize mismatch for ap_[u]int|=ap_[u]int.
WARNING: Bitsize mismatch for ap_[u]int|=ap_[u]int.
WARNING: Bitsize mismatch for ap_[u]int|=ap_[u]int.
WARNING: Bitsize mismatch for ap_[u]int|=ap_[u]int.
WARNING: Bitsize mismatch for ap_[u]int|=ap_[u]int.
WARNING: Bitsize mismatch for ap_[u]int|=ap_[u]int.
WARNING: Bitsize mismatch for ap_[u]int|=ap_[u]int.
WARNING: Bitsize mismatch for ap_[u]int|=ap_[u]int.
WARNING: Bitsize mismatch for ap_[u]int|=ap_[u]int.
WARNING: Bitsize mismatch for ap_[u]int|=ap_[u]int.
WARNING: Bitsize mismatch for ap_[u]int|=ap_[u]int.
WARNING: Bitsize mismatch for ap_[u]int|=ap_[u]int.
WARNING: Bitsize mismatch for ap_[u]int|=ap_[u]int.
WARNING: Bitsize mismatch for ap_[u]int|=ap_[u]int.
WARNING: Bitsize mismatch for ap_[u]int|=ap_[u]int.
WARNING: Bitsize mismatch for ap_[u]int|=ap_[u]int.
WARNING: Bitsize mismatch for ap_[u]int|=ap_[u]int.
WARNING: Bitsize mismatch for ap_[u]int|=ap_[u]int.
WARNING: Bitsize mismatch for ap_[u]int|=ap_[u]int.
WARNING: Bitsize mismatch for ap_[u]int|=ap_[u]int.
WARNING: Bitsize mismatch for ap_[u]int|=ap_[u]int.
WARNING: Bitsize mismatch for ap_[u]int|=ap_[u]int.
WARNING: Bitsize mismatch for ap_[u]int|=ap_[u]int.
WARNING: Bitsize mismatch for ap_[u]int|=ap_[u]int.
WARNING: Bitsize mismatch for ap_[u]int|=ap_[u]int.
WARNING: Bitsize mismatch for ap_[u]int|=ap_[u]int.
WARNING: Bitsize mismatch for ap_[u]int|=ap_[u]int.
WARNING: Bitsize mismatch for ap_[u]int|=ap_[u]int.
WARNING: Bitsize mismatch for ap_[u]int|=ap_[u]int.
WARNING: Bitsize mismatch for ap_[u]int|=ap_[u]int.
WARNING: Bitsize mismatch for ap_[u]int|=ap_[u]int.
WARNING: Bitsize mismatch for ap_[u]int|=ap_[u]int.
WARNING: Bitsize mismatch for ap_[u]int|=ap_[u]int.
WARNING: Bitsize mismatch for ap_[u]int|=ap_[u]int.
WARNING: Bitsize mismatch for ap_[u]int|=ap_[u]int.
WARNING: Bitsize mismatch for ap_[u]int|=ap_[u]int.
WARNING: Bitsize mismatch for ap_[u]int|=ap_[u]int.
WARNING: Bitsize mismatch for ap_[u]int|=ap_[u]int.
WARNING: Bitsize mismatch for ap_[u]int|=ap_[u]int.
WARNING: Bitsize mismatch for ap_[u]int|=ap_[u]int.
WARNING: Bitsize mismatch for ap_[u]int|=ap_[u]int.
WARNING: Bitsize mismatch for ap_[u]int|=ap_[u]int.
WARNING: Bitsize mismatch for ap_[u]int|=ap_[u]int.
WARNING: Bitsize mismatch for ap_[u]int|=ap_[u]int.
WARNING: Bitsize mismatch for ap_[u]int|=ap_[u]int.
WARNING: Bitsize mismatch for ap_[u]int|=ap_[u]int.
WARNING: Bitsize mismatch for ap_[u]int|=ap_[u]int.
WARNING: Bitsize mismatch for ap_[u]int|=ap_[u]int.
WARNING: Bitsize mismatch for ap_[u]int|=ap_[u]int.
WARNING: Bitsize mismatch for ap_[u]int|=ap_[u]int.
WARNING: Bitsize mismatch for ap_[u]int|=ap_[u]int.
WARNING: Bitsize mismatch for ap_[u]int|=ap_[u]int.
WARNING: Bitsize mismatch for ap_[u]int|=ap_[u]int.
WARNING: Bitsize mismatch for ap_[u]int|=ap_[u]int.
WARNING: Bitsize mismatch for ap_[u]int|=ap_[u]int.
WARNING: Bitsize mismatch for ap_[u]int|=ap_[u]int.
WARNING: Bitsize mismatch for ap_[u]int|=ap_[u]int.
WARNING: Bitsize mismatch for ap_[u]int|=ap_[u]int.
WARNING: Bitsize mismatch for ap_[u]int|=ap_[u]int.
WARNING: Bitsize mismatch for ap_[u]int|=ap_[u]int.
WARNING: Bitsize mismatch for ap_[u]int|=ap_[u]int.
WARNING: Bitsize mismatch for ap_[u]int|=ap_[u]int.
WARNING: Bitsize mismatch for ap_[u]int|=ap_[u]int.
WARNING: Bitsize mismatch for ap_[u]int|=ap_[u]int.
WARNING: Bitsize mismatch for ap_[u]int|=ap_[u]int.
WARNING: Bitsize mismatch for ap_[u]int|=ap_[u]int.
WARNING: Bitsize mismatch for ap_[u]int|=ap_[u]int.
WARNING: Bitsize mismatch for ap_[u]int|=ap_[u]int.
WARNING: Bitsize mismatch for ap_[u]int|=ap_[u]int.
WARNING: Bitsize mismatch for ap_[u]int|=ap_[u]int.
WARNING: Bitsize mismatch for ap_[u]int|=ap_[u]int.
WARNING: Bitsize mismatch for ap_[u]int|=ap_[u]int.
WARNING: Bitsize mismatch for ap_[u]int|=ap_[u]int.
WARNING: Bitsize mismatch for ap_[u]int|=ap_[u]int.
WARNING: Bitsize mismatch for ap_[u]int|=ap_[u]int.
WARNING: Bitsize mismatch for ap_[u]int|=ap_[u]int.
WARNING: Bitsize mismatch for ap_[u]int|=ap_[u]int.
WARNING: Bitsize mismatch for ap_[u]int|=ap_[u]int.
WARNING: Bitsize mismatch for ap_[u]int|=ap_[u]int.
WARNING: Bitsize mismatch for ap_[u]int|=ap_[u]int.
WARNING: Bitsize mismatch for ap_[u]int|=ap_[u]int.
WARNING: Bitsize mismatch for ap_[u]int|=ap_[u]int.
WARNING: Bitsize mismatch for ap_[u]int|=ap_[u]int.
WARNING: Bitsize mismatch for ap_[u]int|=ap_[u]int.
WARNING: Bitsize mismatch for ap_[u]int|=ap_[u]int.
WARNING: Bitsize mismatch for ap_[u]int|=ap_[u]int.
WARNING: Bitsize mismatch for ap_[u]int|=ap_[u]int.
WARNING: Bitsize mismatch for ap_[u]int|=ap_[u]int.
WARNING: Bitsize mismatch for ap_[u]int|=ap_[u]int.
WARNING: Bitsize mismatch for ap_[u]int|=ap_[u]int.
WARNING: Bitsize mismatch for ap_[u]int|=ap_[u]int.
WARNING: Bitsize mismatch for ap_[u]int|=ap_[u]int.
WARNING: Bitsize mismatch for ap_[u]int|=ap_[u]int.
WARNING: Bitsize mismatch for ap_[u]int|=ap_[u]int.
WARNING: Bitsize mismatch for ap_[u]int|=ap_[u]int.
WARNING: Bitsize mismatch for ap_[u]int|=ap_[u]int.
WARNING: Bitsize mismatch for ap_[u]int|=ap_[u]int.
WARNING: Bitsize mismatch for ap_[u]int|=ap_[u]int.
WARNING: Bitsize mismatch for ap_[u]int|=ap_[u]int.
WARNING: Bitsize mismatch for ap_[u]int|=ap_[u]int.
WARNING: Bitsize mismatch for ap_[u]int|=ap_[u]int.
WARNING: Bitsize mismatch for ap_[u]int|=ap_[u]int.
WARNING: Bitsize mismatch for ap_[u]int|=ap_[u]int.
WARNING: Bitsize mismatch for ap_[u]int|=ap_[u]int.
WARNING: Bitsize mismatch for ap_[u]int|=ap_[u]int.
WARNING: Bitsize mismatch for ap_[u]int|=ap_[u]int.
WARNING: Bitsize mismatch for ap_[u]int|=ap_[u]int.
WARNING: Bitsize mismatch for ap_[u]int|=ap_[u]int.
WARNING: Bitsize mismatch for ap_[u]int|=ap_[u]int.
WARNING: Bitsize mismatch for ap_[u]int|=ap_[u]int.
WARNING: Bitsize mismatch for ap_[u]int|=ap_[u]int.
WARNING: Bitsize mismatch for ap_[u]int|=ap_[u]int.
WARNING: Bitsize mismatch for ap_[u]int|=ap_[u]int.
WARNING: Bitsize mismatch for ap_[u]int|=ap_[u]int.
WARNING: Bitsize mismatch for ap_[u]int|=ap_[u]int.
WARNING: Bitsize mismatch for ap_[u]int|=ap_[u]int.
WARNING: Bitsize mismatch for ap_[u]int|=ap_[u]int.
WARNING: Bitsize mismatch for ap_[u]int|=ap_[u]int.
WARNING: Bitsize mismatch for ap_[u]int|=ap_[u]int.
WARNING: Bitsize mismatch for ap_[u]int|=ap_[u]int.
WARNING: Bitsize mismatch for ap_[u]int|=ap_[u]int.
WARNING: Bitsize mismatch for ap_[u]int|=ap_[u]int.
WARNING: Bitsize mismatch for ap_[u]int|=ap_[u]int.
WARNING: Bitsize mismatch for ap_[u]int|=ap_[u]int.
WARNING: Bitsize mismatch for ap_[u]int|=ap_[u]int.
WARNING: Bitsize mismatch for ap_[u]int|=ap_[u]int.
WARNING: Bitsize mismatch for ap_[u]int|=ap_[u]int.
WARNING: Bitsize mismatch for ap_[u]int|=ap_[u]int.
WARNING: Bitsize mismatch for ap_[u]int|=ap_[u]int.
WARNING: Bitsize mismatch for ap_[u]int|=ap_[u]int.
WARNING: Bitsize mismatch for ap_[u]int|=ap_[u]int.
WARNING: Bitsize mismatch for ap_[u]int|=ap_[u]int.
WARNING: Bitsize mismatch for ap_[u]int|=ap_[u]int.
WARNING: Bitsize mismatch for ap_[u]int|=ap_[u]int.
WARNING: Bitsize mismatch for ap_[u]int|=ap_[u]int.
WARNING: Bitsize mismatch for ap_[u]int|=ap_[u]int.
WARNING: Bitsize mismatch for ap_[u]int|=ap_[u]int.
WARNING: Bitsize mismatch for ap_[u]int|=ap_[u]int.
WARNING: Bitsize mismatch for ap_[u]int|=ap_[u]int.
WARNING: Bitsize mismatch for ap_[u]int|=ap_[u]int.
WARNING: Bitsize mismatch for ap_[u]int|=ap_[u]int.
WARNING: Bitsize mismatch for ap_[u]int|=ap_[u]int.
WARNING: Bitsize mismatch for ap_[u]int|=ap_[u]int.
WARNING: Bitsize mismatch for ap_[u]int|=ap_[u]int.
WARNING: Bitsize mismatch for ap_[u]int|=ap_[u]int.
WARNING: Bitsize mismatch for ap_[u]int|=ap_[u]int.
WARNING: Bitsize mismatch for ap_[u]int|=ap_[u]int.
WARNING: Bitsize mismatch for ap_[u]int|=ap_[u]int.
WARNING: Bitsize mismatch for ap_[u]int|=ap_[u]int.
WARNING: Bitsize mismatch for ap_[u]int|=ap_[u]int.
WARNING: Bitsize mismatch for ap_[u]int|=ap_[u]int.
WARNING: Bitsize mismatch for ap_[u]int|=ap_[u]int.
WARNING: Bitsize mismatch for ap_[u]int|=ap_[u]int.
WARNING: Bitsize mismatch for ap_[u]int|=ap_[u]int.
WARNING: Bitsize mismatch for ap_[u]int|=ap_[u]int.
WARNING: Bitsize mismatch for ap_[u]int|=ap_[u]int.
WARNING: Bitsize mismatch for ap_[u]int|=ap_[u]int.
WARNING: Bitsize mismatch for ap_[u]int|=ap_[u]int.
WARNING: Bitsize mismatch for ap_[u]int|=ap_[u]int.
WARNING: Bitsize mismatch for ap_[u]int|=ap_[u]int.
WARNING: Bitsize mismatch for ap_[u]int|=ap_[u]int.
WARNING: Bitsize mismatch for ap_[u]int|=ap_[u]int.
WARNING: Bitsize mismatch for ap_[u]int|=ap_[u]int.
WARNING: Bitsize mismatch for ap_[u]int|=ap_[u]int.
WARNING: Bitsize mismatch for ap_[u]int|=ap_[u]int.
WARNING: Bitsize mismatch for ap_[u]int|=ap_[u]int.
WARNING: Bitsize mismatch for ap_[u]int|=ap_[u]int.
WARNING: Bitsize mismatch for ap_[u]int|=ap_[u]int.
WARNING: Bitsize mismatch for ap_[u]int|=ap_[u]int.
WARNING: Bitsize mismatch for ap_[u]int|=ap_[u]int.
WARNING: Bitsize mismatch for ap_[u]int|=ap_[u]int.
WARNING: Bitsize mismatch for ap_[u]int|=ap_[u]int.
WARNING: Bitsize mismatch for ap_[u]int|=ap_[u]int.
WARNING: Bitsize mismatch for ap_[u]int|=ap_[u]int.
WARNING: Bitsize mismatch for ap_[u]int|=ap_[u]int.
WARNING: Bitsize mismatch for ap_[u]int|=ap_[u]int.
WARNING: Bitsize mismatch for ap_[u]int|=ap_[u]int.
WARNING: Bitsize mismatch for ap_[u]int|=ap_[u]int.
WARNING: Bitsize mismatch for ap_[u]int|=ap_[u]int.
WARNING: Bitsize mismatch for ap_[u]int|=ap_[u]int.
WARNING: Bitsize mismatch for ap_[u]int|=ap_[u]int.
WARNING: Bitsize mismatch for ap_[u]int|=ap_[u]int.
WARNING: Bitsize mismatch for ap_[u]int|=ap_[u]int.
WARNING: Bitsize mismatch for ap_[u]int|=ap_[u]int.
WARNING: Bitsize mismatch for ap_[u]int|=ap_[u]int.
WARNING: Bitsize mismatch for ap_[u]int|=ap_[u]int.
WARNING: Bitsize mismatch for ap_[u]int|=ap_[u]int.
WARNING: Bitsize mismatch for ap_[u]int|=ap_[u]int.
WARNING: Bitsize mismatch for ap_[u]int|=ap_[u]int.
WARNING: Bitsize mismatch for ap_[u]int|=ap_[u]int.
WARNING: Bitsize mismatch for ap_[u]int|=ap_[u]int.
WARNING: Bitsize mismatch for ap_[u]int|=ap_[u]int.
WARNING: Bitsize mismatch for ap_[u]int|=ap_[u]int.
WARNING: Bitsize mismatch for ap_[u]int|=ap_[u]int.
WARNING: Bitsize mismatch for ap_[u]int|=ap_[u]int.
WARNING: Bitsize mismatch for ap_[u]int|=ap_[u]int.
WARNING: Bitsize mismatch for ap_[u]int|=ap_[u]int.
WARNING: Bitsize mismatch for ap_[u]int|=ap_[u]int.
WARNING: Bitsize mismatch for ap_[u]int|=ap_[u]int.
WARNING: Bitsize mismatch for ap_[u]int|=ap_[u]int.
WARNING: Bitsize mismatch for ap_[u]int|=ap_[u]int.
WARNING: Bitsize mismatch for ap_[u]int|=ap_[u]int.
WARNING: Bitsize mismatch for ap_[u]int|=ap_[u]int.
WARNING: Bitsize mismatch for ap_[u]int|=ap_[u]int.
WARNING: Bitsize mismatch for ap_[u]int|=ap_[u]int.
WARNING: Bitsize mismatch for ap_[u]int|=ap_[u]int.
WARNING: Bitsize mismatch for ap_[u]int|=ap_[u]int.
WARNING: Bitsize mismatch for ap_[u]int|=ap_[u]int.
WARNING: Bitsize mismatch for ap_[u]int|=ap_[u]int.
WARNING: Bitsize mismatch for ap_[u]int|=ap_[u]int.
WARNING: Bitsize mismatch for ap_[u]int|=ap_[u]int.
WARNING: Bitsize mismatch for ap_[u]int|=ap_[u]int.
WARNING: Bitsize mismatch for ap_[u]int|=ap_[u]int.
WARNING: Bitsize mismatch for ap_[u]int|=ap_[u]int.
WARNING: Bitsize mismatch for ap_[u]int|=ap_[u]int.
WARNING: Bitsize mismatch for ap_[u]int|=ap_[u]int.
WARNING: Bitsize mismatch for ap_[u]int|=ap_[u]int.
WARNING: Bitsize mismatch for ap_[u]int|=ap_[u]int.
WARNING: Bitsize mismatch for ap_[u]int|=ap_[u]int.
WARNING: Bitsize mismatch for ap_[u]int|=ap_[u]int.
WARNING: Bitsize mismatch for ap_[u]int|=ap_[u]int.
WARNING: Bitsize mismatch for ap_[u]int|=ap_[u]int.
WARNING: Bitsize mismatch for ap_[u]int|=ap_[u]int.
WARNING: Bitsize mismatch for ap_[u]int|=ap_[u]int.
WARNING: Bitsize mismatch for ap_[u]int|=ap_[u]int.
WARNING: Bitsize mismatch for ap_[u]int|=ap_[u]int.
WARNING: Bitsize mismatch for ap_[u]int|=ap_[u]int.
WARNING: Bitsize mismatch for ap_[u]int|=ap_[u]int.
WARNING: Bitsize mismatch for ap_[u]int|=ap_[u]int.
WARNING: Bitsize mismatch for ap_[u]int|=ap_[u]int.
WARNING: Bitsize mismatch for ap_[u]int|=ap_[u]int.
WARNING: Bitsize mismatch for ap_[u]int|=ap_[u]int.
WARNING: Bitsize mismatch for ap_[u]int|=ap_[u]int.
WARNING: Bitsize mismatch for ap_[u]int|=ap_[u]int.
WARNING: Bitsize mismatch for ap_[u]int|=ap_[u]int.
WARNING: Bitsize mismatch for ap_[u]int|=ap_[u]int.
WARNING: Bitsize mismatch for ap_[u]int|=ap_[u]int.
WARNING: Bitsize mismatch for ap_[u]int|=ap_[u]int.
WARNING: Bitsize mismatch for ap_[u]int|=ap_[u]int.
WARNING: Bitsize mismatch for ap_[u]int|=ap_[u]int.
WARNING: Bitsize mismatch for ap_[u]int|=ap_[u]int.
WARNING: Bitsize mismatch for ap_[u]int|=ap_[u]int.
WARNING: Bitsize mismatch for ap_[u]int|=ap_[u]int.
WARNING: Bitsize mismatch for ap_[u]int|=ap_[u]int.
WARNING: Bitsize mismatch for ap_[u]int|=ap_[u]int.
WARNING: Bitsize mismatch for ap_[u]int|=ap_[u]int.
WARNING: Bitsize mismatch for ap_[u]int|=ap_[u]int.
WARNING: Bitsize mismatch for ap_[u]int|=ap_[u]int.
WARNING: Bitsize mismatch for ap_[u]int|=ap_[u]int.
WARNING: Bitsize mismatch for ap_[u]int|=ap_[u]int.
WARNING: Bitsize mismatch for ap_[u]int|=ap_[u]int.
WARNING: Bitsize mismatch for ap_[u]int|=ap_[u]int.
WARNING: Bitsize mismatch for ap_[u]int|=ap_[u]int.
WARNING: Bitsize mismatch for ap_[u]int|=ap_[u]int.
WARNING: Bitsize mismatch for ap_[u]int|=ap_[u]int.
WARNING: Bitsize mismatch for ap_[u]int|=ap_[u]int.
WARNING: Bitsize mismatch for ap_[u]int|=ap_[u]int.
WARNING: Bitsize mismatch for ap_[u]int|=ap_[u]int.
WARNING: Bitsize mismatch for ap_[u]int|=ap_[u]int.
WARNING: Bitsize mismatch for ap_[u]int|=ap_[u]int.
WARNING: Bitsize mismatch for ap_[u]int|=ap_[u]int.
WARNING: Bitsize mismatch for ap_[u]int|=ap_[u]int.
WARNING: Bitsize mismatch for ap_[u]int|=ap_[u]int.
WARNING: Bitsize mismatch for ap_[u]int|=ap_[u]int.
WARNING: Bitsize mismatch for ap_[u]int|=ap_[u]int.
WARNING: Bitsize mismatch for ap_[u]int|=ap_[u]int.
WARNING: Bitsize mismatch for ap_[u]int|=ap_[u]int.
WARNING: Bitsize mismatch for ap_[u]int|=ap_[u]int.
WARNING: Bitsize mismatch for ap_[u]int|=ap_[u]int.
WARNING: Bitsize mismatch for ap_[u]int|=ap_[u]int.
WARNING: Bitsize mismatch for ap_[u]int|=ap_[u]int.
WARNING: Bitsize mismatch for ap_[u]int|=ap_[u]int.
WARNING: Bitsize mismatch for ap_[u]int|=ap_[u]int.
WARNING: Bitsize mismatch for ap_[u]int|=ap_[u]int.
WARNING: Bitsize mismatch for ap_[u]int|=ap_[u]int.
WARNING: Bitsize mismatch for ap_[u]int|=ap_[u]int.
WARNING: Bitsize mismatch for ap_[u]int|=ap_[u]int.
WARNING: Bitsize mismatch for ap_[u]int|=ap_[u]int.
WARNING: Bitsize mismatch for ap_[u]int|=ap_[u]int.
Bitmap construction complete. L0:25 L1:48 L2:8
=== BITMAP DEBUG ===
L3 bitmap bit 0: 1
First 8 L2 bits: 1 1 1 1 1 1 0 0 
First 16 L1 bits: 1 0 0 0 1 0 1 0 0 0 0 0 1 1 1 1 
First 16 L0 bits: 1 1 1 1 1 1 1 1 1 1 1 1 1 1 1 1 
Pipeline bitmap stage: Completed, processed 512 voxels
Bitmap sizes - L3:1 L2:8 L1:48 L0:25
Storing initial features in pruned DRAM...
BRAM octree built! Pruned voxels: 25
Bitmap sizes - L3:1 L2:8 L1:48 L0:25

Phase 2: Processing 14 layers with persistent BRAM...
Initializing access pointers for logical bitmap reconstruction...
Access pointers initialized for persistent BRAM octree
Layer 1: 3->16 channels, 64³->64³, stride=1, transpose=no
Layer 1 completed
Layer 2: 16->32 channels, 64³->32³, stride=2, transpose=no
Layer 2 completed
Layer 3: 32->64 channels, 32³->16³, stride=2, transpose=no
Layer 3 completed
Layer 4: 64->128 channels, 16³->8³, stride=2, transpose=no
Layer 4 completed
Layer 5: 128->256 channels, 8³->4³, stride=2, transpose=no
Layer 5 completed
Layer 6: 256->512 channels, 4³->2³, stride=2, transpose=no
Layer 6 completed
Layer 7: 512->1024 channels, 2³->1³, stride=2, transpose=no
Layer 7 completed
Layer 8: 1024->512 channels, 1³->2³, stride=2, transpose=yes
Layer 8 completed
Layer 9: 512->256 channels, 2³->4³, stride=2, transpose=yes
Layer 9 completed
Layer 10: 256->128 channels, 4³->8³, stride=2, transpose=yes
Layer 10 completed
Layer 11: 128->64 channels, 8³->16³, stride=2, transpose=yes
Layer 11 completed
Layer 12: 64->32 channels, 16³->32³, stride=2, transpose=yes
Layer 12 completed
Layer 13: 32->16 channels, 32³->64³, stride=2, transpose=yes
Layer 13 completed
Layer 14: 16->20 channels, 64³->64³, stride=1, transpose=no
Layer 14 completed

Phase 3: Final output reconstruction with zeros restored...
Reconstructing final output: restoring zeros to 64³×20
Final reconstruction complete: 25 non-zero voxels placed
=== 14-LAYER MINKOWSKINET COMPLETED ===
Final output: 64³×20 with zeros restored
WARNING [HLS SIM]: hls::stream 'bitmap_early' contains leftover data, which may result in RTL simulation hanging.
WARNING [HLS SIM]: hls::stream 'bitmap_blocks' contains leftover data, which may result in RTL simulation hanging.

=== PIPELINE COMPLETED ===
Total processed pruned voxels: 25

Analyzing final full cubic output (64³ × 20 classes)...
  Voxel[0] predicted class: 3 (score=0.0235788)
  Voxel[1] predicted class: 3 (score=0.0235788)
  Voxel[2] predicted class: 3 (score=0.0235788)
  Voxel[3] predicted class: 3 (score=0.0235788)
  Voxel[4] predicted class: 3 (score=0.0235788)

Output Statistics:
  Total output size: 64³ × 20 = 5242880 values
  Non-zero outputs: 140
  Output range: [0, 0.0235788]
  Best prediction: Class 3 (score=0.0235788)
  Sparsity preserved: YES
  Zero restoration check: 650/1000 values are zero

Saving results to minkowski_net_results_corrected.txt...

=== TESTBENCH COMPLETED SUCCESSFULLY ===
Your key innovations are now properly utilized!
WARNING [HLS SIM]: hls::stream 'input_voxels' contains leftover data, which may result in RTL simulation hanging.
INFO [HLS SIM]: The maximum depth reached by any hls::stream() instance in the design is 262144
INFO: [SIM 1] CSim done with 0 errors.
INFO: [SIM 3] *************** CSIM finish ***************
